        -:    0:Source:C:/Program Files/JetBrains/CLion 2023.2.2/bin/mingw/lib/gcc/x86_64-w64-mingw32/13.1.0/include/c++/bits/allocated_ptr.h
        -:    0:Graph:C:\Users\sakhd\CLionProjects\gameLab3\cmake-build-debug\Tests\CMakeFiles\tests.dir\testing.cpp.gcno
        -:    0:Data:C:\Users\sakhd\CLionProjects\gameLab3\cmake-build-debug\Tests\CMakeFiles\tests.dir\testing.cpp.gcda
        -:    0:Runs:1
        -:    1:// Guarded Allocation -*- C++ -*-
        -:    2:
        -:    3:// Copyright (C) 2014-2023 Free Software Foundation, Inc.
        -:    4://
        -:    5:// This file is part of the GNU ISO C++ Library.  This library is free
        -:    6:// software; you can redistribute it and/or modify it under the
        -:    7:// terms of the GNU General Public License as published by the
        -:    8:// Free Software Foundation; either version 3, or (at your option)
        -:    9:// any later version.
        -:   10:
        -:   11:// This library is distributed in the hope that it will be useful,
        -:   12:// but WITHOUT ANY WARRANTY; without even the implied warranty of
        -:   13:// MERCHANTABILITY or FITNESS FOR A PARTICULAR PURPOSE.  See the
        -:   14:// GNU General Public License for more details.
        -:   15:
        -:   16:// Under Section 7 of GPL version 3, you are granted additional
        -:   17:// permissions described in the GCC Runtime Library Exception, version
        -:   18:// 3.1, as published by the Free Software Foundation.
        -:   19:
        -:   20:// You should have received a copy of the GNU General Public License and
        -:   21:// a copy of the GCC Runtime Library Exception along with this program;
        -:   22:// see the files COPYING3 and COPYING.RUNTIME respectively.  If not, see
        -:   23:// <http://www.gnu.org/licenses/>.
        -:   24:
        -:   25:/** @file bits/allocated_ptr.h
        -:   26: *  This is an internal header file, included by other library headers.
        -:   27: *  Do not attempt to use it directly. @headername{memory}
        -:   28: */
        -:   29:
        -:   30:#ifndef _ALLOCATED_PTR_H
        -:   31:#define _ALLOCATED_PTR_H 1
        -:   32:
        -:   33:#if __cplusplus < 201103L
        -:   34:# include <bits/c++0xwarning.h>
        -:   35:#else
        -:   36:# include <type_traits>
        -:   37:# include <bits/ptr_traits.h>
        -:   38:# include <bits/alloc_traits.h>
        -:   39:
        -:   40:namespace std _GLIBCXX_VISIBILITY(default)
        -:   41:{
        -:   42:_GLIBCXX_BEGIN_NAMESPACE_VERSION
        -:   43:/// @cond undocumented
        -:   44:
        -:   45:  /// Non-standard RAII type for managing pointers obtained from allocators.
        -:   46:  template<typename _Alloc>
        -:   47:    struct __allocated_ptr
        -:   48:    {
        -:   49:      using pointer = typename allocator_traits<_Alloc>::pointer;
        -:   50:      using value_type = typename allocator_traits<_Alloc>::value_type;
        -:   51:
        -:   52:      /// Take ownership of __ptr
     421*:   53:      __allocated_ptr(_Alloc& __a, pointer __ptr) noexcept
     421*:   54:      : _M_alloc(std::__addressof(__a)), _M_ptr(__ptr)
     421*:   55:      { }
------------------
_ZNSt15__allocated_ptrISaISt23_Sp_counted_ptr_inplaceIN5Catch8TestSpec15ExcludedPatternESaIvELN9__gnu_cxx12_Lock_policyE2EEEEC1ERS8_PS7_:
function _ZNSt15__allocated_ptrISaISt23_Sp_counted_ptr_inplaceIN5Catch8TestSpec15ExcludedPatternESaIvELN9__gnu_cxx12_Lock_policyE2EEEEC1ERS8_PS7_ called 0 returned 0% blocks executed 0%
    #####:   53:      __allocated_ptr(_Alloc& __a, pointer __ptr) noexcept
    #####:   54:      : _M_alloc(std::__addressof(__a)), _M_ptr(__ptr)
    %%%%%:   54-block  0
call    0 never executed
    #####:   55:      { }
------------------
_ZNSt15__allocated_ptrISaISt23_Sp_counted_ptr_inplaceIN5Catch22CumulativeReporterBaseINS1_13JunitReporterEE4NodeINS1_14TestGroupStatsENS5_INS1_13TestCaseStatsENS4_11SectionNodeEEEEESaIvELN9__gnu_cxx12_Lock_policyE2EEEEC1ERSF_PSE_:
function _ZNSt15__allocated_ptrISaISt23_Sp_counted_ptr_inplaceIN5Catch22CumulativeReporterBaseINS1_13JunitReporterEE4NodeINS1_14TestGroupStatsENS5_INS1_13TestCaseStatsENS4_11SectionNodeEEEEESaIvELN9__gnu_cxx12_Lock_policyE2EEEEC1ERSF_PSE_ called 0 returned 0% blocks executed 0%
    #####:   53:      __allocated_ptr(_Alloc& __a, pointer __ptr) noexcept
    #####:   54:      : _M_alloc(std::__addressof(__a)), _M_ptr(__ptr)
    %%%%%:   54-block  0
call    0 never executed
    #####:   55:      { }
------------------
_ZNSt15__allocated_ptrISaISt23_Sp_counted_ptr_inplaceIN5Catch22CumulativeReporterBaseINS1_13JunitReporterEE4NodeINS1_13TestCaseStatsENS4_11SectionNodeEEESaIvELN9__gnu_cxx12_Lock_policyE2EEEEC1ERSD_PSC_:
function _ZNSt15__allocated_ptrISaISt23_Sp_counted_ptr_inplaceIN5Catch22CumulativeReporterBaseINS1_13JunitReporterEE4NodeINS1_13TestCaseStatsENS4_11SectionNodeEEESaIvELN9__gnu_cxx12_Lock_policyE2EEEEC1ERSD_PSC_ called 0 returned 0% blocks executed 0%
    #####:   53:      __allocated_ptr(_Alloc& __a, pointer __ptr) noexcept
    #####:   54:      : _M_alloc(std::__addressof(__a)), _M_ptr(__ptr)
    %%%%%:   54-block  0
call    0 never executed
    #####:   55:      { }
------------------
_ZNSt15__allocated_ptrISaISt23_Sp_counted_ptr_inplaceIN5Catch17ReporterRegistrarINS1_15ConsoleReporterEE15ReporterFactoryESaIvELN9__gnu_cxx12_Lock_policyE2EEEEC1ERSA_PS9_:
function _ZNSt15__allocated_ptrISaISt23_Sp_counted_ptr_inplaceIN5Catch17ReporterRegistrarINS1_15ConsoleReporterEE15ReporterFactoryESaIvELN9__gnu_cxx12_Lock_policyE2EEEEC1ERSA_PS9_ called 2 returned 100% blocks executed 100%
        2:   53:      __allocated_ptr(_Alloc& __a, pointer __ptr) noexcept
        2:   54:      : _M_alloc(std::__addressof(__a)), _M_ptr(__ptr)
        2:   54-block  0
call    0 returned 2
        2:   55:      { }
------------------
_ZNSt15__allocated_ptrISaISt23_Sp_counted_ptr_inplaceIN5Catch17ReporterRegistrarINS1_15CompactReporterEE15ReporterFactoryESaIvELN9__gnu_cxx12_Lock_policyE2EEEEC1ERSA_PS9_:
function _ZNSt15__allocated_ptrISaISt23_Sp_counted_ptr_inplaceIN5Catch17ReporterRegistrarINS1_15CompactReporterEE15ReporterFactoryESaIvELN9__gnu_cxx12_Lock_policyE2EEEEC1ERSA_PS9_ called 2 returned 100% blocks executed 100%
        2:   53:      __allocated_ptr(_Alloc& __a, pointer __ptr) noexcept
        2:   54:      : _M_alloc(std::__addressof(__a)), _M_ptr(__ptr)
        2:   54-block  0
call    0 returned 2
        2:   55:      { }
------------------
_ZNSt15__allocated_ptrISaISt23_Sp_counted_ptr_inplaceIN5Catch5clara6detail13BoundValueRefISt6vectorINSt7__cxx1112basic_stringIcSt11char_traitsIcESaIcEEESaISB_EEEESaIvELN9__gnu_cxx12_Lock_policyE2EEEEC1ERSJ_PSI_:
function _ZNSt15__allocated_ptrISaISt23_Sp_counted_ptr_inplaceIN5Catch5clara6detail13BoundValueRefISt6vectorINSt7__cxx1112basic_stringIcSt11char_traitsIcESaIcEEESaISB_EEEESaIvELN9__gnu_cxx12_Lock_policyE2EEEEC1ERSJ_PSI_ called 4 returned 100% blocks executed 100%
        4:   53:      __allocated_ptr(_Alloc& __a, pointer __ptr) noexcept
        4:   54:      : _M_alloc(std::__addressof(__a)), _M_ptr(__ptr)
        4:   54-block  0
call    0 returned 4
        4:   55:      { }
------------------
_ZNSt15__allocated_ptrISaISt23_Sp_counted_ptr_inplaceIN5Catch5clara6detail15BoundFlagLambdaIZNS1_21makeCommandLineParserERNS1_10ConfigDataEEUlbE_EESaIvELN9__gnu_cxx12_Lock_policyE2EEEEC2ERSD_PSC_:
function _ZNSt15__allocated_ptrISaISt23_Sp_counted_ptr_inplaceIN5Catch5clara6detail15BoundFlagLambdaIZNS1_21makeCommandLineParserERNS1_10ConfigDataEEUlbE_EESaIvELN9__gnu_cxx12_Lock_policyE2EEEEC2ERSD_PSC_ called 2 returned 100% blocks executed 100%
        2:   53:      __allocated_ptr(_Alloc& __a, pointer __ptr) noexcept
        2:   54:      : _M_alloc(std::__addressof(__a)), _M_ptr(__ptr)
        2:   54-block  0
call    0 returned 2
        2:   55:      { }
------------------
_ZNSt15__allocated_ptrISaISt23_Sp_counted_ptr_inplaceIN5Catch5clara6detail15BoundFlagLambdaIZNS3_4HelpC4ERbEUlbE_EESaIvELN9__gnu_cxx12_Lock_policyE2EEEEC1ERSD_PSC_:
function _ZNSt15__allocated_ptrISaISt23_Sp_counted_ptr_inplaceIN5Catch5clara6detail15BoundFlagLambdaIZNS3_4HelpC4ERbEUlbE_EESaIvELN9__gnu_cxx12_Lock_policyE2EEEEC1ERSD_PSC_ called 2 returned 100% blocks executed 100%
        2:   53:      __allocated_ptr(_Alloc& __a, pointer __ptr) noexcept
        2:   54:      : _M_alloc(std::__addressof(__a)), _M_ptr(__ptr)
        2:   54-block  0
call    0 returned 2
        2:   55:      { }
------------------
_ZNSt15__allocated_ptrISaISt23_Sp_counted_ptr_inplaceIN5Catch8TestSpec10TagPatternESaIvELN9__gnu_cxx12_Lock_policyE2EEEEC1ERS8_PS7_:
function _ZNSt15__allocated_ptrISaISt23_Sp_counted_ptr_inplaceIN5Catch8TestSpec10TagPatternESaIvELN9__gnu_cxx12_Lock_policyE2EEEEC1ERS8_PS7_ called 0 returned 0% blocks executed 0%
    #####:   53:      __allocated_ptr(_Alloc& __a, pointer __ptr) noexcept
    #####:   54:      : _M_alloc(std::__addressof(__a)), _M_ptr(__ptr)
    %%%%%:   54-block  0
call    0 never executed
    #####:   55:      { }
------------------
_ZNSt15__allocated_ptrISaISt23_Sp_counted_ptr_inplaceIN5Catch17ReporterRegistrarINS1_13JunitReporterEE15ReporterFactoryESaIvELN9__gnu_cxx12_Lock_policyE2EEEEC1ERSA_PS9_:
function _ZNSt15__allocated_ptrISaISt23_Sp_counted_ptr_inplaceIN5Catch17ReporterRegistrarINS1_13JunitReporterEE15ReporterFactoryESaIvELN9__gnu_cxx12_Lock_policyE2EEEEC1ERSA_PS9_ called 2 returned 100% blocks executed 100%
        2:   53:      __allocated_ptr(_Alloc& __a, pointer __ptr) noexcept
        2:   54:      : _M_alloc(std::__addressof(__a)), _M_ptr(__ptr)
        2:   54-block  0
call    0 returned 2
        2:   55:      { }
------------------
_ZNSt15__allocated_ptrISaISt23_Sp_counted_ptr_inplaceIN5Catch8TestSpec11NamePatternESaIvELN9__gnu_cxx12_Lock_policyE2EEEEC1ERS8_PS7_:
function _ZNSt15__allocated_ptrISaISt23_Sp_counted_ptr_inplaceIN5Catch8TestSpec11NamePatternESaIvELN9__gnu_cxx12_Lock_policyE2EEEEC1ERS8_PS7_ called 0 returned 0% blocks executed 0%
    #####:   53:      __allocated_ptr(_Alloc& __a, pointer __ptr) noexcept
    #####:   54:      : _M_alloc(std::__addressof(__a)), _M_ptr(__ptr)
    %%%%%:   54-block  0
call    0 never executed
    #####:   55:      { }
------------------
_ZNSt15__allocated_ptrISaISt23_Sp_counted_ptr_inplaceIN5Catch16TestCaseTracking14SectionTrackerESaIvELN9__gnu_cxx12_Lock_policyE2EEEEC1ERS8_PS7_:
function _ZNSt15__allocated_ptrISaISt23_Sp_counted_ptr_inplaceIN5Catch16TestCaseTracking14SectionTrackerESaIvELN9__gnu_cxx12_Lock_policyE2EEEEC1ERS8_PS7_ called 92 returned 100% blocks executed 100%
       92:   53:      __allocated_ptr(_Alloc& __a, pointer __ptr) noexcept
       92:   54:      : _M_alloc(std::__addressof(__a)), _M_ptr(__ptr)
       92:   54-block  0
call    0 returned 92
       92:   55:      { }
------------------
_ZNSt15__allocated_ptrISaISt23_Sp_counted_ptr_inplaceIN5Catch6ConfigESaIvELN9__gnu_cxx12_Lock_policyE2EEEEC1ERS7_PS6_:
function _ZNSt15__allocated_ptrISaISt23_Sp_counted_ptr_inplaceIN5Catch6ConfigESaIvELN9__gnu_cxx12_Lock_policyE2EEEEC1ERS7_PS6_ called 2 returned 100% blocks executed 100%
        2:   53:      __allocated_ptr(_Alloc& __a, pointer __ptr) noexcept
        2:   54:      : _M_alloc(std::__addressof(__a)), _M_ptr(__ptr)
        2:   54-block  0
call    0 returned 2
        2:   55:      { }
------------------
_ZNSt15__allocated_ptrISaISt23_Sp_counted_ptr_inplaceIN5Catch10Generators16GeneratorTrackerESaIvELN9__gnu_cxx12_Lock_policyE2EEEEC1ERS8_PS7_:
function _ZNSt15__allocated_ptrISaISt23_Sp_counted_ptr_inplaceIN5Catch10Generators16GeneratorTrackerESaIvELN9__gnu_cxx12_Lock_policyE2EEEEC1ERS8_PS7_ called 0 returned 0% blocks executed 0%
    #####:   53:      __allocated_ptr(_Alloc& __a, pointer __ptr) noexcept
    #####:   54:      : _M_alloc(std::__addressof(__a)), _M_ptr(__ptr)
    %%%%%:   54-block  0
call    0 never executed
    #####:   55:      { }
------------------
_ZNSt15__allocated_ptrISaISt23_Sp_counted_ptr_inplaceIN5Catch5clara6detail12BoundFlagRefESaIvELN9__gnu_cxx12_Lock_policyE2EEEEC1ERS9_PS8_:
function _ZNSt15__allocated_ptrISaISt23_Sp_counted_ptr_inplaceIN5Catch5clara6detail12BoundFlagRefESaIvELN9__gnu_cxx12_Lock_policyE2EEEEC1ERS9_PS8_ called 22 returned 100% blocks executed 100%
       22:   53:      __allocated_ptr(_Alloc& __a, pointer __ptr) noexcept
       22:   54:      : _M_alloc(std::__addressof(__a)), _M_ptr(__ptr)
       22:   54-block  0
call    0 returned 22
       22:   55:      { }
------------------
_ZNSt15__allocated_ptrISaISt23_Sp_counted_ptr_inplaceIN5Catch5clara6detail13BoundValueRefINSt7__cxx1112basic_stringIcSt11char_traitsIcESaIcEEEEESaIvELN9__gnu_cxx12_Lock_policyE2EEEEC1ERSG_PSF_:
function _ZNSt15__allocated_ptrISaISt23_Sp_counted_ptr_inplaceIN5Catch5clara6detail13BoundValueRefINSt7__cxx1112basic_stringIcSt11char_traitsIcESaIcEEEEESaIvELN9__gnu_cxx12_Lock_policyE2EEEEC1ERSG_PSF_ called 6 returned 100% blocks executed 100%
        6:   53:      __allocated_ptr(_Alloc& __a, pointer __ptr) noexcept
        6:   54:      : _M_alloc(std::__addressof(__a)), _M_ptr(__ptr)
        6:   54-block  0
call    0 returned 6
        6:   55:      { }
------------------
_ZNSt15__allocated_ptrISaISt23_Sp_counted_ptr_inplaceINSt7__cxx1112basic_stringIcSt11char_traitsIcESaIcEEESaIvELN9__gnu_cxx12_Lock_policyE2EEEEC1ERSB_PSA_:
function _ZNSt15__allocated_ptrISaISt23_Sp_counted_ptr_inplaceINSt7__cxx1112basic_stringIcSt11char_traitsIcESaIcEEESaIvELN9__gnu_cxx12_Lock_policyE2EEEEC1ERSB_PSA_ called 6 returned 100% blocks executed 100%
        6:   53:      __allocated_ptr(_Alloc& __a, pointer __ptr) noexcept
        6:   54:      : _M_alloc(std::__addressof(__a)), _M_ptr(__ptr)
        6:   54-block  0
call    0 returned 6
        6:   55:      { }
------------------
_ZNSt15__allocated_ptrISaISt10_List_nodeISt4pairIP5EnemyP4CeilEEEEC1ERS8_PS7_:
function _ZNSt15__allocated_ptrISaISt10_List_nodeISt4pairIP5EnemyP4CeilEEEEC1ERS8_PS7_ called 247 returned 100% blocks executed 100%
      247:   53:      __allocated_ptr(_Alloc& __a, pointer __ptr) noexcept
      247:   54:      : _M_alloc(std::__addressof(__a)), _M_ptr(__ptr)
      247:   54-block  0
call    0 returned 247
      247:   55:      { }
------------------
_ZNSt15__allocated_ptrISaISt23_Sp_counted_ptr_inplaceIN5Catch5clara6detail11BoundLambdaIZNS1_21makeCommandLineParserERNS1_10ConfigDataEEUlRKNSt7__cxx1112basic_stringIcSt11char_traitsIcESaIcEEEE5_EESaIvELN9__gnu_cxx12_Lock_policyE2EEEEC2ERSL_PSK_:
function _ZNSt15__allocated_ptrISaISt23_Sp_counted_ptr_inplaceIN5Catch5clara6detail11BoundLambdaIZNS1_21makeCommandLineParserERNS1_10ConfigDataEEUlRKNSt7__cxx1112basic_stringIcSt11char_traitsIcESaIcEEEE5_EESaIvELN9__gnu_cxx12_Lock_policyE2EEEEC2ERSL_PSK_ called 2 returned 100% blocks executed 100%
        2:   53:      __allocated_ptr(_Alloc& __a, pointer __ptr) noexcept
        2:   54:      : _M_alloc(std::__addressof(__a)), _M_ptr(__ptr)
        2:   54-block  0
call    0 returned 2
        2:   55:      { }
------------------
_ZNSt15__allocated_ptrISaISt23_Sp_counted_ptr_inplaceIN5Catch22CumulativeReporterBaseINS1_13JunitReporterEE11SectionNodeESaIvELN9__gnu_cxx12_Lock_policyE2EEEEC1ERSA_PS9_:
function _ZNSt15__allocated_ptrISaISt23_Sp_counted_ptr_inplaceIN5Catch22CumulativeReporterBaseINS1_13JunitReporterEE11SectionNodeESaIvELN9__gnu_cxx12_Lock_policyE2EEEEC1ERSA_PS9_ called 0 returned 0% blocks executed 0%
    #####:   53:      __allocated_ptr(_Alloc& __a, pointer __ptr) noexcept
    #####:   54:      : _M_alloc(std::__addressof(__a)), _M_ptr(__ptr)
    %%%%%:   54-block  0
call    0 never executed
    #####:   55:      { }
------------------
_ZNSt15__allocated_ptrISaISt23_Sp_counted_ptr_inplaceINSt8__detail4_NFAINSt7__cxx1112regex_traitsIcEEEESaIvELN9__gnu_cxx12_Lock_policyE2EEEEC1ERSB_PSA_:
function _ZNSt15__allocated_ptrISaISt23_Sp_counted_ptr_inplaceINSt8__detail4_NFAINSt7__cxx1112regex_traitsIcEEEESaIvELN9__gnu_cxx12_Lock_policyE2EEEEC1ERSB_PSA_ called 0 returned 0% blocks executed 0%
    #####:   53:      __allocated_ptr(_Alloc& __a, pointer __ptr) noexcept
    #####:   54:      : _M_alloc(std::__addressof(__a)), _M_ptr(__ptr)
    %%%%%:   54-block  0
call    0 never executed
    #####:   55:      { }
------------------
_ZNSt15__allocated_ptrISaISt23_Sp_counted_ptr_inplaceIN5Catch5clara6detail13BoundValueRefIxEESaIvELN9__gnu_cxx12_Lock_policyE2EEEEC1ERSA_PS9_:
function _ZNSt15__allocated_ptrISaISt23_Sp_counted_ptr_inplaceIN5Catch5clara6detail13BoundValueRefIxEESaIvELN9__gnu_cxx12_Lock_policyE2EEEEC1ERSA_PS9_ called 2 returned 100% blocks executed 100%
        2:   53:      __allocated_ptr(_Alloc& __a, pointer __ptr) noexcept
        2:   54:      : _M_alloc(std::__addressof(__a)), _M_ptr(__ptr)
        2:   54-block  0
call    0 returned 2
        2:   55:      { }
------------------
_ZNSt15__allocated_ptrISaISt23_Sp_counted_ptr_inplaceIN5Catch5clara6detail13BoundValueRefIjEESaIvELN9__gnu_cxx12_Lock_policyE2EEEEC1ERSA_PS9_:
function _ZNSt15__allocated_ptrISaISt23_Sp_counted_ptr_inplaceIN5Catch5clara6detail13BoundValueRefIjEESaIvELN9__gnu_cxx12_Lock_policyE2EEEEC1ERSA_PS9_ called 4 returned 100% blocks executed 100%
        4:   53:      __allocated_ptr(_Alloc& __a, pointer __ptr) noexcept
        4:   54:      : _M_alloc(std::__addressof(__a)), _M_ptr(__ptr)
        4:   54-block  0
call    0 returned 4
        4:   55:      { }
------------------
_ZNSt15__allocated_ptrISaISt23_Sp_counted_ptr_inplaceIN5Catch5clara6detail11BoundLambdaIZNS1_21makeCommandLineParserERNS1_10ConfigDataEEUlRKNSt7__cxx1112basic_stringIcSt11char_traitsIcESaIcEEEE4_EESaIvELN9__gnu_cxx12_Lock_policyE2EEEEC2ERSL_PSK_:
function _ZNSt15__allocated_ptrISaISt23_Sp_counted_ptr_inplaceIN5Catch5clara6detail11BoundLambdaIZNS1_21makeCommandLineParserERNS1_10ConfigDataEEUlRKNSt7__cxx1112basic_stringIcSt11char_traitsIcESaIcEEEE4_EESaIvELN9__gnu_cxx12_Lock_policyE2EEEEC2ERSL_PSK_ called 2 returned 100% blocks executed 100%
        2:   53:      __allocated_ptr(_Alloc& __a, pointer __ptr) noexcept
        2:   54:      : _M_alloc(std::__addressof(__a)), _M_ptr(__ptr)
        2:   54-block  0
call    0 returned 2
        2:   55:      { }
------------------
_ZNSt15__allocated_ptrISaISt23_Sp_counted_ptr_inplaceIN5Catch5clara6detail11BoundLambdaIZNS1_21makeCommandLineParserERNS1_10ConfigDataEEUlRKNSt7__cxx1112basic_stringIcSt11char_traitsIcESaIcEEEE3_EESaIvELN9__gnu_cxx12_Lock_policyE2EEEEC2ERSL_PSK_:
function _ZNSt15__allocated_ptrISaISt23_Sp_counted_ptr_inplaceIN5Catch5clara6detail11BoundLambdaIZNS1_21makeCommandLineParserERNS1_10ConfigDataEEUlRKNSt7__cxx1112basic_stringIcSt11char_traitsIcESaIcEEEE3_EESaIvELN9__gnu_cxx12_Lock_policyE2EEEEC2ERSL_PSK_ called 2 returned 100% blocks executed 100%
        2:   53:      __allocated_ptr(_Alloc& __a, pointer __ptr) noexcept
        2:   54:      : _M_alloc(std::__addressof(__a)), _M_ptr(__ptr)
        2:   54-block  0
call    0 returned 2
        2:   55:      { }
------------------
_ZNSt15__allocated_ptrISaISt23_Sp_counted_ptr_inplaceIN5Catch5clara6detail11BoundLambdaIZNS1_21makeCommandLineParserERNS1_10ConfigDataEEUlRKNSt7__cxx1112basic_stringIcSt11char_traitsIcESaIcEEEE2_EESaIvELN9__gnu_cxx12_Lock_policyE2EEEEC2ERSL_PSK_:
function _ZNSt15__allocated_ptrISaISt23_Sp_counted_ptr_inplaceIN5Catch5clara6detail11BoundLambdaIZNS1_21makeCommandLineParserERNS1_10ConfigDataEEUlRKNSt7__cxx1112basic_stringIcSt11char_traitsIcESaIcEEEE2_EESaIvELN9__gnu_cxx12_Lock_policyE2EEEEC2ERSL_PSK_ called 2 returned 100% blocks executed 100%
        2:   53:      __allocated_ptr(_Alloc& __a, pointer __ptr) noexcept
        2:   54:      : _M_alloc(std::__addressof(__a)), _M_ptr(__ptr)
        2:   54-block  0
call    0 returned 2
        2:   55:      { }
------------------
_ZNSt15__allocated_ptrISaISt23_Sp_counted_ptr_inplaceIN5Catch5clara6detail11BoundLambdaIZNS1_21makeCommandLineParserERNS1_10ConfigDataEEUlRKNSt7__cxx1112basic_stringIcSt11char_traitsIcESaIcEEEE1_EESaIvELN9__gnu_cxx12_Lock_policyE2EEEEC2ERSL_PSK_:
function _ZNSt15__allocated_ptrISaISt23_Sp_counted_ptr_inplaceIN5Catch5clara6detail11BoundLambdaIZNS1_21makeCommandLineParserERNS1_10ConfigDataEEUlRKNSt7__cxx1112basic_stringIcSt11char_traitsIcESaIcEEEE1_EESaIvELN9__gnu_cxx12_Lock_policyE2EEEEC2ERSL_PSK_ called 2 returned 100% blocks executed 100%
        2:   53:      __allocated_ptr(_Alloc& __a, pointer __ptr) noexcept
        2:   54:      : _M_alloc(std::__addressof(__a)), _M_ptr(__ptr)
        2:   54-block  0
call    0 returned 2
        2:   55:      { }
------------------
_ZNSt15__allocated_ptrISaISt23_Sp_counted_ptr_inplaceIN5Catch22CumulativeReporterBaseINS1_13JunitReporterEE4NodeINS1_12TestRunStatsENS5_INS1_14TestGroupStatsENS5_INS1_13TestCaseStatsENS4_11SectionNodeEEEEEEESaIvELN9__gnu_cxx12_Lock_policyE2EEEEC1ERSH_PSG_:
function _ZNSt15__allocated_ptrISaISt23_Sp_counted_ptr_inplaceIN5Catch22CumulativeReporterBaseINS1_13JunitReporterEE4NodeINS1_12TestRunStatsENS5_INS1_14TestGroupStatsENS5_INS1_13TestCaseStatsENS4_11SectionNodeEEEEEEESaIvELN9__gnu_cxx12_Lock_policyE2EEEEC1ERSH_PSG_ called 0 returned 0% blocks executed 0%
    #####:   53:      __allocated_ptr(_Alloc& __a, pointer __ptr) noexcept
    #####:   54:      : _M_alloc(std::__addressof(__a)), _M_ptr(__ptr)
    %%%%%:   54-block  0
call    0 never executed
    #####:   55:      { }
------------------
_ZNSt15__allocated_ptrISaISt23_Sp_counted_ptr_inplaceIN5Catch5clara6detail11BoundLambdaIZNS1_21makeCommandLineParserERNS1_10ConfigDataEEUlRKNSt7__cxx1112basic_stringIcSt11char_traitsIcESaIcEEEE0_EESaIvELN9__gnu_cxx12_Lock_policyE2EEEEC2ERSL_PSK_:
function _ZNSt15__allocated_ptrISaISt23_Sp_counted_ptr_inplaceIN5Catch5clara6detail11BoundLambdaIZNS1_21makeCommandLineParserERNS1_10ConfigDataEEUlRKNSt7__cxx1112basic_stringIcSt11char_traitsIcESaIcEEEE0_EESaIvELN9__gnu_cxx12_Lock_policyE2EEEEC2ERSL_PSK_ called 2 returned 100% blocks executed 100%
        2:   53:      __allocated_ptr(_Alloc& __a, pointer __ptr) noexcept
        2:   54:      : _M_alloc(std::__addressof(__a)), _M_ptr(__ptr)
        2:   54-block  0
call    0 returned 2
        2:   55:      { }
------------------
_ZNSt15__allocated_ptrISaISt23_Sp_counted_ptr_inplaceIN5Catch5clara6detail13BoundValueRefIdEESaIvELN9__gnu_cxx12_Lock_policyE2EEEEC1ERSA_PS9_:
function _ZNSt15__allocated_ptrISaISt23_Sp_counted_ptr_inplaceIN5Catch5clara6detail13BoundValueRefIdEESaIvELN9__gnu_cxx12_Lock_policyE2EEEEC1ERSA_PS9_ called 4 returned 100% blocks executed 100%
        4:   53:      __allocated_ptr(_Alloc& __a, pointer __ptr) noexcept
        4:   54:      : _M_alloc(std::__addressof(__a)), _M_ptr(__ptr)
        4:   54-block  0
call    0 returned 4
        4:   55:      { }
------------------
_ZNSt15__allocated_ptrISaISt23_Sp_counted_ptr_inplaceIN5Catch5clara6detail11BoundLambdaIZNS1_21makeCommandLineParserERNS1_10ConfigDataEEUlbE0_EESaIvELN9__gnu_cxx12_Lock_policyE2EEEEC2ERSD_PSC_:
function _ZNSt15__allocated_ptrISaISt23_Sp_counted_ptr_inplaceIN5Catch5clara6detail11BoundLambdaIZNS1_21makeCommandLineParserERNS1_10ConfigDataEEUlbE0_EESaIvELN9__gnu_cxx12_Lock_policyE2EEEEC2ERSD_PSC_ called 2 returned 100% blocks executed 100%
        2:   53:      __allocated_ptr(_Alloc& __a, pointer __ptr) noexcept
        2:   54:      : _M_alloc(std::__addressof(__a)), _M_ptr(__ptr)
        2:   54-block  0
call    0 returned 2
        2:   55:      { }
------------------
_ZNSt15__allocated_ptrISaISt23_Sp_counted_ptr_inplaceIN5Catch5clara6detail11BoundLambdaIZNS1_21makeCommandLineParserERNS1_10ConfigDataEEUlRKNSt7__cxx1112basic_stringIcSt11char_traitsIcESaIcEEEE_EESaIvELN9__gnu_cxx12_Lock_policyE2EEEEC2ERSL_PSK_:
function _ZNSt15__allocated_ptrISaISt23_Sp_counted_ptr_inplaceIN5Catch5clara6detail11BoundLambdaIZNS1_21makeCommandLineParserERNS1_10ConfigDataEEUlRKNSt7__cxx1112basic_stringIcSt11char_traitsIcESaIcEEEE_EESaIvELN9__gnu_cxx12_Lock_policyE2EEEEC2ERSL_PSK_ called 2 returned 100% blocks executed 100%
        2:   53:      __allocated_ptr(_Alloc& __a, pointer __ptr) noexcept
        2:   54:      : _M_alloc(std::__addressof(__a)), _M_ptr(__ptr)
        2:   54-block  0
call    0 returned 2
        2:   55:      { }
------------------
_ZNSt15__allocated_ptrISaISt23_Sp_counted_ptr_inplaceIN5Catch5clara6detail11BoundLambdaIZNS1_21makeCommandLineParserERNS1_10ConfigDataEEUliE_EESaIvELN9__gnu_cxx12_Lock_policyE2EEEEC2ERSD_PSC_:
function _ZNSt15__allocated_ptrISaISt23_Sp_counted_ptr_inplaceIN5Catch5clara6detail11BoundLambdaIZNS1_21makeCommandLineParserERNS1_10ConfigDataEEUliE_EESaIvELN9__gnu_cxx12_Lock_policyE2EEEEC2ERSD_PSC_ called 2 returned 100% blocks executed 100%
        2:   53:      __allocated_ptr(_Alloc& __a, pointer __ptr) noexcept
        2:   54:      : _M_alloc(std::__addressof(__a)), _M_ptr(__ptr)
        2:   54-block  0
call    0 returned 2
        2:   55:      { }
------------------
_ZNSt15__allocated_ptrISaISt23_Sp_counted_ptr_inplaceIN5Catch5clara6detail11BoundLambdaIZNS1_21makeCommandLineParserERNS1_10ConfigDataEEUlRKNSt7__cxx1112basic_stringIcSt11char_traitsIcESaIcEEEE6_EESaIvELN9__gnu_cxx12_Lock_policyE2EEEEC2ERSL_PSK_:
function _ZNSt15__allocated_ptrISaISt23_Sp_counted_ptr_inplaceIN5Catch5clara6detail11BoundLambdaIZNS1_21makeCommandLineParserERNS1_10ConfigDataEEUlRKNSt7__cxx1112basic_stringIcSt11char_traitsIcESaIcEEEE6_EESaIvELN9__gnu_cxx12_Lock_policyE2EEEEC2ERSL_PSK_ called 2 returned 100% blocks executed 100%
        2:   53:      __allocated_ptr(_Alloc& __a, pointer __ptr) noexcept
        2:   54:      : _M_alloc(std::__addressof(__a)), _M_ptr(__ptr)
        2:   54-block  0
call    0 returned 2
        2:   55:      { }
------------------
_ZNSt15__allocated_ptrISaISt23_Sp_counted_ptr_inplaceIN5Catch17ReporterRegistrarINS1_11XmlReporterEE15ReporterFactoryESaIvELN9__gnu_cxx12_Lock_policyE2EEEEC1ERSA_PS9_:
function _ZNSt15__allocated_ptrISaISt23_Sp_counted_ptr_inplaceIN5Catch17ReporterRegistrarINS1_11XmlReporterEE15ReporterFactoryESaIvELN9__gnu_cxx12_Lock_policyE2EEEEC1ERSA_PS9_ called 2 returned 100% blocks executed 100%
        2:   53:      __allocated_ptr(_Alloc& __a, pointer __ptr) noexcept
        2:   54:      : _M_alloc(std::__addressof(__a)), _M_ptr(__ptr)
        2:   54-block  0
call    0 returned 2
        2:   55:      { }
------------------
        -:   56:
        -:   57:      /// Convert __ptr to allocator's pointer type and take ownership of it
        -:   58:      template<typename _Ptr,
        -:   59:	       typename _Req = _Require<is_same<_Ptr, value_type*>>>
        -:   60:      __allocated_ptr(_Alloc& __a, _Ptr __ptr)
        -:   61:      : _M_alloc(std::__addressof(__a)),
        -:   62:	_M_ptr(pointer_traits<pointer>::pointer_to(*__ptr))
        -:   63:      { }
        -:   64:
        -:   65:      /// Transfer ownership of the owned pointer
        -:   66:      __allocated_ptr(__allocated_ptr&& __gd) noexcept
        -:   67:      : _M_alloc(__gd._M_alloc), _M_ptr(__gd._M_ptr)
        -:   68:      { __gd._M_ptr = nullptr; }
        -:   69:
        -:   70:      /// Deallocate the owned pointer
     421*:   71:      ~__allocated_ptr()
        -:   72:      {
     421*:   73:	if (_M_ptr != nullptr)
      87*:   74:	  std::allocator_traits<_Alloc>::deallocate(*_M_alloc, _M_ptr, 1);
     421*:   75:      }
------------------
_ZNSt15__allocated_ptrISaISt23_Sp_counted_ptr_inplaceIN5Catch8TestSpec15ExcludedPatternESaIvELN9__gnu_cxx12_Lock_policyE2EEEED1Ev:
function _ZNSt15__allocated_ptrISaISt23_Sp_counted_ptr_inplaceIN5Catch8TestSpec15ExcludedPatternESaIvELN9__gnu_cxx12_Lock_policyE2EEEED1Ev called 0 returned 0% blocks executed 0%
    #####:   71:      ~__allocated_ptr()
        -:   72:      {
    #####:   73:	if (_M_ptr != nullptr)
    %%%%%:   73-block  0
branch  0 never executed (fallthrough)
branch  1 never executed
    #####:   74:	  std::allocator_traits<_Alloc>::deallocate(*_M_alloc, _M_ptr, 1);
    %%%%%:   74-block  0
call    0 never executed
    #####:   75:      }
------------------
_ZNSt15__allocated_ptrISaISt23_Sp_counted_ptr_inplaceIN5Catch22CumulativeReporterBaseINS1_13JunitReporterEE4NodeINS1_14TestGroupStatsENS5_INS1_13TestCaseStatsENS4_11SectionNodeEEEEESaIvELN9__gnu_cxx12_Lock_policyE2EEEED1Ev:
function _ZNSt15__allocated_ptrISaISt23_Sp_counted_ptr_inplaceIN5Catch22CumulativeReporterBaseINS1_13JunitReporterEE4NodeINS1_14TestGroupStatsENS5_INS1_13TestCaseStatsENS4_11SectionNodeEEEEESaIvELN9__gnu_cxx12_Lock_policyE2EEEED1Ev called 0 returned 0% blocks executed 0%
    #####:   71:      ~__allocated_ptr()
        -:   72:      {
    #####:   73:	if (_M_ptr != nullptr)
    %%%%%:   73-block  0
branch  0 never executed (fallthrough)
branch  1 never executed
    #####:   74:	  std::allocator_traits<_Alloc>::deallocate(*_M_alloc, _M_ptr, 1);
    %%%%%:   74-block  0
call    0 never executed
    #####:   75:      }
------------------
_ZNSt15__allocated_ptrISaISt23_Sp_counted_ptr_inplaceIN5Catch22CumulativeReporterBaseINS1_13JunitReporterEE4NodeINS1_13TestCaseStatsENS4_11SectionNodeEEESaIvELN9__gnu_cxx12_Lock_policyE2EEEED1Ev:
function _ZNSt15__allocated_ptrISaISt23_Sp_counted_ptr_inplaceIN5Catch22CumulativeReporterBaseINS1_13JunitReporterEE4NodeINS1_13TestCaseStatsENS4_11SectionNodeEEESaIvELN9__gnu_cxx12_Lock_policyE2EEEED1Ev called 0 returned 0% blocks executed 0%
    #####:   71:      ~__allocated_ptr()
        -:   72:      {
    #####:   73:	if (_M_ptr != nullptr)
    %%%%%:   73-block  0
branch  0 never executed (fallthrough)
branch  1 never executed
    #####:   74:	  std::allocator_traits<_Alloc>::deallocate(*_M_alloc, _M_ptr, 1);
    %%%%%:   74-block  0
call    0 never executed
    #####:   75:      }
------------------
_ZNSt15__allocated_ptrISaISt23_Sp_counted_ptr_inplaceIN5Catch17ReporterRegistrarINS1_15ConsoleReporterEE15ReporterFactoryESaIvELN9__gnu_cxx12_Lock_policyE2EEEED1Ev:
function _ZNSt15__allocated_ptrISaISt23_Sp_counted_ptr_inplaceIN5Catch17ReporterRegistrarINS1_15ConsoleReporterEE15ReporterFactoryESaIvELN9__gnu_cxx12_Lock_policyE2EEEED1Ev called 2 returned 100% blocks executed 78%
        2:   71:      ~__allocated_ptr()
        -:   72:      {
        2:   73:	if (_M_ptr != nullptr)
        2:   73-block  0
branch  0 taken 1 (fallthrough)
branch  1 taken 1
        1:   74:	  std::allocator_traits<_Alloc>::deallocate(*_M_alloc, _M_ptr, 1);
        1:   74-block  0
call    0 returned 1
        2:   75:      }
------------------
_ZNSt15__allocated_ptrISaISt23_Sp_counted_ptr_inplaceIN5Catch17ReporterRegistrarINS1_15CompactReporterEE15ReporterFactoryESaIvELN9__gnu_cxx12_Lock_policyE2EEEED1Ev:
function _ZNSt15__allocated_ptrISaISt23_Sp_counted_ptr_inplaceIN5Catch17ReporterRegistrarINS1_15CompactReporterEE15ReporterFactoryESaIvELN9__gnu_cxx12_Lock_policyE2EEEED1Ev called 2 returned 100% blocks executed 78%
        2:   71:      ~__allocated_ptr()
        -:   72:      {
        2:   73:	if (_M_ptr != nullptr)
        2:   73-block  0
branch  0 taken 1 (fallthrough)
branch  1 taken 1
        1:   74:	  std::allocator_traits<_Alloc>::deallocate(*_M_alloc, _M_ptr, 1);
        1:   74-block  0
call    0 returned 1
        2:   75:      }
------------------
_ZNSt15__allocated_ptrISaISt23_Sp_counted_ptr_inplaceIN5Catch5clara6detail13BoundValueRefISt6vectorINSt7__cxx1112basic_stringIcSt11char_traitsIcESaIcEEESaISB_EEEESaIvELN9__gnu_cxx12_Lock_policyE2EEEED1Ev:
function _ZNSt15__allocated_ptrISaISt23_Sp_counted_ptr_inplaceIN5Catch5clara6detail13BoundValueRefISt6vectorINSt7__cxx1112basic_stringIcSt11char_traitsIcESaIcEEESaISB_EEEESaIvELN9__gnu_cxx12_Lock_policyE2EEEED1Ev called 4 returned 100% blocks executed 78%
        4:   71:      ~__allocated_ptr()
        -:   72:      {
        4:   73:	if (_M_ptr != nullptr)
        4:   73-block  0
branch  0 taken 2 (fallthrough)
branch  1 taken 2
        2:   74:	  std::allocator_traits<_Alloc>::deallocate(*_M_alloc, _M_ptr, 1);
        2:   74-block  0
call    0 returned 2
        4:   75:      }
------------------
_ZNSt15__allocated_ptrISaISt23_Sp_counted_ptr_inplaceIN5Catch5clara6detail15BoundFlagLambdaIZNS1_21makeCommandLineParserERNS1_10ConfigDataEEUlbE_EESaIvELN9__gnu_cxx12_Lock_policyE2EEEED2Ev:
function _ZNSt15__allocated_ptrISaISt23_Sp_counted_ptr_inplaceIN5Catch5clara6detail15BoundFlagLambdaIZNS1_21makeCommandLineParserERNS1_10ConfigDataEEUlbE_EESaIvELN9__gnu_cxx12_Lock_policyE2EEEED2Ev called 2 returned 100% blocks executed 78%
        2:   71:      ~__allocated_ptr()
        -:   72:      {
        2:   73:	if (_M_ptr != nullptr)
        2:   73-block  0
branch  0 taken 1 (fallthrough)
branch  1 taken 1
        1:   74:	  std::allocator_traits<_Alloc>::deallocate(*_M_alloc, _M_ptr, 1);
        1:   74-block  0
call    0 returned 1
        2:   75:      }
------------------
_ZNSt15__allocated_ptrISaISt23_Sp_counted_ptr_inplaceIN5Catch5clara6detail15BoundFlagLambdaIZNS3_4HelpC4ERbEUlbE_EESaIvELN9__gnu_cxx12_Lock_policyE2EEEED1Ev:
function _ZNSt15__allocated_ptrISaISt23_Sp_counted_ptr_inplaceIN5Catch5clara6detail15BoundFlagLambdaIZNS3_4HelpC4ERbEUlbE_EESaIvELN9__gnu_cxx12_Lock_policyE2EEEED1Ev called 2 returned 100% blocks executed 78%
        2:   71:      ~__allocated_ptr()
        -:   72:      {
        2:   73:	if (_M_ptr != nullptr)
        2:   73-block  0
branch  0 taken 1 (fallthrough)
branch  1 taken 1
        1:   74:	  std::allocator_traits<_Alloc>::deallocate(*_M_alloc, _M_ptr, 1);
        1:   74-block  0
call    0 returned 1
        2:   75:      }
------------------
_ZNSt15__allocated_ptrISaISt23_Sp_counted_ptr_inplaceIN5Catch8TestSpec10TagPatternESaIvELN9__gnu_cxx12_Lock_policyE2EEEED1Ev:
function _ZNSt15__allocated_ptrISaISt23_Sp_counted_ptr_inplaceIN5Catch8TestSpec10TagPatternESaIvELN9__gnu_cxx12_Lock_policyE2EEEED1Ev called 0 returned 0% blocks executed 0%
    #####:   71:      ~__allocated_ptr()
        -:   72:      {
    #####:   73:	if (_M_ptr != nullptr)
    %%%%%:   73-block  0
branch  0 never executed (fallthrough)
branch  1 never executed
    #####:   74:	  std::allocator_traits<_Alloc>::deallocate(*_M_alloc, _M_ptr, 1);
    %%%%%:   74-block  0
call    0 never executed
    #####:   75:      }
------------------
_ZNSt15__allocated_ptrISaISt23_Sp_counted_ptr_inplaceIN5Catch17ReporterRegistrarINS1_13JunitReporterEE15ReporterFactoryESaIvELN9__gnu_cxx12_Lock_policyE2EEEED1Ev:
function _ZNSt15__allocated_ptrISaISt23_Sp_counted_ptr_inplaceIN5Catch17ReporterRegistrarINS1_13JunitReporterEE15ReporterFactoryESaIvELN9__gnu_cxx12_Lock_policyE2EEEED1Ev called 2 returned 100% blocks executed 78%
        2:   71:      ~__allocated_ptr()
        -:   72:      {
        2:   73:	if (_M_ptr != nullptr)
        2:   73-block  0
branch  0 taken 1 (fallthrough)
branch  1 taken 1
        1:   74:	  std::allocator_traits<_Alloc>::deallocate(*_M_alloc, _M_ptr, 1);
        1:   74-block  0
call    0 returned 1
        2:   75:      }
------------------
_ZNSt15__allocated_ptrISaISt23_Sp_counted_ptr_inplaceIN5Catch8TestSpec11NamePatternESaIvELN9__gnu_cxx12_Lock_policyE2EEEED1Ev:
function _ZNSt15__allocated_ptrISaISt23_Sp_counted_ptr_inplaceIN5Catch8TestSpec11NamePatternESaIvELN9__gnu_cxx12_Lock_policyE2EEEED1Ev called 0 returned 0% blocks executed 0%
    #####:   71:      ~__allocated_ptr()
        -:   72:      {
    #####:   73:	if (_M_ptr != nullptr)
    %%%%%:   73-block  0
branch  0 never executed (fallthrough)
branch  1 never executed
    #####:   74:	  std::allocator_traits<_Alloc>::deallocate(*_M_alloc, _M_ptr, 1);
    %%%%%:   74-block  0
call    0 never executed
    #####:   75:      }
------------------
_ZNSt15__allocated_ptrISaISt23_Sp_counted_ptr_inplaceIN5Catch16TestCaseTracking14SectionTrackerESaIvELN9__gnu_cxx12_Lock_policyE2EEEED1Ev:
function _ZNSt15__allocated_ptrISaISt23_Sp_counted_ptr_inplaceIN5Catch16TestCaseTracking14SectionTrackerESaIvELN9__gnu_cxx12_Lock_policyE2EEEED1Ev called 92 returned 100% blocks executed 78%
       92:   71:      ~__allocated_ptr()
        -:   72:      {
       92:   73:	if (_M_ptr != nullptr)
       92:   73-block  0
branch  0 taken 46 (fallthrough)
branch  1 taken 46
       46:   74:	  std::allocator_traits<_Alloc>::deallocate(*_M_alloc, _M_ptr, 1);
       46:   74-block  0
call    0 returned 46
       92:   75:      }
------------------
_ZNSt15__allocated_ptrISaISt23_Sp_counted_ptr_inplaceIN5Catch6ConfigESaIvELN9__gnu_cxx12_Lock_policyE2EEEED1Ev:
function _ZNSt15__allocated_ptrISaISt23_Sp_counted_ptr_inplaceIN5Catch6ConfigESaIvELN9__gnu_cxx12_Lock_policyE2EEEED1Ev called 2 returned 100% blocks executed 78%
        2:   71:      ~__allocated_ptr()
        -:   72:      {
        2:   73:	if (_M_ptr != nullptr)
        2:   73-block  0
branch  0 taken 1 (fallthrough)
branch  1 taken 1
        1:   74:	  std::allocator_traits<_Alloc>::deallocate(*_M_alloc, _M_ptr, 1);
        1:   74-block  0
call    0 returned 1
        2:   75:      }
------------------
_ZNSt15__allocated_ptrISaISt23_Sp_counted_ptr_inplaceIN5Catch10Generators16GeneratorTrackerESaIvELN9__gnu_cxx12_Lock_policyE2EEEED1Ev:
function _ZNSt15__allocated_ptrISaISt23_Sp_counted_ptr_inplaceIN5Catch10Generators16GeneratorTrackerESaIvELN9__gnu_cxx12_Lock_policyE2EEEED1Ev called 0 returned 0% blocks executed 0%
    #####:   71:      ~__allocated_ptr()
        -:   72:      {
    #####:   73:	if (_M_ptr != nullptr)
    %%%%%:   73-block  0
branch  0 never executed (fallthrough)
branch  1 never executed
    #####:   74:	  std::allocator_traits<_Alloc>::deallocate(*_M_alloc, _M_ptr, 1);
    %%%%%:   74-block  0
call    0 never executed
    #####:   75:      }
------------------
_ZNSt15__allocated_ptrISaISt23_Sp_counted_ptr_inplaceIN5Catch5clara6detail12BoundFlagRefESaIvELN9__gnu_cxx12_Lock_policyE2EEEED1Ev:
function _ZNSt15__allocated_ptrISaISt23_Sp_counted_ptr_inplaceIN5Catch5clara6detail12BoundFlagRefESaIvELN9__gnu_cxx12_Lock_policyE2EEEED1Ev called 22 returned 100% blocks executed 78%
       22:   71:      ~__allocated_ptr()
        -:   72:      {
       22:   73:	if (_M_ptr != nullptr)
       22:   73-block  0
branch  0 taken 11 (fallthrough)
branch  1 taken 11
       11:   74:	  std::allocator_traits<_Alloc>::deallocate(*_M_alloc, _M_ptr, 1);
       11:   74-block  0
call    0 returned 11
       22:   75:      }
------------------
_ZNSt15__allocated_ptrISaISt23_Sp_counted_ptr_inplaceIN5Catch5clara6detail13BoundValueRefINSt7__cxx1112basic_stringIcSt11char_traitsIcESaIcEEEEESaIvELN9__gnu_cxx12_Lock_policyE2EEEED1Ev:
function _ZNSt15__allocated_ptrISaISt23_Sp_counted_ptr_inplaceIN5Catch5clara6detail13BoundValueRefINSt7__cxx1112basic_stringIcSt11char_traitsIcESaIcEEEEESaIvELN9__gnu_cxx12_Lock_policyE2EEEED1Ev called 6 returned 100% blocks executed 78%
        6:   71:      ~__allocated_ptr()
        -:   72:      {
        6:   73:	if (_M_ptr != nullptr)
        6:   73-block  0
branch  0 taken 3 (fallthrough)
branch  1 taken 3
        3:   74:	  std::allocator_traits<_Alloc>::deallocate(*_M_alloc, _M_ptr, 1);
        3:   74-block  0
call    0 returned 3
        6:   75:      }
------------------
_ZNSt15__allocated_ptrISaISt23_Sp_counted_ptr_inplaceINSt7__cxx1112basic_stringIcSt11char_traitsIcESaIcEEESaIvELN9__gnu_cxx12_Lock_policyE2EEEED1Ev:
function _ZNSt15__allocated_ptrISaISt23_Sp_counted_ptr_inplaceINSt7__cxx1112basic_stringIcSt11char_traitsIcESaIcEEESaIvELN9__gnu_cxx12_Lock_policyE2EEEED1Ev called 6 returned 100% blocks executed 78%
        6:   71:      ~__allocated_ptr()
        -:   72:      {
        6:   73:	if (_M_ptr != nullptr)
        6:   73-block  0
branch  0 taken 3 (fallthrough)
branch  1 taken 3
        3:   74:	  std::allocator_traits<_Alloc>::deallocate(*_M_alloc, _M_ptr, 1);
        3:   74-block  0
call    0 returned 3
        6:   75:      }
------------------
_ZNSt15__allocated_ptrISaISt10_List_nodeISt4pairIP5EnemyP4CeilEEEED1Ev:
function _ZNSt15__allocated_ptrISaISt10_List_nodeISt4pairIP5EnemyP4CeilEEEED1Ev called 247 returned 100% blocks executed 22%
      247:   71:      ~__allocated_ptr()
        -:   72:      {
      247:   73:	if (_M_ptr != nullptr)
      247:   73-block  0
branch  0 taken 0 (fallthrough)
branch  1 taken 247
    #####:   74:	  std::allocator_traits<_Alloc>::deallocate(*_M_alloc, _M_ptr, 1);
    %%%%%:   74-block  0
call    0 never executed
      247:   75:      }
------------------
_ZNSt15__allocated_ptrISaISt23_Sp_counted_ptr_inplaceIN5Catch5clara6detail11BoundLambdaIZNS1_21makeCommandLineParserERNS1_10ConfigDataEEUlRKNSt7__cxx1112basic_stringIcSt11char_traitsIcESaIcEEEE5_EESaIvELN9__gnu_cxx12_Lock_policyE2EEEED2Ev:
function _ZNSt15__allocated_ptrISaISt23_Sp_counted_ptr_inplaceIN5Catch5clara6detail11BoundLambdaIZNS1_21makeCommandLineParserERNS1_10ConfigDataEEUlRKNSt7__cxx1112basic_stringIcSt11char_traitsIcESaIcEEEE5_EESaIvELN9__gnu_cxx12_Lock_policyE2EEEED2Ev called 2 returned 100% blocks executed 78%
        2:   71:      ~__allocated_ptr()
        -:   72:      {
        2:   73:	if (_M_ptr != nullptr)
        2:   73-block  0
branch  0 taken 1 (fallthrough)
branch  1 taken 1
        1:   74:	  std::allocator_traits<_Alloc>::deallocate(*_M_alloc, _M_ptr, 1);
        1:   74-block  0
call    0 returned 1
        2:   75:      }
------------------
_ZNSt15__allocated_ptrISaISt23_Sp_counted_ptr_inplaceIN5Catch22CumulativeReporterBaseINS1_13JunitReporterEE11SectionNodeESaIvELN9__gnu_cxx12_Lock_policyE2EEEED1Ev:
function _ZNSt15__allocated_ptrISaISt23_Sp_counted_ptr_inplaceIN5Catch22CumulativeReporterBaseINS1_13JunitReporterEE11SectionNodeESaIvELN9__gnu_cxx12_Lock_policyE2EEEED1Ev called 0 returned 0% blocks executed 0%
    #####:   71:      ~__allocated_ptr()
        -:   72:      {
    #####:   73:	if (_M_ptr != nullptr)
    %%%%%:   73-block  0
branch  0 never executed (fallthrough)
branch  1 never executed
    #####:   74:	  std::allocator_traits<_Alloc>::deallocate(*_M_alloc, _M_ptr, 1);
    %%%%%:   74-block  0
call    0 never executed
    #####:   75:      }
------------------
_ZNSt15__allocated_ptrISaISt23_Sp_counted_ptr_inplaceINSt8__detail4_NFAINSt7__cxx1112regex_traitsIcEEEESaIvELN9__gnu_cxx12_Lock_policyE2EEEED1Ev:
function _ZNSt15__allocated_ptrISaISt23_Sp_counted_ptr_inplaceINSt8__detail4_NFAINSt7__cxx1112regex_traitsIcEEEESaIvELN9__gnu_cxx12_Lock_policyE2EEEED1Ev called 0 returned 0% blocks executed 0%
    #####:   71:      ~__allocated_ptr()
        -:   72:      {
    #####:   73:	if (_M_ptr != nullptr)
    %%%%%:   73-block  0
branch  0 never executed (fallthrough)
branch  1 never executed
    #####:   74:	  std::allocator_traits<_Alloc>::deallocate(*_M_alloc, _M_ptr, 1);
    %%%%%:   74-block  0
call    0 never executed
    #####:   75:      }
------------------
_ZNSt15__allocated_ptrISaISt23_Sp_counted_ptr_inplaceIN5Catch5clara6detail13BoundValueRefIxEESaIvELN9__gnu_cxx12_Lock_policyE2EEEED1Ev:
function _ZNSt15__allocated_ptrISaISt23_Sp_counted_ptr_inplaceIN5Catch5clara6detail13BoundValueRefIxEESaIvELN9__gnu_cxx12_Lock_policyE2EEEED1Ev called 2 returned 100% blocks executed 78%
        2:   71:      ~__allocated_ptr()
        -:   72:      {
        2:   73:	if (_M_ptr != nullptr)
        2:   73-block  0
branch  0 taken 1 (fallthrough)
branch  1 taken 1
        1:   74:	  std::allocator_traits<_Alloc>::deallocate(*_M_alloc, _M_ptr, 1);
        1:   74-block  0
call    0 returned 1
        2:   75:      }
------------------
_ZNSt15__allocated_ptrISaISt23_Sp_counted_ptr_inplaceIN5Catch5clara6detail13BoundValueRefIjEESaIvELN9__gnu_cxx12_Lock_policyE2EEEED1Ev:
function _ZNSt15__allocated_ptrISaISt23_Sp_counted_ptr_inplaceIN5Catch5clara6detail13BoundValueRefIjEESaIvELN9__gnu_cxx12_Lock_policyE2EEEED1Ev called 4 returned 100% blocks executed 78%
        4:   71:      ~__allocated_ptr()
        -:   72:      {
        4:   73:	if (_M_ptr != nullptr)
        4:   73-block  0
branch  0 taken 2 (fallthrough)
branch  1 taken 2
        2:   74:	  std::allocator_traits<_Alloc>::deallocate(*_M_alloc, _M_ptr, 1);
        2:   74-block  0
call    0 returned 2
        4:   75:      }
------------------
_ZNSt15__allocated_ptrISaISt23_Sp_counted_ptr_inplaceIN5Catch5clara6detail11BoundLambdaIZNS1_21makeCommandLineParserERNS1_10ConfigDataEEUlRKNSt7__cxx1112basic_stringIcSt11char_traitsIcESaIcEEEE4_EESaIvELN9__gnu_cxx12_Lock_policyE2EEEED2Ev:
function _ZNSt15__allocated_ptrISaISt23_Sp_counted_ptr_inplaceIN5Catch5clara6detail11BoundLambdaIZNS1_21makeCommandLineParserERNS1_10ConfigDataEEUlRKNSt7__cxx1112basic_stringIcSt11char_traitsIcESaIcEEEE4_EESaIvELN9__gnu_cxx12_Lock_policyE2EEEED2Ev called 2 returned 100% blocks executed 78%
        2:   71:      ~__allocated_ptr()
        -:   72:      {
        2:   73:	if (_M_ptr != nullptr)
        2:   73-block  0
branch  0 taken 1 (fallthrough)
branch  1 taken 1
        1:   74:	  std::allocator_traits<_Alloc>::deallocate(*_M_alloc, _M_ptr, 1);
        1:   74-block  0
call    0 returned 1
        2:   75:      }
------------------
_ZNSt15__allocated_ptrISaISt23_Sp_counted_ptr_inplaceIN5Catch5clara6detail11BoundLambdaIZNS1_21makeCommandLineParserERNS1_10ConfigDataEEUlRKNSt7__cxx1112basic_stringIcSt11char_traitsIcESaIcEEEE3_EESaIvELN9__gnu_cxx12_Lock_policyE2EEEED2Ev:
function _ZNSt15__allocated_ptrISaISt23_Sp_counted_ptr_inplaceIN5Catch5clara6detail11BoundLambdaIZNS1_21makeCommandLineParserERNS1_10ConfigDataEEUlRKNSt7__cxx1112basic_stringIcSt11char_traitsIcESaIcEEEE3_EESaIvELN9__gnu_cxx12_Lock_policyE2EEEED2Ev called 2 returned 100% blocks executed 78%
        2:   71:      ~__allocated_ptr()
        -:   72:      {
        2:   73:	if (_M_ptr != nullptr)
        2:   73-block  0
branch  0 taken 1 (fallthrough)
branch  1 taken 1
        1:   74:	  std::allocator_traits<_Alloc>::deallocate(*_M_alloc, _M_ptr, 1);
        1:   74-block  0
call    0 returned 1
        2:   75:      }
------------------
_ZNSt15__allocated_ptrISaISt23_Sp_counted_ptr_inplaceIN5Catch5clara6detail11BoundLambdaIZNS1_21makeCommandLineParserERNS1_10ConfigDataEEUlRKNSt7__cxx1112basic_stringIcSt11char_traitsIcESaIcEEEE2_EESaIvELN9__gnu_cxx12_Lock_policyE2EEEED2Ev:
function _ZNSt15__allocated_ptrISaISt23_Sp_counted_ptr_inplaceIN5Catch5clara6detail11BoundLambdaIZNS1_21makeCommandLineParserERNS1_10ConfigDataEEUlRKNSt7__cxx1112basic_stringIcSt11char_traitsIcESaIcEEEE2_EESaIvELN9__gnu_cxx12_Lock_policyE2EEEED2Ev called 2 returned 100% blocks executed 78%
        2:   71:      ~__allocated_ptr()
        -:   72:      {
        2:   73:	if (_M_ptr != nullptr)
        2:   73-block  0
branch  0 taken 1 (fallthrough)
branch  1 taken 1
        1:   74:	  std::allocator_traits<_Alloc>::deallocate(*_M_alloc, _M_ptr, 1);
        1:   74-block  0
call    0 returned 1
        2:   75:      }
------------------
_ZNSt15__allocated_ptrISaISt23_Sp_counted_ptr_inplaceIN5Catch5clara6detail11BoundLambdaIZNS1_21makeCommandLineParserERNS1_10ConfigDataEEUlRKNSt7__cxx1112basic_stringIcSt11char_traitsIcESaIcEEEE1_EESaIvELN9__gnu_cxx12_Lock_policyE2EEEED2Ev:
function _ZNSt15__allocated_ptrISaISt23_Sp_counted_ptr_inplaceIN5Catch5clara6detail11BoundLambdaIZNS1_21makeCommandLineParserERNS1_10ConfigDataEEUlRKNSt7__cxx1112basic_stringIcSt11char_traitsIcESaIcEEEE1_EESaIvELN9__gnu_cxx12_Lock_policyE2EEEED2Ev called 2 returned 100% blocks executed 78%
        2:   71:      ~__allocated_ptr()
        -:   72:      {
        2:   73:	if (_M_ptr != nullptr)
        2:   73-block  0
branch  0 taken 1 (fallthrough)
branch  1 taken 1
        1:   74:	  std::allocator_traits<_Alloc>::deallocate(*_M_alloc, _M_ptr, 1);
        1:   74-block  0
call    0 returned 1
        2:   75:      }
------------------
_ZNSt15__allocated_ptrISaISt23_Sp_counted_ptr_inplaceIN5Catch22CumulativeReporterBaseINS1_13JunitReporterEE4NodeINS1_12TestRunStatsENS5_INS1_14TestGroupStatsENS5_INS1_13TestCaseStatsENS4_11SectionNodeEEEEEEESaIvELN9__gnu_cxx12_Lock_policyE2EEEED1Ev:
function _ZNSt15__allocated_ptrISaISt23_Sp_counted_ptr_inplaceIN5Catch22CumulativeReporterBaseINS1_13JunitReporterEE4NodeINS1_12TestRunStatsENS5_INS1_14TestGroupStatsENS5_INS1_13TestCaseStatsENS4_11SectionNodeEEEEEEESaIvELN9__gnu_cxx12_Lock_policyE2EEEED1Ev called 0 returned 0% blocks executed 0%
    #####:   71:      ~__allocated_ptr()
        -:   72:      {
    #####:   73:	if (_M_ptr != nullptr)
    %%%%%:   73-block  0
branch  0 never executed (fallthrough)
branch  1 never executed
    #####:   74:	  std::allocator_traits<_Alloc>::deallocate(*_M_alloc, _M_ptr, 1);
    %%%%%:   74-block  0
call    0 never executed
    #####:   75:      }
------------------
_ZNSt15__allocated_ptrISaISt23_Sp_counted_ptr_inplaceIN5Catch5clara6detail11BoundLambdaIZNS1_21makeCommandLineParserERNS1_10ConfigDataEEUlRKNSt7__cxx1112basic_stringIcSt11char_traitsIcESaIcEEEE0_EESaIvELN9__gnu_cxx12_Lock_policyE2EEEED2Ev:
function _ZNSt15__allocated_ptrISaISt23_Sp_counted_ptr_inplaceIN5Catch5clara6detail11BoundLambdaIZNS1_21makeCommandLineParserERNS1_10ConfigDataEEUlRKNSt7__cxx1112basic_stringIcSt11char_traitsIcESaIcEEEE0_EESaIvELN9__gnu_cxx12_Lock_policyE2EEEED2Ev called 2 returned 100% blocks executed 78%
        2:   71:      ~__allocated_ptr()
        -:   72:      {
        2:   73:	if (_M_ptr != nullptr)
        2:   73-block  0
branch  0 taken 1 (fallthrough)
branch  1 taken 1
        1:   74:	  std::allocator_traits<_Alloc>::deallocate(*_M_alloc, _M_ptr, 1);
        1:   74-block  0
call    0 returned 1
        2:   75:      }
------------------
_ZNSt15__allocated_ptrISaISt23_Sp_counted_ptr_inplaceIN5Catch5clara6detail13BoundValueRefIdEESaIvELN9__gnu_cxx12_Lock_policyE2EEEED1Ev:
function _ZNSt15__allocated_ptrISaISt23_Sp_counted_ptr_inplaceIN5Catch5clara6detail13BoundValueRefIdEESaIvELN9__gnu_cxx12_Lock_policyE2EEEED1Ev called 4 returned 100% blocks executed 78%
        4:   71:      ~__allocated_ptr()
        -:   72:      {
        4:   73:	if (_M_ptr != nullptr)
        4:   73-block  0
branch  0 taken 2 (fallthrough)
branch  1 taken 2
        2:   74:	  std::allocator_traits<_Alloc>::deallocate(*_M_alloc, _M_ptr, 1);
        2:   74-block  0
call    0 returned 2
        4:   75:      }
------------------
_ZNSt15__allocated_ptrISaISt23_Sp_counted_ptr_inplaceIN5Catch5clara6detail11BoundLambdaIZNS1_21makeCommandLineParserERNS1_10ConfigDataEEUlbE0_EESaIvELN9__gnu_cxx12_Lock_policyE2EEEED2Ev:
function _ZNSt15__allocated_ptrISaISt23_Sp_counted_ptr_inplaceIN5Catch5clara6detail11BoundLambdaIZNS1_21makeCommandLineParserERNS1_10ConfigDataEEUlbE0_EESaIvELN9__gnu_cxx12_Lock_policyE2EEEED2Ev called 2 returned 100% blocks executed 78%
        2:   71:      ~__allocated_ptr()
        -:   72:      {
        2:   73:	if (_M_ptr != nullptr)
        2:   73-block  0
branch  0 taken 1 (fallthrough)
branch  1 taken 1
        1:   74:	  std::allocator_traits<_Alloc>::deallocate(*_M_alloc, _M_ptr, 1);
        1:   74-block  0
call    0 returned 1
        2:   75:      }
------------------
_ZNSt15__allocated_ptrISaISt23_Sp_counted_ptr_inplaceIN5Catch5clara6detail11BoundLambdaIZNS1_21makeCommandLineParserERNS1_10ConfigDataEEUlRKNSt7__cxx1112basic_stringIcSt11char_traitsIcESaIcEEEE_EESaIvELN9__gnu_cxx12_Lock_policyE2EEEED2Ev:
function _ZNSt15__allocated_ptrISaISt23_Sp_counted_ptr_inplaceIN5Catch5clara6detail11BoundLambdaIZNS1_21makeCommandLineParserERNS1_10ConfigDataEEUlRKNSt7__cxx1112basic_stringIcSt11char_traitsIcESaIcEEEE_EESaIvELN9__gnu_cxx12_Lock_policyE2EEEED2Ev called 2 returned 100% blocks executed 78%
        2:   71:      ~__allocated_ptr()
        -:   72:      {
        2:   73:	if (_M_ptr != nullptr)
        2:   73-block  0
branch  0 taken 1 (fallthrough)
branch  1 taken 1
        1:   74:	  std::allocator_traits<_Alloc>::deallocate(*_M_alloc, _M_ptr, 1);
        1:   74-block  0
call    0 returned 1
        2:   75:      }
------------------
_ZNSt15__allocated_ptrISaISt23_Sp_counted_ptr_inplaceIN5Catch5clara6detail11BoundLambdaIZNS1_21makeCommandLineParserERNS1_10ConfigDataEEUliE_EESaIvELN9__gnu_cxx12_Lock_policyE2EEEED2Ev:
function _ZNSt15__allocated_ptrISaISt23_Sp_counted_ptr_inplaceIN5Catch5clara6detail11BoundLambdaIZNS1_21makeCommandLineParserERNS1_10ConfigDataEEUliE_EESaIvELN9__gnu_cxx12_Lock_policyE2EEEED2Ev called 2 returned 100% blocks executed 78%
        2:   71:      ~__allocated_ptr()
        -:   72:      {
        2:   73:	if (_M_ptr != nullptr)
        2:   73-block  0
branch  0 taken 1 (fallthrough)
branch  1 taken 1
        1:   74:	  std::allocator_traits<_Alloc>::deallocate(*_M_alloc, _M_ptr, 1);
        1:   74-block  0
call    0 returned 1
        2:   75:      }
------------------
_ZNSt15__allocated_ptrISaISt23_Sp_counted_ptr_inplaceIN5Catch5clara6detail11BoundLambdaIZNS1_21makeCommandLineParserERNS1_10ConfigDataEEUlRKNSt7__cxx1112basic_stringIcSt11char_traitsIcESaIcEEEE6_EESaIvELN9__gnu_cxx12_Lock_policyE2EEEED2Ev:
function _ZNSt15__allocated_ptrISaISt23_Sp_counted_ptr_inplaceIN5Catch5clara6detail11BoundLambdaIZNS1_21makeCommandLineParserERNS1_10ConfigDataEEUlRKNSt7__cxx1112basic_stringIcSt11char_traitsIcESaIcEEEE6_EESaIvELN9__gnu_cxx12_Lock_policyE2EEEED2Ev called 2 returned 100% blocks executed 78%
        2:   71:      ~__allocated_ptr()
        -:   72:      {
        2:   73:	if (_M_ptr != nullptr)
        2:   73-block  0
branch  0 taken 1 (fallthrough)
branch  1 taken 1
        1:   74:	  std::allocator_traits<_Alloc>::deallocate(*_M_alloc, _M_ptr, 1);
        1:   74-block  0
call    0 returned 1
        2:   75:      }
------------------
_ZNSt15__allocated_ptrISaISt23_Sp_counted_ptr_inplaceIN5Catch17ReporterRegistrarINS1_11XmlReporterEE15ReporterFactoryESaIvELN9__gnu_cxx12_Lock_policyE2EEEED1Ev:
function _ZNSt15__allocated_ptrISaISt23_Sp_counted_ptr_inplaceIN5Catch17ReporterRegistrarINS1_11XmlReporterEE15ReporterFactoryESaIvELN9__gnu_cxx12_Lock_policyE2EEEED1Ev called 2 returned 100% blocks executed 78%
        2:   71:      ~__allocated_ptr()
        -:   72:      {
        2:   73:	if (_M_ptr != nullptr)
        2:   73-block  0
branch  0 taken 1 (fallthrough)
branch  1 taken 1
        1:   74:	  std::allocator_traits<_Alloc>::deallocate(*_M_alloc, _M_ptr, 1);
        1:   74-block  0
call    0 returned 1
        2:   75:      }
------------------
        -:   76:
        -:   77:      /// Release ownership of the owned pointer
        -:   78:      __allocated_ptr&
     334*:   79:      operator=(std::nullptr_t) noexcept
        -:   80:      {
     334*:   81:	_M_ptr = nullptr;
     334*:   82:	return *this;
        -:   83:      }
------------------
_ZNSt15__allocated_ptrISaISt23_Sp_counted_ptr_inplaceIN5Catch8TestSpec15ExcludedPatternESaIvELN9__gnu_cxx12_Lock_policyE2EEEEaSEDn:
function _ZNSt15__allocated_ptrISaISt23_Sp_counted_ptr_inplaceIN5Catch8TestSpec15ExcludedPatternESaIvELN9__gnu_cxx12_Lock_policyE2EEEEaSEDn called 0 returned 0% blocks executed 0%
    #####:   79:      operator=(std::nullptr_t) noexcept
        -:   80:      {
    #####:   81:	_M_ptr = nullptr;
    #####:   82:	return *this;
    %%%%%:   82-block  0
        -:   83:      }
------------------
_ZNSt15__allocated_ptrISaISt23_Sp_counted_ptr_inplaceIN5Catch22CumulativeReporterBaseINS1_13JunitReporterEE4NodeINS1_14TestGroupStatsENS5_INS1_13TestCaseStatsENS4_11SectionNodeEEEEESaIvELN9__gnu_cxx12_Lock_policyE2EEEEaSEDn:
function _ZNSt15__allocated_ptrISaISt23_Sp_counted_ptr_inplaceIN5Catch22CumulativeReporterBaseINS1_13JunitReporterEE4NodeINS1_14TestGroupStatsENS5_INS1_13TestCaseStatsENS4_11SectionNodeEEEEESaIvELN9__gnu_cxx12_Lock_policyE2EEEEaSEDn called 0 returned 0% blocks executed 0%
    #####:   79:      operator=(std::nullptr_t) noexcept
        -:   80:      {
    #####:   81:	_M_ptr = nullptr;
    #####:   82:	return *this;
    %%%%%:   82-block  0
        -:   83:      }
------------------
_ZNSt15__allocated_ptrISaISt23_Sp_counted_ptr_inplaceIN5Catch22CumulativeReporterBaseINS1_13JunitReporterEE4NodeINS1_13TestCaseStatsENS4_11SectionNodeEEESaIvELN9__gnu_cxx12_Lock_policyE2EEEEaSEDn:
function _ZNSt15__allocated_ptrISaISt23_Sp_counted_ptr_inplaceIN5Catch22CumulativeReporterBaseINS1_13JunitReporterEE4NodeINS1_13TestCaseStatsENS4_11SectionNodeEEESaIvELN9__gnu_cxx12_Lock_policyE2EEEEaSEDn called 0 returned 0% blocks executed 0%
    #####:   79:      operator=(std::nullptr_t) noexcept
        -:   80:      {
    #####:   81:	_M_ptr = nullptr;
    #####:   82:	return *this;
    %%%%%:   82-block  0
        -:   83:      }
------------------
_ZNSt15__allocated_ptrISaISt23_Sp_counted_ptr_inplaceIN5Catch17ReporterRegistrarINS1_15ConsoleReporterEE15ReporterFactoryESaIvELN9__gnu_cxx12_Lock_policyE2EEEEaSEDn:
function _ZNSt15__allocated_ptrISaISt23_Sp_counted_ptr_inplaceIN5Catch17ReporterRegistrarINS1_15ConsoleReporterEE15ReporterFactoryESaIvELN9__gnu_cxx12_Lock_policyE2EEEEaSEDn called 1 returned 100% blocks executed 100%
        1:   79:      operator=(std::nullptr_t) noexcept
        -:   80:      {
        1:   81:	_M_ptr = nullptr;
        1:   82:	return *this;
        1:   82-block  0
        -:   83:      }
------------------
_ZNSt15__allocated_ptrISaISt23_Sp_counted_ptr_inplaceIN5Catch17ReporterRegistrarINS1_15CompactReporterEE15ReporterFactoryESaIvELN9__gnu_cxx12_Lock_policyE2EEEEaSEDn:
function _ZNSt15__allocated_ptrISaISt23_Sp_counted_ptr_inplaceIN5Catch17ReporterRegistrarINS1_15CompactReporterEE15ReporterFactoryESaIvELN9__gnu_cxx12_Lock_policyE2EEEEaSEDn called 1 returned 100% blocks executed 100%
        1:   79:      operator=(std::nullptr_t) noexcept
        -:   80:      {
        1:   81:	_M_ptr = nullptr;
        1:   82:	return *this;
        1:   82-block  0
        -:   83:      }
------------------
_ZNSt15__allocated_ptrISaISt23_Sp_counted_ptr_inplaceIN5Catch5clara6detail13BoundValueRefISt6vectorINSt7__cxx1112basic_stringIcSt11char_traitsIcESaIcEEESaISB_EEEESaIvELN9__gnu_cxx12_Lock_policyE2EEEEaSEDn:
function _ZNSt15__allocated_ptrISaISt23_Sp_counted_ptr_inplaceIN5Catch5clara6detail13BoundValueRefISt6vectorINSt7__cxx1112basic_stringIcSt11char_traitsIcESaIcEEESaISB_EEEESaIvELN9__gnu_cxx12_Lock_policyE2EEEEaSEDn called 2 returned 100% blocks executed 100%
        2:   79:      operator=(std::nullptr_t) noexcept
        -:   80:      {
        2:   81:	_M_ptr = nullptr;
        2:   82:	return *this;
        2:   82-block  0
        -:   83:      }
------------------
_ZNSt15__allocated_ptrISaISt23_Sp_counted_ptr_inplaceIN5Catch5clara6detail15BoundFlagLambdaIZNS1_21makeCommandLineParserERNS1_10ConfigDataEEUlbE_EESaIvELN9__gnu_cxx12_Lock_policyE2EEEEaSEDn:
function _ZNSt15__allocated_ptrISaISt23_Sp_counted_ptr_inplaceIN5Catch5clara6detail15BoundFlagLambdaIZNS1_21makeCommandLineParserERNS1_10ConfigDataEEUlbE_EESaIvELN9__gnu_cxx12_Lock_policyE2EEEEaSEDn called 1 returned 100% blocks executed 100%
        1:   79:      operator=(std::nullptr_t) noexcept
        -:   80:      {
        1:   81:	_M_ptr = nullptr;
        1:   82:	return *this;
        1:   82-block  0
        -:   83:      }
------------------
_ZNSt15__allocated_ptrISaISt23_Sp_counted_ptr_inplaceIN5Catch5clara6detail15BoundFlagLambdaIZNS3_4HelpC4ERbEUlbE_EESaIvELN9__gnu_cxx12_Lock_policyE2EEEEaSEDn:
function _ZNSt15__allocated_ptrISaISt23_Sp_counted_ptr_inplaceIN5Catch5clara6detail15BoundFlagLambdaIZNS3_4HelpC4ERbEUlbE_EESaIvELN9__gnu_cxx12_Lock_policyE2EEEEaSEDn called 1 returned 100% blocks executed 100%
        1:   79:      operator=(std::nullptr_t) noexcept
        -:   80:      {
        1:   81:	_M_ptr = nullptr;
        1:   82:	return *this;
        1:   82-block  0
        -:   83:      }
------------------
_ZNSt15__allocated_ptrISaISt23_Sp_counted_ptr_inplaceIN5Catch8TestSpec10TagPatternESaIvELN9__gnu_cxx12_Lock_policyE2EEEEaSEDn:
function _ZNSt15__allocated_ptrISaISt23_Sp_counted_ptr_inplaceIN5Catch8TestSpec10TagPatternESaIvELN9__gnu_cxx12_Lock_policyE2EEEEaSEDn called 0 returned 0% blocks executed 0%
    #####:   79:      operator=(std::nullptr_t) noexcept
        -:   80:      {
    #####:   81:	_M_ptr = nullptr;
    #####:   82:	return *this;
    %%%%%:   82-block  0
        -:   83:      }
------------------
_ZNSt15__allocated_ptrISaISt23_Sp_counted_ptr_inplaceIN5Catch17ReporterRegistrarINS1_13JunitReporterEE15ReporterFactoryESaIvELN9__gnu_cxx12_Lock_policyE2EEEEaSEDn:
function _ZNSt15__allocated_ptrISaISt23_Sp_counted_ptr_inplaceIN5Catch17ReporterRegistrarINS1_13JunitReporterEE15ReporterFactoryESaIvELN9__gnu_cxx12_Lock_policyE2EEEEaSEDn called 1 returned 100% blocks executed 100%
        1:   79:      operator=(std::nullptr_t) noexcept
        -:   80:      {
        1:   81:	_M_ptr = nullptr;
        1:   82:	return *this;
        1:   82-block  0
        -:   83:      }
------------------
_ZNSt15__allocated_ptrISaISt23_Sp_counted_ptr_inplaceIN5Catch8TestSpec11NamePatternESaIvELN9__gnu_cxx12_Lock_policyE2EEEEaSEDn:
function _ZNSt15__allocated_ptrISaISt23_Sp_counted_ptr_inplaceIN5Catch8TestSpec11NamePatternESaIvELN9__gnu_cxx12_Lock_policyE2EEEEaSEDn called 0 returned 0% blocks executed 0%
    #####:   79:      operator=(std::nullptr_t) noexcept
        -:   80:      {
    #####:   81:	_M_ptr = nullptr;
    #####:   82:	return *this;
    %%%%%:   82-block  0
        -:   83:      }
------------------
_ZNSt15__allocated_ptrISaISt23_Sp_counted_ptr_inplaceIN5Catch16TestCaseTracking14SectionTrackerESaIvELN9__gnu_cxx12_Lock_policyE2EEEEaSEDn:
function _ZNSt15__allocated_ptrISaISt23_Sp_counted_ptr_inplaceIN5Catch16TestCaseTracking14SectionTrackerESaIvELN9__gnu_cxx12_Lock_policyE2EEEEaSEDn called 46 returned 100% blocks executed 100%
       46:   79:      operator=(std::nullptr_t) noexcept
        -:   80:      {
       46:   81:	_M_ptr = nullptr;
       46:   82:	return *this;
       46:   82-block  0
        -:   83:      }
------------------
_ZNSt15__allocated_ptrISaISt23_Sp_counted_ptr_inplaceIN5Catch6ConfigESaIvELN9__gnu_cxx12_Lock_policyE2EEEEaSEDn:
function _ZNSt15__allocated_ptrISaISt23_Sp_counted_ptr_inplaceIN5Catch6ConfigESaIvELN9__gnu_cxx12_Lock_policyE2EEEEaSEDn called 1 returned 100% blocks executed 100%
        1:   79:      operator=(std::nullptr_t) noexcept
        -:   80:      {
        1:   81:	_M_ptr = nullptr;
        1:   82:	return *this;
        1:   82-block  0
        -:   83:      }
------------------
_ZNSt15__allocated_ptrISaISt23_Sp_counted_ptr_inplaceIN5Catch10Generators16GeneratorTrackerESaIvELN9__gnu_cxx12_Lock_policyE2EEEEaSEDn:
function _ZNSt15__allocated_ptrISaISt23_Sp_counted_ptr_inplaceIN5Catch10Generators16GeneratorTrackerESaIvELN9__gnu_cxx12_Lock_policyE2EEEEaSEDn called 0 returned 0% blocks executed 0%
    #####:   79:      operator=(std::nullptr_t) noexcept
        -:   80:      {
    #####:   81:	_M_ptr = nullptr;
    #####:   82:	return *this;
    %%%%%:   82-block  0
        -:   83:      }
------------------
_ZNSt15__allocated_ptrISaISt23_Sp_counted_ptr_inplaceIN5Catch5clara6detail12BoundFlagRefESaIvELN9__gnu_cxx12_Lock_policyE2EEEEaSEDn:
function _ZNSt15__allocated_ptrISaISt23_Sp_counted_ptr_inplaceIN5Catch5clara6detail12BoundFlagRefESaIvELN9__gnu_cxx12_Lock_policyE2EEEEaSEDn called 11 returned 100% blocks executed 100%
       11:   79:      operator=(std::nullptr_t) noexcept
        -:   80:      {
       11:   81:	_M_ptr = nullptr;
       11:   82:	return *this;
       11:   82-block  0
        -:   83:      }
------------------
_ZNSt15__allocated_ptrISaISt23_Sp_counted_ptr_inplaceIN5Catch5clara6detail13BoundValueRefINSt7__cxx1112basic_stringIcSt11char_traitsIcESaIcEEEEESaIvELN9__gnu_cxx12_Lock_policyE2EEEEaSEDn:
function _ZNSt15__allocated_ptrISaISt23_Sp_counted_ptr_inplaceIN5Catch5clara6detail13BoundValueRefINSt7__cxx1112basic_stringIcSt11char_traitsIcESaIcEEEEESaIvELN9__gnu_cxx12_Lock_policyE2EEEEaSEDn called 3 returned 100% blocks executed 100%
        3:   79:      operator=(std::nullptr_t) noexcept
        -:   80:      {
        3:   81:	_M_ptr = nullptr;
        3:   82:	return *this;
        3:   82-block  0
        -:   83:      }
------------------
_ZNSt15__allocated_ptrISaISt23_Sp_counted_ptr_inplaceINSt7__cxx1112basic_stringIcSt11char_traitsIcESaIcEEESaIvELN9__gnu_cxx12_Lock_policyE2EEEEaSEDn:
function _ZNSt15__allocated_ptrISaISt23_Sp_counted_ptr_inplaceINSt7__cxx1112basic_stringIcSt11char_traitsIcESaIcEEESaIvELN9__gnu_cxx12_Lock_policyE2EEEEaSEDn called 3 returned 100% blocks executed 100%
        3:   79:      operator=(std::nullptr_t) noexcept
        -:   80:      {
        3:   81:	_M_ptr = nullptr;
        3:   82:	return *this;
        3:   82-block  0
        -:   83:      }
------------------
_ZNSt15__allocated_ptrISaISt10_List_nodeISt4pairIP5EnemyP4CeilEEEEaSEDn:
function _ZNSt15__allocated_ptrISaISt10_List_nodeISt4pairIP5EnemyP4CeilEEEEaSEDn called 247 returned 100% blocks executed 100%
      247:   79:      operator=(std::nullptr_t) noexcept
        -:   80:      {
      247:   81:	_M_ptr = nullptr;
      247:   82:	return *this;
      247:   82-block  0
        -:   83:      }
------------------
_ZNSt15__allocated_ptrISaISt23_Sp_counted_ptr_inplaceIN5Catch5clara6detail11BoundLambdaIZNS1_21makeCommandLineParserERNS1_10ConfigDataEEUlRKNSt7__cxx1112basic_stringIcSt11char_traitsIcESaIcEEEE5_EESaIvELN9__gnu_cxx12_Lock_policyE2EEEEaSEDn:
function _ZNSt15__allocated_ptrISaISt23_Sp_counted_ptr_inplaceIN5Catch5clara6detail11BoundLambdaIZNS1_21makeCommandLineParserERNS1_10ConfigDataEEUlRKNSt7__cxx1112basic_stringIcSt11char_traitsIcESaIcEEEE5_EESaIvELN9__gnu_cxx12_Lock_policyE2EEEEaSEDn called 1 returned 100% blocks executed 100%
        1:   79:      operator=(std::nullptr_t) noexcept
        -:   80:      {
        1:   81:	_M_ptr = nullptr;
        1:   82:	return *this;
        1:   82-block  0
        -:   83:      }
------------------
_ZNSt15__allocated_ptrISaISt23_Sp_counted_ptr_inplaceIN5Catch22CumulativeReporterBaseINS1_13JunitReporterEE11SectionNodeESaIvELN9__gnu_cxx12_Lock_policyE2EEEEaSEDn:
function _ZNSt15__allocated_ptrISaISt23_Sp_counted_ptr_inplaceIN5Catch22CumulativeReporterBaseINS1_13JunitReporterEE11SectionNodeESaIvELN9__gnu_cxx12_Lock_policyE2EEEEaSEDn called 0 returned 0% blocks executed 0%
    #####:   79:      operator=(std::nullptr_t) noexcept
        -:   80:      {
    #####:   81:	_M_ptr = nullptr;
    #####:   82:	return *this;
    %%%%%:   82-block  0
        -:   83:      }
------------------
_ZNSt15__allocated_ptrISaISt23_Sp_counted_ptr_inplaceINSt8__detail4_NFAINSt7__cxx1112regex_traitsIcEEEESaIvELN9__gnu_cxx12_Lock_policyE2EEEEaSEDn:
function _ZNSt15__allocated_ptrISaISt23_Sp_counted_ptr_inplaceINSt8__detail4_NFAINSt7__cxx1112regex_traitsIcEEEESaIvELN9__gnu_cxx12_Lock_policyE2EEEEaSEDn called 0 returned 0% blocks executed 0%
    #####:   79:      operator=(std::nullptr_t) noexcept
        -:   80:      {
    #####:   81:	_M_ptr = nullptr;
    #####:   82:	return *this;
    %%%%%:   82-block  0
        -:   83:      }
------------------
_ZNSt15__allocated_ptrISaISt23_Sp_counted_ptr_inplaceIN5Catch5clara6detail13BoundValueRefIxEESaIvELN9__gnu_cxx12_Lock_policyE2EEEEaSEDn:
function _ZNSt15__allocated_ptrISaISt23_Sp_counted_ptr_inplaceIN5Catch5clara6detail13BoundValueRefIxEESaIvELN9__gnu_cxx12_Lock_policyE2EEEEaSEDn called 1 returned 100% blocks executed 100%
        1:   79:      operator=(std::nullptr_t) noexcept
        -:   80:      {
        1:   81:	_M_ptr = nullptr;
        1:   82:	return *this;
        1:   82-block  0
        -:   83:      }
------------------
_ZNSt15__allocated_ptrISaISt23_Sp_counted_ptr_inplaceIN5Catch5clara6detail13BoundValueRefIjEESaIvELN9__gnu_cxx12_Lock_policyE2EEEEaSEDn:
function _ZNSt15__allocated_ptrISaISt23_Sp_counted_ptr_inplaceIN5Catch5clara6detail13BoundValueRefIjEESaIvELN9__gnu_cxx12_Lock_policyE2EEEEaSEDn called 2 returned 100% blocks executed 100%
        2:   79:      operator=(std::nullptr_t) noexcept
        -:   80:      {
        2:   81:	_M_ptr = nullptr;
        2:   82:	return *this;
        2:   82-block  0
        -:   83:      }
------------------
_ZNSt15__allocated_ptrISaISt23_Sp_counted_ptr_inplaceIN5Catch5clara6detail11BoundLambdaIZNS1_21makeCommandLineParserERNS1_10ConfigDataEEUlRKNSt7__cxx1112basic_stringIcSt11char_traitsIcESaIcEEEE4_EESaIvELN9__gnu_cxx12_Lock_policyE2EEEEaSEDn:
function _ZNSt15__allocated_ptrISaISt23_Sp_counted_ptr_inplaceIN5Catch5clara6detail11BoundLambdaIZNS1_21makeCommandLineParserERNS1_10ConfigDataEEUlRKNSt7__cxx1112basic_stringIcSt11char_traitsIcESaIcEEEE4_EESaIvELN9__gnu_cxx12_Lock_policyE2EEEEaSEDn called 1 returned 100% blocks executed 100%
        1:   79:      operator=(std::nullptr_t) noexcept
        -:   80:      {
        1:   81:	_M_ptr = nullptr;
        1:   82:	return *this;
        1:   82-block  0
        -:   83:      }
------------------
_ZNSt15__allocated_ptrISaISt23_Sp_counted_ptr_inplaceIN5Catch5clara6detail11BoundLambdaIZNS1_21makeCommandLineParserERNS1_10ConfigDataEEUlRKNSt7__cxx1112basic_stringIcSt11char_traitsIcESaIcEEEE3_EESaIvELN9__gnu_cxx12_Lock_policyE2EEEEaSEDn:
function _ZNSt15__allocated_ptrISaISt23_Sp_counted_ptr_inplaceIN5Catch5clara6detail11BoundLambdaIZNS1_21makeCommandLineParserERNS1_10ConfigDataEEUlRKNSt7__cxx1112basic_stringIcSt11char_traitsIcESaIcEEEE3_EESaIvELN9__gnu_cxx12_Lock_policyE2EEEEaSEDn called 1 returned 100% blocks executed 100%
        1:   79:      operator=(std::nullptr_t) noexcept
        -:   80:      {
        1:   81:	_M_ptr = nullptr;
        1:   82:	return *this;
        1:   82-block  0
        -:   83:      }
------------------
_ZNSt15__allocated_ptrISaISt23_Sp_counted_ptr_inplaceIN5Catch5clara6detail11BoundLambdaIZNS1_21makeCommandLineParserERNS1_10ConfigDataEEUlRKNSt7__cxx1112basic_stringIcSt11char_traitsIcESaIcEEEE2_EESaIvELN9__gnu_cxx12_Lock_policyE2EEEEaSEDn:
function _ZNSt15__allocated_ptrISaISt23_Sp_counted_ptr_inplaceIN5Catch5clara6detail11BoundLambdaIZNS1_21makeCommandLineParserERNS1_10ConfigDataEEUlRKNSt7__cxx1112basic_stringIcSt11char_traitsIcESaIcEEEE2_EESaIvELN9__gnu_cxx12_Lock_policyE2EEEEaSEDn called 1 returned 100% blocks executed 100%
        1:   79:      operator=(std::nullptr_t) noexcept
        -:   80:      {
        1:   81:	_M_ptr = nullptr;
        1:   82:	return *this;
        1:   82-block  0
        -:   83:      }
------------------
_ZNSt15__allocated_ptrISaISt23_Sp_counted_ptr_inplaceIN5Catch5clara6detail11BoundLambdaIZNS1_21makeCommandLineParserERNS1_10ConfigDataEEUlRKNSt7__cxx1112basic_stringIcSt11char_traitsIcESaIcEEEE1_EESaIvELN9__gnu_cxx12_Lock_policyE2EEEEaSEDn:
function _ZNSt15__allocated_ptrISaISt23_Sp_counted_ptr_inplaceIN5Catch5clara6detail11BoundLambdaIZNS1_21makeCommandLineParserERNS1_10ConfigDataEEUlRKNSt7__cxx1112basic_stringIcSt11char_traitsIcESaIcEEEE1_EESaIvELN9__gnu_cxx12_Lock_policyE2EEEEaSEDn called 1 returned 100% blocks executed 100%
        1:   79:      operator=(std::nullptr_t) noexcept
        -:   80:      {
        1:   81:	_M_ptr = nullptr;
        1:   82:	return *this;
        1:   82-block  0
        -:   83:      }
------------------
_ZNSt15__allocated_ptrISaISt23_Sp_counted_ptr_inplaceIN5Catch22CumulativeReporterBaseINS1_13JunitReporterEE4NodeINS1_12TestRunStatsENS5_INS1_14TestGroupStatsENS5_INS1_13TestCaseStatsENS4_11SectionNodeEEEEEEESaIvELN9__gnu_cxx12_Lock_policyE2EEEEaSEDn:
function _ZNSt15__allocated_ptrISaISt23_Sp_counted_ptr_inplaceIN5Catch22CumulativeReporterBaseINS1_13JunitReporterEE4NodeINS1_12TestRunStatsENS5_INS1_14TestGroupStatsENS5_INS1_13TestCaseStatsENS4_11SectionNodeEEEEEEESaIvELN9__gnu_cxx12_Lock_policyE2EEEEaSEDn called 0 returned 0% blocks executed 0%
    #####:   79:      operator=(std::nullptr_t) noexcept
        -:   80:      {
    #####:   81:	_M_ptr = nullptr;
    #####:   82:	return *this;
    %%%%%:   82-block  0
        -:   83:      }
------------------
_ZNSt15__allocated_ptrISaISt23_Sp_counted_ptr_inplaceIN5Catch5clara6detail11BoundLambdaIZNS1_21makeCommandLineParserERNS1_10ConfigDataEEUlRKNSt7__cxx1112basic_stringIcSt11char_traitsIcESaIcEEEE0_EESaIvELN9__gnu_cxx12_Lock_policyE2EEEEaSEDn:
function _ZNSt15__allocated_ptrISaISt23_Sp_counted_ptr_inplaceIN5Catch5clara6detail11BoundLambdaIZNS1_21makeCommandLineParserERNS1_10ConfigDataEEUlRKNSt7__cxx1112basic_stringIcSt11char_traitsIcESaIcEEEE0_EESaIvELN9__gnu_cxx12_Lock_policyE2EEEEaSEDn called 1 returned 100% blocks executed 100%
        1:   79:      operator=(std::nullptr_t) noexcept
        -:   80:      {
        1:   81:	_M_ptr = nullptr;
        1:   82:	return *this;
        1:   82-block  0
        -:   83:      }
------------------
_ZNSt15__allocated_ptrISaISt23_Sp_counted_ptr_inplaceIN5Catch5clara6detail13BoundValueRefIdEESaIvELN9__gnu_cxx12_Lock_policyE2EEEEaSEDn:
function _ZNSt15__allocated_ptrISaISt23_Sp_counted_ptr_inplaceIN5Catch5clara6detail13BoundValueRefIdEESaIvELN9__gnu_cxx12_Lock_policyE2EEEEaSEDn called 2 returned 100% blocks executed 100%
        2:   79:      operator=(std::nullptr_t) noexcept
        -:   80:      {
        2:   81:	_M_ptr = nullptr;
        2:   82:	return *this;
        2:   82-block  0
        -:   83:      }
------------------
_ZNSt15__allocated_ptrISaISt23_Sp_counted_ptr_inplaceIN5Catch5clara6detail11BoundLambdaIZNS1_21makeCommandLineParserERNS1_10ConfigDataEEUlbE0_EESaIvELN9__gnu_cxx12_Lock_policyE2EEEEaSEDn:
function _ZNSt15__allocated_ptrISaISt23_Sp_counted_ptr_inplaceIN5Catch5clara6detail11BoundLambdaIZNS1_21makeCommandLineParserERNS1_10ConfigDataEEUlbE0_EESaIvELN9__gnu_cxx12_Lock_policyE2EEEEaSEDn called 1 returned 100% blocks executed 100%
        1:   79:      operator=(std::nullptr_t) noexcept
        -:   80:      {
        1:   81:	_M_ptr = nullptr;
        1:   82:	return *this;
        1:   82-block  0
        -:   83:      }
------------------
_ZNSt15__allocated_ptrISaISt23_Sp_counted_ptr_inplaceIN5Catch5clara6detail11BoundLambdaIZNS1_21makeCommandLineParserERNS1_10ConfigDataEEUlRKNSt7__cxx1112basic_stringIcSt11char_traitsIcESaIcEEEE_EESaIvELN9__gnu_cxx12_Lock_policyE2EEEEaSEDn:
function _ZNSt15__allocated_ptrISaISt23_Sp_counted_ptr_inplaceIN5Catch5clara6detail11BoundLambdaIZNS1_21makeCommandLineParserERNS1_10ConfigDataEEUlRKNSt7__cxx1112basic_stringIcSt11char_traitsIcESaIcEEEE_EESaIvELN9__gnu_cxx12_Lock_policyE2EEEEaSEDn called 1 returned 100% blocks executed 100%
        1:   79:      operator=(std::nullptr_t) noexcept
        -:   80:      {
        1:   81:	_M_ptr = nullptr;
        1:   82:	return *this;
        1:   82-block  0
        -:   83:      }
------------------
_ZNSt15__allocated_ptrISaISt23_Sp_counted_ptr_inplaceIN5Catch5clara6detail11BoundLambdaIZNS1_21makeCommandLineParserERNS1_10ConfigDataEEUliE_EESaIvELN9__gnu_cxx12_Lock_policyE2EEEEaSEDn:
function _ZNSt15__allocated_ptrISaISt23_Sp_counted_ptr_inplaceIN5Catch5clara6detail11BoundLambdaIZNS1_21makeCommandLineParserERNS1_10ConfigDataEEUliE_EESaIvELN9__gnu_cxx12_Lock_policyE2EEEEaSEDn called 1 returned 100% blocks executed 100%
        1:   79:      operator=(std::nullptr_t) noexcept
        -:   80:      {
        1:   81:	_M_ptr = nullptr;
        1:   82:	return *this;
        1:   82-block  0
        -:   83:      }
------------------
_ZNSt15__allocated_ptrISaISt23_Sp_counted_ptr_inplaceIN5Catch5clara6detail11BoundLambdaIZNS1_21makeCommandLineParserERNS1_10ConfigDataEEUlRKNSt7__cxx1112basic_stringIcSt11char_traitsIcESaIcEEEE6_EESaIvELN9__gnu_cxx12_Lock_policyE2EEEEaSEDn:
function _ZNSt15__allocated_ptrISaISt23_Sp_counted_ptr_inplaceIN5Catch5clara6detail11BoundLambdaIZNS1_21makeCommandLineParserERNS1_10ConfigDataEEUlRKNSt7__cxx1112basic_stringIcSt11char_traitsIcESaIcEEEE6_EESaIvELN9__gnu_cxx12_Lock_policyE2EEEEaSEDn called 1 returned 100% blocks executed 100%
        1:   79:      operator=(std::nullptr_t) noexcept
        -:   80:      {
        1:   81:	_M_ptr = nullptr;
        1:   82:	return *this;
        1:   82-block  0
        -:   83:      }
------------------
_ZNSt15__allocated_ptrISaISt23_Sp_counted_ptr_inplaceIN5Catch17ReporterRegistrarINS1_11XmlReporterEE15ReporterFactoryESaIvELN9__gnu_cxx12_Lock_policyE2EEEEaSEDn:
function _ZNSt15__allocated_ptrISaISt23_Sp_counted_ptr_inplaceIN5Catch17ReporterRegistrarINS1_11XmlReporterEE15ReporterFactoryESaIvELN9__gnu_cxx12_Lock_policyE2EEEEaSEDn called 1 returned 100% blocks executed 100%
        1:   79:      operator=(std::nullptr_t) noexcept
        -:   80:      {
        1:   81:	_M_ptr = nullptr;
        1:   82:	return *this;
        1:   82-block  0
        -:   83:      }
------------------
        -:   84:
        -:   85:      /// Get the address that the owned pointer refers to.
      87*:   86:      value_type* get() { return std::__to_address(_M_ptr); }
------------------
_ZNSt15__allocated_ptrISaISt23_Sp_counted_ptr_inplaceIN5Catch8TestSpec15ExcludedPatternESaIvELN9__gnu_cxx12_Lock_policyE2EEEE3getEv:
function _ZNSt15__allocated_ptrISaISt23_Sp_counted_ptr_inplaceIN5Catch8TestSpec15ExcludedPatternESaIvELN9__gnu_cxx12_Lock_policyE2EEEE3getEv called 0 returned 0% blocks executed 0%
    #####:   86:      value_type* get() { return std::__to_address(_M_ptr); }
    %%%%%:   86-block  0
call    0 never executed
------------------
_ZNSt15__allocated_ptrISaISt23_Sp_counted_ptr_inplaceIN5Catch22CumulativeReporterBaseINS1_13JunitReporterEE4NodeINS1_14TestGroupStatsENS5_INS1_13TestCaseStatsENS4_11SectionNodeEEEEESaIvELN9__gnu_cxx12_Lock_policyE2EEEE3getEv:
function _ZNSt15__allocated_ptrISaISt23_Sp_counted_ptr_inplaceIN5Catch22CumulativeReporterBaseINS1_13JunitReporterEE4NodeINS1_14TestGroupStatsENS5_INS1_13TestCaseStatsENS4_11SectionNodeEEEEESaIvELN9__gnu_cxx12_Lock_policyE2EEEE3getEv called 0 returned 0% blocks executed 0%
    #####:   86:      value_type* get() { return std::__to_address(_M_ptr); }
    %%%%%:   86-block  0
call    0 never executed
------------------
_ZNSt15__allocated_ptrISaISt23_Sp_counted_ptr_inplaceIN5Catch22CumulativeReporterBaseINS1_13JunitReporterEE4NodeINS1_13TestCaseStatsENS4_11SectionNodeEEESaIvELN9__gnu_cxx12_Lock_policyE2EEEE3getEv:
function _ZNSt15__allocated_ptrISaISt23_Sp_counted_ptr_inplaceIN5Catch22CumulativeReporterBaseINS1_13JunitReporterEE4NodeINS1_13TestCaseStatsENS4_11SectionNodeEEESaIvELN9__gnu_cxx12_Lock_policyE2EEEE3getEv called 0 returned 0% blocks executed 0%
    #####:   86:      value_type* get() { return std::__to_address(_M_ptr); }
    %%%%%:   86-block  0
call    0 never executed
------------------
_ZNSt15__allocated_ptrISaISt23_Sp_counted_ptr_inplaceIN5Catch17ReporterRegistrarINS1_15ConsoleReporterEE15ReporterFactoryESaIvELN9__gnu_cxx12_Lock_policyE2EEEE3getEv:
function _ZNSt15__allocated_ptrISaISt23_Sp_counted_ptr_inplaceIN5Catch17ReporterRegistrarINS1_15ConsoleReporterEE15ReporterFactoryESaIvELN9__gnu_cxx12_Lock_policyE2EEEE3getEv called 1 returned 100% blocks executed 100%
        1:   86:      value_type* get() { return std::__to_address(_M_ptr); }
        1:   86-block  0
call    0 returned 1
------------------
_ZNSt15__allocated_ptrISaISt23_Sp_counted_ptr_inplaceIN5Catch17ReporterRegistrarINS1_15CompactReporterEE15ReporterFactoryESaIvELN9__gnu_cxx12_Lock_policyE2EEEE3getEv:
function _ZNSt15__allocated_ptrISaISt23_Sp_counted_ptr_inplaceIN5Catch17ReporterRegistrarINS1_15CompactReporterEE15ReporterFactoryESaIvELN9__gnu_cxx12_Lock_policyE2EEEE3getEv called 1 returned 100% blocks executed 100%
        1:   86:      value_type* get() { return std::__to_address(_M_ptr); }
        1:   86-block  0
call    0 returned 1
------------------
_ZNSt15__allocated_ptrISaISt23_Sp_counted_ptr_inplaceIN5Catch5clara6detail13BoundValueRefISt6vectorINSt7__cxx1112basic_stringIcSt11char_traitsIcESaIcEEESaISB_EEEESaIvELN9__gnu_cxx12_Lock_policyE2EEEE3getEv:
function _ZNSt15__allocated_ptrISaISt23_Sp_counted_ptr_inplaceIN5Catch5clara6detail13BoundValueRefISt6vectorINSt7__cxx1112basic_stringIcSt11char_traitsIcESaIcEEESaISB_EEEESaIvELN9__gnu_cxx12_Lock_policyE2EEEE3getEv called 2 returned 100% blocks executed 100%
        2:   86:      value_type* get() { return std::__to_address(_M_ptr); }
        2:   86-block  0
call    0 returned 2
------------------
_ZNSt15__allocated_ptrISaISt23_Sp_counted_ptr_inplaceIN5Catch5clara6detail15BoundFlagLambdaIZNS1_21makeCommandLineParserERNS1_10ConfigDataEEUlbE_EESaIvELN9__gnu_cxx12_Lock_policyE2EEEE3getEv:
function _ZNSt15__allocated_ptrISaISt23_Sp_counted_ptr_inplaceIN5Catch5clara6detail15BoundFlagLambdaIZNS1_21makeCommandLineParserERNS1_10ConfigDataEEUlbE_EESaIvELN9__gnu_cxx12_Lock_policyE2EEEE3getEv called 1 returned 100% blocks executed 100%
        1:   86:      value_type* get() { return std::__to_address(_M_ptr); }
        1:   86-block  0
call    0 returned 1
------------------
_ZNSt15__allocated_ptrISaISt23_Sp_counted_ptr_inplaceIN5Catch5clara6detail15BoundFlagLambdaIZNS3_4HelpC4ERbEUlbE_EESaIvELN9__gnu_cxx12_Lock_policyE2EEEE3getEv:
function _ZNSt15__allocated_ptrISaISt23_Sp_counted_ptr_inplaceIN5Catch5clara6detail15BoundFlagLambdaIZNS3_4HelpC4ERbEUlbE_EESaIvELN9__gnu_cxx12_Lock_policyE2EEEE3getEv called 1 returned 100% blocks executed 100%
        1:   86:      value_type* get() { return std::__to_address(_M_ptr); }
        1:   86-block  0
call    0 returned 1
------------------
_ZNSt15__allocated_ptrISaISt23_Sp_counted_ptr_inplaceIN5Catch8TestSpec10TagPatternESaIvELN9__gnu_cxx12_Lock_policyE2EEEE3getEv:
function _ZNSt15__allocated_ptrISaISt23_Sp_counted_ptr_inplaceIN5Catch8TestSpec10TagPatternESaIvELN9__gnu_cxx12_Lock_policyE2EEEE3getEv called 0 returned 0% blocks executed 0%
    #####:   86:      value_type* get() { return std::__to_address(_M_ptr); }
    %%%%%:   86-block  0
call    0 never executed
------------------
_ZNSt15__allocated_ptrISaISt23_Sp_counted_ptr_inplaceIN5Catch17ReporterRegistrarINS1_13JunitReporterEE15ReporterFactoryESaIvELN9__gnu_cxx12_Lock_policyE2EEEE3getEv:
function _ZNSt15__allocated_ptrISaISt23_Sp_counted_ptr_inplaceIN5Catch17ReporterRegistrarINS1_13JunitReporterEE15ReporterFactoryESaIvELN9__gnu_cxx12_Lock_policyE2EEEE3getEv called 1 returned 100% blocks executed 100%
        1:   86:      value_type* get() { return std::__to_address(_M_ptr); }
        1:   86-block  0
call    0 returned 1
------------------
_ZNSt15__allocated_ptrISaISt23_Sp_counted_ptr_inplaceIN5Catch8TestSpec11NamePatternESaIvELN9__gnu_cxx12_Lock_policyE2EEEE3getEv:
function _ZNSt15__allocated_ptrISaISt23_Sp_counted_ptr_inplaceIN5Catch8TestSpec11NamePatternESaIvELN9__gnu_cxx12_Lock_policyE2EEEE3getEv called 0 returned 0% blocks executed 0%
    #####:   86:      value_type* get() { return std::__to_address(_M_ptr); }
    %%%%%:   86-block  0
call    0 never executed
------------------
_ZNSt15__allocated_ptrISaISt23_Sp_counted_ptr_inplaceIN5Catch16TestCaseTracking14SectionTrackerESaIvELN9__gnu_cxx12_Lock_policyE2EEEE3getEv:
function _ZNSt15__allocated_ptrISaISt23_Sp_counted_ptr_inplaceIN5Catch16TestCaseTracking14SectionTrackerESaIvELN9__gnu_cxx12_Lock_policyE2EEEE3getEv called 46 returned 100% blocks executed 100%
       46:   86:      value_type* get() { return std::__to_address(_M_ptr); }
       46:   86-block  0
call    0 returned 46
------------------
_ZNSt15__allocated_ptrISaISt23_Sp_counted_ptr_inplaceIN5Catch6ConfigESaIvELN9__gnu_cxx12_Lock_policyE2EEEE3getEv:
function _ZNSt15__allocated_ptrISaISt23_Sp_counted_ptr_inplaceIN5Catch6ConfigESaIvELN9__gnu_cxx12_Lock_policyE2EEEE3getEv called 1 returned 100% blocks executed 100%
        1:   86:      value_type* get() { return std::__to_address(_M_ptr); }
        1:   86-block  0
call    0 returned 1
------------------
_ZNSt15__allocated_ptrISaISt23_Sp_counted_ptr_inplaceIN5Catch10Generators16GeneratorTrackerESaIvELN9__gnu_cxx12_Lock_policyE2EEEE3getEv:
function _ZNSt15__allocated_ptrISaISt23_Sp_counted_ptr_inplaceIN5Catch10Generators16GeneratorTrackerESaIvELN9__gnu_cxx12_Lock_policyE2EEEE3getEv called 0 returned 0% blocks executed 0%
    #####:   86:      value_type* get() { return std::__to_address(_M_ptr); }
    %%%%%:   86-block  0
call    0 never executed
------------------
_ZNSt15__allocated_ptrISaISt23_Sp_counted_ptr_inplaceIN5Catch5clara6detail12BoundFlagRefESaIvELN9__gnu_cxx12_Lock_policyE2EEEE3getEv:
function _ZNSt15__allocated_ptrISaISt23_Sp_counted_ptr_inplaceIN5Catch5clara6detail12BoundFlagRefESaIvELN9__gnu_cxx12_Lock_policyE2EEEE3getEv called 11 returned 100% blocks executed 100%
       11:   86:      value_type* get() { return std::__to_address(_M_ptr); }
       11:   86-block  0
call    0 returned 11
------------------
_ZNSt15__allocated_ptrISaISt23_Sp_counted_ptr_inplaceIN5Catch5clara6detail13BoundValueRefINSt7__cxx1112basic_stringIcSt11char_traitsIcESaIcEEEEESaIvELN9__gnu_cxx12_Lock_policyE2EEEE3getEv:
function _ZNSt15__allocated_ptrISaISt23_Sp_counted_ptr_inplaceIN5Catch5clara6detail13BoundValueRefINSt7__cxx1112basic_stringIcSt11char_traitsIcESaIcEEEEESaIvELN9__gnu_cxx12_Lock_policyE2EEEE3getEv called 3 returned 100% blocks executed 100%
        3:   86:      value_type* get() { return std::__to_address(_M_ptr); }
        3:   86-block  0
call    0 returned 3
------------------
_ZNSt15__allocated_ptrISaISt23_Sp_counted_ptr_inplaceINSt7__cxx1112basic_stringIcSt11char_traitsIcESaIcEEESaIvELN9__gnu_cxx12_Lock_policyE2EEEE3getEv:
function _ZNSt15__allocated_ptrISaISt23_Sp_counted_ptr_inplaceINSt7__cxx1112basic_stringIcSt11char_traitsIcESaIcEEESaIvELN9__gnu_cxx12_Lock_policyE2EEEE3getEv called 3 returned 100% blocks executed 100%
        3:   86:      value_type* get() { return std::__to_address(_M_ptr); }
        3:   86-block  0
call    0 returned 3
------------------
_ZNSt15__allocated_ptrISaISt23_Sp_counted_ptr_inplaceIN5Catch5clara6detail11BoundLambdaIZNS1_21makeCommandLineParserERNS1_10ConfigDataEEUlRKNSt7__cxx1112basic_stringIcSt11char_traitsIcESaIcEEEE5_EESaIvELN9__gnu_cxx12_Lock_policyE2EEEE3getEv:
function _ZNSt15__allocated_ptrISaISt23_Sp_counted_ptr_inplaceIN5Catch5clara6detail11BoundLambdaIZNS1_21makeCommandLineParserERNS1_10ConfigDataEEUlRKNSt7__cxx1112basic_stringIcSt11char_traitsIcESaIcEEEE5_EESaIvELN9__gnu_cxx12_Lock_policyE2EEEE3getEv called 1 returned 100% blocks executed 100%
        1:   86:      value_type* get() { return std::__to_address(_M_ptr); }
        1:   86-block  0
call    0 returned 1
------------------
_ZNSt15__allocated_ptrISaISt23_Sp_counted_ptr_inplaceIN5Catch22CumulativeReporterBaseINS1_13JunitReporterEE11SectionNodeESaIvELN9__gnu_cxx12_Lock_policyE2EEEE3getEv:
function _ZNSt15__allocated_ptrISaISt23_Sp_counted_ptr_inplaceIN5Catch22CumulativeReporterBaseINS1_13JunitReporterEE11SectionNodeESaIvELN9__gnu_cxx12_Lock_policyE2EEEE3getEv called 0 returned 0% blocks executed 0%
    #####:   86:      value_type* get() { return std::__to_address(_M_ptr); }
    %%%%%:   86-block  0
call    0 never executed
------------------
_ZNSt15__allocated_ptrISaISt23_Sp_counted_ptr_inplaceINSt8__detail4_NFAINSt7__cxx1112regex_traitsIcEEEESaIvELN9__gnu_cxx12_Lock_policyE2EEEE3getEv:
function _ZNSt15__allocated_ptrISaISt23_Sp_counted_ptr_inplaceINSt8__detail4_NFAINSt7__cxx1112regex_traitsIcEEEESaIvELN9__gnu_cxx12_Lock_policyE2EEEE3getEv called 0 returned 0% blocks executed 0%
    #####:   86:      value_type* get() { return std::__to_address(_M_ptr); }
    %%%%%:   86-block  0
call    0 never executed
------------------
_ZNSt15__allocated_ptrISaISt23_Sp_counted_ptr_inplaceIN5Catch5clara6detail13BoundValueRefIxEESaIvELN9__gnu_cxx12_Lock_policyE2EEEE3getEv:
function _ZNSt15__allocated_ptrISaISt23_Sp_counted_ptr_inplaceIN5Catch5clara6detail13BoundValueRefIxEESaIvELN9__gnu_cxx12_Lock_policyE2EEEE3getEv called 1 returned 100% blocks executed 100%
        1:   86:      value_type* get() { return std::__to_address(_M_ptr); }
        1:   86-block  0
call    0 returned 1
------------------
_ZNSt15__allocated_ptrISaISt23_Sp_counted_ptr_inplaceIN5Catch5clara6detail13BoundValueRefIjEESaIvELN9__gnu_cxx12_Lock_policyE2EEEE3getEv:
function _ZNSt15__allocated_ptrISaISt23_Sp_counted_ptr_inplaceIN5Catch5clara6detail13BoundValueRefIjEESaIvELN9__gnu_cxx12_Lock_policyE2EEEE3getEv called 2 returned 100% blocks executed 100%
        2:   86:      value_type* get() { return std::__to_address(_M_ptr); }
        2:   86-block  0
call    0 returned 2
------------------
_ZNSt15__allocated_ptrISaISt23_Sp_counted_ptr_inplaceIN5Catch5clara6detail11BoundLambdaIZNS1_21makeCommandLineParserERNS1_10ConfigDataEEUlRKNSt7__cxx1112basic_stringIcSt11char_traitsIcESaIcEEEE4_EESaIvELN9__gnu_cxx12_Lock_policyE2EEEE3getEv:
function _ZNSt15__allocated_ptrISaISt23_Sp_counted_ptr_inplaceIN5Catch5clara6detail11BoundLambdaIZNS1_21makeCommandLineParserERNS1_10ConfigDataEEUlRKNSt7__cxx1112basic_stringIcSt11char_traitsIcESaIcEEEE4_EESaIvELN9__gnu_cxx12_Lock_policyE2EEEE3getEv called 1 returned 100% blocks executed 100%
        1:   86:      value_type* get() { return std::__to_address(_M_ptr); }
        1:   86-block  0
call    0 returned 1
------------------
_ZNSt15__allocated_ptrISaISt23_Sp_counted_ptr_inplaceIN5Catch5clara6detail11BoundLambdaIZNS1_21makeCommandLineParserERNS1_10ConfigDataEEUlRKNSt7__cxx1112basic_stringIcSt11char_traitsIcESaIcEEEE3_EESaIvELN9__gnu_cxx12_Lock_policyE2EEEE3getEv:
function _ZNSt15__allocated_ptrISaISt23_Sp_counted_ptr_inplaceIN5Catch5clara6detail11BoundLambdaIZNS1_21makeCommandLineParserERNS1_10ConfigDataEEUlRKNSt7__cxx1112basic_stringIcSt11char_traitsIcESaIcEEEE3_EESaIvELN9__gnu_cxx12_Lock_policyE2EEEE3getEv called 1 returned 100% blocks executed 100%
        1:   86:      value_type* get() { return std::__to_address(_M_ptr); }
        1:   86-block  0
call    0 returned 1
------------------
_ZNSt15__allocated_ptrISaISt23_Sp_counted_ptr_inplaceIN5Catch5clara6detail11BoundLambdaIZNS1_21makeCommandLineParserERNS1_10ConfigDataEEUlRKNSt7__cxx1112basic_stringIcSt11char_traitsIcESaIcEEEE2_EESaIvELN9__gnu_cxx12_Lock_policyE2EEEE3getEv:
function _ZNSt15__allocated_ptrISaISt23_Sp_counted_ptr_inplaceIN5Catch5clara6detail11BoundLambdaIZNS1_21makeCommandLineParserERNS1_10ConfigDataEEUlRKNSt7__cxx1112basic_stringIcSt11char_traitsIcESaIcEEEE2_EESaIvELN9__gnu_cxx12_Lock_policyE2EEEE3getEv called 1 returned 100% blocks executed 100%
        1:   86:      value_type* get() { return std::__to_address(_M_ptr); }
        1:   86-block  0
call    0 returned 1
------------------
_ZNSt15__allocated_ptrISaISt23_Sp_counted_ptr_inplaceIN5Catch5clara6detail11BoundLambdaIZNS1_21makeCommandLineParserERNS1_10ConfigDataEEUlRKNSt7__cxx1112basic_stringIcSt11char_traitsIcESaIcEEEE1_EESaIvELN9__gnu_cxx12_Lock_policyE2EEEE3getEv:
function _ZNSt15__allocated_ptrISaISt23_Sp_counted_ptr_inplaceIN5Catch5clara6detail11BoundLambdaIZNS1_21makeCommandLineParserERNS1_10ConfigDataEEUlRKNSt7__cxx1112basic_stringIcSt11char_traitsIcESaIcEEEE1_EESaIvELN9__gnu_cxx12_Lock_policyE2EEEE3getEv called 1 returned 100% blocks executed 100%
        1:   86:      value_type* get() { return std::__to_address(_M_ptr); }
        1:   86-block  0
call    0 returned 1
------------------
_ZNSt15__allocated_ptrISaISt23_Sp_counted_ptr_inplaceIN5Catch22CumulativeReporterBaseINS1_13JunitReporterEE4NodeINS1_12TestRunStatsENS5_INS1_14TestGroupStatsENS5_INS1_13TestCaseStatsENS4_11SectionNodeEEEEEEESaIvELN9__gnu_cxx12_Lock_policyE2EEEE3getEv:
function _ZNSt15__allocated_ptrISaISt23_Sp_counted_ptr_inplaceIN5Catch22CumulativeReporterBaseINS1_13JunitReporterEE4NodeINS1_12TestRunStatsENS5_INS1_14TestGroupStatsENS5_INS1_13TestCaseStatsENS4_11SectionNodeEEEEEEESaIvELN9__gnu_cxx12_Lock_policyE2EEEE3getEv called 0 returned 0% blocks executed 0%
    #####:   86:      value_type* get() { return std::__to_address(_M_ptr); }
    %%%%%:   86-block  0
call    0 never executed
------------------
_ZNSt15__allocated_ptrISaISt23_Sp_counted_ptr_inplaceIN5Catch5clara6detail11BoundLambdaIZNS1_21makeCommandLineParserERNS1_10ConfigDataEEUlRKNSt7__cxx1112basic_stringIcSt11char_traitsIcESaIcEEEE0_EESaIvELN9__gnu_cxx12_Lock_policyE2EEEE3getEv:
function _ZNSt15__allocated_ptrISaISt23_Sp_counted_ptr_inplaceIN5Catch5clara6detail11BoundLambdaIZNS1_21makeCommandLineParserERNS1_10ConfigDataEEUlRKNSt7__cxx1112basic_stringIcSt11char_traitsIcESaIcEEEE0_EESaIvELN9__gnu_cxx12_Lock_policyE2EEEE3getEv called 1 returned 100% blocks executed 100%
        1:   86:      value_type* get() { return std::__to_address(_M_ptr); }
        1:   86-block  0
call    0 returned 1
------------------
_ZNSt15__allocated_ptrISaISt23_Sp_counted_ptr_inplaceIN5Catch5clara6detail13BoundValueRefIdEESaIvELN9__gnu_cxx12_Lock_policyE2EEEE3getEv:
function _ZNSt15__allocated_ptrISaISt23_Sp_counted_ptr_inplaceIN5Catch5clara6detail13BoundValueRefIdEESaIvELN9__gnu_cxx12_Lock_policyE2EEEE3getEv called 2 returned 100% blocks executed 100%
        2:   86:      value_type* get() { return std::__to_address(_M_ptr); }
        2:   86-block  0
call    0 returned 2
------------------
_ZNSt15__allocated_ptrISaISt23_Sp_counted_ptr_inplaceIN5Catch5clara6detail11BoundLambdaIZNS1_21makeCommandLineParserERNS1_10ConfigDataEEUlbE0_EESaIvELN9__gnu_cxx12_Lock_policyE2EEEE3getEv:
function _ZNSt15__allocated_ptrISaISt23_Sp_counted_ptr_inplaceIN5Catch5clara6detail11BoundLambdaIZNS1_21makeCommandLineParserERNS1_10ConfigDataEEUlbE0_EESaIvELN9__gnu_cxx12_Lock_policyE2EEEE3getEv called 1 returned 100% blocks executed 100%
        1:   86:      value_type* get() { return std::__to_address(_M_ptr); }
        1:   86-block  0
call    0 returned 1
------------------
_ZNSt15__allocated_ptrISaISt23_Sp_counted_ptr_inplaceIN5Catch5clara6detail11BoundLambdaIZNS1_21makeCommandLineParserERNS1_10ConfigDataEEUlRKNSt7__cxx1112basic_stringIcSt11char_traitsIcESaIcEEEE_EESaIvELN9__gnu_cxx12_Lock_policyE2EEEE3getEv:
function _ZNSt15__allocated_ptrISaISt23_Sp_counted_ptr_inplaceIN5Catch5clara6detail11BoundLambdaIZNS1_21makeCommandLineParserERNS1_10ConfigDataEEUlRKNSt7__cxx1112basic_stringIcSt11char_traitsIcESaIcEEEE_EESaIvELN9__gnu_cxx12_Lock_policyE2EEEE3getEv called 1 returned 100% blocks executed 100%
        1:   86:      value_type* get() { return std::__to_address(_M_ptr); }
        1:   86-block  0
call    0 returned 1
------------------
_ZNSt15__allocated_ptrISaISt23_Sp_counted_ptr_inplaceIN5Catch5clara6detail11BoundLambdaIZNS1_21makeCommandLineParserERNS1_10ConfigDataEEUliE_EESaIvELN9__gnu_cxx12_Lock_policyE2EEEE3getEv:
function _ZNSt15__allocated_ptrISaISt23_Sp_counted_ptr_inplaceIN5Catch5clara6detail11BoundLambdaIZNS1_21makeCommandLineParserERNS1_10ConfigDataEEUliE_EESaIvELN9__gnu_cxx12_Lock_policyE2EEEE3getEv called 1 returned 100% blocks executed 100%
        1:   86:      value_type* get() { return std::__to_address(_M_ptr); }
        1:   86-block  0
call    0 returned 1
------------------
_ZNSt15__allocated_ptrISaISt23_Sp_counted_ptr_inplaceIN5Catch5clara6detail11BoundLambdaIZNS1_21makeCommandLineParserERNS1_10ConfigDataEEUlRKNSt7__cxx1112basic_stringIcSt11char_traitsIcESaIcEEEE6_EESaIvELN9__gnu_cxx12_Lock_policyE2EEEE3getEv:
function _ZNSt15__allocated_ptrISaISt23_Sp_counted_ptr_inplaceIN5Catch5clara6detail11BoundLambdaIZNS1_21makeCommandLineParserERNS1_10ConfigDataEEUlRKNSt7__cxx1112basic_stringIcSt11char_traitsIcESaIcEEEE6_EESaIvELN9__gnu_cxx12_Lock_policyE2EEEE3getEv called 1 returned 100% blocks executed 100%
        1:   86:      value_type* get() { return std::__to_address(_M_ptr); }
        1:   86-block  0
call    0 returned 1
------------------
_ZNSt15__allocated_ptrISaISt23_Sp_counted_ptr_inplaceIN5Catch17ReporterRegistrarINS1_11XmlReporterEE15ReporterFactoryESaIvELN9__gnu_cxx12_Lock_policyE2EEEE3getEv:
function _ZNSt15__allocated_ptrISaISt23_Sp_counted_ptr_inplaceIN5Catch17ReporterRegistrarINS1_11XmlReporterEE15ReporterFactoryESaIvELN9__gnu_cxx12_Lock_policyE2EEEE3getEv called 1 returned 100% blocks executed 100%
        1:   86:      value_type* get() { return std::__to_address(_M_ptr); }
        1:   86-block  0
call    0 returned 1
------------------
        -:   87:
        -:   88:    private:
        -:   89:      _Alloc* _M_alloc;
        -:   90:      pointer _M_ptr;
        -:   91:    };
        -:   92:
        -:   93:  /// Allocate space for a single object using __a
        -:   94:  template<typename _Alloc>
        -:   95:    __allocated_ptr<_Alloc>
      87*:   96:    __allocate_guarded(_Alloc& __a)
        -:   97:    {
      87*:   98:      return { __a, std::allocator_traits<_Alloc>::allocate(__a, 1) };
        -:   99:    }
        -:  100:
        -:  101:/// @endcond
        -:  102:_GLIBCXX_END_NAMESPACE_VERSION
        -:  103:} // namespace std
        -:  104:
        -:  105:#endif
        -:  106:#endif
