        -:    0:Source:C:/Program Files/JetBrains/CLion 2023.2.2/bin/mingw/lib/gcc/x86_64-w64-mingw32/13.1.0/include/c++/bits/stl_construct.h
        -:    0:Graph:C:\Users\sakhd\CLionProjects\gameLab3\cmake-build-debug\Tests\CMakeFiles\tests.dir\testing.cpp.gcno
        -:    0:Data:C:\Users\sakhd\CLionProjects\gameLab3\cmake-build-debug\Tests\CMakeFiles\tests.dir\testing.cpp.gcda
        -:    0:Runs:1
        -:    1:// nonstandard construct and destroy functions -*- C++ -*-
        -:    2:
        -:    3:// Copyright (C) 2001-2023 Free Software Foundation, Inc.
        -:    4://
        -:    5:// This file is part of the GNU ISO C++ Library.  This library is free
        -:    6:// software; you can redistribute it and/or modify it under the
        -:    7:// terms of the GNU General Public License as published by the
        -:    8:// Free Software Foundation; either version 3, or (at your option)
        -:    9:// any later version.
        -:   10:
        -:   11:// This library is distributed in the hope that it will be useful,
        -:   12:// but WITHOUT ANY WARRANTY; without even the implied warranty of
        -:   13:// MERCHANTABILITY or FITNESS FOR A PARTICULAR PURPOSE.  See the
        -:   14:// GNU General Public License for more details.
        -:   15:
        -:   16:// Under Section 7 of GPL version 3, you are granted additional
        -:   17:// permissions described in the GCC Runtime Library Exception, version
        -:   18:// 3.1, as published by the Free Software Foundation.
        -:   19:
        -:   20:// You should have received a copy of the GNU General Public License and
        -:   21:// a copy of the GCC Runtime Library Exception along with this program;
        -:   22:// see the files COPYING3 and COPYING.RUNTIME respectively.  If not, see
        -:   23:// <http://www.gnu.org/licenses/>.
        -:   24:
        -:   25:/*
        -:   26: *
        -:   27: * Copyright (c) 1994
        -:   28: * Hewlett-Packard Company
        -:   29: *
        -:   30: * Permission to use, copy, modify, distribute and sell this software
        -:   31: * and its documentation for any purpose is hereby granted without fee,
        -:   32: * provided that the above copyright notice appear in all copies and
        -:   33: * that both that copyright notice and this permission notice appear
        -:   34: * in supporting documentation.  Hewlett-Packard Company makes no
        -:   35: * representations about the suitability of this software for any
        -:   36: * purpose.  It is provided "as is" without express or implied warranty.
        -:   37: *
        -:   38: *
        -:   39: * Copyright (c) 1996,1997
        -:   40: * Silicon Graphics Computer Systems, Inc.
        -:   41: *
        -:   42: * Permission to use, copy, modify, distribute and sell this software
        -:   43: * and its documentation for any purpose is hereby granted without fee,
        -:   44: * provided that the above copyright notice appear in all copies and
        -:   45: * that both that copyright notice and this permission notice appear
        -:   46: * in supporting documentation.  Silicon Graphics makes no
        -:   47: * representations about the suitability of this software for any
        -:   48: * purpose.  It is provided "as is" without express or implied warranty.
        -:   49: */
        -:   50:
        -:   51:/** @file bits/stl_construct.h
        -:   52: *  This is an internal header file, included by other library headers.
        -:   53: *  Do not attempt to use it directly. @headername{memory}
        -:   54: */
        -:   55:
        -:   56:#ifndef _STL_CONSTRUCT_H
        -:   57:#define _STL_CONSTRUCT_H 1
        -:   58:
        -:   59:#include <new>
        -:   60:#include <bits/move.h>
        -:   61:#include <bits/stl_iterator_base_types.h> // for iterator_traits
        -:   62:#include <bits/stl_iterator_base_funcs.h> // for advance
        -:   63:
        -:   64:/* This file provides the C++17 functions std::destroy_at, std::destroy, and
        -:   65: * std::destroy_n, and the C++20 function std::construct_at.
        -:   66: * It also provides std::_Construct, std::_Destroy,and std::_Destroy_n functions
        -:   67: * which are defined in all standard modes and so can be used in C++98-14 code.
        -:   68: * The _Destroy functions will dispatch to destroy_at during constant
        -:   69: * evaluation, because calls to that function are intercepted by the compiler
        -:   70: * to allow use in constant expressions.
        -:   71: */
        -:   72:
        -:   73:namespace std _GLIBCXX_VISIBILITY(default)
        -:   74:{
        -:   75:_GLIBCXX_BEGIN_NAMESPACE_VERSION
        -:   76:
        -:   77:#if __cplusplus >= 201703L
        -:   78:  template <typename _Tp>
        -:   79:    _GLIBCXX20_CONSTEXPR inline void
    4990*:   80:    destroy_at(_Tp* __location)
        -:   81:    {
        -:   82:      if constexpr (__cplusplus > 201703L && is_array_v<_Tp>)
        -:   83:	{
        -:   84:	  for (auto& __x : *__location)
        -:   85:	    std::destroy_at(std::__addressof(__x));
        -:   86:	}
        -:   87:      else
    4990*:   88:	__location->~_Tp();
    4990*:   89:    }
------------------
_ZSt10destroy_atISt10shared_ptrIN5Catch22CumulativeReporterBaseINS1_13JunitReporterEE4NodeINS1_13TestCaseStatsENS4_11SectionNodeEEEEEvPT_:
function _ZSt10destroy_atISt10shared_ptrIN5Catch22CumulativeReporterBaseINS1_13JunitReporterEE4NodeINS1_13TestCaseStatsENS4_11SectionNodeEEEEEvPT_ called 0 returned 0% blocks executed 0%
    #####:   80:    destroy_at(_Tp* __location)
        -:   81:    {
        -:   82:      if constexpr (__cplusplus > 201703L && is_array_v<_Tp>)
        -:   83:	{
        -:   84:	  for (auto& __x : *__location)
        -:   85:	    std::destroy_at(std::__addressof(__x));
        -:   86:	}
        -:   87:      else
    #####:   88:	__location->~_Tp();
    %%%%%:   88-block  0
call    0 never executed
    #####:   89:    }
------------------
_ZSt10destroy_atISt4pairIP5EnemyP4CeilEEvPT_:
function _ZSt10destroy_atISt4pairIP5EnemyP4CeilEEvPT_ called 247 returned 100% blocks executed 100%
      247:   80:    destroy_at(_Tp* __location)
        -:   81:    {
        -:   82:      if constexpr (__cplusplus > 201703L && is_array_v<_Tp>)
        -:   83:	{
        -:   84:	  for (auto& __x : *__location)
        -:   85:	    std::destroy_at(std::__addressof(__x));
        -:   86:	}
        -:   87:      else
      247:   88:	__location->~_Tp();
      247:   89:    }
------------------
_ZSt10destroy_atISt4pairIiiEEvPT_:
function _ZSt10destroy_atISt4pairIiiEEvPT_ called 190 returned 100% blocks executed 100%
      190:   80:    destroy_at(_Tp* __location)
        -:   81:    {
        -:   82:      if constexpr (__cplusplus > 201703L && is_array_v<_Tp>)
        -:   83:	{
        -:   84:	  for (auto& __x : *__location)
        -:   85:	    std::destroy_at(std::__addressof(__x));
        -:   86:	}
        -:   87:      else
      190:   88:	__location->~_Tp();
      190:   89:    }
------------------
_ZSt10destroy_atI7DungeonEvPT_:
function _ZSt10destroy_atI7DungeonEvPT_ called 5 returned 100% blocks executed 100%
        5:   80:    destroy_at(_Tp* __location)
        -:   81:    {
        -:   82:      if constexpr (__cplusplus > 201703L && is_array_v<_Tp>)
        -:   83:	{
        -:   84:	  for (auto& __x : *__location)
        -:   85:	    std::destroy_at(std::__addressof(__x));
        -:   86:	}
        -:   87:      else
        5:   88:	__location->~_Tp();
        5:   88-block  0
call    0 returned 5
        5:   89:    }
------------------
_ZSt10destroy_atIN5Catch5clara8TextFlow6Column8iteratorEEvPT_:
function _ZSt10destroy_atIN5Catch5clara8TextFlow6Column8iteratorEEvPT_ called 0 returned 0% blocks executed 0%
    #####:   80:    destroy_at(_Tp* __location)
        -:   81:    {
        -:   82:      if constexpr (__cplusplus > 201703L && is_array_v<_Tp>)
        -:   83:	{
        -:   84:	  for (auto& __x : *__location)
        -:   85:	    std::destroy_at(std::__addressof(__x));
        -:   86:	}
        -:   87:      else
    #####:   88:	__location->~_Tp();
    #####:   89:    }
------------------
_ZSt10destroy_atIN5Catch9StringRefEEvPT_:
function _ZSt10destroy_atIN5Catch9StringRefEEvPT_ called 0 returned 0% blocks executed 0%
    #####:   80:    destroy_at(_Tp* __location)
        -:   81:    {
        -:   82:      if constexpr (__cplusplus > 201703L && is_array_v<_Tp>)
        -:   83:	{
        -:   84:	  for (auto& __x : *__location)
        -:   85:	    std::destroy_at(std::__addressof(__x));
        -:   86:	}
        -:   87:      else
    #####:   88:	__location->~_Tp();
    #####:   89:    }
------------------
_ZSt10destroy_atISt10unique_ptrIN5Catch6Detail8EnumInfoESt14default_deleteIS3_EEEvPT_:
function _ZSt10destroy_atISt10unique_ptrIN5Catch6Detail8EnumInfoESt14default_deleteIS3_EEEvPT_ called 0 returned 0% blocks executed 0%
    #####:   80:    destroy_at(_Tp* __location)
        -:   81:    {
        -:   82:      if constexpr (__cplusplus > 201703L && is_array_v<_Tp>)
        -:   83:	{
        -:   84:	  for (auto& __x : *__location)
        -:   85:	    std::destroy_at(std::__addressof(__x));
        -:   86:	}
        -:   87:      else
    #####:   88:	__location->~_Tp();
    %%%%%:   88-block  0
call    0 never executed
    #####:   89:    }
------------------
_ZSt10destroy_atISt10unique_ptrIKN5Catch20IExceptionTranslatorESt14default_deleteIS3_EEEvPT_:
function _ZSt10destroy_atISt10unique_ptrIKN5Catch20IExceptionTranslatorESt14default_deleteIS3_EEEvPT_ called 0 returned 0% blocks executed 0%
    #####:   80:    destroy_at(_Tp* __location)
        -:   81:    {
        -:   82:      if constexpr (__cplusplus > 201703L && is_array_v<_Tp>)
        -:   83:	{
        -:   84:	  for (auto& __x : *__location)
        -:   85:	    std::destroy_at(std::__addressof(__x));
        -:   86:	}
        -:   87:      else
    #####:   88:	__location->~_Tp();
    %%%%%:   88-block  0
call    0 never executed
    #####:   89:    }
------------------
_ZSt10destroy_atISt10unique_ptrINSt7__cxx1119basic_ostringstreamIcSt11char_traitsIcESaIcEEESt14default_deleteIS6_EEEvPT_:
function _ZSt10destroy_atISt10unique_ptrINSt7__cxx1119basic_ostringstreamIcSt11char_traitsIcESaIcEEESt14default_deleteIS6_EEEvPT_ called 6 returned 100% blocks executed 100%
        6:   80:    destroy_at(_Tp* __location)
        -:   81:    {
        -:   82:      if constexpr (__cplusplus > 201703L && is_array_v<_Tp>)
        -:   83:	{
        -:   84:	  for (auto& __x : *__location)
        -:   85:	    std::destroy_at(std::__addressof(__x));
        -:   86:	}
        -:   87:      else
        6:   88:	__location->~_Tp();
        6:   88-block  0
call    0 returned 6
        6:   89:    }
------------------
_ZSt10destroy_atIN5Catch13SummaryColumnEEvPT_:
function _ZSt10destroy_atIN5Catch13SummaryColumnEEvPT_ called 0 returned 0% blocks executed 0%
    #####:   80:    destroy_at(_Tp* __location)
        -:   81:    {
        -:   82:      if constexpr (__cplusplus > 201703L && is_array_v<_Tp>)
        -:   83:	{
        -:   84:	  for (auto& __x : *__location)
        -:   85:	    std::destroy_at(std::__addressof(__x));
        -:   86:	}
        -:   87:      else
    #####:   88:	__location->~_Tp();
    %%%%%:   88-block  0
call    0 never executed
    #####:   89:    }
------------------
_ZSt10destroy_atIN5Catch14AssertionStatsEEvPT_:
function _ZSt10destroy_atIN5Catch14AssertionStatsEEvPT_ called 0 returned 0% blocks executed 0%
    #####:   80:    destroy_at(_Tp* __location)
        -:   81:    {
        -:   82:      if constexpr (__cplusplus > 201703L && is_array_v<_Tp>)
        -:   83:	{
        -:   84:	  for (auto& __x : *__location)
        -:   85:	    std::destroy_at(std::__addressof(__x));
        -:   86:	}
        -:   87:      else
    #####:   88:	__location->~_Tp();
    %%%%%:   88-block  0
call    0 never executed
    #####:   89:    }
------------------
_ZSt10destroy_atISt10shared_ptrIN5Catch22CumulativeReporterBaseINS1_13JunitReporterEE11SectionNodeEEEvPT_:
function _ZSt10destroy_atISt10shared_ptrIN5Catch22CumulativeReporterBaseINS1_13JunitReporterEE11SectionNodeEEEvPT_ called 0 returned 0% blocks executed 0%
    #####:   80:    destroy_at(_Tp* __location)
        -:   81:    {
        -:   82:      if constexpr (__cplusplus > 201703L && is_array_v<_Tp>)
        -:   83:	{
        -:   84:	  for (auto& __x : *__location)
        -:   85:	    std::destroy_at(std::__addressof(__x));
        -:   86:	}
        -:   87:      else
    #####:   88:	__location->~_Tp();
    %%%%%:   88-block  0
call    0 never executed
    #####:   89:    }
------------------
_ZSt10destroy_atIN5Catch11SectionInfoEEvPT_:
function _ZSt10destroy_atIN5Catch11SectionInfoEEvPT_ called 70 returned 100% blocks executed 100%
       70:   80:    destroy_at(_Tp* __location)
        -:   81:    {
        -:   82:      if constexpr (__cplusplus > 201703L && is_array_v<_Tp>)
        -:   83:	{
        -:   84:	  for (auto& __x : *__location)
        -:   85:	    std::destroy_at(std::__addressof(__x));
        -:   86:	}
        -:   87:      else
       70:   88:	__location->~_Tp();
       70:   88-block  0
call    0 returned 70
       70:   89:    }
------------------
_ZSt10destroy_atISt10shared_ptrIN5Catch22CumulativeReporterBaseINS1_13JunitReporterEE4NodeINS1_14TestGroupStatsENS5_INS1_13TestCaseStatsENS4_11SectionNodeEEEEEEEvPT_:
function _ZSt10destroy_atISt10shared_ptrIN5Catch22CumulativeReporterBaseINS1_13JunitReporterEE4NodeINS1_14TestGroupStatsENS5_INS1_13TestCaseStatsENS4_11SectionNodeEEEEEEEvPT_ called 0 returned 0% blocks executed 0%
    #####:   80:    destroy_at(_Tp* __location)
        -:   81:    {
        -:   82:      if constexpr (__cplusplus > 201703L && is_array_v<_Tp>)
        -:   83:	{
        -:   84:	  for (auto& __x : *__location)
        -:   85:	    std::destroy_at(std::__addressof(__x));
        -:   86:	}
        -:   87:      else
    #####:   88:	__location->~_Tp();
    %%%%%:   88-block  0
call    0 never executed
    #####:   89:    }
------------------
_ZSt10destroy_atISt10unique_ptrIN5Catch18IStreamingReporterESt14default_deleteIS2_EEEvPT_:
function _ZSt10destroy_atISt10unique_ptrIN5Catch18IStreamingReporterESt14default_deleteIS2_EEEvPT_ called 0 returned 0% blocks executed 0%
    #####:   80:    destroy_at(_Tp* __location)
        -:   81:    {
        -:   82:      if constexpr (__cplusplus > 201703L && is_array_v<_Tp>)
        -:   83:	{
        -:   84:	  for (auto& __x : *__location)
        -:   85:	    std::destroy_at(std::__addressof(__x));
        -:   86:	}
        -:   87:      else
    #####:   88:	__location->~_Tp();
    %%%%%:   88-block  0
call    0 never executed
    #####:   89:    }
------------------
_ZSt10destroy_atIN5Catch5clara6detail11HelpColumnsEEvPT_:
function _ZSt10destroy_atIN5Catch5clara6detail11HelpColumnsEEvPT_ called 0 returned 0% blocks executed 0%
    #####:   80:    destroy_at(_Tp* __location)
        -:   81:    {
        -:   82:      if constexpr (__cplusplus > 201703L && is_array_v<_Tp>)
        -:   83:	{
        -:   84:	  for (auto& __x : *__location)
        -:   85:	    std::destroy_at(std::__addressof(__x));
        -:   86:	}
        -:   87:      else
    #####:   88:	__location->~_Tp();
    %%%%%:   88-block  0
call    0 never executed
    #####:   89:    }
------------------
_ZSt10destroy_atISt4pairIKNSt7__cxx1112basic_stringIcSt11char_traitsIcESaIcEEEN5Catch7TagInfoEEEvPT_:
function _ZSt10destroy_atISt4pairIKNSt7__cxx1112basic_stringIcSt11char_traitsIcESaIcEEEN5Catch7TagInfoEEEvPT_ called 0 returned 0% blocks executed 0%
    #####:   80:    destroy_at(_Tp* __location)
        -:   81:    {
        -:   82:      if constexpr (__cplusplus > 201703L && is_array_v<_Tp>)
        -:   83:	{
        -:   84:	  for (auto& __x : *__location)
        -:   85:	    std::destroy_at(std::__addressof(__x));
        -:   86:	}
        -:   87:      else
    #####:   88:	__location->~_Tp();
    %%%%%:   88-block  0
call    0 never executed
    #####:   89:    }
------------------
_ZSt10destroy_atISt4pairIKNSt7__cxx1112basic_stringIcSt11char_traitsIcESaIcEEESt10shared_ptrIN5Catch16IReporterFactoryEEEEvPT_:
function _ZSt10destroy_atISt4pairIKNSt7__cxx1112basic_stringIcSt11char_traitsIcESaIcEEESt10shared_ptrIN5Catch16IReporterFactoryEEEEvPT_ called 4 returned 100% blocks executed 100%
        4:   80:    destroy_at(_Tp* __location)
        -:   81:    {
        -:   82:      if constexpr (__cplusplus > 201703L && is_array_v<_Tp>)
        -:   83:	{
        -:   84:	  for (auto& __x : *__location)
        -:   85:	    std::destroy_at(std::__addressof(__x));
        -:   86:	}
        -:   87:      else
        4:   88:	__location->~_Tp();
        4:   88-block  0
call    0 returned 4
        4:   89:    }
------------------
_ZSt10destroy_atIN5Catch8TestSpec11FilterMatchEEvPT_:
function _ZSt10destroy_atIN5Catch8TestSpec11FilterMatchEEvPT_ called 0 returned 0% blocks executed 0%
    #####:   80:    destroy_at(_Tp* __location)
        -:   81:    {
        -:   82:      if constexpr (__cplusplus > 201703L && is_array_v<_Tp>)
        -:   83:	{
        -:   84:	  for (auto& __x : *__location)
        -:   85:	    std::destroy_at(std::__addressof(__x));
        -:   86:	}
        -:   87:      else
    #####:   88:	__location->~_Tp();
    %%%%%:   88-block  0
call    0 never executed
    #####:   89:    }
------------------
_ZSt10destroy_atISt4pairIKNSt7__cxx1112basic_stringIcSt11char_traitsIcESaIcEEEN5Catch8TagAliasEEEvPT_:
function _ZSt10destroy_atISt4pairIKNSt7__cxx1112basic_stringIcSt11char_traitsIcESaIcEEEN5Catch8TagAliasEEEvPT_ called 0 returned 0% blocks executed 0%
    #####:   80:    destroy_at(_Tp* __location)
        -:   81:    {
        -:   82:      if constexpr (__cplusplus > 201703L && is_array_v<_Tp>)
        -:   83:	{
        -:   84:	  for (auto& __x : *__location)
        -:   85:	    std::destroy_at(std::__addressof(__x));
        -:   86:	}
        -:   87:      else
    #####:   88:	__location->~_Tp();
    %%%%%:   88-block  0
call    0 never executed
    #####:   89:    }
------------------
_ZSt10destroy_atIN5Catch9VerbosityEEvPT_:
function _ZSt10destroy_atIN5Catch9VerbosityEEvPT_ called 1 returned 100% blocks executed 100%
        1:   80:    destroy_at(_Tp* __location)
        -:   81:    {
        -:   82:      if constexpr (__cplusplus > 201703L && is_array_v<_Tp>)
        -:   83:	{
        -:   84:	  for (auto& __x : *__location)
        -:   85:	    std::destroy_at(std::__addressof(__x));
        -:   86:	}
        -:   87:      else
        1:   88:	__location->~_Tp();
        1:   89:    }
------------------
_ZSt10destroy_atIN5Catch12_GLOBAL__N_110ColumnInfoEEvPT_:
function _ZSt10destroy_atIN5Catch12_GLOBAL__N_110ColumnInfoEEvPT_ called 0 returned 0% blocks executed 0%
    #####:   80:    destroy_at(_Tp* __location)
        -:   81:    {
        -:   82:      if constexpr (__cplusplus > 201703L && is_array_v<_Tp>)
        -:   83:	{
        -:   84:	  for (auto& __x : *__location)
        -:   85:	    std::destroy_at(std::__addressof(__x));
        -:   86:	}
        -:   87:      else
    #####:   88:	__location->~_Tp();
    %%%%%:   88-block  0
call    0 never executed
    #####:   89:    }
------------------
_ZSt10destroy_atISt6vectorISt10shared_ptrIN5Catch22CumulativeReporterBaseINS2_13JunitReporterEE11SectionNodeEESaIS7_EEEvPT_:
function _ZSt10destroy_atISt6vectorISt10shared_ptrIN5Catch22CumulativeReporterBaseINS2_13JunitReporterEE11SectionNodeEESaIS7_EEEvPT_ called 0 returned 0% blocks executed 0%
    #####:   80:    destroy_at(_Tp* __location)
        -:   81:    {
        -:   82:      if constexpr (__cplusplus > 201703L && is_array_v<_Tp>)
        -:   83:	{
        -:   84:	  for (auto& __x : *__location)
        -:   85:	    std::destroy_at(std::__addressof(__x));
        -:   86:	}
        -:   87:      else
    #####:   88:	__location->~_Tp();
    %%%%%:   88-block  0
call    0 never executed
    #####:   89:    }
------------------
_ZSt10destroy_atISt10shared_ptrIN5Catch16IReporterFactoryEEEvPT_:
function _ZSt10destroy_atISt10shared_ptrIN5Catch16IReporterFactoryEEEvPT_ called 0 returned 0% blocks executed 0%
    #####:   80:    destroy_at(_Tp* __location)
        -:   81:    {
        -:   82:      if constexpr (__cplusplus > 201703L && is_array_v<_Tp>)
        -:   83:	{
        -:   84:	  for (auto& __x : *__location)
        -:   85:	    std::destroy_at(std::__addressof(__x));
        -:   86:	}
        -:   87:      else
    #####:   88:	__location->~_Tp();
    %%%%%:   88-block  0
call    0 never executed
    #####:   89:    }
------------------
_ZSt10destroy_atIPN5Catch16TestCaseTracking8ITrackerEEvPT_:
function _ZSt10destroy_atIPN5Catch16TestCaseTracking8ITrackerEEvPT_ called 37 returned 100% blocks executed 100%
       37:   80:    destroy_at(_Tp* __location)
        -:   81:    {
        -:   82:      if constexpr (__cplusplus > 201703L && is_array_v<_Tp>)
        -:   83:	{
        -:   84:	  for (auto& __x : *__location)
        -:   85:	    std::destroy_at(std::__addressof(__x));
        -:   86:	}
        -:   87:      else
       37:   88:	__location->~_Tp();
       37:   89:    }
------------------
_ZSt10destroy_atIyEvPT_:
function _ZSt10destroy_atIyEvPT_ called 312 returned 100% blocks executed 100%
      312:   80:    destroy_at(_Tp* __location)
        -:   81:    {
        -:   82:      if constexpr (__cplusplus > 201703L && is_array_v<_Tp>)
        -:   83:	{
        -:   84:	  for (auto& __x : *__location)
        -:   85:	    std::destroy_at(std::__addressof(__x));
        -:   86:	}
        -:   87:      else
      312:   88:	__location->~_Tp();
      312:   89:    }
------------------
_ZSt10destroy_atINSt7__cxx1112basic_stringIcSt11char_traitsIcESaIcEEEEvPT_:
function _ZSt10destroy_atINSt7__cxx1112basic_stringIcSt11char_traitsIcESaIcEEEEvPT_ called 2186 returned 100% blocks executed 100%
     2186:   80:    destroy_at(_Tp* __location)
        -:   81:    {
        -:   82:      if constexpr (__cplusplus > 201703L && is_array_v<_Tp>)
        -:   83:	{
        -:   84:	  for (auto& __x : *__location)
        -:   85:	    std::destroy_at(std::__addressof(__x));
        -:   86:	}
        -:   87:      else
     2186:   88:	__location->~_Tp();
     2186:   88-block  0
call    0 returned 2186
     2186:   89:    }
------------------
_ZSt10destroy_atIN5Catch5clara8TextFlow6ColumnEEvPT_:
function _ZSt10destroy_atIN5Catch5clara8TextFlow6ColumnEEvPT_ called 0 returned 0% blocks executed 0%
    #####:   80:    destroy_at(_Tp* __location)
        -:   81:    {
        -:   82:      if constexpr (__cplusplus > 201703L && is_array_v<_Tp>)
        -:   83:	{
        -:   84:	  for (auto& __x : *__location)
        -:   85:	    std::destroy_at(std::__addressof(__x));
        -:   86:	}
        -:   87:      else
    #####:   88:	__location->~_Tp();
    %%%%%:   88-block  0
call    0 never executed
    #####:   89:    }
------------------
_ZSt10destroy_atIN5Catch5clara6detail5TokenEEvPT_:
function _ZSt10destroy_atIN5Catch5clara6detail5TokenEEvPT_ called 218 returned 100% blocks executed 100%
      218:   80:    destroy_at(_Tp* __location)
        -:   81:    {
        -:   82:      if constexpr (__cplusplus > 201703L && is_array_v<_Tp>)
        -:   83:	{
        -:   84:	  for (auto& __x : *__location)
        -:   85:	    std::destroy_at(std::__addressof(__x));
        -:   86:	}
        -:   87:      else
      218:   88:	__location->~_Tp();
      218:   88-block  0
call    0 returned 218
      218:   89:    }
------------------
_ZSt10destroy_atIN5Catch5clara6detail3ArgEEvPT_:
function _ZSt10destroy_atIN5Catch5clara6detail3ArgEEvPT_ called 2 returned 100% blocks executed 100%
        2:   80:    destroy_at(_Tp* __location)
        -:   81:    {
        -:   82:      if constexpr (__cplusplus > 201703L && is_array_v<_Tp>)
        -:   83:	{
        -:   84:	  for (auto& __x : *__location)
        -:   85:	    std::destroy_at(std::__addressof(__x));
        -:   86:	}
        -:   87:      else
        2:   88:	__location->~_Tp();
        2:   88-block  0
call    0 returned 2
        2:   89:    }
------------------
_ZSt10destroy_atIN5Catch5clara6detail3OptEEvPT_:
function _ZSt10destroy_atIN5Catch5clara6detail3OptEEvPT_ called 1519 returned 100% blocks executed 100%
     1519:   80:    destroy_at(_Tp* __location)
        -:   81:    {
        -:   82:      if constexpr (__cplusplus > 201703L && is_array_v<_Tp>)
        -:   83:	{
        -:   84:	  for (auto& __x : *__location)
        -:   85:	    std::destroy_at(std::__addressof(__x));
        -:   86:	}
        -:   87:      else
     1519:   88:	__location->~_Tp();
     1519:   88-block  0
call    0 returned 1519
     1519:   89:    }
------------------
_ZSt10destroy_atISt4pairIiN5Catch9StringRefEEEvPT_:
function _ZSt10destroy_atISt4pairIiN5Catch9StringRefEEEvPT_ called 0 returned 0% blocks executed 0%
    #####:   80:    destroy_at(_Tp* __location)
        -:   81:    {
        -:   82:      if constexpr (__cplusplus > 201703L && is_array_v<_Tp>)
        -:   83:	{
        -:   84:	  for (auto& __x : *__location)
        -:   85:	    std::destroy_at(std::__addressof(__x));
        -:   86:	}
        -:   87:      else
    #####:   88:	__location->~_Tp();
    #####:   89:    }
------------------
_ZSt10destroy_atIN5Catch11MessageInfoEEvPT_:
function _ZSt10destroy_atIN5Catch11MessageInfoEEvPT_ called 0 returned 0% blocks executed 0%
    #####:   80:    destroy_at(_Tp* __location)
        -:   81:    {
        -:   82:      if constexpr (__cplusplus > 201703L && is_array_v<_Tp>)
        -:   83:	{
        -:   84:	  for (auto& __x : *__location)
        -:   85:	    std::destroy_at(std::__addressof(__x));
        -:   86:	}
        -:   87:      else
    #####:   88:	__location->~_Tp();
    %%%%%:   88-block  0
call    0 never executed
    #####:   89:    }
------------------
_ZSt10destroy_atIcEvPT_:
function _ZSt10destroy_atIcEvPT_ called 0 returned 0% blocks executed 0%
    #####:   80:    destroy_at(_Tp* __location)
        -:   81:    {
        -:   82:      if constexpr (__cplusplus > 201703L && is_array_v<_Tp>)
        -:   83:	{
        -:   84:	  for (auto& __x : *__location)
        -:   85:	    std::destroy_at(std::__addressof(__x));
        -:   86:	}
        -:   87:      else
    #####:   88:	__location->~_Tp();
    #####:   89:    }
------------------
_ZSt10destroy_atISt10shared_ptrIN5Catch22CumulativeReporterBaseINS1_13JunitReporterEE4NodeINS1_12TestRunStatsENS5_INS1_14TestGroupStatsENS5_INS1_13TestCaseStatsENS4_11SectionNodeEEEEEEEEEvPT_:
function _ZSt10destroy_atISt10shared_ptrIN5Catch22CumulativeReporterBaseINS1_13JunitReporterEE4NodeINS1_12TestRunStatsENS5_INS1_14TestGroupStatsENS5_INS1_13TestCaseStatsENS4_11SectionNodeEEEEEEEEEvPT_ called 0 returned 0% blocks executed 0%
    #####:   80:    destroy_at(_Tp* __location)
        -:   81:    {
        -:   82:      if constexpr (__cplusplus > 201703L && is_array_v<_Tp>)
        -:   83:	{
        -:   84:	  for (auto& __x : *__location)
        -:   85:	    std::destroy_at(std::__addressof(__x));
        -:   86:	}
        -:   87:      else
    #####:   88:	__location->~_Tp();
    %%%%%:   88-block  0
call    0 never executed
    #####:   89:    }
------------------
_ZSt10destroy_atIN5Catch14SectionEndInfoEEvPT_:
function _ZSt10destroy_atIN5Catch14SectionEndInfoEEvPT_ called 0 returned 0% blocks executed 0%
    #####:   80:    destroy_at(_Tp* __location)
        -:   81:    {
        -:   82:      if constexpr (__cplusplus > 201703L && is_array_v<_Tp>)
        -:   83:	{
        -:   84:	  for (auto& __x : *__location)
        -:   85:	    std::destroy_at(std::__addressof(__x));
        -:   86:	}
        -:   87:      else
    #####:   88:	__location->~_Tp();
    %%%%%:   88-block  0
call    0 never executed
    #####:   89:    }
------------------
_ZSt10destroy_atIN5Catch13ScopedMessageEEvPT_:
function _ZSt10destroy_atIN5Catch13ScopedMessageEEvPT_ called 0 returned 0% blocks executed 0%
    #####:   80:    destroy_at(_Tp* __location)
        -:   81:    {
        -:   82:      if constexpr (__cplusplus > 201703L && is_array_v<_Tp>)
        -:   83:	{
        -:   84:	  for (auto& __x : *__location)
        -:   85:	    std::destroy_at(std::__addressof(__x));
        -:   86:	}
        -:   87:      else
    #####:   88:	__location->~_Tp();
    %%%%%:   88-block  0
call    0 never executed
    #####:   89:    }
------------------
_ZSt10destroy_atIPN5Catch10ISingletonEEvPT_:
function _ZSt10destroy_atIPN5Catch10ISingletonEEvPT_ called 0 returned 0% blocks executed 0%
    #####:   80:    destroy_at(_Tp* __location)
        -:   81:    {
        -:   82:      if constexpr (__cplusplus > 201703L && is_array_v<_Tp>)
        -:   83:	{
        -:   84:	  for (auto& __x : *__location)
        -:   85:	    std::destroy_at(std::__addressof(__x));
        -:   86:	}
        -:   87:      else
    #####:   88:	__location->~_Tp();
    #####:   89:    }
------------------
_ZSt10destroy_atINSt15__exception_ptr13exception_ptrEEvPT_:
function _ZSt10destroy_atINSt15__exception_ptr13exception_ptrEEvPT_ called 0 returned 0% blocks executed 0%
    #####:   80:    destroy_at(_Tp* __location)
        -:   81:    {
        -:   82:      if constexpr (__cplusplus > 201703L && is_array_v<_Tp>)
        -:   83:	{
        -:   84:	  for (auto& __x : *__location)
        -:   85:	    std::destroy_at(std::__addressof(__x));
        -:   86:	}
        -:   87:      else
    #####:   88:	__location->~_Tp();
    %%%%%:   88-block  0
call    0 never executed
    #####:   89:    }
------------------
_ZSt10destroy_atISt4pairIyPKN5Catch8TestCaseEEEvPT_:
function _ZSt10destroy_atISt4pairIyPKN5Catch8TestCaseEEEvPT_ called 0 returned 0% blocks executed 0%
    #####:   80:    destroy_at(_Tp* __location)
        -:   81:    {
        -:   82:      if constexpr (__cplusplus > 201703L && is_array_v<_Tp>)
        -:   83:	{
        -:   84:	  for (auto& __x : *__location)
        -:   85:	    std::destroy_at(std::__addressof(__x));
        -:   86:	}
        -:   87:      else
    #####:   88:	__location->~_Tp();
    #####:   89:    }
------------------
_ZSt10destroy_atIN5Catch8TestCaseEEvPT_:
function _ZSt10destroy_atIN5Catch8TestCaseEEvPT_ called 28 returned 100% blocks executed 100%
       28:   80:    destroy_at(_Tp* __location)
        -:   81:    {
        -:   82:      if constexpr (__cplusplus > 201703L && is_array_v<_Tp>)
        -:   83:	{
        -:   84:	  for (auto& __x : *__location)
        -:   85:	    std::destroy_at(std::__addressof(__x));
        -:   86:	}
        -:   87:      else
       28:   88:	__location->~_Tp();
       28:   88-block  0
call    0 returned 28
       28:   89:    }
------------------
_ZSt10destroy_atISt10shared_ptrIN5Catch16TestCaseTracking8ITrackerEEEvPT_:
function _ZSt10destroy_atISt10shared_ptrIN5Catch16TestCaseTracking8ITrackerEEEvPT_ called 66 returned 100% blocks executed 100%
       66:   80:    destroy_at(_Tp* __location)
        -:   81:    {
        -:   82:      if constexpr (__cplusplus > 201703L && is_array_v<_Tp>)
        -:   83:	{
        -:   84:	  for (auto& __x : *__location)
        -:   85:	    std::destroy_at(std::__addressof(__x));
        -:   86:	}
        -:   87:      else
       66:   88:	__location->~_Tp();
       66:   88-block  0
call    0 returned 66
       66:   89:    }
------------------
_ZSt10destroy_atIPKN5Catch8TestCaseEEvPT_:
function _ZSt10destroy_atIPKN5Catch8TestCaseEEvPT_ called 7 returned 100% blocks executed 100%
        7:   80:    destroy_at(_Tp* __location)
        -:   81:    {
        -:   82:      if constexpr (__cplusplus > 201703L && is_array_v<_Tp>)
        -:   83:	{
        -:   84:	  for (auto& __x : *__location)
        -:   85:	    std::destroy_at(std::__addressof(__x));
        -:   86:	}
        -:   87:      else
        7:   88:	__location->~_Tp();
        7:   89:    }
------------------
_ZSt10destroy_atIN5Catch8TestSpec6FilterEEvPT_:
function _ZSt10destroy_atIN5Catch8TestSpec6FilterEEvPT_ called 0 returned 0% blocks executed 0%
    #####:   80:    destroy_at(_Tp* __location)
        -:   81:    {
        -:   82:      if constexpr (__cplusplus > 201703L && is_array_v<_Tp>)
        -:   83:	{
        -:   84:	  for (auto& __x : *__location)
        -:   85:	    std::destroy_at(std::__addressof(__x));
        -:   86:	}
        -:   87:      else
    #####:   88:	__location->~_Tp();
    %%%%%:   88-block  0
call    0 never executed
    #####:   89:    }
------------------
_ZSt10destroy_atISt10shared_ptrIN5Catch8TestSpec7PatternEEEvPT_:
function _ZSt10destroy_atISt10shared_ptrIN5Catch8TestSpec7PatternEEEvPT_ called 0 returned 0% blocks executed 0%
    #####:   80:    destroy_at(_Tp* __location)
        -:   81:    {
        -:   82:      if constexpr (__cplusplus > 201703L && is_array_v<_Tp>)
        -:   83:	{
        -:   84:	  for (auto& __x : *__location)
        -:   85:	    std::destroy_at(std::__addressof(__x));
        -:   86:	}
        -:   87:      else
    #####:   88:	__location->~_Tp();
    %%%%%:   88-block  0
call    0 never executed
    #####:   89:    }
------------------
_ZSt10destroy_atIN5Catch5clara6detail15BoundFlagLambdaIZNS0_21makeCommandLineParserERNS0_10ConfigDataEEUlbE_EEEvPT_:
function _ZSt10destroy_atIN5Catch5clara6detail15BoundFlagLambdaIZNS0_21makeCommandLineParserERNS0_10ConfigDataEEUlbE_EEEvPT_ called 1 returned 100% blocks executed 100%
        1:   80:    destroy_at(_Tp* __location)
        -:   81:    {
        -:   82:      if constexpr (__cplusplus > 201703L && is_array_v<_Tp>)
        -:   83:	{
        -:   84:	  for (auto& __x : *__location)
        -:   85:	    std::destroy_at(std::__addressof(__x));
        -:   86:	}
        -:   87:      else
        1:   88:	__location->~_Tp();
        1:   88-block  0
call    0 returned 1
        1:   89:    }
------------------
_ZSt10destroy_atIN5Catch5clara6detail11BoundLambdaIZNS0_21makeCommandLineParserERNS0_10ConfigDataEEUlRKNSt7__cxx1112basic_stringIcSt11char_traitsIcESaIcEEEE_EEEvPT_:
function _ZSt10destroy_atIN5Catch5clara6detail11BoundLambdaIZNS0_21makeCommandLineParserERNS0_10ConfigDataEEUlRKNSt7__cxx1112basic_stringIcSt11char_traitsIcESaIcEEEE_EEEvPT_ called 1 returned 100% blocks executed 100%
        1:   80:    destroy_at(_Tp* __location)
        -:   81:    {
        -:   82:      if constexpr (__cplusplus > 201703L && is_array_v<_Tp>)
        -:   83:	{
        -:   84:	  for (auto& __x : *__location)
        -:   85:	    std::destroy_at(std::__addressof(__x));
        -:   86:	}
        -:   87:      else
        1:   88:	__location->~_Tp();
        1:   88-block  0
call    0 returned 1
        1:   89:    }
------------------
_ZSt10destroy_atIN5Catch5clara6detail11BoundLambdaIZNS0_21makeCommandLineParserERNS0_10ConfigDataEEUliE_EEEvPT_:
function _ZSt10destroy_atIN5Catch5clara6detail11BoundLambdaIZNS0_21makeCommandLineParserERNS0_10ConfigDataEEUliE_EEEvPT_ called 1 returned 100% blocks executed 100%
        1:   80:    destroy_at(_Tp* __location)
        -:   81:    {
        -:   82:      if constexpr (__cplusplus > 201703L && is_array_v<_Tp>)
        -:   83:	{
        -:   84:	  for (auto& __x : *__location)
        -:   85:	    std::destroy_at(std::__addressof(__x));
        -:   86:	}
        -:   87:      else
        1:   88:	__location->~_Tp();
        1:   88-block  0
call    0 returned 1
        1:   89:    }
------------------
_ZSt10destroy_atIN5Catch5clara6detail11BoundLambdaIZNS0_21makeCommandLineParserERNS0_10ConfigDataEEUlRKNSt7__cxx1112basic_stringIcSt11char_traitsIcESaIcEEEE6_EEEvPT_:
function _ZSt10destroy_atIN5Catch5clara6detail11BoundLambdaIZNS0_21makeCommandLineParserERNS0_10ConfigDataEEUlRKNSt7__cxx1112basic_stringIcSt11char_traitsIcESaIcEEEE6_EEEvPT_ called 1 returned 100% blocks executed 100%
        1:   80:    destroy_at(_Tp* __location)
        -:   81:    {
        -:   82:      if constexpr (__cplusplus > 201703L && is_array_v<_Tp>)
        -:   83:	{
        -:   84:	  for (auto& __x : *__location)
        -:   85:	    std::destroy_at(std::__addressof(__x));
        -:   86:	}
        -:   87:      else
        1:   88:	__location->~_Tp();
        1:   88-block  0
call    0 returned 1
        1:   89:    }
------------------
_ZSt10destroy_atIN5Catch17ReporterRegistrarINS0_11XmlReporterEE15ReporterFactoryEEvPT_:
function _ZSt10destroy_atIN5Catch17ReporterRegistrarINS0_11XmlReporterEE15ReporterFactoryEEvPT_ called 1 returned 100% blocks executed 100%
        1:   80:    destroy_at(_Tp* __location)
        -:   81:    {
        -:   82:      if constexpr (__cplusplus > 201703L && is_array_v<_Tp>)
        -:   83:	{
        -:   84:	  for (auto& __x : *__location)
        -:   85:	    std::destroy_at(std::__addressof(__x));
        -:   86:	}
        -:   87:      else
        1:   88:	__location->~_Tp();
        1:   88-block  0
call    0 returned 1
        1:   89:    }
------------------
_ZSt10destroy_atIN5Catch17ReporterRegistrarINS0_13JunitReporterEE15ReporterFactoryEEvPT_:
function _ZSt10destroy_atIN5Catch17ReporterRegistrarINS0_13JunitReporterEE15ReporterFactoryEEvPT_ called 1 returned 100% blocks executed 100%
        1:   80:    destroy_at(_Tp* __location)
        -:   81:    {
        -:   82:      if constexpr (__cplusplus > 201703L && is_array_v<_Tp>)
        -:   83:	{
        -:   84:	  for (auto& __x : *__location)
        -:   85:	    std::destroy_at(std::__addressof(__x));
        -:   86:	}
        -:   87:      else
        1:   88:	__location->~_Tp();
        1:   88-block  0
call    0 returned 1
        1:   89:    }
------------------
_ZSt10destroy_atIN5Catch22CumulativeReporterBaseINS0_13JunitReporterEE4NodeINS0_14TestGroupStatsENS4_INS0_13TestCaseStatsENS3_11SectionNodeEEEEEEvPT_:
function _ZSt10destroy_atIN5Catch22CumulativeReporterBaseINS0_13JunitReporterEE4NodeINS0_14TestGroupStatsENS4_INS0_13TestCaseStatsENS3_11SectionNodeEEEEEEvPT_ called 0 returned 0% blocks executed 0%
    #####:   80:    destroy_at(_Tp* __location)
        -:   81:    {
        -:   82:      if constexpr (__cplusplus > 201703L && is_array_v<_Tp>)
        -:   83:	{
        -:   84:	  for (auto& __x : *__location)
        -:   85:	    std::destroy_at(std::__addressof(__x));
        -:   86:	}
        -:   87:      else
    #####:   88:	__location->~_Tp();
    %%%%%:   88-block  0
call    0 never executed
    #####:   89:    }
------------------
_ZSt10destroy_atIN5Catch22CumulativeReporterBaseINS0_13JunitReporterEE4NodeINS0_13TestCaseStatsENS3_11SectionNodeEEEEvPT_:
function _ZSt10destroy_atIN5Catch22CumulativeReporterBaseINS0_13JunitReporterEE4NodeINS0_13TestCaseStatsENS3_11SectionNodeEEEEvPT_ called 0 returned 0% blocks executed 0%
    #####:   80:    destroy_at(_Tp* __location)
        -:   81:    {
        -:   82:      if constexpr (__cplusplus > 201703L && is_array_v<_Tp>)
        -:   83:	{
        -:   84:	  for (auto& __x : *__location)
        -:   85:	    std::destroy_at(std::__addressof(__x));
        -:   86:	}
        -:   87:      else
    #####:   88:	__location->~_Tp();
    %%%%%:   88-block  0
call    0 never executed
    #####:   89:    }
------------------
_ZSt10destroy_atIN5Catch17ReporterRegistrarINS0_15ConsoleReporterEE15ReporterFactoryEEvPT_:
function _ZSt10destroy_atIN5Catch17ReporterRegistrarINS0_15ConsoleReporterEE15ReporterFactoryEEvPT_ called 1 returned 100% blocks executed 100%
        1:   80:    destroy_at(_Tp* __location)
        -:   81:    {
        -:   82:      if constexpr (__cplusplus > 201703L && is_array_v<_Tp>)
        -:   83:	{
        -:   84:	  for (auto& __x : *__location)
        -:   85:	    std::destroy_at(std::__addressof(__x));
        -:   86:	}
        -:   87:      else
        1:   88:	__location->~_Tp();
        1:   88-block  0
call    0 returned 1
        1:   89:    }
------------------
_ZSt10destroy_atIN5Catch17ReporterRegistrarINS0_15CompactReporterEE15ReporterFactoryEEvPT_:
function _ZSt10destroy_atIN5Catch17ReporterRegistrarINS0_15CompactReporterEE15ReporterFactoryEEvPT_ called 1 returned 100% blocks executed 100%
        1:   80:    destroy_at(_Tp* __location)
        -:   81:    {
        -:   82:      if constexpr (__cplusplus > 201703L && is_array_v<_Tp>)
        -:   83:	{
        -:   84:	  for (auto& __x : *__location)
        -:   85:	    std::destroy_at(std::__addressof(__x));
        -:   86:	}
        -:   87:      else
        1:   88:	__location->~_Tp();
        1:   88-block  0
call    0 returned 1
        1:   89:    }
------------------
_ZSt10destroy_atIN5Catch5clara6detail13BoundValueRefISt6vectorINSt7__cxx1112basic_stringIcSt11char_traitsIcESaIcEEESaISA_EEEEEvPT_:
function _ZSt10destroy_atIN5Catch5clara6detail13BoundValueRefISt6vectorINSt7__cxx1112basic_stringIcSt11char_traitsIcESaIcEEESaISA_EEEEEvPT_ called 2 returned 100% blocks executed 100%
        2:   80:    destroy_at(_Tp* __location)
        -:   81:    {
        -:   82:      if constexpr (__cplusplus > 201703L && is_array_v<_Tp>)
        -:   83:	{
        -:   84:	  for (auto& __x : *__location)
        -:   85:	    std::destroy_at(std::__addressof(__x));
        -:   86:	}
        -:   87:      else
        2:   88:	__location->~_Tp();
        2:   88-block  0
call    0 returned 2
        2:   89:    }
------------------
_ZSt10destroy_atIN5Catch5clara6detail11BoundLambdaIZNS0_21makeCommandLineParserERNS0_10ConfigDataEEUlbE0_EEEvPT_:
function _ZSt10destroy_atIN5Catch5clara6detail11BoundLambdaIZNS0_21makeCommandLineParserERNS0_10ConfigDataEEUlbE0_EEEvPT_ called 1 returned 100% blocks executed 100%
        1:   80:    destroy_at(_Tp* __location)
        -:   81:    {
        -:   82:      if constexpr (__cplusplus > 201703L && is_array_v<_Tp>)
        -:   83:	{
        -:   84:	  for (auto& __x : *__location)
        -:   85:	    std::destroy_at(std::__addressof(__x));
        -:   86:	}
        -:   87:      else
        1:   88:	__location->~_Tp();
        1:   88-block  0
call    0 returned 1
        1:   89:    }
------------------
_ZSt10destroy_atIN5Catch5clara6detail15BoundFlagLambdaIZNS2_4HelpC4ERbEUlbE_EEEvPT_:
function _ZSt10destroy_atIN5Catch5clara6detail15BoundFlagLambdaIZNS2_4HelpC4ERbEUlbE_EEEvPT_ called 1 returned 100% blocks executed 100%
        1:   80:    destroy_at(_Tp* __location)
        -:   81:    {
        -:   82:      if constexpr (__cplusplus > 201703L && is_array_v<_Tp>)
        -:   83:	{
        -:   84:	  for (auto& __x : *__location)
        -:   85:	    std::destroy_at(std::__addressof(__x));
        -:   86:	}
        -:   87:      else
        1:   88:	__location->~_Tp();
        1:   88-block  0
call    0 returned 1
        1:   89:    }
------------------
_ZSt10destroy_atIN5Catch8TestSpec10TagPatternEEvPT_:
function _ZSt10destroy_atIN5Catch8TestSpec10TagPatternEEvPT_ called 0 returned 0% blocks executed 0%
    #####:   80:    destroy_at(_Tp* __location)
        -:   81:    {
        -:   82:      if constexpr (__cplusplus > 201703L && is_array_v<_Tp>)
        -:   83:	{
        -:   84:	  for (auto& __x : *__location)
        -:   85:	    std::destroy_at(std::__addressof(__x));
        -:   86:	}
        -:   87:      else
    #####:   88:	__location->~_Tp();
    %%%%%:   88-block  0
call    0 never executed
    #####:   89:    }
------------------
_ZSt10destroy_atIN5Catch8TestSpec15ExcludedPatternEEvPT_:
function _ZSt10destroy_atIN5Catch8TestSpec15ExcludedPatternEEvPT_ called 0 returned 0% blocks executed 0%
    #####:   80:    destroy_at(_Tp* __location)
        -:   81:    {
        -:   82:      if constexpr (__cplusplus > 201703L && is_array_v<_Tp>)
        -:   83:	{
        -:   84:	  for (auto& __x : *__location)
        -:   85:	    std::destroy_at(std::__addressof(__x));
        -:   86:	}
        -:   87:      else
    #####:   88:	__location->~_Tp();
    %%%%%:   88-block  0
call    0 never executed
    #####:   89:    }
------------------
_ZSt10destroy_atIN5Catch8TestSpec11NamePatternEEvPT_:
function _ZSt10destroy_atIN5Catch8TestSpec11NamePatternEEvPT_ called 0 returned 0% blocks executed 0%
    #####:   80:    destroy_at(_Tp* __location)
        -:   81:    {
        -:   82:      if constexpr (__cplusplus > 201703L && is_array_v<_Tp>)
        -:   83:	{
        -:   84:	  for (auto& __x : *__location)
        -:   85:	    std::destroy_at(std::__addressof(__x));
        -:   86:	}
        -:   87:      else
    #####:   88:	__location->~_Tp();
    %%%%%:   88-block  0
call    0 never executed
    #####:   89:    }
------------------
_ZSt10destroy_atIN5Catch16TestCaseTracking14SectionTrackerEEvPT_:
function _ZSt10destroy_atIN5Catch16TestCaseTracking14SectionTrackerEEvPT_ called 46 returned 100% blocks executed 100%
       46:   80:    destroy_at(_Tp* __location)
        -:   81:    {
        -:   82:      if constexpr (__cplusplus > 201703L && is_array_v<_Tp>)
        -:   83:	{
        -:   84:	  for (auto& __x : *__location)
        -:   85:	    std::destroy_at(std::__addressof(__x));
        -:   86:	}
        -:   87:      else
       46:   88:	__location->~_Tp();
       46:   88-block  0
call    0 returned 46
       46:   89:    }
------------------
_ZSt10destroy_atIN5Catch6ConfigEEvPT_:
function _ZSt10destroy_atIN5Catch6ConfigEEvPT_ called 1 returned 100% blocks executed 100%
        1:   80:    destroy_at(_Tp* __location)
        -:   81:    {
        -:   82:      if constexpr (__cplusplus > 201703L && is_array_v<_Tp>)
        -:   83:	{
        -:   84:	  for (auto& __x : *__location)
        -:   85:	    std::destroy_at(std::__addressof(__x));
        -:   86:	}
        -:   87:      else
        1:   88:	__location->~_Tp();
        1:   88-block  0
call    0 returned 1
        1:   89:    }
------------------
_ZSt10destroy_atIN5Catch10Generators16GeneratorTrackerEEvPT_:
function _ZSt10destroy_atIN5Catch10Generators16GeneratorTrackerEEvPT_ called 0 returned 0% blocks executed 0%
    #####:   80:    destroy_at(_Tp* __location)
        -:   81:    {
        -:   82:      if constexpr (__cplusplus > 201703L && is_array_v<_Tp>)
        -:   83:	{
        -:   84:	  for (auto& __x : *__location)
        -:   85:	    std::destroy_at(std::__addressof(__x));
        -:   86:	}
        -:   87:      else
    #####:   88:	__location->~_Tp();
    %%%%%:   88-block  0
call    0 never executed
    #####:   89:    }
------------------
_ZSt10destroy_atIN5Catch5clara6detail12BoundFlagRefEEvPT_:
function _ZSt10destroy_atIN5Catch5clara6detail12BoundFlagRefEEvPT_ called 11 returned 100% blocks executed 100%
       11:   80:    destroy_at(_Tp* __location)
        -:   81:    {
        -:   82:      if constexpr (__cplusplus > 201703L && is_array_v<_Tp>)
        -:   83:	{
        -:   84:	  for (auto& __x : *__location)
        -:   85:	    std::destroy_at(std::__addressof(__x));
        -:   86:	}
        -:   87:      else
       11:   88:	__location->~_Tp();
       11:   88-block  0
call    0 returned 11
       11:   89:    }
------------------
_ZSt10destroy_atIN5Catch5clara6detail13BoundValueRefINSt7__cxx1112basic_stringIcSt11char_traitsIcESaIcEEEEEEvPT_:
function _ZSt10destroy_atIN5Catch5clara6detail13BoundValueRefINSt7__cxx1112basic_stringIcSt11char_traitsIcESaIcEEEEEEvPT_ called 3 returned 100% blocks executed 100%
        3:   80:    destroy_at(_Tp* __location)
        -:   81:    {
        -:   82:      if constexpr (__cplusplus > 201703L && is_array_v<_Tp>)
        -:   83:	{
        -:   84:	  for (auto& __x : *__location)
        -:   85:	    std::destroy_at(std::__addressof(__x));
        -:   86:	}
        -:   87:      else
        3:   88:	__location->~_Tp();
        3:   88-block  0
call    0 returned 3
        3:   89:    }
------------------
_ZSt10destroy_atIN5Catch22CumulativeReporterBaseINS0_13JunitReporterEE4NodeINS0_12TestRunStatsENS4_INS0_14TestGroupStatsENS4_INS0_13TestCaseStatsENS3_11SectionNodeEEEEEEEEvPT_:
function _ZSt10destroy_atIN5Catch22CumulativeReporterBaseINS0_13JunitReporterEE4NodeINS0_12TestRunStatsENS4_INS0_14TestGroupStatsENS4_INS0_13TestCaseStatsENS3_11SectionNodeEEEEEEEEvPT_ called 0 returned 0% blocks executed 0%
    #####:   80:    destroy_at(_Tp* __location)
        -:   81:    {
        -:   82:      if constexpr (__cplusplus > 201703L && is_array_v<_Tp>)
        -:   83:	{
        -:   84:	  for (auto& __x : *__location)
        -:   85:	    std::destroy_at(std::__addressof(__x));
        -:   86:	}
        -:   87:      else
    #####:   88:	__location->~_Tp();
    %%%%%:   88-block  0
call    0 never executed
    #####:   89:    }
------------------
_ZSt10destroy_atISt4pairIKllEEvPT_:
function _ZSt10destroy_atISt4pairIKllEEvPT_ called 0 returned 0% blocks executed 0%
    #####:   80:    destroy_at(_Tp* __location)
        -:   81:    {
        -:   82:      if constexpr (__cplusplus > 201703L && is_array_v<_Tp>)
        -:   83:	{
        -:   84:	  for (auto& __x : *__location)
        -:   85:	    std::destroy_at(std::__addressof(__x));
        -:   86:	}
        -:   87:      else
    #####:   88:	__location->~_Tp();
    #####:   89:    }
------------------
_ZSt10destroy_atISt4pairIKNSt7__cxx1112basic_stringIcSt11char_traitsIcESaIcEEEP5SkillEEvPT_:
function _ZSt10destroy_atISt4pairIKNSt7__cxx1112basic_stringIcSt11char_traitsIcESaIcEEEP5SkillEEvPT_ called 8 returned 100% blocks executed 100%
        8:   80:    destroy_at(_Tp* __location)
        -:   81:    {
        -:   82:      if constexpr (__cplusplus > 201703L && is_array_v<_Tp>)
        -:   83:	{
        -:   84:	  for (auto& __x : *__location)
        -:   85:	    std::destroy_at(std::__addressof(__x));
        -:   86:	}
        -:   87:      else
        8:   88:	__location->~_Tp();
        8:   88-block  0
call    0 returned 8
        8:   89:    }
------------------
_ZSt10destroy_atINSt8__detail9_StateSeqINSt7__cxx1112regex_traitsIcEEEEEvPT_:
function _ZSt10destroy_atINSt8__detail9_StateSeqINSt7__cxx1112regex_traitsIcEEEEEvPT_ called 0 returned 0% blocks executed 0%
    #####:   80:    destroy_at(_Tp* __location)
        -:   81:    {
        -:   82:      if constexpr (__cplusplus > 201703L && is_array_v<_Tp>)
        -:   83:	{
        -:   84:	  for (auto& __x : *__location)
        -:   85:	    std::destroy_at(std::__addressof(__x));
        -:   86:	}
        -:   87:      else
    #####:   88:	__location->~_Tp();
    #####:   89:    }
------------------
_ZSt10destroy_atINSt7__cxx119sub_matchIN9__gnu_cxx17__normal_iteratorIPKcNS0_12basic_stringIcSt11char_traitsIcESaIcEEEEEEEEvPT_:
function _ZSt10destroy_atINSt7__cxx119sub_matchIN9__gnu_cxx17__normal_iteratorIPKcNS0_12basic_stringIcSt11char_traitsIcESaIcEEEEEEEEvPT_ called 0 returned 0% blocks executed 0%
    #####:   80:    destroy_at(_Tp* __location)
        -:   81:    {
        -:   82:      if constexpr (__cplusplus > 201703L && is_array_v<_Tp>)
        -:   83:	{
        -:   84:	  for (auto& __x : *__location)
        -:   85:	    std::destroy_at(std::__addressof(__x));
        -:   86:	}
        -:   87:      else
    #####:   88:	__location->~_Tp();
    #####:   89:    }
------------------
_ZSt10destroy_atINSt8__detail6_StateIcEEEvPT_:
function _ZSt10destroy_atINSt8__detail6_StateIcEEEvPT_ called 0 returned 0% blocks executed 0%
    #####:   80:    destroy_at(_Tp* __location)
        -:   81:    {
        -:   82:      if constexpr (__cplusplus > 201703L && is_array_v<_Tp>)
        -:   83:	{
        -:   84:	  for (auto& __x : *__location)
        -:   85:	    std::destroy_at(std::__addressof(__x));
        -:   86:	}
        -:   87:      else
    #####:   88:	__location->~_Tp();
    %%%%%:   88-block  0
call    0 never executed
    #####:   89:    }
------------------
_ZSt10destroy_atISt4pairIN9__gnu_cxx17__normal_iteratorIPKcNSt7__cxx1112basic_stringIcSt11char_traitsIcESaIcEEEEEiEEvPT_:
function _ZSt10destroy_atISt4pairIN9__gnu_cxx17__normal_iteratorIPKcNSt7__cxx1112basic_stringIcSt11char_traitsIcESaIcEEEEEiEEvPT_ called 0 returned 0% blocks executed 0%
    #####:   80:    destroy_at(_Tp* __location)
        -:   81:    {
        -:   82:      if constexpr (__cplusplus > 201703L && is_array_v<_Tp>)
        -:   83:	{
        -:   84:	  for (auto& __x : *__location)
        -:   85:	    std::destroy_at(std::__addressof(__x));
        -:   86:	}
        -:   87:      else
    #####:   88:	__location->~_Tp();
    #####:   89:    }
------------------
_ZSt10destroy_atIlEvPT_:
function _ZSt10destroy_atIlEvPT_ called 0 returned 0% blocks executed 0%
    #####:   80:    destroy_at(_Tp* __location)
        -:   81:    {
        -:   82:      if constexpr (__cplusplus > 201703L && is_array_v<_Tp>)
        -:   83:	{
        -:   84:	  for (auto& __x : *__location)
        -:   85:	    std::destroy_at(std::__addressof(__x));
        -:   86:	}
        -:   87:      else
    #####:   88:	__location->~_Tp();
    #####:   89:    }
------------------
_ZSt10destroy_atISt4pairIlSt6vectorINSt7__cxx119sub_matchIN9__gnu_cxx17__normal_iteratorIPKcNS2_12basic_stringIcSt11char_traitsIcESaIcEEEEEEESaISE_EEEEvPT_:
function _ZSt10destroy_atISt4pairIlSt6vectorINSt7__cxx119sub_matchIN9__gnu_cxx17__normal_iteratorIPKcNS2_12basic_stringIcSt11char_traitsIcESaIcEEEEEEESaISE_EEEEvPT_ called 0 returned 0% blocks executed 0%
    #####:   80:    destroy_at(_Tp* __location)
        -:   81:    {
        -:   82:      if constexpr (__cplusplus > 201703L && is_array_v<_Tp>)
        -:   83:	{
        -:   84:	  for (auto& __x : *__location)
        -:   85:	    std::destroy_at(std::__addressof(__x));
        -:   86:	}
        -:   87:      else
    #####:   88:	__location->~_Tp();
    %%%%%:   88-block  0
call    0 never executed
    #####:   89:    }
------------------
_ZSt10destroy_atINSt7__cxx1112regex_traitsIcE10_RegexMaskEEvPT_:
function _ZSt10destroy_atINSt7__cxx1112regex_traitsIcE10_RegexMaskEEvPT_ called 0 returned 0% blocks executed 0%
    #####:   80:    destroy_at(_Tp* __location)
        -:   81:    {
        -:   82:      if constexpr (__cplusplus > 201703L && is_array_v<_Tp>)
        -:   83:	{
        -:   84:	  for (auto& __x : *__location)
        -:   85:	    std::destroy_at(std::__addressof(__x));
        -:   86:	}
        -:   87:      else
    #####:   88:	__location->~_Tp();
    #####:   89:    }
------------------
_ZSt10destroy_atISt4pairIccEEvPT_:
function _ZSt10destroy_atISt4pairIccEEvPT_ called 0 returned 0% blocks executed 0%
    #####:   80:    destroy_at(_Tp* __location)
        -:   81:    {
        -:   82:      if constexpr (__cplusplus > 201703L && is_array_v<_Tp>)
        -:   83:	{
        -:   84:	  for (auto& __x : *__location)
        -:   85:	    std::destroy_at(std::__addressof(__x));
        -:   86:	}
        -:   87:      else
    #####:   88:	__location->~_Tp();
    #####:   89:    }
------------------
_ZSt10destroy_atISt4pairINSt7__cxx1112basic_stringIcSt11char_traitsIcESaIcEEES6_EEvPT_:
function _ZSt10destroy_atISt4pairINSt7__cxx1112basic_stringIcSt11char_traitsIcESaIcEEES6_EEvPT_ called 0 returned 0% blocks executed 0%
    #####:   80:    destroy_at(_Tp* __location)
        -:   81:    {
        -:   82:      if constexpr (__cplusplus > 201703L && is_array_v<_Tp>)
        -:   83:	{
        -:   84:	  for (auto& __x : *__location)
        -:   85:	    std::destroy_at(std::__addressof(__x));
        -:   86:	}
        -:   87:      else
    #####:   88:	__location->~_Tp();
    %%%%%:   88-block  0
call    0 never executed
    #####:   89:    }
------------------
_ZSt10destroy_atIN5Catch22CumulativeReporterBaseINS0_13JunitReporterEE11SectionNodeEEvPT_:
function _ZSt10destroy_atIN5Catch22CumulativeReporterBaseINS0_13JunitReporterEE11SectionNodeEEvPT_ called 0 returned 0% blocks executed 0%
    #####:   80:    destroy_at(_Tp* __location)
        -:   81:    {
        -:   82:      if constexpr (__cplusplus > 201703L && is_array_v<_Tp>)
        -:   83:	{
        -:   84:	  for (auto& __x : *__location)
        -:   85:	    std::destroy_at(std::__addressof(__x));
        -:   86:	}
        -:   87:      else
    #####:   88:	__location->~_Tp();
    %%%%%:   88-block  0
call    0 never executed
    #####:   89:    }
------------------
_ZSt10destroy_atINSt8__detail4_NFAINSt7__cxx1112regex_traitsIcEEEEEvPT_:
function _ZSt10destroy_atINSt8__detail4_NFAINSt7__cxx1112regex_traitsIcEEEEEvPT_ called 0 returned 0% blocks executed 0%
    #####:   80:    destroy_at(_Tp* __location)
        -:   81:    {
        -:   82:      if constexpr (__cplusplus > 201703L && is_array_v<_Tp>)
        -:   83:	{
        -:   84:	  for (auto& __x : *__location)
        -:   85:	    std::destroy_at(std::__addressof(__x));
        -:   86:	}
        -:   87:      else
    #####:   88:	__location->~_Tp();
    %%%%%:   88-block  0
call    0 never executed
    #####:   89:    }
------------------
_ZSt10destroy_atIN5Catch5clara6detail13BoundValueRefIxEEEvPT_:
function _ZSt10destroy_atIN5Catch5clara6detail13BoundValueRefIxEEEvPT_ called 1 returned 100% blocks executed 100%
        1:   80:    destroy_at(_Tp* __location)
        -:   81:    {
        -:   82:      if constexpr (__cplusplus > 201703L && is_array_v<_Tp>)
        -:   83:	{
        -:   84:	  for (auto& __x : *__location)
        -:   85:	    std::destroy_at(std::__addressof(__x));
        -:   86:	}
        -:   87:      else
        1:   88:	__location->~_Tp();
        1:   88-block  0
call    0 returned 1
        1:   89:    }
------------------
_ZSt10destroy_atIN5Catch5clara6detail13BoundValueRefIjEEEvPT_:
function _ZSt10destroy_atIN5Catch5clara6detail13BoundValueRefIjEEEvPT_ called 2 returned 100% blocks executed 100%
        2:   80:    destroy_at(_Tp* __location)
        -:   81:    {
        -:   82:      if constexpr (__cplusplus > 201703L && is_array_v<_Tp>)
        -:   83:	{
        -:   84:	  for (auto& __x : *__location)
        -:   85:	    std::destroy_at(std::__addressof(__x));
        -:   86:	}
        -:   87:      else
        2:   88:	__location->~_Tp();
        2:   88-block  0
call    0 returned 2
        2:   89:    }
------------------
_ZSt10destroy_atIN5Catch5clara6detail11BoundLambdaIZNS0_21makeCommandLineParserERNS0_10ConfigDataEEUlRKNSt7__cxx1112basic_stringIcSt11char_traitsIcESaIcEEEE4_EEEvPT_:
function _ZSt10destroy_atIN5Catch5clara6detail11BoundLambdaIZNS0_21makeCommandLineParserERNS0_10ConfigDataEEUlRKNSt7__cxx1112basic_stringIcSt11char_traitsIcESaIcEEEE4_EEEvPT_ called 1 returned 100% blocks executed 100%
        1:   80:    destroy_at(_Tp* __location)
        -:   81:    {
        -:   82:      if constexpr (__cplusplus > 201703L && is_array_v<_Tp>)
        -:   83:	{
        -:   84:	  for (auto& __x : *__location)
        -:   85:	    std::destroy_at(std::__addressof(__x));
        -:   86:	}
        -:   87:      else
        1:   88:	__location->~_Tp();
        1:   88-block  0
call    0 returned 1
        1:   89:    }
------------------
_ZSt10destroy_atIN5Catch5clara6detail11BoundLambdaIZNS0_21makeCommandLineParserERNS0_10ConfigDataEEUlRKNSt7__cxx1112basic_stringIcSt11char_traitsIcESaIcEEEE3_EEEvPT_:
function _ZSt10destroy_atIN5Catch5clara6detail11BoundLambdaIZNS0_21makeCommandLineParserERNS0_10ConfigDataEEUlRKNSt7__cxx1112basic_stringIcSt11char_traitsIcESaIcEEEE3_EEEvPT_ called 1 returned 100% blocks executed 100%
        1:   80:    destroy_at(_Tp* __location)
        -:   81:    {
        -:   82:      if constexpr (__cplusplus > 201703L && is_array_v<_Tp>)
        -:   83:	{
        -:   84:	  for (auto& __x : *__location)
        -:   85:	    std::destroy_at(std::__addressof(__x));
        -:   86:	}
        -:   87:      else
        1:   88:	__location->~_Tp();
        1:   88-block  0
call    0 returned 1
        1:   89:    }
------------------
_ZSt10destroy_atIN5Catch5clara6detail11BoundLambdaIZNS0_21makeCommandLineParserERNS0_10ConfigDataEEUlRKNSt7__cxx1112basic_stringIcSt11char_traitsIcESaIcEEEE2_EEEvPT_:
function _ZSt10destroy_atIN5Catch5clara6detail11BoundLambdaIZNS0_21makeCommandLineParserERNS0_10ConfigDataEEUlRKNSt7__cxx1112basic_stringIcSt11char_traitsIcESaIcEEEE2_EEEvPT_ called 1 returned 100% blocks executed 100%
        1:   80:    destroy_at(_Tp* __location)
        -:   81:    {
        -:   82:      if constexpr (__cplusplus > 201703L && is_array_v<_Tp>)
        -:   83:	{
        -:   84:	  for (auto& __x : *__location)
        -:   85:	    std::destroy_at(std::__addressof(__x));
        -:   86:	}
        -:   87:      else
        1:   88:	__location->~_Tp();
        1:   88-block  0
call    0 returned 1
        1:   89:    }
------------------
_ZSt10destroy_atIN5Catch5clara6detail11BoundLambdaIZNS0_21makeCommandLineParserERNS0_10ConfigDataEEUlRKNSt7__cxx1112basic_stringIcSt11char_traitsIcESaIcEEEE1_EEEvPT_:
function _ZSt10destroy_atIN5Catch5clara6detail11BoundLambdaIZNS0_21makeCommandLineParserERNS0_10ConfigDataEEUlRKNSt7__cxx1112basic_stringIcSt11char_traitsIcESaIcEEEE1_EEEvPT_ called 1 returned 100% blocks executed 100%
        1:   80:    destroy_at(_Tp* __location)
        -:   81:    {
        -:   82:      if constexpr (__cplusplus > 201703L && is_array_v<_Tp>)
        -:   83:	{
        -:   84:	  for (auto& __x : *__location)
        -:   85:	    std::destroy_at(std::__addressof(__x));
        -:   86:	}
        -:   87:      else
        1:   88:	__location->~_Tp();
        1:   88-block  0
call    0 returned 1
        1:   89:    }
------------------
_ZSt10destroy_atIN5Catch5clara6detail11BoundLambdaIZNS0_21makeCommandLineParserERNS0_10ConfigDataEEUlRKNSt7__cxx1112basic_stringIcSt11char_traitsIcESaIcEEEE5_EEEvPT_:
function _ZSt10destroy_atIN5Catch5clara6detail11BoundLambdaIZNS0_21makeCommandLineParserERNS0_10ConfigDataEEUlRKNSt7__cxx1112basic_stringIcSt11char_traitsIcESaIcEEEE5_EEEvPT_ called 1 returned 100% blocks executed 100%
        1:   80:    destroy_at(_Tp* __location)
        -:   81:    {
        -:   82:      if constexpr (__cplusplus > 201703L && is_array_v<_Tp>)
        -:   83:	{
        -:   84:	  for (auto& __x : *__location)
        -:   85:	    std::destroy_at(std::__addressof(__x));
        -:   86:	}
        -:   87:      else
        1:   88:	__location->~_Tp();
        1:   88-block  0
call    0 returned 1
        1:   89:    }
------------------
_ZSt10destroy_atIN5Catch5clara6detail11BoundLambdaIZNS0_21makeCommandLineParserERNS0_10ConfigDataEEUlRKNSt7__cxx1112basic_stringIcSt11char_traitsIcESaIcEEEE0_EEEvPT_:
function _ZSt10destroy_atIN5Catch5clara6detail11BoundLambdaIZNS0_21makeCommandLineParserERNS0_10ConfigDataEEUlRKNSt7__cxx1112basic_stringIcSt11char_traitsIcESaIcEEEE0_EEEvPT_ called 1 returned 100% blocks executed 100%
        1:   80:    destroy_at(_Tp* __location)
        -:   81:    {
        -:   82:      if constexpr (__cplusplus > 201703L && is_array_v<_Tp>)
        -:   83:	{
        -:   84:	  for (auto& __x : *__location)
        -:   85:	    std::destroy_at(std::__addressof(__x));
        -:   86:	}
        -:   87:      else
        1:   88:	__location->~_Tp();
        1:   88-block  0
call    0 returned 1
        1:   89:    }
------------------
_ZSt10destroy_atIN5Catch5clara6detail13BoundValueRefIdEEEvPT_:
function _ZSt10destroy_atIN5Catch5clara6detail13BoundValueRefIdEEEvPT_ called 2 returned 100% blocks executed 100%
        2:   80:    destroy_at(_Tp* __location)
        -:   81:    {
        -:   82:      if constexpr (__cplusplus > 201703L && is_array_v<_Tp>)
        -:   83:	{
        -:   84:	  for (auto& __x : *__location)
        -:   85:	    std::destroy_at(std::__addressof(__x));
        -:   86:	}
        -:   87:      else
        2:   88:	__location->~_Tp();
        2:   88-block  0
call    0 returned 2
        2:   89:    }
------------------
        -:   90:
        -:   91:#if __cplusplus >= 202002L
        -:   92:  template<typename _Tp, typename... _Args>
        -:   93:    constexpr auto
    1886*:   94:    construct_at(_Tp* __location, _Args&&... __args)
        -:   95:    noexcept(noexcept(::new((void*)0) _Tp(std::declval<_Args>()...)))
        -:   96:    -> decltype(::new((void*)0) _Tp(std::declval<_Args>()...))
    1896*:   97:    { return ::new((void*)__location) _Tp(std::forward<_Args>(__args)...); }
------------------
_ZSt12construct_atISt10unique_ptrIN5Catch18IStreamingReporterESt14default_deleteIS2_EEJS5_EEDTgsnwcvPvLi0E_T_pispcl7declvalIT0_EEEEPS7_DpOS8_:
function _ZSt12construct_atISt10unique_ptrIN5Catch18IStreamingReporterESt14default_deleteIS2_EEJS5_EEDTgsnwcvPvLi0E_T_pispcl7declvalIT0_EEEEPS7_DpOS8_ called 0 returned 0% blocks executed 0%
    #####:   94:    construct_at(_Tp* __location, _Args&&... __args)
        -:   95:    noexcept(noexcept(::new((void*)0) _Tp(std::declval<_Args>()...)))
        -:   96:    -> decltype(::new((void*)0) _Tp(std::declval<_Args>()...))
    #####:   97:    { return ::new((void*)__location) _Tp(std::forward<_Args>(__args)...); }
    %%%%%:   97-block  0
call    0 never executed
call    1 never executed
call    2 never executed
------------------
_ZSt12construct_atIN5Catch5clara6detail11HelpColumnsEJRS3_EEDTgsnwcvPvLi0E_T_pispcl7declvalIT0_EEEEPS6_DpOS7_:
function _ZSt12construct_atIN5Catch5clara6detail11HelpColumnsEJRS3_EEDTgsnwcvPvLi0E_T_pispcl7declvalIT0_EEEEPS6_DpOS7_ called 0 returned 0% blocks executed 0%
    #####:   94:    construct_at(_Tp* __location, _Args&&... __args)
        -:   95:    noexcept(noexcept(::new((void*)0) _Tp(std::declval<_Args>()...)))
        -:   96:    -> decltype(::new((void*)0) _Tp(std::declval<_Args>()...))
    #####:   97:    { return ::new((void*)__location) _Tp(std::forward<_Args>(__args)...); }
    %%%%%:   97-block  0
call    0 never executed
call    1 never executed
call    2 never executed
branch  3 never executed (fallthrough)
branch  4 never executed (throw)
    %%%%%:   97-block  1
    %%%%%:   97-block  2
    $$$$$:   97-block  3
branch  5 never executed (fallthrough)
branch  6 never executed
    $$$$$:   97-block  4
call    7 never executed
------------------
_ZSt12construct_atIN5Catch5clara6detail11HelpColumnsEJRKS3_EEDTgsnwcvPvLi0E_T_pispcl7declvalIT0_EEEEPS7_DpOS8_:
function _ZSt12construct_atIN5Catch5clara6detail11HelpColumnsEJRKS3_EEDTgsnwcvPvLi0E_T_pispcl7declvalIT0_EEEEPS7_DpOS8_ called 0 returned 0% blocks executed 0%
    #####:   94:    construct_at(_Tp* __location, _Args&&... __args)
        -:   95:    noexcept(noexcept(::new((void*)0) _Tp(std::declval<_Args>()...)))
        -:   96:    -> decltype(::new((void*)0) _Tp(std::declval<_Args>()...))
    #####:   97:    { return ::new((void*)__location) _Tp(std::forward<_Args>(__args)...); }
    %%%%%:   97-block  0
call    0 never executed
call    1 never executed
call    2 never executed
branch  3 never executed (fallthrough)
branch  4 never executed (throw)
    %%%%%:   97-block  1
    %%%%%:   97-block  2
    $$$$$:   97-block  3
branch  5 never executed (fallthrough)
branch  6 never executed
    $$$$$:   97-block  4
call    7 never executed
------------------
_ZSt12construct_atISt4pairIP5EnemyP4CeilEJS5_EEDTgsnwcvPvLi0E_T_pispcl7declvalIT0_EEEEPS7_DpOS8_:
function _ZSt12construct_atISt4pairIP5EnemyP4CeilEJS5_EEDTgsnwcvPvLi0E_T_pispcl7declvalIT0_EEEEPS7_DpOS8_ called 45 returned 100% blocks executed 100%
       45:   94:    construct_at(_Tp* __location, _Args&&... __args)
        -:   95:    noexcept(noexcept(::new((void*)0) _Tp(std::declval<_Args>()...)))
        -:   96:    -> decltype(::new((void*)0) _Tp(std::declval<_Args>()...))
       45:   97:    { return ::new((void*)__location) _Tp(std::forward<_Args>(__args)...); }
       45:   97-block  0
call    0 returned 45
call    1 returned 45
------------------
_ZSt12construct_atISt4pairIP5EnemyP4CeilEJRS5_EEDTgsnwcvPvLi0E_T_pispcl7declvalIT0_EEEEPS8_DpOS9_:
function _ZSt12construct_atISt4pairIP5EnemyP4CeilEJRS5_EEDTgsnwcvPvLi0E_T_pispcl7declvalIT0_EEEEPS8_DpOS9_ called 55 returned 100% blocks executed 100%
       55:   94:    construct_at(_Tp* __location, _Args&&... __args)
        -:   95:    noexcept(noexcept(::new((void*)0) _Tp(std::declval<_Args>()...)))
        -:   96:    -> decltype(::new((void*)0) _Tp(std::declval<_Args>()...))
       55:   97:    { return ::new((void*)__location) _Tp(std::forward<_Args>(__args)...); }
       55:   97-block  0
call    0 returned 55
call    1 returned 55
------------------
_ZSt12construct_atIN5Catch5clara6detail3ArgEJRS3_EEDTgsnwcvPvLi0E_T_pispcl7declvalIT0_EEEEPS6_DpOS7_:
function _ZSt12construct_atIN5Catch5clara6detail3ArgEJRS3_EEDTgsnwcvPvLi0E_T_pispcl7declvalIT0_EEEEPS6_DpOS7_ called 0 returned 0% blocks executed 0%
    #####:   94:    construct_at(_Tp* __location, _Args&&... __args)
        -:   95:    noexcept(noexcept(::new((void*)0) _Tp(std::declval<_Args>()...)))
        -:   96:    -> decltype(::new((void*)0) _Tp(std::declval<_Args>()...))
    #####:   97:    { return ::new((void*)__location) _Tp(std::forward<_Args>(__args)...); }
    %%%%%:   97-block  0
call    0 never executed
call    1 never executed
call    2 never executed
branch  3 never executed (fallthrough)
branch  4 never executed (throw)
    %%%%%:   97-block  1
    %%%%%:   97-block  2
    $$$$$:   97-block  3
branch  5 never executed (fallthrough)
branch  6 never executed
    $$$$$:   97-block  4
call    7 never executed
------------------
_ZSt12construct_atIN5Catch5clara6detail3OptEJRS3_EEDTgsnwcvPvLi0E_T_pispcl7declvalIT0_EEEEPS6_DpOS7_:
function _ZSt12construct_atIN5Catch5clara6detail3OptEJRS3_EEDTgsnwcvPvLi0E_T_pispcl7declvalIT0_EEEEPS6_DpOS7_ called 0 returned 0% blocks executed 0%
    #####:   94:    construct_at(_Tp* __location, _Args&&... __args)
        -:   95:    noexcept(noexcept(::new((void*)0) _Tp(std::declval<_Args>()...)))
        -:   96:    -> decltype(::new((void*)0) _Tp(std::declval<_Args>()...))
    #####:   97:    { return ::new((void*)__location) _Tp(std::forward<_Args>(__args)...); }
    %%%%%:   97-block  0
call    0 never executed
call    1 never executed
call    2 never executed
branch  3 never executed (fallthrough)
branch  4 never executed (throw)
    %%%%%:   97-block  1
    %%%%%:   97-block  2
    $$$$$:   97-block  3
branch  5 never executed (fallthrough)
branch  6 never executed
    $$$$$:   97-block  4
call    7 never executed
------------------
_ZSt12construct_atINSt7__cxx1112basic_stringIcSt11char_traitsIcESaIcEEEJRS5_EEDTgsnwcvPvLi0E_T_pispcl7declvalIT0_EEEEPS8_DpOS9_:
function _ZSt12construct_atINSt7__cxx1112basic_stringIcSt11char_traitsIcESaIcEEEJRS5_EEDTgsnwcvPvLi0E_T_pispcl7declvalIT0_EEEEPS8_DpOS9_ called 0 returned 0% blocks executed 0%
    #####:   94:    construct_at(_Tp* __location, _Args&&... __args)
        -:   95:    noexcept(noexcept(::new((void*)0) _Tp(std::declval<_Args>()...)))
        -:   96:    -> decltype(::new((void*)0) _Tp(std::declval<_Args>()...))
    #####:   97:    { return ::new((void*)__location) _Tp(std::forward<_Args>(__args)...); }
    %%%%%:   97-block  0
call    0 never executed
call    1 never executed
call    2 never executed
branch  3 never executed (fallthrough)
branch  4 never executed (throw)
    %%%%%:   97-block  1
    %%%%%:   97-block  2
    $$$$$:   97-block  3
branch  5 never executed (fallthrough)
branch  6 never executed
    $$$$$:   97-block  4
call    7 never executed
------------------
_ZSt12construct_atIN5Catch5clara6detail5TokenEJRKS3_EEDTgsnwcvPvLi0E_T_pispcl7declvalIT0_EEEEPS7_DpOS8_:
function _ZSt12construct_atIN5Catch5clara6detail5TokenEJRKS3_EEDTgsnwcvPvLi0E_T_pispcl7declvalIT0_EEEEPS7_DpOS8_ called 0 returned 0% blocks executed 0%
    #####:   94:    construct_at(_Tp* __location, _Args&&... __args)
        -:   95:    noexcept(noexcept(::new((void*)0) _Tp(std::declval<_Args>()...)))
        -:   96:    -> decltype(::new((void*)0) _Tp(std::declval<_Args>()...))
    #####:   97:    { return ::new((void*)__location) _Tp(std::forward<_Args>(__args)...); }
    %%%%%:   97-block  0
call    0 never executed
call    1 never executed
call    2 never executed
branch  3 never executed (fallthrough)
branch  4 never executed (throw)
    %%%%%:   97-block  1
    %%%%%:   97-block  2
    $$$$$:   97-block  3
branch  5 never executed (fallthrough)
branch  6 never executed
    $$$$$:   97-block  4
call    7 never executed
------------------
_ZSt12construct_atIN5Catch12_GLOBAL__N_110ColumnInfoEJRKS2_EEDTgsnwcvPvLi0E_T_pispcl7declvalIT0_EEEEPS6_DpOS7_:
function _ZSt12construct_atIN5Catch12_GLOBAL__N_110ColumnInfoEJRKS2_EEDTgsnwcvPvLi0E_T_pispcl7declvalIT0_EEEEPS6_DpOS7_ called 0 returned 0% blocks executed 0%
    #####:   94:    construct_at(_Tp* __location, _Args&&... __args)
        -:   95:    noexcept(noexcept(::new((void*)0) _Tp(std::declval<_Args>()...)))
        -:   96:    -> decltype(::new((void*)0) _Tp(std::declval<_Args>()...))
    #####:   97:    { return ::new((void*)__location) _Tp(std::forward<_Args>(__args)...); }
    %%%%%:   97-block  0
call    0 never executed
call    1 never executed
call    2 never executed
branch  3 never executed (fallthrough)
branch  4 never executed (throw)
    %%%%%:   97-block  1
    %%%%%:   97-block  2
    $$$$$:   97-block  3
branch  5 never executed (fallthrough)
branch  6 never executed
    $$$$$:   97-block  4
call    7 never executed
------------------
_ZSt12construct_atISt10shared_ptrIN5Catch22CumulativeReporterBaseINS1_13JunitReporterEE4NodeINS1_14TestGroupStatsENS5_INS1_13TestCaseStatsENS4_11SectionNodeEEEEEEJRKSB_EEDTgsnwcvPvLi0E_T_pispcl7declvalIT0_EEEEPSF_DpOSG_:
function _ZSt12construct_atISt10shared_ptrIN5Catch22CumulativeReporterBaseINS1_13JunitReporterEE4NodeINS1_14TestGroupStatsENS5_INS1_13TestCaseStatsENS4_11SectionNodeEEEEEEJRKSB_EEDTgsnwcvPvLi0E_T_pispcl7declvalIT0_EEEEPSF_DpOSG_ called 0 returned 0% blocks executed 0%
    #####:   94:    construct_at(_Tp* __location, _Args&&... __args)
        -:   95:    noexcept(noexcept(::new((void*)0) _Tp(std::declval<_Args>()...)))
        -:   96:    -> decltype(::new((void*)0) _Tp(std::declval<_Args>()...))
    #####:   97:    { return ::new((void*)__location) _Tp(std::forward<_Args>(__args)...); }
    %%%%%:   97-block  0
call    0 never executed
call    1 never executed
call    2 never executed
------------------
_ZSt12construct_atISt10shared_ptrIN5Catch22CumulativeReporterBaseINS1_13JunitReporterEE4NodeINS1_13TestCaseStatsENS4_11SectionNodeEEEEJRKS9_EEDTgsnwcvPvLi0E_T_pispcl7declvalIT0_EEEEPSD_DpOSE_:
function _ZSt12construct_atISt10shared_ptrIN5Catch22CumulativeReporterBaseINS1_13JunitReporterEE4NodeINS1_13TestCaseStatsENS4_11SectionNodeEEEEJRKS9_EEDTgsnwcvPvLi0E_T_pispcl7declvalIT0_EEEEPSD_DpOSE_ called 0 returned 0% blocks executed 0%
    #####:   94:    construct_at(_Tp* __location, _Args&&... __args)
        -:   95:    noexcept(noexcept(::new((void*)0) _Tp(std::declval<_Args>()...)))
        -:   96:    -> decltype(::new((void*)0) _Tp(std::declval<_Args>()...))
    #####:   97:    { return ::new((void*)__location) _Tp(std::forward<_Args>(__args)...); }
    %%%%%:   97-block  0
call    0 never executed
call    1 never executed
call    2 never executed
------------------
_ZSt12construct_atISt10shared_ptrIN5Catch22CumulativeReporterBaseINS1_13JunitReporterEE11SectionNodeEEJRKS6_EEDTgsnwcvPvLi0E_T_pispcl7declvalIT0_EEEEPSA_DpOSB_:
function _ZSt12construct_atISt10shared_ptrIN5Catch22CumulativeReporterBaseINS1_13JunitReporterEE11SectionNodeEEJRKS6_EEDTgsnwcvPvLi0E_T_pispcl7declvalIT0_EEEEPSA_DpOSB_ called 0 returned 0% blocks executed 0%
    #####:   94:    construct_at(_Tp* __location, _Args&&... __args)
        -:   95:    noexcept(noexcept(::new((void*)0) _Tp(std::declval<_Args>()...)))
        -:   96:    -> decltype(::new((void*)0) _Tp(std::declval<_Args>()...))
    #####:   97:    { return ::new((void*)__location) _Tp(std::forward<_Args>(__args)...); }
    %%%%%:   97-block  0
call    0 never executed
call    1 never executed
call    2 never executed
------------------
_ZSt12construct_atIN5Catch14AssertionStatsEJRKS1_EEDTgsnwcvPvLi0E_T_pispcl7declvalIT0_EEEEPS5_DpOS6_:
function _ZSt12construct_atIN5Catch14AssertionStatsEJRKS1_EEDTgsnwcvPvLi0E_T_pispcl7declvalIT0_EEEEPS5_DpOS6_ called 0 returned 0% blocks executed 0%
    #####:   94:    construct_at(_Tp* __location, _Args&&... __args)
        -:   95:    noexcept(noexcept(::new((void*)0) _Tp(std::declval<_Args>()...)))
        -:   96:    -> decltype(::new((void*)0) _Tp(std::declval<_Args>()...))
    #####:   97:    { return ::new((void*)__location) _Tp(std::forward<_Args>(__args)...); }
    %%%%%:   97-block  0
call    0 never executed
call    1 never executed
call    2 never executed
branch  3 never executed (fallthrough)
branch  4 never executed (throw)
    %%%%%:   97-block  1
    %%%%%:   97-block  2
    $$$$$:   97-block  3
branch  5 never executed (fallthrough)
branch  6 never executed
    $$$$$:   97-block  4
call    7 never executed
------------------
_ZSt12construct_atIN5Catch13SummaryColumnEJS1_EEDTgsnwcvPvLi0E_T_pispcl7declvalIT0_EEEEPS3_DpOS4_:
function _ZSt12construct_atIN5Catch13SummaryColumnEJS1_EEDTgsnwcvPvLi0E_T_pispcl7declvalIT0_EEEEPS3_DpOS4_ called 0 returned 0% blocks executed 0%
    #####:   94:    construct_at(_Tp* __location, _Args&&... __args)
        -:   95:    noexcept(noexcept(::new((void*)0) _Tp(std::declval<_Args>()...)))
        -:   96:    -> decltype(::new((void*)0) _Tp(std::declval<_Args>()...))
    #####:   97:    { return ::new((void*)__location) _Tp(std::forward<_Args>(__args)...); }
    %%%%%:   97-block  0
call    0 never executed
call    1 never executed
call    2 never executed
------------------
_ZSt12construct_atIN5Catch11SectionInfoEJRKS1_EEDTgsnwcvPvLi0E_T_pispcl7declvalIT0_EEEEPS5_DpOS6_:
function _ZSt12construct_atIN5Catch11SectionInfoEJRKS1_EEDTgsnwcvPvLi0E_T_pispcl7declvalIT0_EEEEPS5_DpOS6_ called 67 returned 100% blocks executed 75%
       67:   94:    construct_at(_Tp* __location, _Args&&... __args)
        -:   95:    noexcept(noexcept(::new((void*)0) _Tp(std::declval<_Args>()...)))
        -:   96:    -> decltype(::new((void*)0) _Tp(std::declval<_Args>()...))
       67:   97:    { return ::new((void*)__location) _Tp(std::forward<_Args>(__args)...); }
       67:   97-block  0
call    0 returned 67
call    1 returned 67
call    2 returned 67
branch  3 taken 67 (fallthrough)
branch  4 taken 0 (throw)
       67:   97-block  1
       67:   97-block  2
    $$$$$:   97-block  3
branch  5 never executed (fallthrough)
branch  6 never executed
    $$$$$:   97-block  4
call    7 never executed
------------------
_ZSt12construct_atIPKN5Catch8TestCaseEJRKS3_EEDTgsnwcvPvLi0E_T_pispcl7declvalIT0_EEEEPS7_DpOS8_:
function _ZSt12construct_atIPKN5Catch8TestCaseEJRKS3_EEDTgsnwcvPvLi0E_T_pispcl7declvalIT0_EEEEPS7_DpOS8_ called 0 returned 0% blocks executed 0%
    #####:   94:    construct_at(_Tp* __location, _Args&&... __args)
        -:   95:    noexcept(noexcept(::new((void*)0) _Tp(std::declval<_Args>()...)))
        -:   96:    -> decltype(::new((void*)0) _Tp(std::declval<_Args>()...))
    #####:   97:    { return ::new((void*)__location) _Tp(std::forward<_Args>(__args)...); }
    %%%%%:   97-block  0
call    0 never executed
call    1 never executed
------------------
_ZSt12construct_atISt10unique_ptrINSt7__cxx1119basic_ostringstreamIcSt11char_traitsIcESaIcEEESt14default_deleteIS6_EEJS9_EEDTgsnwcvPvLi0E_T_pispcl7declvalIT0_EEEEPSB_DpOSC_:
function _ZSt12construct_atISt10unique_ptrINSt7__cxx1119basic_ostringstreamIcSt11char_traitsIcESaIcEEESt14default_deleteIS6_EEJS9_EEDTgsnwcvPvLi0E_T_pispcl7declvalIT0_EEEEPSB_DpOSC_ called 6 returned 100% blocks executed 100%
        6:   94:    construct_at(_Tp* __location, _Args&&... __args)
        -:   95:    noexcept(noexcept(::new((void*)0) _Tp(std::declval<_Args>()...)))
        -:   96:    -> decltype(::new((void*)0) _Tp(std::declval<_Args>()...))
        6:   97:    { return ::new((void*)__location) _Tp(std::forward<_Args>(__args)...); }
[...]
        1:  162-block  0
        1:  162-block  1
branch  0 taken 0
branch  1 taken 1 (fallthrough)
    #####:  163:	    std::_Destroy(std::__addressof(*__first));
    %%%%%:  163-block  0
call    0 never executed
call    1 never executed
        1:  164:	}
------------------
_ZNSt12_Destroy_auxILb0EE9__destroyIN9__gnu_cxx17__normal_iteratorIP7DungeonSt6vectorIS4_SaIS4_EEEEEEvT_SA_:
function _ZNSt12_Destroy_auxILb0EE9__destroyIN9__gnu_cxx17__normal_iteratorIP7DungeonSt6vectorIS4_SaIS4_EEEEEEvT_SA_ called 0 returned 0% blocks executed 0%
    #####:  160:	__destroy(_ForwardIterator __first, _ForwardIterator __last)
        -:  161:	{
    #####:  162:	  for (; __first != __last; ++__first)
    %%%%%:  162-block  0
call    0 never executed
    %%%%%:  162-block  1
call    1 never executed
branch  2 never executed
branch  3 never executed (fallthrough)
    #####:  163:	    std::_Destroy(std::__addressof(*__first));
    %%%%%:  163-block  0
call    0 never executed
call    1 never executed
call    2 never executed
    #####:  164:	}
------------------
_ZNSt12_Destroy_auxILb0EE9__destroyIPSt4pairINSt7__cxx1112basic_stringIcSt11char_traitsIcESaIcEEES8_EEEvT_SB_:
function _ZNSt12_Destroy_auxILb0EE9__destroyIPSt4pairINSt7__cxx1112basic_stringIcSt11char_traitsIcESaIcEEES8_EEEvT_SB_ called 0 returned 0% blocks executed 0%
    #####:  160:	__destroy(_ForwardIterator __first, _ForwardIterator __last)
        -:  161:	{
    #####:  162:	  for (; __first != __last; ++__first)
    %%%%%:  162-block  0
    %%%%%:  162-block  1
branch  0 never executed
branch  1 never executed (fallthrough)
    #####:  163:	    std::_Destroy(std::__addressof(*__first));
    %%%%%:  163-block  0
call    0 never executed
call    1 never executed
    #####:  164:	}
------------------
_ZNSt12_Destroy_auxILb0EE9__destroyIPSt4pairIiiEEEvT_S5_:
function _ZNSt12_Destroy_auxILb0EE9__destroyIPSt4pairIiiEEEvT_S5_ called 0 returned 0% blocks executed 0%
    #####:  160:	__destroy(_ForwardIterator __first, _ForwardIterator __last)
        -:  161:	{
    #####:  162:	  for (; __first != __last; ++__first)
    %%%%%:  162-block  0
    %%%%%:  162-block  1
branch  0 never executed
branch  1 never executed (fallthrough)
    #####:  163:	    std::_Destroy(std::__addressof(*__first));
    %%%%%:  163-block  0
call    0 never executed
call    1 never executed
    #####:  164:	}
------------------
_ZNSt12_Destroy_auxILb0EE9__destroyIPSt10unique_ptrIN5Catch18IStreamingReporterESt14default_deleteIS4_EEEEvT_S9_:
function _ZNSt12_Destroy_auxILb0EE9__destroyIPSt10unique_ptrIN5Catch18IStreamingReporterESt14default_deleteIS4_EEEEvT_S9_ called 0 returned 0% blocks executed 0%
    #####:  160:	__destroy(_ForwardIterator __first, _ForwardIterator __last)
        -:  161:	{
    #####:  162:	  for (; __first != __last; ++__first)
    %%%%%:  162-block  0
    %%%%%:  162-block  1
branch  0 never executed
branch  1 never executed (fallthrough)
    #####:  163:	    std::_Destroy(std::__addressof(*__first));
    %%%%%:  163-block  0
call    0 never executed
call    1 never executed
    #####:  164:	}
------------------
_ZNSt12_Destroy_auxILb0EE9__destroyIPSt10shared_ptrIN5Catch22CumulativeReporterBaseINS3_13JunitReporterEE11SectionNodeEEEEvT_SA_:
function _ZNSt12_Destroy_auxILb0EE9__destroyIPSt10shared_ptrIN5Catch22CumulativeReporterBaseINS3_13JunitReporterEE11SectionNodeEEEEvT_SA_ called 0 returned 0% blocks executed 0%
    #####:  160:	__destroy(_ForwardIterator __first, _ForwardIterator __last)
        -:  161:	{
    #####:  162:	  for (; __first != __last; ++__first)
    %%%%%:  162-block  0
    %%%%%:  162-block  1
branch  0 never executed
branch  1 never executed (fallthrough)
    #####:  163:	    std::_Destroy(std::__addressof(*__first));
    %%%%%:  163-block  0
call    0 never executed
call    1 never executed
    #####:  164:	}
------------------
_ZNSt12_Destroy_auxILb0EE9__destroyIPSt10shared_ptrIN5Catch22CumulativeReporterBaseINS3_13JunitReporterEE4NodeINS3_12TestRunStatsENS7_INS3_14TestGroupStatsENS7_INS3_13TestCaseStatsENS6_11SectionNodeEEEEEEEEEEvT_SH_:
function _ZNSt12_Destroy_auxILb0EE9__destroyIPSt10shared_ptrIN5Catch22CumulativeReporterBaseINS3_13JunitReporterEE4NodeINS3_12TestRunStatsENS7_INS3_14TestGroupStatsENS7_INS3_13TestCaseStatsENS6_11SectionNodeEEEEEEEEEEvT_SH_ called 0 returned 0% blocks executed 0%
    #####:  160:	__destroy(_ForwardIterator __first, _ForwardIterator __last)
        -:  161:	{
    #####:  162:	  for (; __first != __last; ++__first)
    %%%%%:  162-block  0
    %%%%%:  162-block  1
branch  0 never executed
branch  1 never executed (fallthrough)
    #####:  163:	    std::_Destroy(std::__addressof(*__first));
    %%%%%:  163-block  0
call    0 never executed
call    1 never executed
    #####:  164:	}
------------------
_ZNSt12_Destroy_auxILb0EE9__destroyIPSt10shared_ptrIN5Catch22CumulativeReporterBaseINS3_13JunitReporterEE4NodeINS3_14TestGroupStatsENS7_INS3_13TestCaseStatsENS6_11SectionNodeEEEEEEEEvT_SF_:
function _ZNSt12_Destroy_auxILb0EE9__destroyIPSt10shared_ptrIN5Catch22CumulativeReporterBaseINS3_13JunitReporterEE4NodeINS3_14TestGroupStatsENS7_INS3_13TestCaseStatsENS6_11SectionNodeEEEEEEEEvT_SF_ called 0 returned 0% blocks executed 0%
    #####:  160:	__destroy(_ForwardIterator __first, _ForwardIterator __last)
        -:  161:	{
    #####:  162:	  for (; __first != __last; ++__first)
    %%%%%:  162-block  0
    %%%%%:  162-block  1
branch  0 never executed
branch  1 never executed (fallthrough)
    #####:  163:	    std::_Destroy(std::__addressof(*__first));
    %%%%%:  163-block  0
call    0 never executed
call    1 never executed
    #####:  164:	}
------------------
_ZNSt12_Destroy_auxILb0EE9__destroyIPSt10shared_ptrIN5Catch22CumulativeReporterBaseINS3_13JunitReporterEE4NodeINS3_13TestCaseStatsENS6_11SectionNodeEEEEEEvT_SD_:
function _ZNSt12_Destroy_auxILb0EE9__destroyIPSt10shared_ptrIN5Catch22CumulativeReporterBaseINS3_13JunitReporterEE4NodeINS3_13TestCaseStatsENS6_11SectionNodeEEEEEEvT_SD_ called 0 returned 0% blocks executed 0%
    #####:  160:	__destroy(_ForwardIterator __first, _ForwardIterator __last)
        -:  161:	{
    #####:  162:	  for (; __first != __last; ++__first)
    %%%%%:  162-block  0
    %%%%%:  162-block  1
branch  0 never executed
branch  1 never executed (fallthrough)
    #####:  163:	    std::_Destroy(std::__addressof(*__first));
    %%%%%:  163-block  0
call    0 never executed
call    1 never executed
    #####:  164:	}
------------------
_ZNSt12_Destroy_auxILb0EE9__destroyIPSt6vectorISt10shared_ptrIN5Catch22CumulativeReporterBaseINS4_13JunitReporterEE11SectionNodeEESaIS9_EEEEvT_SD_:
function _ZNSt12_Destroy_auxILb0EE9__destroyIPSt6vectorISt10shared_ptrIN5Catch22CumulativeReporterBaseINS4_13JunitReporterEE11SectionNodeEESaIS9_EEEEvT_SD_ called 0 returned 0% blocks executed 0%
    #####:  160:	__destroy(_ForwardIterator __first, _ForwardIterator __last)
        -:  161:	{
    #####:  162:	  for (; __first != __last; ++__first)
    %%%%%:  162-block  0
    %%%%%:  162-block  1
branch  0 never executed
branch  1 never executed (fallthrough)
    #####:  163:	    std::_Destroy(std::__addressof(*__first));
    %%%%%:  163-block  0
call    0 never executed
call    1 never executed
    #####:  164:	}
------------------
_ZNSt12_Destroy_auxILb0EE9__destroyIPN5Catch14AssertionStatsEEEvT_S5_:
function _ZNSt12_Destroy_auxILb0EE9__destroyIPN5Catch14AssertionStatsEEEvT_S5_ called 0 returned 0% blocks executed 0%
    #####:  160:	__destroy(_ForwardIterator __first, _ForwardIterator __last)
        -:  161:	{
    #####:  162:	  for (; __first != __last; ++__first)
    %%%%%:  162-block  0
    %%%%%:  162-block  1
branch  0 never executed
branch  1 never executed (fallthrough)
    #####:  163:	    std::_Destroy(std::__addressof(*__first));
    %%%%%:  163-block  0
call    0 never executed
call    1 never executed
    #####:  164:	}
------------------
_ZNSt12_Destroy_auxILb0EE9__destroyIPN5Catch13SummaryColumnEEEvT_S5_:
function _ZNSt12_Destroy_auxILb0EE9__destroyIPN5Catch13SummaryColumnEEEvT_S5_ called 0 returned 0% blocks executed 0%
    #####:  160:	__destroy(_ForwardIterator __first, _ForwardIterator __last)
        -:  161:	{
    #####:  162:	  for (; __first != __last; ++__first)
    %%%%%:  162-block  0
    %%%%%:  162-block  1
branch  0 never executed
branch  1 never executed (fallthrough)
    #####:  163:	    std::_Destroy(std::__addressof(*__first));
    %%%%%:  163-block  0
call    0 never executed
call    1 never executed
    #####:  164:	}
------------------
_ZNSt12_Destroy_auxILb0EE9__destroyIPN5Catch12_GLOBAL__N_110ColumnInfoEEEvT_S6_:
function _ZNSt12_Destroy_auxILb0EE9__destroyIPN5Catch12_GLOBAL__N_110ColumnInfoEEEvT_S6_ called 0 returned 0% blocks executed 0%
    #####:  160:	__destroy(_ForwardIterator __first, _ForwardIterator __last)
        -:  161:	{
    #####:  162:	  for (; __first != __last; ++__first)
    %%%%%:  162-block  0
    %%%%%:  162-block  1
branch  0 never executed
branch  1 never executed (fallthrough)
    #####:  163:	    std::_Destroy(std::__addressof(*__first));
    %%%%%:  163-block  0
call    0 never executed
call    1 never executed
    #####:  164:	}
------------------
_ZNSt12_Destroy_auxILb0EE9__destroyIPN5Catch11SectionInfoEEEvT_S5_:
function _ZNSt12_Destroy_auxILb0EE9__destroyIPN5Catch11SectionInfoEEEvT_S5_ called 1 returned 100% blocks executed 50%
        1:  160:	__destroy(_ForwardIterator __first, _ForwardIterator __last)
        -:  161:	{
       1*:  162:	  for (; __first != __last; ++__first)
        1:  162-block  0
        1:  162-block  1
branch  0 taken 0
branch  1 taken 1 (fallthrough)
    #####:  163:	    std::_Destroy(std::__addressof(*__first));
    %%%%%:  163-block  0
call    0 never executed
call    1 never executed
        1:  164:	}
------------------
_ZNSt12_Destroy_auxILb0EE9__destroyIPPKN5Catch8TestCaseEEEvT_S7_:
function _ZNSt12_Destroy_auxILb0EE9__destroyIPPKN5Catch8TestCaseEEEvT_S7_ called 0 returned 0% blocks executed 0%
    #####:  160:	__destroy(_ForwardIterator __first, _ForwardIterator __last)
        -:  161:	{
    #####:  162:	  for (; __first != __last; ++__first)
    %%%%%:  162-block  0
    %%%%%:  162-block  1
branch  0 never executed
branch  1 never executed (fallthrough)
    #####:  163:	    std::_Destroy(std::__addressof(*__first));
    %%%%%:  163-block  0
call    0 never executed
call    1 never executed
    #####:  164:	}
------------------
        -:  165:    };
        -:  166:
        -:  167:  template<>
        -:  168:    struct _Destroy_aux<true>
        -:  169:    {
        -:  170:      template<typename _ForwardIterator>
        -:  171:        static void
      86*:  172:        __destroy(_ForwardIterator, _ForwardIterator) { }
------------------
_ZNSt12_Destroy_auxILb1EE9__destroyIPNSt7__cxx1112regex_traitsIcE10_RegexMaskEEEvT_S7_:
function _ZNSt12_Destroy_auxILb1EE9__destroyIPNSt7__cxx1112regex_traitsIcE10_RegexMaskEEEvT_S7_ called 0 returned 0% blocks executed 0%
    #####:  172:        __destroy(_ForwardIterator, _ForwardIterator) { }
------------------
_ZNSt12_Destroy_auxILb1EE9__destroyIPSt4pairIccEEEvT_S5_:
function _ZNSt12_Destroy_auxILb1EE9__destroyIPSt4pairIccEEEvT_S5_ called 0 returned 0% blocks executed 0%
    #####:  172:        __destroy(_ForwardIterator, _ForwardIterator) { }
------------------
_ZNSt12_Destroy_auxILb1EE9__destroyIN9__gnu_cxx17__normal_iteratorIPNSt7__cxx119sub_matchINS3_IPKcNS4_12basic_stringIcSt11char_traitsIcESaIcEEEEEEESt6vectorISE_SaISE_EEEEEEvT_SK_:
function _ZNSt12_Destroy_auxILb1EE9__destroyIN9__gnu_cxx17__normal_iteratorIPNSt7__cxx119sub_matchINS3_IPKcNS4_12basic_stringIcSt11char_traitsIcESaIcEEEEEEESt6vectorISE_SaISE_EEEEEEvT_SK_ called 0 returned 0% blocks executed 0%
    #####:  172:        __destroy(_ForwardIterator, _ForwardIterator) { }
------------------
_ZNSt12_Destroy_auxILb1EE9__destroyIPSt4pairIN9__gnu_cxx17__normal_iteratorIPKcNSt7__cxx1112basic_stringIcSt11char_traitsIcESaIcEEEEEiEEEvT_SG_:
function _ZNSt12_Destroy_auxILb1EE9__destroyIPSt4pairIN9__gnu_cxx17__normal_iteratorIPKcNSt7__cxx1112basic_stringIcSt11char_traitsIcESaIcEEEEEiEEEvT_SG_ called 0 returned 0% blocks executed 0%
    #####:  172:        __destroy(_ForwardIterator, _ForwardIterator) { }
------------------
_ZNSt12_Destroy_auxILb1EE9__destroyIPcEEvT_S3_:
function _ZNSt12_Destroy_auxILb1EE9__destroyIPcEEvT_S3_ called 0 returned 0% blocks executed 0%
    #####:  172:        __destroy(_ForwardIterator, _ForwardIterator) { }
------------------
_ZNSt12_Destroy_auxILb1EE9__destroyIPNSt7__cxx119sub_matchIN9__gnu_cxx17__normal_iteratorIPKcNS2_12basic_stringIcSt11char_traitsIcESaIcEEEEEEEEEvT_SG_:
function _ZNSt12_Destroy_auxILb1EE9__destroyIPNSt7__cxx119sub_matchIN9__gnu_cxx17__normal_iteratorIPKcNS2_12basic_stringIcSt11char_traitsIcESaIcEEEEEEEEEvT_SG_ called 0 returned 0% blocks executed 0%
    #####:  172:        __destroy(_ForwardIterator, _ForwardIterator) { }
------------------
_ZNSt12_Destroy_auxILb1EE9__destroyIPSt4pairIiiEEEvT_S5_:
function _ZNSt12_Destroy_auxILb1EE9__destroyIPSt4pairIiiEEEvT_S5_ called 82 returned 100% blocks executed 100%
       82:  172:        __destroy(_ForwardIterator, _ForwardIterator) { }
------------------
_ZNSt12_Destroy_auxILb1EE9__destroyIPPKN5Catch8TestCaseEEEvT_S7_:
function _ZNSt12_Destroy_auxILb1EE9__destroyIPPKN5Catch8TestCaseEEEvT_S7_ called 0 returned 0% blocks executed 0%
    #####:  172:        __destroy(_ForwardIterator, _ForwardIterator) { }
------------------
_ZNSt12_Destroy_auxILb1EE9__destroyIPSt4pairIyPKN5Catch8TestCaseEEEEvT_S9_:
function _ZNSt12_Destroy_auxILb1EE9__destroyIPSt4pairIyPKN5Catch8TestCaseEEEEvT_S9_ called 0 returned 0% blocks executed 0%
    #####:  172:        __destroy(_ForwardIterator, _ForwardIterator) { }
------------------
_ZNSt12_Destroy_auxILb1EE9__destroyIPPN5Catch10ISingletonEEEvT_S6_:
function _ZNSt12_Destroy_auxILb1EE9__destroyIPPN5Catch10ISingletonEEEvT_S6_ called 1 returned 100% blocks executed 100%
        1:  172:        __destroy(_ForwardIterator, _ForwardIterator) { }
------------------
_ZNSt12_Destroy_auxILb1EE9__destroyIPPN5Catch16TestCaseTracking8ITrackerEEEvT_S7_:
function _ZNSt12_Destroy_auxILb1EE9__destroyIPPN5Catch16TestCaseTracking8ITrackerEEEvT_S7_ called 1 returned 100% blocks executed 100%
        1:  172:        __destroy(_ForwardIterator, _ForwardIterator) { }
------------------
_ZNSt12_Destroy_auxILb1EE9__destroyIPSt4pairIiN5Catch9StringRefEEEEvT_S7_:
function _ZNSt12_Destroy_auxILb1EE9__destroyIPSt4pairIiN5Catch9StringRefEEEEvT_S7_ called 0 returned 0% blocks executed 0%
    #####:  172:        __destroy(_ForwardIterator, _ForwardIterator) { }
------------------
_ZNSt12_Destroy_auxILb1EE9__destroyIPN5Catch9StringRefEEEvT_S5_:
function _ZNSt12_Destroy_auxILb1EE9__destroyIPN5Catch9StringRefEEEvT_S5_ called 0 returned 0% blocks executed 0%
    #####:  172:        __destroy(_ForwardIterator, _ForwardIterator) { }
------------------
_ZNSt12_Destroy_auxILb1EE9__destroyIPyEEvT_S3_:
function _ZNSt12_Destroy_auxILb1EE9__destroyIPyEEvT_S3_ called 2 returned 100% blocks executed 100%
        2:  172:        __destroy(_ForwardIterator, _ForwardIterator) { }
------------------
_ZNSt12_Destroy_auxILb1EE9__destroyIPN5Catch5clara8TextFlow6Column8iteratorEEEvT_S8_:
function _ZNSt12_Destroy_auxILb1EE9__destroyIPN5Catch5clara8TextFlow6Column8iteratorEEEvT_S8_ called 0 returned 0% blocks executed 0%
    #####:  172:        __destroy(_ForwardIterator, _ForwardIterator) { }
------------------
        -:  173:    };
        -:  174:
        -:  175:  /**
        -:  176:   * Destroy a range of objects.  If the value_type of the object has
        -:  177:   * a trivial destructor, the compiler should optimize all of this
        -:  178:   * away, otherwise the objects' destructors must be invoked.
        -:  179:   */
        -:  180:  template<typename _ForwardIterator>
        -:  181:    _GLIBCXX20_CONSTEXPR inline void
    2585*:  182:    _Destroy(_ForwardIterator __first, _ForwardIterator __last)
        -:  183:    {
        -:  184:      typedef typename iterator_traits<_ForwardIterator>::value_type
        -:  185:                       _Value_type;
        -:  186:#if __cplusplus >= 201103L
        -:  187:      // A deleted destructor is trivial, this ensures we reject such types:
        -:  188:      static_assert(is_destructible<_Value_type>::value,
        -:  189:		    "value type is destructible");
        -:  190:#endif
        -:  191:#if __cplusplus >= 202002L
    2585*:  192:      if (std::__is_constant_evaluated())
    #####:  193:	return _Destroy_aux<false>::__destroy(__first, __last);
        -:  194:#endif
        -:  195:      std::_Destroy_aux<__has_trivial_destructor(_Value_type)>::
    2585*:  196:	__destroy(__first, __last);
        -:  197:    }
        -:  198:
        -:  199:  template<bool>
        -:  200:    struct _Destroy_n_aux
        -:  201:    {
        -:  202:      template<typename _ForwardIterator, typename _Size>
        -:  203:	static _GLIBCXX20_CONSTEXPR _ForwardIterator
        -:  204:	__destroy_n(_ForwardIterator __first, _Size __count)
        -:  205:	{
        -:  206:	  for (; __count > 0; (void)++__first, --__count)
        -:  207:	    std::_Destroy(std::__addressof(*__first));
        -:  208:	  return __first;
        -:  209:	}
        -:  210:    };
        -:  211:
        -:  212:  template<>
        -:  213:    struct _Destroy_n_aux<true>
        -:  214:    {
        -:  215:      template<typename _ForwardIterator, typename _Size>
        -:  216:        static _ForwardIterator
        -:  217:        __destroy_n(_ForwardIterator __first, _Size __count)
        -:  218:	{
        -:  219:	  std::advance(__first, __count);
        -:  220:	  return __first;
        -:  221:	}
        -:  222:    };
        -:  223:
        -:  224:  /**
        -:  225:   * Destroy a range of objects.  If the value_type of the object has
        -:  226:   * a trivial destructor, the compiler should optimize all of this
        -:  227:   * away, otherwise the objects' destructors must be invoked.
        -:  228:   */
        -:  229:  template<typename _ForwardIterator, typename _Size>
        -:  230:    _GLIBCXX20_CONSTEXPR inline _ForwardIterator
        -:  231:    _Destroy_n(_ForwardIterator __first, _Size __count)
        -:  232:    {
        -:  233:      typedef typename iterator_traits<_ForwardIterator>::value_type
        -:  234:                       _Value_type;
        -:  235:#if __cplusplus >= 201103L
        -:  236:      // A deleted destructor is trivial, this ensures we reject such types:
        -:  237:      static_assert(is_destructible<_Value_type>::value,
        -:  238:		    "value type is destructible");
        -:  239:#endif
        -:  240:#if __cplusplus >= 202002L
        -:  241:      if (std::__is_constant_evaluated())
        -:  242:	return _Destroy_n_aux<false>::__destroy_n(__first, __count);
        -:  243:#endif
        -:  244:      return std::_Destroy_n_aux<__has_trivial_destructor(_Value_type)>::
        -:  245:	__destroy_n(__first, __count);
        -:  246:    }
        -:  247:
        -:  248:#if __cplusplus >= 201703L
        -:  249:  template <typename _ForwardIterator>
        -:  250:    _GLIBCXX20_CONSTEXPR inline void
        -:  251:    destroy(_ForwardIterator __first, _ForwardIterator __last)
        -:  252:    {
        -:  253:      std::_Destroy(__first, __last);
        -:  254:    }
        -:  255:
        -:  256:  template <typename _ForwardIterator, typename _Size>
        -:  257:    _GLIBCXX20_CONSTEXPR inline _ForwardIterator
        -:  258:    destroy_n(_ForwardIterator __first, _Size __count)
        -:  259:    {
        -:  260:      return std::_Destroy_n(__first, __count);
        -:  261:    }
        -:  262:#endif // C++17
        -:  263:
        -:  264:_GLIBCXX_END_NAMESPACE_VERSION
        -:  265:} // namespace std
        -:  266:
        -:  267:#endif /* _STL_CONSTRUCT_H */
