        -:    0:Source:C:/Program Files/JetBrains/CLion 2023.2.2/bin/mingw/lib/gcc/x86_64-w64-mingw32/13.1.0/include/c++/bits/stl_vector.h
        -:    0:Graph:C:\Users\sakhd\CLionProjects\gameLab3\cmake-build-debug\Tests\CMakeFiles\tests.dir\testing.cpp.gcno
        -:    0:Data:C:\Users\sakhd\CLionProjects\gameLab3\cmake-build-debug\Tests\CMakeFiles\tests.dir\testing.cpp.gcda
        -:    0:Runs:1
        -:    1:// Vector implementation -*- C++ -*-
        -:    2:
        -:    3:// Copyright (C) 2001-2023 Free Software Foundation, Inc.
        -:    4://
        -:    5:// This file is part of the GNU ISO C++ Library.  This library is free
        -:    6:// software; you can redistribute it and/or modify it under the
        -:    7:// terms of the GNU General Public License as published by the
        -:    8:// Free Software Foundation; either version 3, or (at your option)
        -:    9:// any later version.
        -:   10:
        -:   11:// This library is distributed in the hope that it will be useful,
        -:   12:// but WITHOUT ANY WARRANTY; without even the implied warranty of
        -:   13:// MERCHANTABILITY or FITNESS FOR A PARTICULAR PURPOSE.  See the
        -:   14:// GNU General Public License for more details.
        -:   15:
        -:   16:// Under Section 7 of GPL version 3, you are granted additional
        -:   17:// permissions described in the GCC Runtime Library Exception, version
        -:   18:// 3.1, as published by the Free Software Foundation.
        -:   19:
        -:   20:// You should have received a copy of the GNU General Public License and
        -:   21:// a copy of the GCC Runtime Library Exception along with this program;
        -:   22:// see the files COPYING3 and COPYING.RUNTIME respectively.  If not, see
        -:   23:// <http://www.gnu.org/licenses/>.
        -:   24:
        -:   25:/*
        -:   26: *
        -:   27: * Copyright (c) 1994
        -:   28: * Hewlett-Packard Company
        -:   29: *
        -:   30: * Permission to use, copy, modify, distribute and sell this software
        -:   31: * and its documentation for any purpose is hereby granted without fee,
        -:   32: * provided that the above copyright notice appear in all copies and
        -:   33: * that both that copyright notice and this permission notice appear
        -:   34: * in supporting documentation.  Hewlett-Packard Company makes no
        -:   35: * representations about the suitability of this software for any
        -:   36: * purpose.  It is provided "as is" without express or implied warranty.
        -:   37: *
        -:   38: *
        -:   39: * Copyright (c) 1996
        -:   40: * Silicon Graphics Computer Systems, Inc.
        -:   41: *
        -:   42: * Permission to use, copy, modify, distribute and sell this software
        -:   43: * and its documentation for any purpose is hereby granted without fee,
        -:   44: * provided that the above copyright notice appear in all copies and
        -:   45: * that both that copyright notice and this permission notice appear
        -:   46: * in supporting documentation.  Silicon Graphics makes no
        -:   47: * representations about the suitability of this  software for any
        -:   48: * purpose.  It is provided "as is" without express or implied warranty.
        -:   49: */
        -:   50:
        -:   51:/** @file bits/stl_vector.h
        -:   52: *  This is an internal header file, included by other library headers.
        -:   53: *  Do not attempt to use it directly. @headername{vector}
        -:   54: */
        -:   55:
        -:   56:#ifndef _STL_VECTOR_H
        -:   57:#define _STL_VECTOR_H 1
        -:   58:
        -:   59:#include <bits/stl_iterator_base_funcs.h>
        -:   60:#include <bits/functexcept.h>
        -:   61:#include <bits/concept_check.h>
        -:   62:#if __cplusplus >= 201103L
        -:   63:#include <initializer_list>
        -:   64:#endif
        -:   65:#if __cplusplus >= 202002L
        -:   66:# include <compare>
        -:   67:#define __cpp_lib_constexpr_vector 201907L
        -:   68:#endif
        -:   69:
        -:   70:#include <debug/assertions.h>
        -:   71:
        -:   72:#if _GLIBCXX_SANITIZE_STD_ALLOCATOR && _GLIBCXX_SANITIZE_VECTOR
        -:   73:extern "C" void
        -:   74:__sanitizer_annotate_contiguous_container(const void*, const void*,
        -:   75:					  const void*, const void*);
        -:   76:#endif
        -:   77:
        -:   78:namespace std _GLIBCXX_VISIBILITY(default)
        -:   79:{
        -:   80:_GLIBCXX_BEGIN_NAMESPACE_VERSION
        -:   81:_GLIBCXX_BEGIN_NAMESPACE_CONTAINER
        -:   82:
        -:   83:  /// See bits/stl_deque.h's _Deque_base for an explanation.
        -:   84:  template<typename _Tp, typename _Alloc>
        -:   85:    struct _Vector_base
        -:   86:    {
        -:   87:      typedef typename __gnu_cxx::__alloc_traits<_Alloc>::template
        -:   88:	rebind<_Tp>::other _Tp_alloc_type;
        -:   89:      typedef typename __gnu_cxx::__alloc_traits<_Tp_alloc_type>::pointer
        -:   90:       	pointer;
        -:   91:
        -:   92:      struct _Vector_impl_data
        -:   93:      {
        -:   94:	pointer _M_start;
        -:   95:	pointer _M_finish;
        -:   96:	pointer _M_end_of_storage;
        -:   97:
        -:   98:	_GLIBCXX20_CONSTEXPR
    1984*:   99:	_Vector_impl_data() _GLIBCXX_NOEXCEPT
    1984*:  100:	: _M_start(), _M_finish(), _M_end_of_storage()
    1984*:  101:	{ }
------------------
_ZNSt12_Vector_baseIySaIyEE17_Vector_impl_dataC2Ev:
function _ZNSt12_Vector_baseIySaIyEE17_Vector_impl_dataC2Ev called 2 returned 100% blocks executed 100%
        2:   99:	_Vector_impl_data() _GLIBCXX_NOEXCEPT
        2:  100:	: _M_start(), _M_finish(), _M_end_of_storage()
        2:  101:	{ }
------------------
_ZNSt12_Vector_baseISt10shared_ptrIN5Catch8TestSpec7PatternEESaIS4_EE17_Vector_impl_dataC2Ev:
function _ZNSt12_Vector_baseISt10shared_ptrIN5Catch8TestSpec7PatternEESaIS4_EE17_Vector_impl_dataC2Ev called 1 returned 100% blocks executed 100%
        1:   99:	_Vector_impl_data() _GLIBCXX_NOEXCEPT
        1:  100:	: _M_start(), _M_finish(), _M_end_of_storage()
        1:  101:	{ }
------------------
_ZNSt12_Vector_baseISt10shared_ptrIN5Catch16TestCaseTracking8ITrackerEESaIS4_EE17_Vector_impl_dataC2Ev:
function _ZNSt12_Vector_baseISt10shared_ptrIN5Catch16TestCaseTracking8ITrackerEESaIS4_EE17_Vector_impl_dataC2Ev called 46 returned 100% blocks executed 100%
       46:   99:	_Vector_impl_data() _GLIBCXX_NOEXCEPT
       46:  100:	: _M_start(), _M_finish(), _M_end_of_storage()
       46:  101:	{ }
------------------
_ZNSt12_Vector_baseIPN5Catch10ISingletonESaIS2_EE17_Vector_impl_dataC2Ev:
function _ZNSt12_Vector_baseIPN5Catch10ISingletonESaIS2_EE17_Vector_impl_dataC2Ev called 1 returned 100% blocks executed 100%
        1:   99:	_Vector_impl_data() _GLIBCXX_NOEXCEPT
        1:  100:	: _M_start(), _M_finish(), _M_end_of_storage()
        1:  101:	{ }
------------------
_ZNSt12_Vector_baseIN5Catch5clara6detail3ArgESaIS3_EE17_Vector_impl_dataC2Ev:
function _ZNSt12_Vector_baseIN5Catch5clara6detail3ArgESaIS3_EE17_Vector_impl_dataC2Ev called 69 returned 100% blocks executed 100%
       69:   99:	_Vector_impl_data() _GLIBCXX_NOEXCEPT
       69:  100:	: _M_start(), _M_finish(), _M_end_of_storage()
       69:  101:	{ }
------------------
_ZNSt12_Vector_baseIN5Catch5clara6detail3OptESaIS3_EE17_Vector_impl_dataC2Ev:
function _ZNSt12_Vector_baseIN5Catch5clara6detail3OptESaIS3_EE17_Vector_impl_dataC2Ev called 69 returned 100% blocks executed 100%
       69:   99:	_Vector_impl_data() _GLIBCXX_NOEXCEPT
       69:  100:	: _M_start(), _M_finish(), _M_end_of_storage()
       69:  101:	{ }
------------------
_ZNSt12_Vector_baseIN5Catch8TestSpec11FilterMatchESaIS2_EE17_Vector_impl_dataC2Ev:
function _ZNSt12_Vector_baseIN5Catch8TestSpec11FilterMatchESaIS2_EE17_Vector_impl_dataC2Ev called 3 returned 100% blocks executed 100%
        3:   99:	_Vector_impl_data() _GLIBCXX_NOEXCEPT
        3:  100:	: _M_start(), _M_finish(), _M_end_of_storage()
        3:  101:	{ }
------------------
_ZNSt12_Vector_baseIPN5Catch16TestCaseTracking8ITrackerESaIS3_EE17_Vector_impl_dataC2Ev:
function _ZNSt12_Vector_baseIPN5Catch16TestCaseTracking8ITrackerESaIS3_EE17_Vector_impl_dataC2Ev called 1 returned 100% blocks executed 100%
        1:   99:	_Vector_impl_data() _GLIBCXX_NOEXCEPT
        1:  100:	: _M_start(), _M_finish(), _M_end_of_storage()
        1:  101:	{ }
------------------
_ZNSt12_Vector_baseIN5Catch14SectionEndInfoESaIS1_EE17_Vector_impl_dataC2Ev:
function _ZNSt12_Vector_baseIN5Catch14SectionEndInfoESaIS1_EE17_Vector_impl_dataC2Ev called 1 returned 100% blocks executed 100%
        1:   99:	_Vector_impl_data() _GLIBCXX_NOEXCEPT
        1:  100:	: _M_start(), _M_finish(), _M_end_of_storage()
        1:  101:	{ }
------------------
_ZNSt12_Vector_baseIN5Catch13ScopedMessageESaIS1_EE17_Vector_impl_dataC2Ev:
function _ZNSt12_Vector_baseIN5Catch13ScopedMessageESaIS1_EE17_Vector_impl_dataC2Ev called 1 returned 100% blocks executed 100%
        1:   99:	_Vector_impl_data() _GLIBCXX_NOEXCEPT
        1:  100:	: _M_start(), _M_finish(), _M_end_of_storage()
        1:  101:	{ }
------------------
_ZNSt12_Vector_baseIN5Catch11MessageInfoESaIS1_EE17_Vector_impl_dataC2Ev:
function _ZNSt12_Vector_baseIN5Catch11MessageInfoESaIS1_EE17_Vector_impl_dataC2Ev called 261 returned 100% blocks executed 100%
      261:   99:	_Vector_impl_data() _GLIBCXX_NOEXCEPT
      261:  100:	: _M_start(), _M_finish(), _M_end_of_storage()
      261:  101:	{ }
------------------
_ZNSt12_Vector_baseISt10unique_ptrIN5Catch18IStreamingReporterESt14default_deleteIS2_EESaIS5_EE17_Vector_impl_dataC2Ev:
function _ZNSt12_Vector_baseISt10unique_ptrIN5Catch18IStreamingReporterESt14default_deleteIS2_EESaIS5_EE17_Vector_impl_dataC2Ev called 0 returned 0% blocks executed 0%
    #####:   99:	_Vector_impl_data() _GLIBCXX_NOEXCEPT
    #####:  100:	: _M_start(), _M_finish(), _M_end_of_storage()
    #####:  101:	{ }
------------------
_ZNSt12_Vector_baseISt4pairIiN5Catch9StringRefEESaIS3_EE17_Vector_impl_dataC2Ev:
function _ZNSt12_Vector_baseISt4pairIiN5Catch9StringRefEESaIS3_EE17_Vector_impl_dataC2Ev called 0 returned 0% blocks executed 0%
    #####:   99:	_Vector_impl_data() _GLIBCXX_NOEXCEPT
    #####:  100:	: _M_start(), _M_finish(), _M_end_of_storage()
    #####:  101:	{ }
------------------
_ZNSt12_Vector_baseIN5Catch8TestSpec6FilterESaIS2_EE17_Vector_impl_dataC2Ev:
function _ZNSt12_Vector_baseIN5Catch8TestSpec6FilterESaIS2_EE17_Vector_impl_dataC2Ev called 4 returned 100% blocks executed 100%
        4:   99:	_Vector_impl_data() _GLIBCXX_NOEXCEPT
        4:  100:	: _M_start(), _M_finish(), _M_end_of_storage()
        4:  101:	{ }
------------------
_ZNSt12_Vector_baseIN5Catch5clara6detail5TokenESaIS3_EE17_Vector_impl_dataC2Ev:
function _ZNSt12_Vector_baseIN5Catch5clara6detail5TokenESaIS3_EE17_Vector_impl_dataC2Ev called 218 returned 100% blocks executed 100%
      218:   99:	_Vector_impl_data() _GLIBCXX_NOEXCEPT
      218:  100:	: _M_start(), _M_finish(), _M_end_of_storage()
      218:  101:	{ }
------------------
_ZNSt12_Vector_baseIN5Catch5clara8TextFlow6Column8iteratorESaIS4_EE17_Vector_impl_dataC2Ev:
function _ZNSt12_Vector_baseIN5Catch5clara8TextFlow6Column8iteratorESaIS4_EE17_Vector_impl_dataC2Ev called 0 returned 0% blocks executed 0%
    #####:   99:	_Vector_impl_data() _GLIBCXX_NOEXCEPT
    #####:  100:	: _M_start(), _M_finish(), _M_end_of_storage()
    #####:  101:	{ }
------------------
_ZNSt12_Vector_baseI7DungeonSaIS0_EE17_Vector_impl_dataC2Ev:
function _ZNSt12_Vector_baseI7DungeonSaIS0_EE17_Vector_impl_dataC2Ev called 1 returned 100% blocks executed 100%
        1:   99:	_Vector_impl_data() _GLIBCXX_NOEXCEPT
        1:  100:	: _M_start(), _M_finish(), _M_end_of_storage()
        1:  101:	{ }
------------------
_ZNSt12_Vector_baseIPKN5Catch8TestCaseESaIS3_EE17_Vector_impl_dataC2Ev:
function _ZNSt12_Vector_baseIPKN5Catch8TestCaseESaIS3_EE17_Vector_impl_dataC2Ev called 0 returned 0% blocks executed 0%
    #####:   99:	_Vector_impl_data() _GLIBCXX_NOEXCEPT
    #####:  100:	: _M_start(), _M_finish(), _M_end_of_storage()
    #####:  101:	{ }
------------------
_ZNSt12_Vector_baseIN5Catch8TestCaseESaIS1_EE17_Vector_impl_dataC2Ev:
function _ZNSt12_Vector_baseIN5Catch8TestCaseESaIS1_EE17_Vector_impl_dataC2Ev called 4 returned 100% blocks executed 100%
        4:   99:	_Vector_impl_data() _GLIBCXX_NOEXCEPT
        4:  100:	: _M_start(), _M_finish(), _M_end_of_storage()
        4:  101:	{ }
------------------
_ZNSt12_Vector_baseINSt7__cxx1112basic_stringIcSt11char_traitsIcESaIcEEESaIS5_EE17_Vector_impl_dataC2Ev:
function _ZNSt12_Vector_baseINSt7__cxx1112basic_stringIcSt11char_traitsIcESaIcEEESaIS5_EE17_Vector_impl_dataC2Ev called 1296 returned 100% blocks executed 100%
     1296:   99:	_Vector_impl_data() _GLIBCXX_NOEXCEPT
     1296:  100:	: _M_start(), _M_finish(), _M_end_of_storage()
     1296:  101:	{ }
------------------
_ZNSt12_Vector_baseIN5Catch5clara6detail11HelpColumnsESaIS3_EE17_Vector_impl_dataC2Ev:
function _ZNSt12_Vector_baseIN5Catch5clara6detail11HelpColumnsESaIS3_EE17_Vector_impl_dataC2Ev called 0 returned 0% blocks executed 0%
    #####:   99:	_Vector_impl_data() _GLIBCXX_NOEXCEPT
    #####:  100:	: _M_start(), _M_finish(), _M_end_of_storage()
    #####:  101:	{ }
------------------
_ZNSt12_Vector_baseIN5Catch5clara8TextFlow6ColumnESaIS3_EE17_Vector_impl_dataC2Ev:
function _ZNSt12_Vector_baseIN5Catch5clara8TextFlow6ColumnESaIS3_EE17_Vector_impl_dataC2Ev called 0 returned 0% blocks executed 0%
    #####:   99:	_Vector_impl_data() _GLIBCXX_NOEXCEPT
    #####:  100:	: _M_start(), _M_finish(), _M_end_of_storage()
    #####:  101:	{ }
------------------
_ZNSt12_Vector_baseINSt15__exception_ptr13exception_ptrESaIS1_EE17_Vector_impl_dataC2Ev:
function _ZNSt12_Vector_baseINSt15__exception_ptr13exception_ptrESaIS1_EE17_Vector_impl_dataC2Ev called 1 returned 100% blocks executed 100%
        1:   99:	_Vector_impl_data() _GLIBCXX_NOEXCEPT
        1:  100:	: _M_start(), _M_finish(), _M_end_of_storage()
        1:  101:	{ }
------------------
_ZNSt12_Vector_baseISt4pairINSt7__cxx1112basic_stringIcSt11char_traitsIcESaIcEEES6_ESaIS7_EE17_Vector_impl_dataC2Ev:
function _ZNSt12_Vector_baseISt4pairINSt7__cxx1112basic_stringIcSt11char_traitsIcESaIcEEES6_ESaIS7_EE17_Vector_impl_dataC2Ev called 0 returned 0% blocks executed 0%
    #####:   99:	_Vector_impl_data() _GLIBCXX_NOEXCEPT
    #####:  100:	: _M_start(), _M_finish(), _M_end_of_storage()
    #####:  101:	{ }
------------------
_ZNSt12_Vector_baseINSt7__cxx1112regex_traitsIcE10_RegexMaskESaIS3_EE17_Vector_impl_dataC2Ev:
function _ZNSt12_Vector_baseINSt7__cxx1112regex_traitsIcE10_RegexMaskESaIS3_EE17_Vector_impl_dataC2Ev called 0 returned 0% blocks executed 0%
    #####:   99:	_Vector_impl_data() _GLIBCXX_NOEXCEPT
    #####:  100:	: _M_start(), _M_finish(), _M_end_of_storage()
    #####:  101:	{ }
------------------
_ZNSt12_Vector_baseISt4pairIccESaIS1_EE17_Vector_impl_dataC2Ev:
function _ZNSt12_Vector_baseISt4pairIccESaIS1_EE17_Vector_impl_dataC2Ev called 0 returned 0% blocks executed 0%
    #####:   99:	_Vector_impl_data() _GLIBCXX_NOEXCEPT
    #####:  100:	: _M_start(), _M_finish(), _M_end_of_storage()
    #####:  101:	{ }
------------------
_ZNSt12_Vector_baseIcSaIcEE17_Vector_impl_dataC2Ev:
function _ZNSt12_Vector_baseIcSaIcEE17_Vector_impl_dataC2Ev called 0 returned 0% blocks executed 0%
    #####:   99:	_Vector_impl_data() _GLIBCXX_NOEXCEPT
    #####:  100:	: _M_start(), _M_finish(), _M_end_of_storage()
    #####:  101:	{ }
------------------
_ZNSt12_Vector_baseISt4pairIN9__gnu_cxx17__normal_iteratorIPKcNSt7__cxx1112basic_stringIcSt11char_traitsIcESaIcEEEEEiESaISC_EE17_Vector_impl_dataC2Ev:
function _ZNSt12_Vector_baseISt4pairIN9__gnu_cxx17__normal_iteratorIPKcNSt7__cxx1112basic_stringIcSt11char_traitsIcESaIcEEEEEiESaISC_EE17_Vector_impl_dataC2Ev called 0 returned 0% blocks executed 0%
    #####:   99:	_Vector_impl_data() _GLIBCXX_NOEXCEPT
    #####:  100:	: _M_start(), _M_finish(), _M_end_of_storage()
    #####:  101:	{ }
------------------
_ZNSt12_Vector_baseISt4pairIlSt6vectorINSt7__cxx119sub_matchIN9__gnu_cxx17__normal_iteratorIPKcNS2_12basic_stringIcSt11char_traitsIcESaIcEEEEEEESaISE_EEESaISH_EE17_Vector_impl_dataC2Ev:
function _ZNSt12_Vector_baseISt4pairIlSt6vectorINSt7__cxx119sub_matchIN9__gnu_cxx17__normal_iteratorIPKcNS2_12basic_stringIcSt11char_traitsIcESaIcEEEEEEESaISE_EEESaISH_EE17_Vector_impl_dataC2Ev called 0 returned 0% blocks executed 0%
    #####:   99:	_Vector_impl_data() _GLIBCXX_NOEXCEPT
    #####:  100:	: _M_start(), _M_finish(), _M_end_of_storage()
    #####:  101:	{ }
------------------
_ZNSt12_Vector_baseINSt7__cxx119sub_matchIN9__gnu_cxx17__normal_iteratorIPKcNS0_12basic_stringIcSt11char_traitsIcESaIcEEEEEEESaISC_EE17_Vector_impl_dataC2Ev:
function _ZNSt12_Vector_baseINSt7__cxx119sub_matchIN9__gnu_cxx17__normal_iteratorIPKcNS0_12basic_stringIcSt11char_traitsIcESaIcEEEEEEESaISC_EE17_Vector_impl_dataC2Ev called 0 returned 0% blocks executed 0%
    #####:   99:	_Vector_impl_data() _GLIBCXX_NOEXCEPT
    #####:  100:	: _M_start(), _M_finish(), _M_end_of_storage()
    #####:  101:	{ }
------------------
_ZNSt12_Vector_baseIN5Catch12_GLOBAL__N_110ColumnInfoESaIS2_EE17_Vector_impl_dataC2Ev:
function _ZNSt12_Vector_baseIN5Catch12_GLOBAL__N_110ColumnInfoESaIS2_EE17_Vector_impl_dataC2Ev called 0 returned 0% blocks executed 0%
    #####:   99:	_Vector_impl_data() _GLIBCXX_NOEXCEPT
    #####:  100:	: _M_start(), _M_finish(), _M_end_of_storage()
    #####:  101:	{ }
------------------
_ZNSt12_Vector_baseISt10unique_ptrINSt7__cxx1119basic_ostringstreamIcSt11char_traitsIcESaIcEEESt14default_deleteIS6_EESaIS9_EE17_Vector_impl_dataC2Ev:
function _ZNSt12_Vector_baseISt10unique_ptrINSt7__cxx1119basic_ostringstreamIcSt11char_traitsIcESaIcEEESt14default_deleteIS6_EESaIS9_EE17_Vector_impl_dataC2Ev called 1 returned 100% blocks executed 100%
        1:   99:	_Vector_impl_data() _GLIBCXX_NOEXCEPT
        1:  100:	: _M_start(), _M_finish(), _M_end_of_storage()
        1:  101:	{ }
------------------
_ZNSt12_Vector_baseISt10unique_ptrIN5Catch6Detail8EnumInfoESt14default_deleteIS3_EESaIS6_EE17_Vector_impl_dataC2Ev:
function _ZNSt12_Vector_baseISt10unique_ptrIN5Catch6Detail8EnumInfoESt14default_deleteIS3_EESaIS6_EE17_Vector_impl_dataC2Ev called 1 returned 100% blocks executed 100%
        1:   99:	_Vector_impl_data() _GLIBCXX_NOEXCEPT
        1:  100:	: _M_start(), _M_finish(), _M_end_of_storage()
        1:  101:	{ }
------------------
_ZNSt12_Vector_baseINSt8__detail6_StateIcEESaIS2_EE17_Vector_impl_dataC2Ev:
function _ZNSt12_Vector_baseINSt8__detail6_StateIcEESaIS2_EE17_Vector_impl_dataC2Ev called 0 returned 0% blocks executed 0%
    #####:   99:	_Vector_impl_data() _GLIBCXX_NOEXCEPT
    #####:  100:	: _M_start(), _M_finish(), _M_end_of_storage()
    #####:  101:	{ }
------------------
_ZNSt12_Vector_baseISt10unique_ptrIKN5Catch20IExceptionTranslatorESt14default_deleteIS3_EESaIS6_EE17_Vector_impl_dataC2Ev:
function _ZNSt12_Vector_baseISt10unique_ptrIKN5Catch20IExceptionTranslatorESt14default_deleteIS3_EESaIS6_EE17_Vector_impl_dataC2Ev called 1 returned 100% blocks executed 100%
        1:   99:	_Vector_impl_data() _GLIBCXX_NOEXCEPT
        1:  100:	: _M_start(), _M_finish(), _M_end_of_storage()
        1:  101:	{ }
------------------
_ZNSt12_Vector_baseISt10shared_ptrIN5Catch16IReporterFactoryEESaIS3_EE17_Vector_impl_dataC2Ev:
function _ZNSt12_Vector_baseISt10shared_ptrIN5Catch16IReporterFactoryEESaIS3_EE17_Vector_impl_dataC2Ev called 1 returned 100% blocks executed 100%
        1:   99:	_Vector_impl_data() _GLIBCXX_NOEXCEPT
        1:  100:	: _M_start(), _M_finish(), _M_end_of_storage()
        1:  101:	{ }
------------------
_ZNSt12_Vector_baseISt10shared_ptrIN5Catch22CumulativeReporterBaseINS1_13JunitReporterEE11SectionNodeEESaIS6_EE17_Vector_impl_dataC2Ev:
function _ZNSt12_Vector_baseISt10shared_ptrIN5Catch22CumulativeReporterBaseINS1_13JunitReporterEE11SectionNodeEESaIS6_EE17_Vector_impl_dataC2Ev called 0 returned 0% blocks executed 0%
    #####:   99:	_Vector_impl_data() _GLIBCXX_NOEXCEPT
    #####:  100:	: _M_start(), _M_finish(), _M_end_of_storage()
    #####:  101:	{ }
------------------
_ZNSt12_Vector_baseISt10shared_ptrIN5Catch22CumulativeReporterBaseINS1_13JunitReporterEE4NodeINS1_12TestRunStatsENS5_INS1_14TestGroupStatsENS5_INS1_13TestCaseStatsENS4_11SectionNodeEEEEEEEESaISD_EE17_Vector_impl_dataC2Ev:
function _ZNSt12_Vector_baseISt10shared_ptrIN5Catch22CumulativeReporterBaseINS1_13JunitReporterEE4NodeINS1_12TestRunStatsENS5_INS1_14TestGroupStatsENS5_INS1_13TestCaseStatsENS4_11SectionNodeEEEEEEEESaISD_EE17_Vector_impl_dataC2Ev called 0 returned 0% blocks executed 0%
    #####:   99:	_Vector_impl_data() _GLIBCXX_NOEXCEPT
    #####:  100:	: _M_start(), _M_finish(), _M_end_of_storage()
    #####:  101:	{ }
------------------
_ZNSt12_Vector_baseISt10shared_ptrIN5Catch22CumulativeReporterBaseINS1_13JunitReporterEE4NodeINS1_14TestGroupStatsENS5_INS1_13TestCaseStatsENS4_11SectionNodeEEEEEESaISB_EE17_Vector_impl_dataC2Ev:
function _ZNSt12_Vector_baseISt10shared_ptrIN5Catch22CumulativeReporterBaseINS1_13JunitReporterEE4NodeINS1_14TestGroupStatsENS5_INS1_13TestCaseStatsENS4_11SectionNodeEEEEEESaISB_EE17_Vector_impl_dataC2Ev called 0 returned 0% blocks executed 0%
    #####:   99:	_Vector_impl_data() _GLIBCXX_NOEXCEPT
    #####:  100:	: _M_start(), _M_finish(), _M_end_of_storage()
    #####:  101:	{ }
------------------
_ZNSt12_Vector_baseISt10shared_ptrIN5Catch22CumulativeReporterBaseINS1_13JunitReporterEE4NodeINS1_13TestCaseStatsENS4_11SectionNodeEEEESaIS9_EE17_Vector_impl_dataC2Ev:
function _ZNSt12_Vector_baseISt10shared_ptrIN5Catch22CumulativeReporterBaseINS1_13JunitReporterEE4NodeINS1_13TestCaseStatsENS4_11SectionNodeEEEESaIS9_EE17_Vector_impl_dataC2Ev called 0 returned 0% blocks executed 0%
    #####:   99:	_Vector_impl_data() _GLIBCXX_NOEXCEPT
    #####:  100:	: _M_start(), _M_finish(), _M_end_of_storage()
    #####:  101:	{ }
------------------
_ZNSt12_Vector_baseISt6vectorISt10shared_ptrIN5Catch22CumulativeReporterBaseINS2_13JunitReporterEE11SectionNodeEESaIS7_EESaIS9_EE17_Vector_impl_dataC2Ev:
function _ZNSt12_Vector_baseISt6vectorISt10shared_ptrIN5Catch22CumulativeReporterBaseINS2_13JunitReporterEE11SectionNodeEESaIS7_EESaIS9_EE17_Vector_impl_dataC2Ev called 0 returned 0% blocks executed 0%
    #####:   99:	_Vector_impl_data() _GLIBCXX_NOEXCEPT
    #####:  100:	: _M_start(), _M_finish(), _M_end_of_storage()
    #####:  101:	{ }
------------------
_ZNSt12_Vector_baseIN5Catch14AssertionStatsESaIS1_EE17_Vector_impl_dataC2Ev:
function _ZNSt12_Vector_baseIN5Catch14AssertionStatsESaIS1_EE17_Vector_impl_dataC2Ev called 0 returned 0% blocks executed 0%
    #####:   99:	_Vector_impl_data() _GLIBCXX_NOEXCEPT
    #####:  100:	: _M_start(), _M_finish(), _M_end_of_storage()
    #####:  101:	{ }
------------------
_ZNSt12_Vector_baseIN5Catch11SectionInfoESaIS1_EE17_Vector_impl_dataC2Ev:
function _ZNSt12_Vector_baseIN5Catch11SectionInfoESaIS1_EE17_Vector_impl_dataC2Ev called 1 returned 100% blocks executed 100%
        1:   99:	_Vector_impl_data() _GLIBCXX_NOEXCEPT
        1:  100:	: _M_start(), _M_finish(), _M_end_of_storage()
        1:  101:	{ }
------------------
        -:  102:
        -:  103:#if __cplusplus >= 201103L
        -:  104:	_GLIBCXX20_CONSTEXPR
     506*:  105:	_Vector_impl_data(_Vector_impl_data&& __x) noexcept
     506*:  106:	: _M_start(__x._M_start), _M_finish(__x._M_finish),
     506*:  107:	  _M_end_of_storage(__x._M_end_of_storage)
     506*:  108:	{ __x._M_start = __x._M_finish = __x._M_end_of_storage = pointer(); }
------------------
_ZNSt12_Vector_baseISt4pairINSt7__cxx1112basic_stringIcSt11char_traitsIcESaIcEEES6_ESaIS7_EE17_Vector_impl_dataC2EOSA_:
function _ZNSt12_Vector_baseISt4pairINSt7__cxx1112basic_stringIcSt11char_traitsIcESaIcEEES6_ESaIS7_EE17_Vector_impl_dataC2EOSA_ called 0 returned 0% blocks executed 0%
    #####:  105:	_Vector_impl_data(_Vector_impl_data&& __x) noexcept
    #####:  106:	: _M_start(__x._M_start), _M_finish(__x._M_finish),
    #####:  107:	  _M_end_of_storage(__x._M_end_of_storage)
    #####:  108:	{ __x._M_start = __x._M_finish = __x._M_end_of_storage = pointer(); }
------------------
_ZNSt12_Vector_baseINSt7__cxx1112regex_traitsIcE10_RegexMaskESaIS3_EE17_Vector_impl_dataC2EOS6_:
function _ZNSt12_Vector_baseINSt7__cxx1112regex_traitsIcE10_RegexMaskESaIS3_EE17_Vector_impl_dataC2EOS6_ called 0 returned 0% blocks executed 0%
    #####:  105:	_Vector_impl_data(_Vector_impl_data&& __x) noexcept
    #####:  106:	: _M_start(__x._M_start), _M_finish(__x._M_finish),
    #####:  107:	  _M_end_of_storage(__x._M_end_of_storage)
    #####:  108:	{ __x._M_start = __x._M_finish = __x._M_end_of_storage = pointer(); }
------------------
_ZNSt12_Vector_baseISt4pairIccESaIS1_EE17_Vector_impl_dataC2EOS4_:
function _ZNSt12_Vector_baseISt4pairIccESaIS1_EE17_Vector_impl_dataC2EOS4_ called 0 returned 0% blocks executed 0%
    #####:  105:	_Vector_impl_data(_Vector_impl_data&& __x) noexcept
    #####:  106:	: _M_start(__x._M_start), _M_finish(__x._M_finish),
    #####:  107:	  _M_end_of_storage(__x._M_end_of_storage)
    #####:  108:	{ __x._M_start = __x._M_finish = __x._M_end_of_storage = pointer(); }
------------------
_ZNSt12_Vector_baseIcSaIcEE17_Vector_impl_dataC2EOS2_:
function _ZNSt12_Vector_baseIcSaIcEE17_Vector_impl_dataC2EOS2_ called 0 returned 0% blocks executed 0%
    #####:  105:	_Vector_impl_data(_Vector_impl_data&& __x) noexcept
    #####:  106:	: _M_start(__x._M_start), _M_finish(__x._M_finish),
    #####:  107:	  _M_end_of_storage(__x._M_end_of_storage)
    #####:  108:	{ __x._M_start = __x._M_finish = __x._M_end_of_storage = pointer(); }
------------------
_ZNSt12_Vector_baseINSt7__cxx119sub_matchIN9__gnu_cxx17__normal_iteratorIPKcNS0_12basic_stringIcSt11char_traitsIcESaIcEEEEEEESaISC_EE17_Vector_impl_dataC2EOSF_:
function _ZNSt12_Vector_baseINSt7__cxx119sub_matchIN9__gnu_cxx17__normal_iteratorIPKcNS0_12basic_stringIcSt11char_traitsIcESaIcEEEEEEESaISC_EE17_Vector_impl_dataC2EOSF_ called 0 returned 0% blocks executed 0%
    #####:  105:	_Vector_impl_data(_Vector_impl_data&& __x) noexcept
    #####:  106:	: _M_start(__x._M_start), _M_finish(__x._M_finish),
    #####:  107:	  _M_end_of_storage(__x._M_end_of_storage)
    #####:  108:	{ __x._M_start = __x._M_finish = __x._M_end_of_storage = pointer(); }
------------------
_ZNSt12_Vector_baseISt10shared_ptrIN5Catch8TestSpec7PatternEESaIS4_EE17_Vector_impl_dataC2EOS7_:
function _ZNSt12_Vector_baseISt10shared_ptrIN5Catch8TestSpec7PatternEESaIS4_EE17_Vector_impl_dataC2EOS7_ called 0 returned 0% blocks executed 0%
    #####:  105:	_Vector_impl_data(_Vector_impl_data&& __x) noexcept
    #####:  106:	: _M_start(__x._M_start), _M_finish(__x._M_finish),
    #####:  107:	  _M_end_of_storage(__x._M_end_of_storage)
    #####:  108:	{ __x._M_start = __x._M_finish = __x._M_end_of_storage = pointer(); }
------------------
_ZNSt12_Vector_baseISt4pairIlSt6vectorINSt7__cxx119sub_matchIN9__gnu_cxx17__normal_iteratorIPKcNS2_12basic_stringIcSt11char_traitsIcESaIcEEEEEEESaISE_EEESaISH_EE17_Vector_impl_dataC2EOSK_:
function _ZNSt12_Vector_baseISt4pairIlSt6vectorINSt7__cxx119sub_matchIN9__gnu_cxx17__normal_iteratorIPKcNS2_12basic_stringIcSt11char_traitsIcESaIcEEEEEEESaISE_EEESaISH_EE17_Vector_impl_dataC2EOSK_ called 0 returned 0% blocks executed 0%
    #####:  105:	_Vector_impl_data(_Vector_impl_data&& __x) noexcept
    #####:  106:	: _M_start(__x._M_start), _M_finish(__x._M_finish),
    #####:  107:	  _M_end_of_storage(__x._M_end_of_storage)
    #####:  108:	{ __x._M_start = __x._M_finish = __x._M_end_of_storage = pointer(); }
------------------
_ZNSt12_Vector_baseIN5Catch12_GLOBAL__N_110ColumnInfoESaIS2_EE17_Vector_impl_dataC2EOS5_:
function _ZNSt12_Vector_baseIN5Catch12_GLOBAL__N_110ColumnInfoESaIS2_EE17_Vector_impl_dataC2EOS5_ called 0 returned 0% blocks executed 0%
    #####:  105:	_Vector_impl_data(_Vector_impl_data&& __x) noexcept
    #####:  106:	: _M_start(__x._M_start), _M_finish(__x._M_finish),
    #####:  107:	  _M_end_of_storage(__x._M_end_of_storage)
    #####:  108:	{ __x._M_start = __x._M_finish = __x._M_end_of_storage = pointer(); }
------------------
_ZNSt12_Vector_baseIN5Catch8TestCaseESaIS1_EE17_Vector_impl_dataC2EOS4_:
function _ZNSt12_Vector_baseIN5Catch8TestCaseESaIS1_EE17_Vector_impl_dataC2EOS4_ called 1 returned 100% blocks executed 100%
        1:  105:	_Vector_impl_data(_Vector_impl_data&& __x) noexcept
        1:  106:	: _M_start(__x._M_start), _M_finish(__x._M_finish),
        1:  107:	  _M_end_of_storage(__x._M_end_of_storage)
        1:  108:	{ __x._M_start = __x._M_finish = __x._M_end_of_storage = pointer(); }
------------------
_ZNSt12_Vector_baseINSt7__cxx1112basic_stringIcSt11char_traitsIcESaIcEEESaIS5_EE17_Vector_impl_dataC2EOS8_:
function _ZNSt12_Vector_baseINSt7__cxx1112basic_stringIcSt11char_traitsIcESaIcEEESaIS5_EE17_Vector_impl_dataC2EOS8_ called 505 returned 100% blocks executed 100%
      505:  105:	_Vector_impl_data(_Vector_impl_data&& __x) noexcept
      505:  106:	: _M_start(__x._M_start), _M_finish(__x._M_finish),
      505:  107:	  _M_end_of_storage(__x._M_end_of_storage)
      505:  108:	{ __x._M_start = __x._M_finish = __x._M_end_of_storage = pointer(); }
------------------
        -:  109:#endif
        -:  110:
        -:  111:	_GLIBCXX20_CONSTEXPR
        -:  112:	void
     270*:  113:	_M_copy_data(_Vector_impl_data const& __x) _GLIBCXX_NOEXCEPT
        -:  114:	{
     270*:  115:	  _M_start = __x._M_start;
     270*:  116:	  _M_finish = __x._M_finish;
     270*:  117:	  _M_end_of_storage = __x._M_end_of_storage;
     270*:  118:	}
------------------
_ZNSt12_Vector_baseISt10shared_ptrIN5Catch22CumulativeReporterBaseINS1_13JunitReporterEE4NodeINS1_14TestGroupStatsENS5_INS1_13TestCaseStatsENS4_11SectionNodeEEEEEESaISB_EE17_Vector_impl_data12_M_copy_dataERKSE_:
function _ZNSt12_Vector_baseISt10shared_ptrIN5Catch22CumulativeReporterBaseINS1_13JunitReporterEE4NodeINS1_14TestGroupStatsENS5_INS1_13TestCaseStatsENS4_11SectionNodeEEEEEESaISB_EE17_Vector_impl_data12_M_copy_dataERKSE_ called 0 returned 0% blocks executed 0%
    #####:  113:	_M_copy_data(_Vector_impl_data const& __x) _GLIBCXX_NOEXCEPT
        -:  114:	{
    #####:  115:	  _M_start = __x._M_start;
    #####:  116:	  _M_finish = __x._M_finish;
    #####:  117:	  _M_end_of_storage = __x._M_end_of_storage;
    #####:  118:	}
------------------
_ZNSt12_Vector_baseINSt7__cxx119sub_matchIN9__gnu_cxx17__normal_iteratorIPKcNS0_12basic_stringIcSt11char_traitsIcESaIcEEEEEEESaISC_EE17_Vector_impl_data12_M_copy_dataERKSF_:
function _ZNSt12_Vector_baseINSt7__cxx119sub_matchIN9__gnu_cxx17__normal_iteratorIPKcNS0_12basic_stringIcSt11char_traitsIcESaIcEEEEEEESaISC_EE17_Vector_impl_data12_M_copy_dataERKSF_ called 0 returned 0% blocks executed 0%
    #####:  113:	_M_copy_data(_Vector_impl_data const& __x) _GLIBCXX_NOEXCEPT
        -:  114:	{
    #####:  115:	  _M_start = __x._M_start;
    #####:  116:	  _M_finish = __x._M_finish;
    #####:  117:	  _M_end_of_storage = __x._M_end_of_storage;
    #####:  118:	}
------------------
_ZNSt12_Vector_baseIPKN5Catch8TestCaseESaIS3_EE17_Vector_impl_data12_M_copy_dataERKS6_:
function _ZNSt12_Vector_baseIPKN5Catch8TestCaseESaIS3_EE17_Vector_impl_data12_M_copy_dataERKS6_ called 0 returned 0% blocks executed 0%
    #####:  113:	_M_copy_data(_Vector_impl_data const& __x) _GLIBCXX_NOEXCEPT
        -:  114:	{
    #####:  115:	  _M_start = __x._M_start;
    #####:  116:	  _M_finish = __x._M_finish;
    #####:  117:	  _M_end_of_storage = __x._M_end_of_storage;
    #####:  118:	}
------------------
_ZNSt12_Vector_baseISt10shared_ptrIN5Catch22CumulativeReporterBaseINS1_13JunitReporterEE4NodeINS1_13TestCaseStatsENS4_11SectionNodeEEEESaIS9_EE17_Vector_impl_data12_M_copy_dataERKSC_:
function _ZNSt12_Vector_baseISt10shared_ptrIN5Catch22CumulativeReporterBaseINS1_13JunitReporterEE4NodeINS1_13TestCaseStatsENS4_11SectionNodeEEEESaIS9_EE17_Vector_impl_data12_M_copy_dataERKSC_ called 0 returned 0% blocks executed 0%
    #####:  113:	_M_copy_data(_Vector_impl_data const& __x) _GLIBCXX_NOEXCEPT
        -:  114:	{
    #####:  115:	  _M_start = __x._M_start;
    #####:  116:	  _M_finish = __x._M_finish;
    #####:  117:	  _M_end_of_storage = __x._M_end_of_storage;
    #####:  118:	}
------------------
_ZNSt12_Vector_baseISt10shared_ptrIN5Catch8TestSpec7PatternEESaIS4_EE17_Vector_impl_data12_M_copy_dataERKS7_:
function _ZNSt12_Vector_baseISt10shared_ptrIN5Catch8TestSpec7PatternEESaIS4_EE17_Vector_impl_data12_M_copy_dataERKS7_ called 0 returned 0% blocks executed 0%
    #####:  113:	_M_copy_data(_Vector_impl_data const& __x) _GLIBCXX_NOEXCEPT
        -:  114:	{
    #####:  115:	  _M_start = __x._M_start;
    #####:  116:	  _M_finish = __x._M_finish;
    #####:  117:	  _M_end_of_storage = __x._M_end_of_storage;
    #####:  118:	}
------------------
_ZNSt12_Vector_baseIN5Catch8TestCaseESaIS1_EE17_Vector_impl_data12_M_copy_dataERKS4_:
function _ZNSt12_Vector_baseIN5Catch8TestCaseESaIS1_EE17_Vector_impl_data12_M_copy_dataERKS4_ called 6 returned 100% blocks executed 100%
        6:  113:	_M_copy_data(_Vector_impl_data const& __x) _GLIBCXX_NOEXCEPT
        -:  114:	{
        6:  115:	  _M_start = __x._M_start;
        6:  116:	  _M_finish = __x._M_finish;
        6:  117:	  _M_end_of_storage = __x._M_end_of_storage;
        6:  118:	}
------------------
_ZNSt12_Vector_baseIN5Catch5clara6detail3ArgESaIS3_EE17_Vector_impl_data12_M_copy_dataERKS6_:
function _ZNSt12_Vector_baseIN5Catch5clara6detail3ArgESaIS3_EE17_Vector_impl_data12_M_copy_dataERKS6_ called 6 returned 100% blocks executed 100%
        6:  113:	_M_copy_data(_Vector_impl_data const& __x) _GLIBCXX_NOEXCEPT
        -:  114:	{
        6:  115:	  _M_start = __x._M_start;
        6:  116:	  _M_finish = __x._M_finish;
        6:  117:	  _M_end_of_storage = __x._M_end_of_storage;
        6:  118:	}
------------------
_ZNSt12_Vector_baseIN5Catch5clara6detail3OptESaIS3_EE17_Vector_impl_data12_M_copy_dataERKS6_:
function _ZNSt12_Vector_baseIN5Catch5clara6detail3OptESaIS3_EE17_Vector_impl_data12_M_copy_dataERKS6_ called 6 returned 100% blocks executed 100%
        6:  113:	_M_copy_data(_Vector_impl_data const& __x) _GLIBCXX_NOEXCEPT
        -:  114:	{
        6:  115:	  _M_start = __x._M_start;
        6:  116:	  _M_finish = __x._M_finish;
        6:  117:	  _M_end_of_storage = __x._M_end_of_storage;
        6:  118:	}
------------------
_ZNSt12_Vector_baseIN5Catch8TestSpec11FilterMatchESaIS2_EE17_Vector_impl_data12_M_copy_dataERKS5_:
function _ZNSt12_Vector_baseIN5Catch8TestSpec11FilterMatchESaIS2_EE17_Vector_impl_data12_M_copy_dataERKS5_ called 6 returned 100% blocks executed 100%
        6:  113:	_M_copy_data(_Vector_impl_data const& __x) _GLIBCXX_NOEXCEPT
        -:  114:	{
        6:  115:	  _M_start = __x._M_start;
        6:  116:	  _M_finish = __x._M_finish;
        6:  117:	  _M_end_of_storage = __x._M_end_of_storage;
        6:  118:	}
------------------
_ZNSt12_Vector_baseINSt7__cxx1112basic_stringIcSt11char_traitsIcESaIcEEESaIS5_EE17_Vector_impl_data12_M_copy_dataERKS8_:
function _ZNSt12_Vector_baseINSt7__cxx1112basic_stringIcSt11char_traitsIcESaIcEEESaIS5_EE17_Vector_impl_data12_M_copy_dataERKS8_ called 240 returned 100% blocks executed 100%
      240:  113:	_M_copy_data(_Vector_impl_data const& __x) _GLIBCXX_NOEXCEPT
        -:  114:	{
      240:  115:	  _M_start = __x._M_start;
      240:  116:	  _M_finish = __x._M_finish;
      240:  117:	  _M_end_of_storage = __x._M_end_of_storage;
      240:  118:	}
------------------
_ZNSt12_Vector_baseIN5Catch8TestSpec6FilterESaIS2_EE17_Vector_impl_data12_M_copy_dataERKS5_:
function _ZNSt12_Vector_baseIN5Catch8TestSpec6FilterESaIS2_EE17_Vector_impl_data12_M_copy_dataERKS5_ called 6 returned 100% blocks executed 100%
        6:  113:	_M_copy_data(_Vector_impl_data const& __x) _GLIBCXX_NOEXCEPT
        -:  114:	{
        6:  115:	  _M_start = __x._M_start;
        6:  116:	  _M_finish = __x._M_finish;
        6:  117:	  _M_end_of_storage = __x._M_end_of_storage;
        6:  118:	}
------------------
        -:  119:
        -:  120:	_GLIBCXX20_CONSTEXPR
        -:  121:	void
      90*:  122:	_M_swap_data(_Vector_impl_data& __x) _GLIBCXX_NOEXCEPT
        -:  123:	{
        -:  124:	  // Do not use std::swap(_M_start, __x._M_start), etc as it loses
        -:  125:	  // information used by TBAA.
      90*:  126:	  _Vector_impl_data __tmp;
      90*:  127:	  __tmp._M_copy_data(*this);
      90*:  128:	  _M_copy_data(__x);
      90*:  129:	  __x._M_copy_data(__tmp);
      90*:  130:	}
------------------
_ZNSt12_Vector_baseISt10shared_ptrIN5Catch22CumulativeReporterBaseINS1_13JunitReporterEE4NodeINS1_14TestGroupStatsENS5_INS1_13TestCaseStatsENS4_11SectionNodeEEEEEESaISB_EE17_Vector_impl_data12_M_swap_dataERSE_:
function _ZNSt12_Vector_baseISt10shared_ptrIN5Catch22CumulativeReporterBaseINS1_13JunitReporterEE4NodeINS1_14TestGroupStatsENS5_INS1_13TestCaseStatsENS4_11SectionNodeEEEEEESaISB_EE17_Vector_impl_data12_M_swap_dataERSE_ called 0 returned 0% blocks executed 0%
    #####:  122:	_M_swap_data(_Vector_impl_data& __x) _GLIBCXX_NOEXCEPT
        -:  123:	{
        -:  124:	  // Do not use std::swap(_M_start, __x._M_start), etc as it loses
        -:  125:	  // information used by TBAA.
    #####:  126:	  _Vector_impl_data __tmp;
    #####:  127:	  __tmp._M_copy_data(*this);
    %%%%%:  127-block  0
call    0 never executed
    #####:  128:	  _M_copy_data(__x);
call    0 never executed
    #####:  129:	  __x._M_copy_data(__tmp);
call    0 never executed
    #####:  130:	}
------------------
_ZNSt12_Vector_baseINSt7__cxx119sub_matchIN9__gnu_cxx17__normal_iteratorIPKcNS0_12basic_stringIcSt11char_traitsIcESaIcEEEEEEESaISC_EE17_Vector_impl_data12_M_swap_dataERSF_:
function _ZNSt12_Vector_baseINSt7__cxx119sub_matchIN9__gnu_cxx17__normal_iteratorIPKcNS0_12basic_stringIcSt11char_traitsIcESaIcEEEEEEESaISC_EE17_Vector_impl_data12_M_swap_dataERSF_ called 0 returned 0% blocks executed 0%
    #####:  122:	_M_swap_data(_Vector_impl_data& __x) _GLIBCXX_NOEXCEPT
        -:  123:	{
        -:  124:	  // Do not use std::swap(_M_start, __x._M_start), etc as it loses
        -:  125:	  // information used by TBAA.
    #####:  126:	  _Vector_impl_data __tmp;
    #####:  127:	  __tmp._M_copy_data(*this);
    %%%%%:  127-block  0
call    0 never executed
    #####:  128:	  _M_copy_data(__x);
call    0 never executed
    #####:  129:	  __x._M_copy_data(__tmp);
call    0 never executed
    #####:  130:	}
------------------
_ZNSt12_Vector_baseIPKN5Catch8TestCaseESaIS3_EE17_Vector_impl_data12_M_swap_dataERS6_:
function _ZNSt12_Vector_baseIPKN5Catch8TestCaseESaIS3_EE17_Vector_impl_data12_M_swap_dataERS6_ called 0 returned 0% blocks executed 0%
    #####:  122:	_M_swap_data(_Vector_impl_data& __x) _GLIBCXX_NOEXCEPT
        -:  123:	{
        -:  124:	  // Do not use std::swap(_M_start, __x._M_start), etc as it loses
        -:  125:	  // information used by TBAA.
    #####:  126:	  _Vector_impl_data __tmp;
    #####:  127:	  __tmp._M_copy_data(*this);
    %%%%%:  127-block  0
call    0 never executed
    #####:  128:	  _M_copy_data(__x);
call    0 never executed
    #####:  129:	  __x._M_copy_data(__tmp);
call    0 never executed
    #####:  130:	}
------------------
_ZNSt12_Vector_baseISt10shared_ptrIN5Catch22CumulativeReporterBaseINS1_13JunitReporterEE4NodeINS1_13TestCaseStatsENS4_11SectionNodeEEEESaIS9_EE17_Vector_impl_data12_M_swap_dataERSC_:
function _ZNSt12_Vector_baseISt10shared_ptrIN5Catch22CumulativeReporterBaseINS1_13JunitReporterEE4NodeINS1_13TestCaseStatsENS4_11SectionNodeEEEESaIS9_EE17_Vector_impl_data12_M_swap_dataERSC_ called 0 returned 0% blocks executed 0%
    #####:  122:	_M_swap_data(_Vector_impl_data& __x) _GLIBCXX_NOEXCEPT
        -:  123:	{
        -:  124:	  // Do not use std::swap(_M_start, __x._M_start), etc as it loses
        -:  125:	  // information used by TBAA.
    #####:  126:	  _Vector_impl_data __tmp;
    #####:  127:	  __tmp._M_copy_data(*this);
    %%%%%:  127-block  0
call    0 never executed
    #####:  128:	  _M_copy_data(__x);
call    0 never executed
    #####:  129:	  __x._M_copy_data(__tmp);
call    0 never executed
    #####:  130:	}
------------------
_ZNSt12_Vector_baseISt10shared_ptrIN5Catch8TestSpec7PatternEESaIS4_EE17_Vector_impl_data12_M_swap_dataERS7_:
function _ZNSt12_Vector_baseISt10shared_ptrIN5Catch8TestSpec7PatternEESaIS4_EE17_Vector_impl_data12_M_swap_dataERS7_ called 0 returned 0% blocks executed 0%
    #####:  122:	_M_swap_data(_Vector_impl_data& __x) _GLIBCXX_NOEXCEPT
        -:  123:	{
        -:  124:	  // Do not use std::swap(_M_start, __x._M_start), etc as it loses
        -:  125:	  // information used by TBAA.
    #####:  126:	  _Vector_impl_data __tmp;
    #####:  127:	  __tmp._M_copy_data(*this);
    %%%%%:  127-block  0
call    0 never executed
    #####:  128:	  _M_copy_data(__x);
call    0 never executed
    #####:  129:	  __x._M_copy_data(__tmp);
call    0 never executed
    #####:  130:	}
------------------
_ZNSt12_Vector_baseIN5Catch8TestCaseESaIS1_EE17_Vector_impl_data12_M_swap_dataERS4_:
function _ZNSt12_Vector_baseIN5Catch8TestCaseESaIS1_EE17_Vector_impl_data12_M_swap_dataERS4_ called 2 returned 100% blocks executed 100%
        2:  122:	_M_swap_data(_Vector_impl_data& __x) _GLIBCXX_NOEXCEPT
        -:  123:	{
        -:  124:	  // Do not use std::swap(_M_start, __x._M_start), etc as it loses
        -:  125:	  // information used by TBAA.
        2:  126:	  _Vector_impl_data __tmp;
        2:  127:	  __tmp._M_copy_data(*this);
        2:  127-block  0
call    0 returned 2
        2:  128:	  _M_copy_data(__x);
call    0 returned 2
        2:  129:	  __x._M_copy_data(__tmp);
call    0 returned 2
        2:  130:	}
------------------
_ZNSt12_Vector_baseIN5Catch5clara6detail3ArgESaIS3_EE17_Vector_impl_data12_M_swap_dataERS6_:
function _ZNSt12_Vector_baseIN5Catch5clara6detail3ArgESaIS3_EE17_Vector_impl_data12_M_swap_dataERS6_ called 2 returned 100% blocks executed 100%
        2:  122:	_M_swap_data(_Vector_impl_data& __x) _GLIBCXX_NOEXCEPT
        -:  123:	{
        -:  124:	  // Do not use std::swap(_M_start, __x._M_start), etc as it loses
        -:  125:	  // information used by TBAA.
        2:  126:	  _Vector_impl_data __tmp;
        2:  127:	  __tmp._M_copy_data(*this);
        2:  127-block  0
call    0 returned 2
        2:  128:	  _M_copy_data(__x);
call    0 returned 2
        2:  129:	  __x._M_copy_data(__tmp);
call    0 returned 2
        2:  130:	}
------------------
_ZNSt12_Vector_baseIN5Catch5clara6detail3OptESaIS3_EE17_Vector_impl_data12_M_swap_dataERS6_:
function _ZNSt12_Vector_baseIN5Catch5clara6detail3OptESaIS3_EE17_Vector_impl_data12_M_swap_dataERS6_ called 2 returned 100% blocks executed 100%
        2:  122:	_M_swap_data(_Vector_impl_data& __x) _GLIBCXX_NOEXCEPT
        -:  123:	{
        -:  124:	  // Do not use std::swap(_M_start, __x._M_start), etc as it loses
        -:  125:	  // information used by TBAA.
        2:  126:	  _Vector_impl_data __tmp;
        2:  127:	  __tmp._M_copy_data(*this);
        2:  127-block  0
call    0 returned 2
        2:  128:	  _M_copy_data(__x);
call    0 returned 2
        2:  129:	  __x._M_copy_data(__tmp);
call    0 returned 2
        2:  130:	}
------------------
_ZNSt12_Vector_baseIN5Catch8TestSpec11FilterMatchESaIS2_EE17_Vector_impl_data12_M_swap_dataERS5_:
function _ZNSt12_Vector_baseIN5Catch8TestSpec11FilterMatchESaIS2_EE17_Vector_impl_data12_M_swap_dataERS5_ called 2 returned 100% blocks executed 100%
        2:  122:	_M_swap_data(_Vector_impl_data& __x) _GLIBCXX_NOEXCEPT
        -:  123:	{
        -:  124:	  // Do not use std::swap(_M_start, __x._M_start), etc as it loses
        -:  125:	  // information used by TBAA.
        2:  126:	  _Vector_impl_data __tmp;
        2:  127:	  __tmp._M_copy_data(*this);
        2:  127-block  0
call    0 returned 2
        2:  128:	  _M_copy_data(__x);
call    0 returned 2
        2:  129:	  __x._M_copy_data(__tmp);
call    0 returned 2
        2:  130:	}
------------------
_ZNSt12_Vector_baseINSt7__cxx1112basic_stringIcSt11char_traitsIcESaIcEEESaIS5_EE17_Vector_impl_data12_M_swap_dataERS8_:
function _ZNSt12_Vector_baseINSt7__cxx1112basic_stringIcSt11char_traitsIcESaIcEEESaIS5_EE17_Vector_impl_data12_M_swap_dataERS8_ called 80 returned 100% blocks executed 100%
       80:  122:	_M_swap_data(_Vector_impl_data& __x) _GLIBCXX_NOEXCEPT
        -:  123:	{
        -:  124:	  // Do not use std::swap(_M_start, __x._M_start), etc as it loses
        -:  125:	  // information used by TBAA.
       80:  126:	  _Vector_impl_data __tmp;
       80:  127:	  __tmp._M_copy_data(*this);
       80:  127-block  0
call    0 returned 80
       80:  128:	  _M_copy_data(__x);
call    0 returned 80
       80:  129:	  __x._M_copy_data(__tmp);
call    0 returned 80
       80:  130:	}
------------------
_ZNSt12_Vector_baseIN5Catch8TestSpec6FilterESaIS2_EE17_Vector_impl_data12_M_swap_dataERS5_:
function _ZNSt12_Vector_baseIN5Catch8TestSpec6FilterESaIS2_EE17_Vector_impl_data12_M_swap_dataERS5_ called 2 returned 100% blocks executed 100%
        2:  122:	_M_swap_data(_Vector_impl_data& __x) _GLIBCXX_NOEXCEPT
        -:  123:	{
        -:  124:	  // Do not use std::swap(_M_start, __x._M_start), etc as it loses
        -:  125:	  // information used by TBAA.
        2:  126:	  _Vector_impl_data __tmp;
        2:  127:	  __tmp._M_copy_data(*this);
        2:  127-block  0
call    0 returned 2
        2:  128:	  _M_copy_data(__x);
call    0 returned 2
        2:  129:	  __x._M_copy_data(__tmp);
call    0 returned 2
        2:  130:	}
------------------
        -:  131:      };
        -:  132:
        -:  133:      struct _Vector_impl
        -:  134:	: public _Tp_alloc_type, public _Vector_impl_data
        -:  135:      {
        -:  136:	_GLIBCXX20_CONSTEXPR
     190*:  137:	_Vector_impl() _GLIBCXX_NOEXCEPT_IF(
        -:  138:	    is_nothrow_default_constructible<_Tp_alloc_type>::value)
     190*:  139:	: _Tp_alloc_type()
     190*:  140:	{ }
------------------
_ZNSt12_Vector_baseIySaIyEE12_Vector_implC1Ev:
function _ZNSt12_Vector_baseIySaIyEE12_Vector_implC1Ev called 2 returned 100% blocks executed 100%
        2:  137:	_Vector_impl() _GLIBCXX_NOEXCEPT_IF(
        2:  137-block  0
        -:  138:	    is_nothrow_default_constructible<_Tp_alloc_type>::value)
        2:  139:	: _Tp_alloc_type()
        2:  139-block  0
call    0 returned 2
        2:  140:	{ }
------------------
_ZNSt12_Vector_baseISt10shared_ptrIN5Catch16TestCaseTracking8ITrackerEESaIS4_EE12_Vector_implC1Ev:
function _ZNSt12_Vector_baseISt10shared_ptrIN5Catch16TestCaseTracking8ITrackerEESaIS4_EE12_Vector_implC1Ev called 46 returned 100% blocks executed 100%
       46:  137:	_Vector_impl() _GLIBCXX_NOEXCEPT_IF(
       46:  137-block  0
        -:  138:	    is_nothrow_default_constructible<_Tp_alloc_type>::value)
       46:  139:	: _Tp_alloc_type()
       46:  139-block  0
call    0 returned 46
       46:  140:	{ }
------------------
_ZNSt12_Vector_baseIPN5Catch10ISingletonESaIS2_EE12_Vector_implC1Ev:
function _ZNSt12_Vector_baseIPN5Catch10ISingletonESaIS2_EE12_Vector_implC1Ev called 1 returned 100% blocks executed 100%
        1:  137:	_Vector_impl() _GLIBCXX_NOEXCEPT_IF(
        1:  137-block  0
        -:  138:	    is_nothrow_default_constructible<_Tp_alloc_type>::value)
        1:  139:	: _Tp_alloc_type()
        1:  139-block  0
call    0 returned 1
        1:  140:	{ }
------------------
_ZNSt12_Vector_baseIN5Catch5clara6detail3ArgESaIS3_EE12_Vector_implC1Ev:
function _ZNSt12_Vector_baseIN5Catch5clara6detail3ArgESaIS3_EE12_Vector_implC1Ev called 2 returned 100% blocks executed 100%
        2:  137:	_Vector_impl() _GLIBCXX_NOEXCEPT_IF(
        2:  137-block  0
        -:  138:	    is_nothrow_default_constructible<_Tp_alloc_type>::value)
        2:  139:	: _Tp_alloc_type()
        2:  139-block  0
call    0 returned 2
        2:  140:	{ }
------------------
_ZNSt12_Vector_baseIN5Catch5clara6detail3OptESaIS3_EE12_Vector_implC1Ev:
function _ZNSt12_Vector_baseIN5Catch5clara6detail3OptESaIS3_EE12_Vector_implC1Ev called 2 returned 100% blocks executed 100%
        2:  137:	_Vector_impl() _GLIBCXX_NOEXCEPT_IF(
        2:  137-block  0
        -:  138:	    is_nothrow_default_constructible<_Tp_alloc_type>::value)
        2:  139:	: _Tp_alloc_type()
        2:  139-block  0
call    0 returned 2
        2:  140:	{ }
------------------
_ZNSt12_Vector_baseIN5Catch8TestSpec11FilterMatchESaIS2_EE12_Vector_implC1Ev:
function _ZNSt12_Vector_baseIN5Catch8TestSpec11FilterMatchESaIS2_EE12_Vector_implC1Ev called 1 returned 100% blocks executed 100%
        1:  137:	_Vector_impl() _GLIBCXX_NOEXCEPT_IF(
        1:  137-block  0
        -:  138:	    is_nothrow_default_constructible<_Tp_alloc_type>::value)
        1:  139:	: _Tp_alloc_type()
        1:  139-block  0
call    0 returned 1
        1:  140:	{ }
------------------
_ZNSt12_Vector_baseIPN5Catch16TestCaseTracking8ITrackerESaIS3_EE12_Vector_implC1Ev:
function _ZNSt12_Vector_baseIPN5Catch16TestCaseTracking8ITrackerESaIS3_EE12_Vector_implC1Ev called 1 returned 100% blocks executed 100%
        1:  137:	_Vector_impl() _GLIBCXX_NOEXCEPT_IF(
        1:  137-block  0
        -:  138:	    is_nothrow_default_constructible<_Tp_alloc_type>::value)
        1:  139:	: _Tp_alloc_type()
        1:  139-block  0
call    0 returned 1
        1:  140:	{ }
------------------
_ZNSt12_Vector_baseIN5Catch14SectionEndInfoESaIS1_EE12_Vector_implC1Ev:
function _ZNSt12_Vector_baseIN5Catch14SectionEndInfoESaIS1_EE12_Vector_implC1Ev called 1 returned 100% blocks executed 100%
        1:  137:	_Vector_impl() _GLIBCXX_NOEXCEPT_IF(
        1:  137-block  0
        -:  138:	    is_nothrow_default_constructible<_Tp_alloc_type>::value)
        1:  139:	: _Tp_alloc_type()
        1:  139-block  0
call    0 returned 1
        1:  140:	{ }
------------------
_ZNSt12_Vector_baseIN5Catch13ScopedMessageESaIS1_EE12_Vector_implC1Ev:
function _ZNSt12_Vector_baseIN5Catch13ScopedMessageESaIS1_EE12_Vector_implC1Ev called 1 returned 100% blocks executed 100%
        1:  137:	_Vector_impl() _GLIBCXX_NOEXCEPT_IF(
        1:  137-block  0
        -:  138:	    is_nothrow_default_constructible<_Tp_alloc_type>::value)
        1:  139:	: _Tp_alloc_type()
        1:  139-block  0
call    0 returned 1
        1:  140:	{ }
------------------
_ZNSt12_Vector_baseIN5Catch11MessageInfoESaIS1_EE12_Vector_implC1Ev:
function _ZNSt12_Vector_baseIN5Catch11MessageInfoESaIS1_EE12_Vector_implC1Ev called 1 returned 100% blocks executed 100%
        1:  137:	_Vector_impl() _GLIBCXX_NOEXCEPT_IF(
        1:  137-block  0
        -:  138:	    is_nothrow_default_constructible<_Tp_alloc_type>::value)
        1:  139:	: _Tp_alloc_type()
        1:  139-block  0
call    0 returned 1
        1:  140:	{ }
------------------
_ZNSt12_Vector_baseISt10shared_ptrIN5Catch8TestSpec7PatternEESaIS4_EE12_Vector_implC1Ev:
function _ZNSt12_Vector_baseISt10shared_ptrIN5Catch8TestSpec7PatternEESaIS4_EE12_Vector_implC1Ev called 1 returned 100% blocks executed 100%
        1:  137:	_Vector_impl() _GLIBCXX_NOEXCEPT_IF(
        1:  137-block  0
        -:  138:	    is_nothrow_default_constructible<_Tp_alloc_type>::value)
        1:  139:	: _Tp_alloc_type()
        1:  139-block  0
call    0 returned 1
        1:  140:	{ }
------------------
_ZNSt12_Vector_baseISt4pairIiN5Catch9StringRefEESaIS3_EE12_Vector_implC1Ev:
function _ZNSt12_Vector_baseISt4pairIiN5Catch9StringRefEESaIS3_EE12_Vector_implC1Ev called 0 returned 0% blocks executed 0%
    #####:  137:	_Vector_impl() _GLIBCXX_NOEXCEPT_IF(
    %%%%%:  137-block  0
        -:  138:	    is_nothrow_default_constructible<_Tp_alloc_type>::value)
    #####:  139:	: _Tp_alloc_type()
    %%%%%:  139-block  0
call    0 never executed
    #####:  140:	{ }
------------------
_ZNSt12_Vector_baseIN5Catch8TestSpec6FilterESaIS2_EE12_Vector_implC1Ev:
function _ZNSt12_Vector_baseIN5Catch8TestSpec6FilterESaIS2_EE12_Vector_implC1Ev called 2 returned 100% blocks executed 100%
        2:  137:	_Vector_impl() _GLIBCXX_NOEXCEPT_IF(
        2:  137-block  0
        -:  138:	    is_nothrow_default_constructible<_Tp_alloc_type>::value)
        2:  139:	: _Tp_alloc_type()
        2:  139-block  0
call    0 returned 2
        2:  140:	{ }
------------------
_ZNSt12_Vector_baseIN5Catch5clara6detail5TokenESaIS3_EE12_Vector_implC1Ev:
function _ZNSt12_Vector_baseIN5Catch5clara6detail5TokenESaIS3_EE12_Vector_implC1Ev called 1 returned 100% blocks executed 100%
        1:  137:	_Vector_impl() _GLIBCXX_NOEXCEPT_IF(
        1:  137-block  0
        -:  138:	    is_nothrow_default_constructible<_Tp_alloc_type>::value)
        1:  139:	: _Tp_alloc_type()
        1:  139-block  0
call    0 returned 1
        1:  140:	{ }
------------------
_ZNSt12_Vector_baseIN5Catch5clara8TextFlow6Column8iteratorESaIS4_EE12_Vector_implC1Ev:
function _ZNSt12_Vector_baseIN5Catch5clara8TextFlow6Column8iteratorESaIS4_EE12_Vector_implC1Ev called 0 returned 0% blocks executed 0%
    #####:  137:	_Vector_impl() _GLIBCXX_NOEXCEPT_IF(
    %%%%%:  137-block  0
        -:  138:	    is_nothrow_default_constructible<_Tp_alloc_type>::value)
    #####:  139:	: _Tp_alloc_type()
    %%%%%:  139-block  0
call    0 never executed
    #####:  140:	{ }
------------------
_ZNSt12_Vector_baseI7DungeonSaIS0_EE12_Vector_implC1Ev:
function _ZNSt12_Vector_baseI7DungeonSaIS0_EE12_Vector_implC1Ev called 1 returned 100% blocks executed 100%
        1:  137:	_Vector_impl() _GLIBCXX_NOEXCEPT_IF(
        1:  137-block  0
        -:  138:	    is_nothrow_default_constructible<_Tp_alloc_type>::value)
        1:  139:	: _Tp_alloc_type()
        1:  139-block  0
call    0 returned 1
        1:  140:	{ }
------------------
_ZNSt12_Vector_baseIPKN5Catch8TestCaseESaIS3_EE12_Vector_implC1Ev:
function _ZNSt12_Vector_baseIPKN5Catch8TestCaseESaIS3_EE12_Vector_implC1Ev called 0 returned 0% blocks executed 0%
    #####:  137:	_Vector_impl() _GLIBCXX_NOEXCEPT_IF(
    %%%%%:  137-block  0
        -:  138:	    is_nothrow_default_constructible<_Tp_alloc_type>::value)
    #####:  139:	: _Tp_alloc_type()
    %%%%%:  139-block  0
call    0 never executed
    #####:  140:	{ }
------------------
_ZNSt12_Vector_baseIN5Catch8TestCaseESaIS1_EE12_Vector_implC1Ev:
function _ZNSt12_Vector_baseIN5Catch8TestCaseESaIS1_EE12_Vector_implC1Ev called 2 returned 100% blocks executed 100%
        2:  137:	_Vector_impl() _GLIBCXX_NOEXCEPT_IF(
        2:  137-block  0
        -:  138:	    is_nothrow_default_constructible<_Tp_alloc_type>::value)
        2:  139:	: _Tp_alloc_type()
        2:  139-block  0
call    0 returned 2
        2:  140:	{ }
------------------
_ZNSt12_Vector_baseINSt7__cxx1112basic_stringIcSt11char_traitsIcESaIcEEESaIS5_EE12_Vector_implC1Ev:
function _ZNSt12_Vector_baseINSt7__cxx1112basic_stringIcSt11char_traitsIcESaIcEEESaIS5_EE12_Vector_implC1Ev called 119 returned 100% blocks executed 100%
      119:  137:	_Vector_impl() _GLIBCXX_NOEXCEPT_IF(
      119:  137-block  0
        -:  138:	    is_nothrow_default_constructible<_Tp_alloc_type>::value)
      119:  139:	: _Tp_alloc_type()
      119:  139-block  0
call    0 returned 119
      119:  140:	{ }
------------------
_ZNSt12_Vector_baseISt10shared_ptrIN5Catch16IReporterFactoryEESaIS3_EE12_Vector_implC1Ev:
function _ZNSt12_Vector_baseISt10shared_ptrIN5Catch16IReporterFactoryEESaIS3_EE12_Vector_implC1Ev called 1 returned 100% blocks executed 100%
        1:  137:	_Vector_impl() _GLIBCXX_NOEXCEPT_IF(
        1:  137-block  0
        -:  138:	    is_nothrow_default_constructible<_Tp_alloc_type>::value)
        1:  139:	: _Tp_alloc_type()
        1:  139-block  0
call    0 returned 1
        1:  140:	{ }
------------------
_ZNSt12_Vector_baseISt4pairINSt7__cxx1112basic_stringIcSt11char_traitsIcESaIcEEES6_ESaIS7_EE12_Vector_implC1Ev:
function _ZNSt12_Vector_baseISt4pairINSt7__cxx1112basic_stringIcSt11char_traitsIcESaIcEEES6_ESaIS7_EE12_Vector_implC1Ev called 0 returned 0% blocks executed 0%
    #####:  137:	_Vector_impl() _GLIBCXX_NOEXCEPT_IF(
    %%%%%:  137-block  0
        -:  138:	    is_nothrow_default_constructible<_Tp_alloc_type>::value)
    #####:  139:	: _Tp_alloc_type()
    %%%%%:  139-block  0
call    0 never executed
    #####:  140:	{ }
------------------
_ZNSt12_Vector_baseINSt7__cxx1112regex_traitsIcE10_RegexMaskESaIS3_EE12_Vector_implC1Ev:
function _ZNSt12_Vector_baseINSt7__cxx1112regex_traitsIcE10_RegexMaskESaIS3_EE12_Vector_implC1Ev called 0 returned 0% blocks executed 0%
    #####:  137:	_Vector_impl() _GLIBCXX_NOEXCEPT_IF(
    %%%%%:  137-block  0
        -:  138:	    is_nothrow_default_constructible<_Tp_alloc_type>::value)
    #####:  139:	: _Tp_alloc_type()
    %%%%%:  139-block  0
call    0 never executed
    #####:  140:	{ }
------------------
_ZNSt12_Vector_baseISt4pairIccESaIS1_EE12_Vector_implC1Ev:
function _ZNSt12_Vector_baseISt4pairIccESaIS1_EE12_Vector_implC1Ev called 0 returned 0% blocks executed 0%
    #####:  137:	_Vector_impl() _GLIBCXX_NOEXCEPT_IF(
    %%%%%:  137-block  0
        -:  138:	    is_nothrow_default_constructible<_Tp_alloc_type>::value)
    #####:  139:	: _Tp_alloc_type()
    %%%%%:  139-block  0
call    0 never executed
    #####:  140:	{ }
------------------
_ZNSt12_Vector_baseIcSaIcEE12_Vector_implC1Ev:
function _ZNSt12_Vector_baseIcSaIcEE12_Vector_implC1Ev called 0 returned 0% blocks executed 0%
    #####:  137:	_Vector_impl() _GLIBCXX_NOEXCEPT_IF(
    %%%%%:  137-block  0
        -:  138:	    is_nothrow_default_constructible<_Tp_alloc_type>::value)
    #####:  139:	: _Tp_alloc_type()
    %%%%%:  139-block  0
call    0 never executed
    #####:  140:	{ }
------------------
_ZNSt12_Vector_baseISt4pairIlSt6vectorINSt7__cxx119sub_matchIN9__gnu_cxx17__normal_iteratorIPKcNS2_12basic_stringIcSt11char_traitsIcESaIcEEEEEEESaISE_EEESaISH_EE12_Vector_implC1Ev:
function _ZNSt12_Vector_baseISt4pairIlSt6vectorINSt7__cxx119sub_matchIN9__gnu_cxx17__normal_iteratorIPKcNS2_12basic_stringIcSt11char_traitsIcESaIcEEEEEEESaISE_EEESaISH_EE12_Vector_implC1Ev called 0 returned 0% blocks executed 0%
    #####:  137:	_Vector_impl() _GLIBCXX_NOEXCEPT_IF(
    %%%%%:  137-block  0
        -:  138:	    is_nothrow_default_constructible<_Tp_alloc_type>::value)
    #####:  139:	: _Tp_alloc_type()
    %%%%%:  139-block  0
call    0 never executed
    #####:  140:	{ }
------------------
_ZNSt12_Vector_baseISt10unique_ptrINSt7__cxx1119basic_ostringstreamIcSt11char_traitsIcESaIcEEESt14default_deleteIS6_EESaIS9_EE12_Vector_implC1Ev:
function _ZNSt12_Vector_baseISt10unique_ptrINSt7__cxx1119basic_ostringstreamIcSt11char_traitsIcESaIcEEESt14default_deleteIS6_EESaIS9_EE12_Vector_implC1Ev called 1 returned 100% blocks executed 100%
        1:  137:	_Vector_impl() _GLIBCXX_NOEXCEPT_IF(
        1:  137-block  0
        -:  138:	    is_nothrow_default_constructible<_Tp_alloc_type>::value)
        1:  139:	: _Tp_alloc_type()
        1:  139-block  0
call    0 returned 1
        1:  140:	{ }
------------------
_ZNSt12_Vector_baseISt10unique_ptrIN5Catch6Detail8EnumInfoESt14default_deleteIS3_EESaIS6_EE12_Vector_implC1Ev:
function _ZNSt12_Vector_baseISt10unique_ptrIN5Catch6Detail8EnumInfoESt14default_deleteIS3_EESaIS6_EE12_Vector_implC1Ev called 1 returned 100% blocks executed 100%
        1:  137:	_Vector_impl() _GLIBCXX_NOEXCEPT_IF(
        1:  137-block  0
        -:  138:	    is_nothrow_default_constructible<_Tp_alloc_type>::value)
        1:  139:	: _Tp_alloc_type()
        1:  139-block  0
call    0 returned 1
        1:  140:	{ }
------------------
_ZNSt12_Vector_baseINSt15__exception_ptr13exception_ptrESaIS1_EE12_Vector_implC1Ev:
function _ZNSt12_Vector_baseINSt15__exception_ptr13exception_ptrESaIS1_EE12_Vector_implC1Ev called 1 returned 100% blocks executed 100%
        1:  137:	_Vector_impl() _GLIBCXX_NOEXCEPT_IF(
        1:  137-block  0
        -:  138:	    is_nothrow_default_constructible<_Tp_alloc_type>::value)
        1:  139:	: _Tp_alloc_type()
        1:  139-block  0
call    0 returned 1
        1:  140:	{ }
------------------
_ZNSt12_Vector_baseISt10unique_ptrIKN5Catch20IExceptionTranslatorESt14default_deleteIS3_EESaIS6_EE12_Vector_implC1Ev:
function _ZNSt12_Vector_baseISt10unique_ptrIKN5Catch20IExceptionTranslatorESt14default_deleteIS3_EESaIS6_EE12_Vector_implC1Ev called 1 returned 100% blocks executed 100%
        1:  137:	_Vector_impl() _GLIBCXX_NOEXCEPT_IF(
        1:  137-block  0
        -:  138:	    is_nothrow_default_constructible<_Tp_alloc_type>::value)
        1:  139:	: _Tp_alloc_type()
        1:  139-block  0
call    0 returned 1
        1:  140:	{ }
------------------
_ZNSt12_Vector_baseINSt8__detail6_StateIcEESaIS2_EE12_Vector_implC1Ev:
function _ZNSt12_Vector_baseINSt8__detail6_StateIcEESaIS2_EE12_Vector_implC1Ev called 0 returned 0% blocks executed 0%
    #####:  137:	_Vector_impl() _GLIBCXX_NOEXCEPT_IF(
    %%%%%:  137-block  0
        -:  138:	    is_nothrow_default_constructible<_Tp_alloc_type>::value)
    #####:  139:	: _Tp_alloc_type()
    %%%%%:  139-block  0
call    0 never executed
    #####:  140:	{ }
------------------
_ZNSt12_Vector_baseISt10shared_ptrIN5Catch22CumulativeReporterBaseINS1_13JunitReporterEE11SectionNodeEESaIS6_EE12_Vector_implC1Ev:
function _ZNSt12_Vector_baseISt10shared_ptrIN5Catch22CumulativeReporterBaseINS1_13JunitReporterEE11SectionNodeEESaIS6_EE12_Vector_implC1Ev called 0 returned 0% blocks executed 0%
    #####:  137:	_Vector_impl() _GLIBCXX_NOEXCEPT_IF(
    %%%%%:  137-block  0
        -:  138:	    is_nothrow_default_constructible<_Tp_alloc_type>::value)
    #####:  139:	: _Tp_alloc_type()
    %%%%%:  139-block  0
call    0 never executed
    #####:  140:	{ }
------------------
_ZNSt12_Vector_baseISt10shared_ptrIN5Catch22CumulativeReporterBaseINS1_13JunitReporterEE4NodeINS1_12TestRunStatsENS5_INS1_14TestGroupStatsENS5_INS1_13TestCaseStatsENS4_11SectionNodeEEEEEEEESaISD_EE12_Vector_implC1Ev:
function _ZNSt12_Vector_baseISt10shared_ptrIN5Catch22CumulativeReporterBaseINS1_13JunitReporterEE4NodeINS1_12TestRunStatsENS5_INS1_14TestGroupStatsENS5_INS1_13TestCaseStatsENS4_11SectionNodeEEEEEEEESaISD_EE12_Vector_implC1Ev called 0 returned 0% blocks executed 0%
    #####:  137:	_Vector_impl() _GLIBCXX_NOEXCEPT_IF(
    %%%%%:  137-block  0
        -:  138:	    is_nothrow_default_constructible<_Tp_alloc_type>::value)
    #####:  139:	: _Tp_alloc_type()
    %%%%%:  139-block  0
call    0 never executed
    #####:  140:	{ }
------------------
_ZNSt12_Vector_baseISt10shared_ptrIN5Catch22CumulativeReporterBaseINS1_13JunitReporterEE4NodeINS1_14TestGroupStatsENS5_INS1_13TestCaseStatsENS4_11SectionNodeEEEEEESaISB_EE12_Vector_implC1Ev:
function _ZNSt12_Vector_baseISt10shared_ptrIN5Catch22CumulativeReporterBaseINS1_13JunitReporterEE4NodeINS1_14TestGroupStatsENS5_INS1_13TestCaseStatsENS4_11SectionNodeEEEEEESaISB_EE12_Vector_implC1Ev called 0 returned 0% blocks executed 0%
    #####:  137:	_Vector_impl() _GLIBCXX_NOEXCEPT_IF(
    %%%%%:  137-block  0
        -:  138:	    is_nothrow_default_constructible<_Tp_alloc_type>::value)
    #####:  139:	: _Tp_alloc_type()
    %%%%%:  139-block  0
call    0 never executed
    #####:  140:	{ }
------------------
_ZNSt12_Vector_baseISt10shared_ptrIN5Catch22CumulativeReporterBaseINS1_13JunitReporterEE4NodeINS1_13TestCaseStatsENS4_11SectionNodeEEEESaIS9_EE12_Vector_implC1Ev:
function _ZNSt12_Vector_baseISt10shared_ptrIN5Catch22CumulativeReporterBaseINS1_13JunitReporterEE4NodeINS1_13TestCaseStatsENS4_11SectionNodeEEEESaIS9_EE12_Vector_implC1Ev called 0 returned 0% blocks executed 0%
    #####:  137:	_Vector_impl() _GLIBCXX_NOEXCEPT_IF(
    %%%%%:  137-block  0
        -:  138:	    is_nothrow_default_constructible<_Tp_alloc_type>::value)
    #####:  139:	: _Tp_alloc_type()
    %%%%%:  139-block  0
call    0 never executed
    #####:  140:	{ }
------------------
_ZNSt12_Vector_baseISt6vectorISt10shared_ptrIN5Catch22CumulativeReporterBaseINS2_13JunitReporterEE11SectionNodeEESaIS7_EESaIS9_EE12_Vector_implC1Ev:
function _ZNSt12_Vector_baseISt6vectorISt10shared_ptrIN5Catch22CumulativeReporterBaseINS2_13JunitReporterEE11SectionNodeEESaIS7_EESaIS9_EE12_Vector_implC1Ev called 0 returned 0% blocks executed 0%
    #####:  137:	_Vector_impl() _GLIBCXX_NOEXCEPT_IF(
    %%%%%:  137-block  0
        -:  138:	    is_nothrow_default_constructible<_Tp_alloc_type>::value)
    #####:  139:	: _Tp_alloc_type()
    %%%%%:  139-block  0
call    0 never executed
    #####:  140:	{ }
------------------
_ZNSt12_Vector_baseIN5Catch14AssertionStatsESaIS1_EE12_Vector_implC1Ev:
function _ZNSt12_Vector_baseIN5Catch14AssertionStatsESaIS1_EE12_Vector_implC1Ev called 0 returned 0% blocks executed 0%
    #####:  137:	_Vector_impl() _GLIBCXX_NOEXCEPT_IF(
    %%%%%:  137-block  0
        -:  138:	    is_nothrow_default_constructible<_Tp_alloc_type>::value)
    #####:  139:	: _Tp_alloc_type()
    %%%%%:  139-block  0
call    0 never executed
    #####:  140:	{ }
------------------
_ZNSt12_Vector_baseIN5Catch11SectionInfoESaIS1_EE12_Vector_implC1Ev:
function _ZNSt12_Vector_baseIN5Catch11SectionInfoESaIS1_EE12_Vector_implC1Ev called 1 returned 100% blocks executed 100%
        1:  137:	_Vector_impl() _GLIBCXX_NOEXCEPT_IF(
        1:  137-block  0
        -:  138:	    is_nothrow_default_constructible<_Tp_alloc_type>::value)
        1:  139:	: _Tp_alloc_type()
        1:  139-block  0
call    0 returned 1
        1:  140:	{ }
------------------
_ZNSt12_Vector_baseISt10unique_ptrIN5Catch18IStreamingReporterESt14default_deleteIS2_EESaIS5_EE12_Vector_implC1Ev:
function _ZNSt12_Vector_baseISt10unique_ptrIN5Catch18IStreamingReporterESt14default_deleteIS2_EESaIS5_EE12_Vector_implC1Ev called 0 returned 0% blocks executed 0%
    #####:  137:	_Vector_impl() _GLIBCXX_NOEXCEPT_IF(
    %%%%%:  137-block  0
        -:  138:	    is_nothrow_default_constructible<_Tp_alloc_type>::value)
    #####:  139:	: _Tp_alloc_type()
    %%%%%:  139-block  0
call    0 never executed
    #####:  140:	{ }
------------------
        -:  141:
        -:  142:	_GLIBCXX20_CONSTEXPR
    1794*:  143:	_Vector_impl(_Tp_alloc_type const& __a) _GLIBCXX_NOEXCEPT
    1794*:  144:	: _Tp_alloc_type(__a)
    1794*:  145:	{ }
------------------
_ZNSt12_Vector_baseIN5Catch12_GLOBAL__N_110ColumnInfoESaIS2_EE12_Vector_implC2ERKS3_:
function _ZNSt12_Vector_baseIN5Catch12_GLOBAL__N_110ColumnInfoESaIS2_EE12_Vector_implC2ERKS3_ called 0 returned 0% blocks executed 0%
    #####:  143:	_Vector_impl(_Tp_alloc_type const& __a) _GLIBCXX_NOEXCEPT
    %%%%%:  143-block  0
    #####:  144:	: _Tp_alloc_type(__a)
    %%%%%:  144-block  0
call    0 never executed
    #####:  145:	{ }
------------------
_ZNSt12_Vector_baseINSt7__cxx1112basic_stringIcSt11char_traitsIcESaIcEEESaIS5_EE12_Vector_implC1ERKS6_:
function _ZNSt12_Vector_baseINSt7__cxx1112basic_stringIcSt11char_traitsIcESaIcEEESaIS5_EE12_Vector_implC1ERKS6_ called 1177 returned 100% blocks executed 100%
     1177:  143:	_Vector_impl(_Tp_alloc_type const& __a) _GLIBCXX_NOEXCEPT
     1177:  143-block  0
     1177:  144:	: _Tp_alloc_type(__a)
     1177:  144-block  0
call    0 returned 1177
     1177:  145:	{ }
------------------
_ZNSt12_Vector_baseIPKN5Catch8TestCaseESaIS3_EE12_Vector_implC1ERKS4_:
function _ZNSt12_Vector_baseIPKN5Catch8TestCaseESaIS3_EE12_Vector_implC1ERKS4_ called 0 returned 0% blocks executed 0%
    #####:  143:	_Vector_impl(_Tp_alloc_type const& __a) _GLIBCXX_NOEXCEPT
    %%%%%:  143-block  0
    #####:  144:	: _Tp_alloc_type(__a)
    %%%%%:  144-block  0
call    0 never executed
    #####:  145:	{ }
------------------
_ZNSt12_Vector_baseIN5Catch5clara8TextFlow6ColumnESaIS3_EE12_Vector_implC1ERKS4_:
function _ZNSt12_Vector_baseIN5Catch5clara8TextFlow6ColumnESaIS3_EE12_Vector_implC1ERKS4_ called 0 returned 0% blocks executed 0%
    #####:  143:	_Vector_impl(_Tp_alloc_type const& __a) _GLIBCXX_NOEXCEPT
    %%%%%:  143-block  0
    #####:  144:	: _Tp_alloc_type(__a)
    %%%%%:  144-block  0
call    0 never executed
    #####:  145:	{ }
------------------
_ZNSt12_Vector_baseIN5Catch5clara6detail5TokenESaIS3_EE12_Vector_implC1ERKS4_:
function _ZNSt12_Vector_baseIN5Catch5clara6detail5TokenESaIS3_EE12_Vector_implC1ERKS4_ called 217 returned 100% blocks executed 100%
      217:  143:	_Vector_impl(_Tp_alloc_type const& __a) _GLIBCXX_NOEXCEPT
      217:  143-block  0
      217:  144:	: _Tp_alloc_type(__a)
      217:  144-block  0
call    0 returned 217
      217:  145:	{ }
------------------
_ZNSt12_Vector_baseIN5Catch5clara6detail11HelpColumnsESaIS3_EE12_Vector_implC1ERKS4_:
function _ZNSt12_Vector_baseIN5Catch5clara6detail11HelpColumnsESaIS3_EE12_Vector_implC1ERKS4_ called 0 returned 0% blocks executed 0%
    #####:  143:	_Vector_impl(_Tp_alloc_type const& __a) _GLIBCXX_NOEXCEPT
    %%%%%:  143-block  0
    #####:  144:	: _Tp_alloc_type(__a)
    %%%%%:  144-block  0
call    0 never executed
    #####:  145:	{ }
------------------
_ZNSt12_Vector_baseIN5Catch11MessageInfoESaIS1_EE12_Vector_implC1ERKS2_:
function _ZNSt12_Vector_baseIN5Catch11MessageInfoESaIS1_EE12_Vector_implC1ERKS2_ called 260 returned 100% blocks executed 100%
      260:  143:	_Vector_impl(_Tp_alloc_type const& __a) _GLIBCXX_NOEXCEPT
      260:  143-block  0
      260:  144:	: _Tp_alloc_type(__a)
      260:  144-block  0
call    0 returned 260
      260:  145:	{ }
------------------
_ZNSt12_Vector_baseIN5Catch8TestCaseESaIS1_EE12_Vector_implC1ERKS2_:
function _ZNSt12_Vector_baseIN5Catch8TestCaseESaIS1_EE12_Vector_implC1ERKS2_ called 2 returned 100% blocks executed 100%
        2:  143:	_Vector_impl(_Tp_alloc_type const& __a) _GLIBCXX_NOEXCEPT
        2:  143-block  0
        2:  144:	: _Tp_alloc_type(__a)
        2:  144-block  0
call    0 returned 2
        2:  145:	{ }
------------------
_ZNSt12_Vector_baseIN5Catch8TestSpec11FilterMatchESaIS2_EE12_Vector_implC1ERKS3_:
function _ZNSt12_Vector_baseIN5Catch8TestSpec11FilterMatchESaIS2_EE12_Vector_implC1ERKS3_ called 2 returned 100% blocks executed 100%
        2:  143:	_Vector_impl(_Tp_alloc_type const& __a) _GLIBCXX_NOEXCEPT
        2:  143-block  0
        2:  144:	: _Tp_alloc_type(__a)
        2:  144-block  0
call    0 returned 2
        2:  145:	{ }
------------------
_ZNSt12_Vector_baseIN5Catch8TestSpec6FilterESaIS2_EE12_Vector_implC1ERKS3_:
function _ZNSt12_Vector_baseIN5Catch8TestSpec6FilterESaIS2_EE12_Vector_implC1ERKS3_ called 2 returned 100% blocks executed 100%
        2:  143:	_Vector_impl(_Tp_alloc_type const& __a) _GLIBCXX_NOEXCEPT
        2:  143-block  0
        2:  144:	: _Tp_alloc_type(__a)
        2:  144-block  0
call    0 returned 2
        2:  145:	{ }
------------------
_ZNSt12_Vector_baseISt4pairINSt7__cxx1112basic_stringIcSt11char_traitsIcESaIcEEES6_ESaIS7_EE12_Vector_implC1ERKS8_:
function _ZNSt12_Vector_baseISt4pairINSt7__cxx1112basic_stringIcSt11char_traitsIcESaIcEEES6_ESaIS7_EE12_Vector_implC1ERKS8_ called 0 returned 0% blocks executed 0%
    #####:  143:	_Vector_impl(_Tp_alloc_type const& __a) _GLIBCXX_NOEXCEPT
    %%%%%:  143-block  0
    #####:  144:	: _Tp_alloc_type(__a)
    %%%%%:  144-block  0
call    0 never executed
    #####:  145:	{ }
------------------
_ZNSt12_Vector_baseIN5Catch5clara6detail3OptESaIS3_EE12_Vector_implC1ERKS4_:
function _ZNSt12_Vector_baseIN5Catch5clara6detail3OptESaIS3_EE12_Vector_implC1ERKS4_ called 67 returned 100% blocks executed 100%
       67:  143:	_Vector_impl(_Tp_alloc_type const& __a) _GLIBCXX_NOEXCEPT
       67:  143-block  0
       67:  144:	: _Tp_alloc_type(__a)
       67:  144-block  0
call    0 returned 67
       67:  145:	{ }
------------------
_ZNSt12_Vector_baseIN5Catch5clara6detail3ArgESaIS3_EE12_Vector_implC1ERKS4_:
function _ZNSt12_Vector_baseIN5Catch5clara6detail3ArgESaIS3_EE12_Vector_implC1ERKS4_ called 67 returned 100% blocks executed 100%
       67:  143:	_Vector_impl(_Tp_alloc_type const& __a) _GLIBCXX_NOEXCEPT
       67:  143-block  0
       67:  144:	: _Tp_alloc_type(__a)
       67:  144-block  0
call    0 returned 67
       67:  145:	{ }
------------------
_ZNSt12_Vector_baseISt10shared_ptrIN5Catch8TestSpec7PatternEESaIS4_EE12_Vector_implC1ERKS5_:
function _ZNSt12_Vector_baseISt10shared_ptrIN5Catch8TestSpec7PatternEESaIS4_EE12_Vector_implC1ERKS5_ called 0 returned 0% blocks executed 0%
    #####:  143:	_Vector_impl(_Tp_alloc_type const& __a) _GLIBCXX_NOEXCEPT
    %%%%%:  143-block  0
    #####:  144:	: _Tp_alloc_type(__a)
    %%%%%:  144-block  0
call    0 never executed
    #####:  145:	{ }
------------------
_ZNSt12_Vector_baseINSt7__cxx119sub_matchIN9__gnu_cxx17__normal_iteratorIPKcNS0_12basic_stringIcSt11char_traitsIcESaIcEEEEEEESaISC_EE12_Vector_implC1ERKSD_:
function _ZNSt12_Vector_baseINSt7__cxx119sub_matchIN9__gnu_cxx17__normal_iteratorIPKcNS0_12basic_stringIcSt11char_traitsIcESaIcEEEEEEESaISC_EE12_Vector_implC1ERKSD_ called 0 returned 0% blocks executed 0%
    #####:  143:	_Vector_impl(_Tp_alloc_type const& __a) _GLIBCXX_NOEXCEPT
    %%%%%:  143-block  0
    #####:  144:	: _Tp_alloc_type(__a)
    %%%%%:  144-block  0
call    0 never executed
    #####:  145:	{ }
------------------
_ZNSt12_Vector_baseISt4pairIN9__gnu_cxx17__normal_iteratorIPKcNSt7__cxx1112basic_stringIcSt11char_traitsIcESaIcEEEEEiESaISC_EE12_Vector_implC1ERKSD_:
function _ZNSt12_Vector_baseISt4pairIN9__gnu_cxx17__normal_iteratorIPKcNSt7__cxx1112basic_stringIcSt11char_traitsIcESaIcEEEEEiESaISC_EE12_Vector_implC1ERKSD_ called 0 returned 0% blocks executed 0%
    #####:  143:	_Vector_impl(_Tp_alloc_type const& __a) _GLIBCXX_NOEXCEPT
    %%%%%:  143-block  0
    #####:  144:	: _Tp_alloc_type(__a)
    %%%%%:  144-block  0
call    0 never executed
    #####:  145:	{ }
------------------
_ZNSt12_Vector_baseIcSaIcEE12_Vector_implC1ERKS0_:
function _ZNSt12_Vector_baseIcSaIcEE12_Vector_implC1ERKS0_ called 0 returned 0% blocks executed 0%
    #####:  143:	_Vector_impl(_Tp_alloc_type const& __a) _GLIBCXX_NOEXCEPT
    %%%%%:  143-block  0
    #####:  144:	: _Tp_alloc_type(__a)
    %%%%%:  144-block  0
call    0 never executed
    #####:  145:	{ }
------------------
_ZNSt12_Vector_baseISt4pairIccESaIS1_EE12_Vector_implC1ERKS2_:
function _ZNSt12_Vector_baseISt4pairIccESaIS1_EE12_Vector_implC1ERKS2_ called 0 returned 0% blocks executed 0%
    #####:  143:	_Vector_impl(_Tp_alloc_type const& __a) _GLIBCXX_NOEXCEPT
    %%%%%:  143-block  0
    #####:  144:	: _Tp_alloc_type(__a)
    %%%%%:  144-block  0
call    0 never executed
    #####:  145:	{ }
------------------
_ZNSt12_Vector_baseINSt7__cxx1112regex_traitsIcE10_RegexMaskESaIS3_EE12_Vector_implC1ERKS4_:
function _ZNSt12_Vector_baseINSt7__cxx1112regex_traitsIcE10_RegexMaskESaIS3_EE12_Vector_implC1ERKS4_ called 0 returned 0% blocks executed 0%
    #####:  143:	_Vector_impl(_Tp_alloc_type const& __a) _GLIBCXX_NOEXCEPT
    %%%%%:  143-block  0
    #####:  144:	: _Tp_alloc_type(__a)
    %%%%%:  144-block  0
call    0 never executed
    #####:  145:	{ }
------------------
        -:  146:
        -:  147:#if __cplusplus >= 201103L
        -:  148:	// Not defaulted, to enforce noexcept(true) even when
        -:  149:	// !is_nothrow_move_constructible<_Tp_alloc_type>.
        -:  150:	_GLIBCXX20_CONSTEXPR
     506*:  151:	_Vector_impl(_Vector_impl&& __x) noexcept
    1012*:  152:	: _Tp_alloc_type(std::move(__x)), _Vector_impl_data(std::move(__x))
     506*:  153:	{ }
------------------
_ZNSt12_Vector_baseINSt7__cxx119sub_matchIN9__gnu_cxx17__normal_iteratorIPKcNS0_12basic_stringIcSt11char_traitsIcESaIcEEEEEEESaISC_EE12_Vector_implC1EOSF_:
function _ZNSt12_Vector_baseINSt7__cxx119sub_matchIN9__gnu_cxx17__normal_iteratorIPKcNS0_12basic_stringIcSt11char_traitsIcESaIcEEEEEEESaISC_EE12_Vector_implC1EOSF_ called 0 returned 0% blocks executed 0%
    #####:  151:	_Vector_impl(_Vector_impl&& __x) noexcept
    #####:  152:	: _Tp_alloc_type(std::move(__x)), _Vector_impl_data(std::move(__x))
    %%%%%:  152-block  0
call    0 never executed
    %%%%%:  152-block  1
call    1 never executed
call    2 never executed
    #####:  153:	{ }
------------------
_ZNSt12_Vector_baseISt4pairINSt7__cxx1112basic_stringIcSt11char_traitsIcESaIcEEES6_ESaIS7_EE12_Vector_implC1EOSA_:
function _ZNSt12_Vector_baseISt4pairINSt7__cxx1112basic_stringIcSt11char_traitsIcESaIcEEES6_ESaIS7_EE12_Vector_implC1EOSA_ called 0 returned 0% blocks executed 0%
    #####:  151:	_Vector_impl(_Vector_impl&& __x) noexcept
    #####:  152:	: _Tp_alloc_type(std::move(__x)), _Vector_impl_data(std::move(__x))
    %%%%%:  152-block  0
call    0 never executed
    %%%%%:  152-block  1
call    1 never executed
call    2 never executed
    #####:  153:	{ }
------------------
_ZNSt12_Vector_baseINSt7__cxx1112regex_traitsIcE10_RegexMaskESaIS3_EE12_Vector_implC1EOS6_:
function _ZNSt12_Vector_baseINSt7__cxx1112regex_traitsIcE10_RegexMaskESaIS3_EE12_Vector_implC1EOS6_ called 0 returned 0% blocks executed 0%
    #####:  151:	_Vector_impl(_Vector_impl&& __x) noexcept
    #####:  152:	: _Tp_alloc_type(std::move(__x)), _Vector_impl_data(std::move(__x))
    %%%%%:  152-block  0
call    0 never executed
    %%%%%:  152-block  1
call    1 never executed
call    2 never executed
    #####:  153:	{ }
------------------
_ZNSt12_Vector_baseISt4pairIccESaIS1_EE12_Vector_implC1EOS4_:
function _ZNSt12_Vector_baseISt4pairIccESaIS1_EE12_Vector_implC1EOS4_ called 0 returned 0% blocks executed 0%
    #####:  151:	_Vector_impl(_Vector_impl&& __x) noexcept
    #####:  152:	: _Tp_alloc_type(std::move(__x)), _Vector_impl_data(std::move(__x))
    %%%%%:  152-block  0
call    0 never executed
    %%%%%:  152-block  1
call    1 never executed
call    2 never executed
    #####:  153:	{ }
------------------
_ZNSt12_Vector_baseIcSaIcEE12_Vector_implC1EOS2_:
function _ZNSt12_Vector_baseIcSaIcEE12_Vector_implC1EOS2_ called 0 returned 0% blocks executed 0%
    #####:  151:	_Vector_impl(_Vector_impl&& __x) noexcept
    #####:  152:	: _Tp_alloc_type(std::move(__x)), _Vector_impl_data(std::move(__x))
    %%%%%:  152-block  0
call    0 never executed
    %%%%%:  152-block  1
call    1 never executed
call    2 never executed
    #####:  153:	{ }
------------------
_ZNSt12_Vector_baseISt10shared_ptrIN5Catch8TestSpec7PatternEESaIS4_EE12_Vector_implC1EOS7_:
function _ZNSt12_Vector_baseISt10shared_ptrIN5Catch8TestSpec7PatternEESaIS4_EE12_Vector_implC1EOS7_ called 0 returned 0% blocks executed 0%
    #####:  151:	_Vector_impl(_Vector_impl&& __x) noexcept
    #####:  152:	: _Tp_alloc_type(std::move(__x)), _Vector_impl_data(std::move(__x))
    %%%%%:  152-block  0
call    0 never executed
    %%%%%:  152-block  1
call    1 never executed
call    2 never executed
    #####:  153:	{ }
------------------
_ZNSt12_Vector_baseISt4pairIlSt6vectorINSt7__cxx119sub_matchIN9__gnu_cxx17__normal_iteratorIPKcNS2_12basic_stringIcSt11char_traitsIcESaIcEEEEEEESaISE_EEESaISH_EE12_Vector_implC1EOSK_:
function _ZNSt12_Vector_baseISt4pairIlSt6vectorINSt7__cxx119sub_matchIN9__gnu_cxx17__normal_iteratorIPKcNS2_12basic_stringIcSt11char_traitsIcESaIcEEEEEEESaISE_EEESaISH_EE12_Vector_implC1EOSK_ called 0 returned 0% blocks executed 0%
    #####:  151:	_Vector_impl(_Vector_impl&& __x) noexcept
    #####:  152:	: _Tp_alloc_type(std::move(__x)), _Vector_impl_data(std::move(__x))
    %%%%%:  152-block  0
call    0 never executed
    %%%%%:  152-block  1
call    1 never executed
call    2 never executed
    #####:  153:	{ }
------------------
_ZNSt12_Vector_baseIN5Catch12_GLOBAL__N_110ColumnInfoESaIS2_EE12_Vector_implC2EOS5_:
function _ZNSt12_Vector_baseIN5Catch12_GLOBAL__N_110ColumnInfoESaIS2_EE12_Vector_implC2EOS5_ called 0 returned 0% blocks executed 0%
    #####:  151:	_Vector_impl(_Vector_impl&& __x) noexcept
    #####:  152:	: _Tp_alloc_type(std::move(__x)), _Vector_impl_data(std::move(__x))
    %%%%%:  152-block  0
call    0 never executed
    %%%%%:  152-block  1
call    1 never executed
call    2 never executed
    #####:  153:	{ }
------------------
_ZNSt12_Vector_baseIN5Catch8TestCaseESaIS1_EE12_Vector_implC1EOS4_:
[...]
        -: 1936:	  }
      327: 1937:      }
------------------
_ZNSt6vectorISt10shared_ptrIN5Catch16TestCaseTracking8ITrackerEESaIS4_EE15_M_erase_at_endEPS4_:
function _ZNSt6vectorISt10shared_ptrIN5Catch16TestCaseTracking8ITrackerEESaIS4_EE15_M_erase_at_endEPS4_ called 0 returned 0% blocks executed 0%
    #####: 1928:      _M_erase_at_end(pointer __pos) _GLIBCXX_NOEXCEPT
        -: 1929:      {
    #####: 1930:	if (size_type __n = this->_M_impl._M_finish - __pos)
    %%%%%: 1930-block  0
branch  0 never executed (fallthrough)
branch  1 never executed
        -: 1931:	  {
    #####: 1932:	    std::_Destroy(__pos, this->_M_impl._M_finish,
call    0 never executed
    #####: 1933:			  _M_get_Tp_allocator());
    %%%%%: 1933-block  0
call    0 never executed
    #####: 1934:	    this->_M_impl._M_finish = __pos;
    %%%%%: 1934-block  0
        -: 1935:	    _GLIBCXX_ASAN_ANNOTATE_SHRINK(__n);
        -: 1936:	  }
    #####: 1937:      }
------------------
_ZNSt6vectorIN5Catch5clara6detail5TokenESaIS3_EE15_M_erase_at_endEPS3_:
function _ZNSt6vectorIN5Catch5clara6detail5TokenESaIS3_EE15_M_erase_at_endEPS3_ called 6 returned 100% blocks executed 100%
        6: 1928:      _M_erase_at_end(pointer __pos) _GLIBCXX_NOEXCEPT
        -: 1929:      {
        6: 1930:	if (size_type __n = this->_M_impl._M_finish - __pos)
        6: 1930-block  0
branch  0 taken 6 (fallthrough)
branch  1 taken 0
        -: 1931:	  {
        6: 1932:	    std::_Destroy(__pos, this->_M_impl._M_finish,
call    0 returned 6
        6: 1933:			  _M_get_Tp_allocator());
        6: 1933-block  0
call    0 returned 6
        6: 1934:	    this->_M_impl._M_finish = __pos;
        6: 1934-block  0
        -: 1935:	    _GLIBCXX_ASAN_ANNOTATE_SHRINK(__n);
        -: 1936:	  }
        6: 1937:      }
------------------
        -: 1938:
        -: 1939:      _GLIBCXX20_CONSTEXPR
        -: 1940:      iterator
        -: 1941:      _M_erase(iterator __position);
        -: 1942:
        -: 1943:      _GLIBCXX20_CONSTEXPR
        -: 1944:      iterator
        -: 1945:      _M_erase(iterator __first, iterator __last);
        -: 1946:
        -: 1947:#if __cplusplus >= 201103L
        -: 1948:    private:
        -: 1949:      // Constant-time move assignment when source object's memory can be
        -: 1950:      // moved, either because the source's allocator will move too
        -: 1951:      // or because the allocators are equal.
        -: 1952:      _GLIBCXX20_CONSTEXPR
        -: 1953:      void
      45*: 1954:      _M_move_assign(vector&& __x, true_type) noexcept
        -: 1955:      {
      45*: 1956:	vector __tmp(get_allocator());
      45*: 1957:	this->_M_impl._M_swap_data(__x._M_impl);
      45*: 1958:	__tmp._M_impl._M_swap_data(__x._M_impl);
      45*: 1959:	std::__alloc_on_move(_M_get_Tp_allocator(), __x._M_get_Tp_allocator());
      45*: 1960:      }
------------------
_ZNSt6vectorINSt7__cxx119sub_matchIN9__gnu_cxx17__normal_iteratorIPKcNS0_12basic_stringIcSt11char_traitsIcESaIcEEEEEEESaISC_EE14_M_move_assignEOSE_St17integral_constantIbLb1EE:
function _ZNSt6vectorINSt7__cxx119sub_matchIN9__gnu_cxx17__normal_iteratorIPKcNS0_12basic_stringIcSt11char_traitsIcESaIcEEEEEEESaISC_EE14_M_move_assignEOSE_St17integral_constantIbLb1EE called 0 returned 0% blocks executed 0%
    #####: 1954:      _M_move_assign(vector&& __x, true_type) noexcept
        -: 1955:      {
    #####: 1956:	vector __tmp(get_allocator());
    %%%%%: 1956-block  0
call    0 never executed
call    1 never executed
    #####: 1957:	this->_M_impl._M_swap_data(__x._M_impl);
    %%%%%: 1957-block  0
call    0 never executed
    #####: 1958:	__tmp._M_impl._M_swap_data(__x._M_impl);
call    0 never executed
    #####: 1959:	std::__alloc_on_move(_M_get_Tp_allocator(), __x._M_get_Tp_allocator());
call    0 never executed
call    1 never executed
    #####: 1960:      }
    %%%%%: 1960-block  0
call    0 never executed
------------------
_ZNSt6vectorIPKN5Catch8TestCaseESaIS3_EE14_M_move_assignEOS5_St17integral_constantIbLb1EE:
function _ZNSt6vectorIPKN5Catch8TestCaseESaIS3_EE14_M_move_assignEOS5_St17integral_constantIbLb1EE called 0 returned 0% blocks executed 0%
    #####: 1954:      _M_move_assign(vector&& __x, true_type) noexcept
        -: 1955:      {
    #####: 1956:	vector __tmp(get_allocator());
    %%%%%: 1956-block  0
call    0 never executed
call    1 never executed
    #####: 1957:	this->_M_impl._M_swap_data(__x._M_impl);
    %%%%%: 1957-block  0
call    0 never executed
    #####: 1958:	__tmp._M_impl._M_swap_data(__x._M_impl);
call    0 never executed
    #####: 1959:	std::__alloc_on_move(_M_get_Tp_allocator(), __x._M_get_Tp_allocator());
call    0 never executed
call    1 never executed
    #####: 1960:      }
    %%%%%: 1960-block  0
call    0 never executed
------------------
_ZNSt6vectorISt10shared_ptrIN5Catch8TestSpec7PatternEESaIS4_EE14_M_move_assignEOS6_St17integral_constantIbLb1EE:
function _ZNSt6vectorISt10shared_ptrIN5Catch8TestSpec7PatternEESaIS4_EE14_M_move_assignEOS6_St17integral_constantIbLb1EE called 0 returned 0% blocks executed 0%
    #####: 1954:      _M_move_assign(vector&& __x, true_type) noexcept
        -: 1955:      {
    #####: 1956:	vector __tmp(get_allocator());
    %%%%%: 1956-block  0
call    0 never executed
call    1 never executed
    #####: 1957:	this->_M_impl._M_swap_data(__x._M_impl);
    %%%%%: 1957-block  0
call    0 never executed
    #####: 1958:	__tmp._M_impl._M_swap_data(__x._M_impl);
call    0 never executed
    #####: 1959:	std::__alloc_on_move(_M_get_Tp_allocator(), __x._M_get_Tp_allocator());
call    0 never executed
call    1 never executed
    #####: 1960:      }
    %%%%%: 1960-block  0
call    0 never executed
------------------
_ZNSt6vectorIN5Catch8TestCaseESaIS1_EE14_M_move_assignEOS3_St17integral_constantIbLb1EE:
function _ZNSt6vectorIN5Catch8TestCaseESaIS1_EE14_M_move_assignEOS3_St17integral_constantIbLb1EE called 1 returned 100% blocks executed 100%
        1: 1954:      _M_move_assign(vector&& __x, true_type) noexcept
        -: 1955:      {
        1: 1956:	vector __tmp(get_allocator());
        1: 1956-block  0
call    0 returned 1
call    1 returned 1
        1: 1957:	this->_M_impl._M_swap_data(__x._M_impl);
        1: 1957-block  0
call    0 returned 1
        1: 1958:	__tmp._M_impl._M_swap_data(__x._M_impl);
call    0 returned 1
        1: 1959:	std::__alloc_on_move(_M_get_Tp_allocator(), __x._M_get_Tp_allocator());
call    0 returned 1
call    1 returned 1
        1: 1960:      }
        1: 1960-block  0
call    0 returned 1
------------------
_ZNSt6vectorIN5Catch5clara6detail3ArgESaIS3_EE14_M_move_assignEOS5_St17integral_constantIbLb1EE:
function _ZNSt6vectorIN5Catch5clara6detail3ArgESaIS3_EE14_M_move_assignEOS5_St17integral_constantIbLb1EE called 1 returned 100% blocks executed 100%
        1: 1954:      _M_move_assign(vector&& __x, true_type) noexcept
        -: 1955:      {
        1: 1956:	vector __tmp(get_allocator());
        1: 1956-block  0
call    0 returned 1
call    1 returned 1
        1: 1957:	this->_M_impl._M_swap_data(__x._M_impl);
        1: 1957-block  0
call    0 returned 1
        1: 1958:	__tmp._M_impl._M_swap_data(__x._M_impl);
call    0 returned 1
        1: 1959:	std::__alloc_on_move(_M_get_Tp_allocator(), __x._M_get_Tp_allocator());
call    0 returned 1
call    1 returned 1
        1: 1960:      }
        1: 1960-block  0
call    0 returned 1
------------------
_ZNSt6vectorIN5Catch5clara6detail3OptESaIS3_EE14_M_move_assignEOS5_St17integral_constantIbLb1EE:
function _ZNSt6vectorIN5Catch5clara6detail3OptESaIS3_EE14_M_move_assignEOS5_St17integral_constantIbLb1EE called 1 returned 100% blocks executed 100%
        1: 1954:      _M_move_assign(vector&& __x, true_type) noexcept
        -: 1955:      {
        1: 1956:	vector __tmp(get_allocator());
        1: 1956-block  0
call    0 returned 1
call    1 returned 1
        1: 1957:	this->_M_impl._M_swap_data(__x._M_impl);
        1: 1957-block  0
call    0 returned 1
        1: 1958:	__tmp._M_impl._M_swap_data(__x._M_impl);
call    0 returned 1
        1: 1959:	std::__alloc_on_move(_M_get_Tp_allocator(), __x._M_get_Tp_allocator());
call    0 returned 1
call    1 returned 1
        1: 1960:      }
        1: 1960-block  0
call    0 returned 1
------------------
_ZNSt6vectorIN5Catch8TestSpec11FilterMatchESaIS2_EE14_M_move_assignEOS4_St17integral_constantIbLb1EE:
function _ZNSt6vectorIN5Catch8TestSpec11FilterMatchESaIS2_EE14_M_move_assignEOS4_St17integral_constantIbLb1EE called 1 returned 100% blocks executed 100%
        1: 1954:      _M_move_assign(vector&& __x, true_type) noexcept
        -: 1955:      {
        1: 1956:	vector __tmp(get_allocator());
        1: 1956-block  0
call    0 returned 1
call    1 returned 1
        1: 1957:	this->_M_impl._M_swap_data(__x._M_impl);
        1: 1957-block  0
call    0 returned 1
        1: 1958:	__tmp._M_impl._M_swap_data(__x._M_impl);
call    0 returned 1
        1: 1959:	std::__alloc_on_move(_M_get_Tp_allocator(), __x._M_get_Tp_allocator());
call    0 returned 1
call    1 returned 1
        1: 1960:      }
        1: 1960-block  0
call    0 returned 1
------------------
_ZNSt6vectorINSt7__cxx1112basic_stringIcSt11char_traitsIcESaIcEEESaIS5_EE14_M_move_assignEOS7_St17integral_constantIbLb1EE:
function _ZNSt6vectorINSt7__cxx1112basic_stringIcSt11char_traitsIcESaIcEEESaIS5_EE14_M_move_assignEOS7_St17integral_constantIbLb1EE called 40 returned 100% blocks executed 100%
       40: 1954:      _M_move_assign(vector&& __x, true_type) noexcept
        -: 1955:      {
       40: 1956:	vector __tmp(get_allocator());
       40: 1956-block  0
call    0 returned 40
call    1 returned 40
       40: 1957:	this->_M_impl._M_swap_data(__x._M_impl);
       40: 1957-block  0
call    0 returned 40
       40: 1958:	__tmp._M_impl._M_swap_data(__x._M_impl);
call    0 returned 40
       40: 1959:	std::__alloc_on_move(_M_get_Tp_allocator(), __x._M_get_Tp_allocator());
call    0 returned 40
call    1 returned 40
       40: 1960:      }
       40: 1960-block  0
call    0 returned 40
------------------
_ZNSt6vectorIN5Catch8TestSpec6FilterESaIS2_EE14_M_move_assignEOS4_St17integral_constantIbLb1EE:
function _ZNSt6vectorIN5Catch8TestSpec6FilterESaIS2_EE14_M_move_assignEOS4_St17integral_constantIbLb1EE called 1 returned 100% blocks executed 100%
        1: 1954:      _M_move_assign(vector&& __x, true_type) noexcept
        -: 1955:      {
        1: 1956:	vector __tmp(get_allocator());
        1: 1956-block  0
call    0 returned 1
call    1 returned 1
        1: 1957:	this->_M_impl._M_swap_data(__x._M_impl);
        1: 1957-block  0
call    0 returned 1
        1: 1958:	__tmp._M_impl._M_swap_data(__x._M_impl);
call    0 returned 1
        1: 1959:	std::__alloc_on_move(_M_get_Tp_allocator(), __x._M_get_Tp_allocator());
call    0 returned 1
call    1 returned 1
        1: 1960:      }
        1: 1960-block  0
call    0 returned 1
------------------
        -: 1961:
        -: 1962:      // Do move assignment when it might not be possible to move source
        -: 1963:      // object's memory, resulting in a linear-time operation.
        -: 1964:      _GLIBCXX20_CONSTEXPR
        -: 1965:      void
        -: 1966:      _M_move_assign(vector&& __x, false_type)
        -: 1967:      {
        -: 1968:	if (__x._M_get_Tp_allocator() == this->_M_get_Tp_allocator())
        -: 1969:	  _M_move_assign(std::move(__x), true_type());
        -: 1970:	else
        -: 1971:	  {
        -: 1972:	    // The rvalue's allocator cannot be moved and is not equal,
        -: 1973:	    // so we need to individually move each element.
        -: 1974:	    this->_M_assign_aux(std::make_move_iterator(__x.begin()),
        -: 1975:			        std::make_move_iterator(__x.end()),
        -: 1976:				std::random_access_iterator_tag());
        -: 1977:	    __x.clear();
        -: 1978:	  }
        -: 1979:      }
        -: 1980:#endif
        -: 1981:
        -: 1982:      template<typename _Up>
        -: 1983:	_GLIBCXX20_CONSTEXPR
        -: 1984:	_Up*
function _ZNKSt6vectorIcSaIcEE11_M_data_ptrIcEEPT_S4_ called 0 returned 0% blocks executed 0%
    #####: 1985:	_M_data_ptr(_Up* __ptr) const _GLIBCXX_NOEXCEPT
    #####: 1986:	{ return __ptr; }
    %%%%%: 1986-block  0
        -: 1987:
        -: 1988:#if __cplusplus >= 201103L
        -: 1989:      template<typename _Ptr>
        -: 1990:	_GLIBCXX20_CONSTEXPR
        -: 1991:	typename std::pointer_traits<_Ptr>::element_type*
        -: 1992:	_M_data_ptr(_Ptr __ptr) const
        -: 1993:	{ return empty() ? nullptr : std::__to_address(__ptr); }
        -: 1994:#else
        -: 1995:      template<typename _Up>
        -: 1996:	_Up*
        -: 1997:	_M_data_ptr(_Up* __ptr) _GLIBCXX_NOEXCEPT
        -: 1998:	{ return __ptr; }
        -: 1999:
        -: 2000:      template<typename _Ptr>
        -: 2001:	value_type*
        -: 2002:	_M_data_ptr(_Ptr __ptr)
        -: 2003:	{ return empty() ? (value_type*)0 : __ptr.operator->(); }
        -: 2004:
        -: 2005:      template<typename _Ptr>
        -: 2006:	const value_type*
        -: 2007:	_M_data_ptr(_Ptr __ptr) const
        -: 2008:	{ return empty() ? (const value_type*)0 : __ptr.operator->(); }
        -: 2009:#endif
        -: 2010:    };
        -: 2011:
        -: 2012:#if __cpp_deduction_guides >= 201606
        -: 2013:  template<typename _InputIterator, typename _ValT
        -: 2014:	     = typename iterator_traits<_InputIterator>::value_type,
        -: 2015:	   typename _Allocator = allocator<_ValT>,
        -: 2016:	   typename = _RequireInputIter<_InputIterator>,
        -: 2017:	   typename = _RequireAllocator<_Allocator>>
        -: 2018:    vector(_InputIterator, _InputIterator, _Allocator = _Allocator())
        -: 2019:      -> vector<_ValT, _Allocator>;
        -: 2020:#endif
        -: 2021:
        -: 2022:  /**
        -: 2023:   *  @brief  Vector equality comparison.
        -: 2024:   *  @param  __x  A %vector.
        -: 2025:   *  @param  __y  A %vector of the same type as @a __x.
        -: 2026:   *  @return  True iff the size and elements of the vectors are equal.
        -: 2027:   *
        -: 2028:   *  This is an equivalence relation.  It is linear in the size of the
        -: 2029:   *  vectors.  Vectors are considered equivalent if their sizes are equal,
        -: 2030:   *  and if corresponding elements compare equal.
        -: 2031:  */
        -: 2032:  template<typename _Tp, typename _Alloc>
        -: 2033:    _GLIBCXX20_CONSTEXPR
        -: 2034:    inline bool
function _ZSteqIN5Catch5clara8TextFlow6Column8iteratorESaIS4_EEbRKSt6vectorIT_T0_ESB_ called 0 returned 0% blocks executed 0%
    #####: 2035:    operator==(const vector<_Tp, _Alloc>& __x, const vector<_Tp, _Alloc>& __y)
    #####: 2036:    { return (__x.size() == __y.size()
    %%%%%: 2036-block  0
call    0 never executed
call    1 never executed
    #####: 2037:	      && std::equal(__x.begin(), __x.end(), __y.begin())); }
branch  0 never executed (fallthrough)
branch  1 never executed
    %%%%%: 2037-block  0
call    2 never executed
call    3 never executed
call    4 never executed
call    5 never executed
branch  6 never executed (fallthrough)
branch  7 never executed
    %%%%%: 2037-block  1
    %%%%%: 2037-block  2
    %%%%%: 2037-block  3
        -: 2038:
        -: 2039:#if __cpp_lib_three_way_comparison
        -: 2040:  /**
        -: 2041:   *  @brief  Vector ordering relation.
        -: 2042:   *  @param  __x  A `vector`.
        -: 2043:   *  @param  __y  A `vector` of the same type as `__x`.
        -: 2044:   *  @return  A value indicating whether `__x` is less than, equal to,
        -: 2045:   *           greater than, or incomparable with `__y`.
        -: 2046:   *
        -: 2047:   *  See `std::lexicographical_compare_three_way()` for how the determination
        -: 2048:   *  is made. This operator is used to synthesize relational operators like
        -: 2049:   *  `<` and `>=` etc.
        -: 2050:  */
        -: 2051:  template<typename _Tp, typename _Alloc>
        -: 2052:    _GLIBCXX20_CONSTEXPR
        -: 2053:    inline __detail::__synth3way_t<_Tp>
        -: 2054:    operator<=>(const vector<_Tp, _Alloc>& __x, const vector<_Tp, _Alloc>& __y)
        -: 2055:    {
        -: 2056:      return std::lexicographical_compare_three_way(__x.begin(), __x.end(),
        -: 2057:						    __y.begin(), __y.end(),
        -: 2058:						    __detail::__synth3way);
        -: 2059:    }
        -: 2060:#else
        -: 2061:  /**
        -: 2062:   *  @brief  Vector ordering relation.
        -: 2063:   *  @param  __x  A %vector.
        -: 2064:   *  @param  __y  A %vector of the same type as @a __x.
        -: 2065:   *  @return  True iff @a __x is lexicographically less than @a __y.
        -: 2066:   *
        -: 2067:   *  This is a total ordering relation.  It is linear in the size of the
        -: 2068:   *  vectors.  The elements must be comparable with @c <.
        -: 2069:   *
        -: 2070:   *  See std::lexicographical_compare() for how the determination is made.
        -: 2071:  */
        -: 2072:  template<typename _Tp, typename _Alloc>
        -: 2073:    inline bool
        -: 2074:    operator<(const vector<_Tp, _Alloc>& __x, const vector<_Tp, _Alloc>& __y)
        -: 2075:    { return std::lexicographical_compare(__x.begin(), __x.end(),
        -: 2076:					  __y.begin(), __y.end()); }
        -: 2077:
        -: 2078:  /// Based on operator==
        -: 2079:  template<typename _Tp, typename _Alloc>
        -: 2080:    inline bool
        -: 2081:    operator!=(const vector<_Tp, _Alloc>& __x, const vector<_Tp, _Alloc>& __y)
        -: 2082:    { return !(__x == __y); }
        -: 2083:
        -: 2084:  /// Based on operator<
        -: 2085:  template<typename _Tp, typename _Alloc>
        -: 2086:    inline bool
        -: 2087:    operator>(const vector<_Tp, _Alloc>& __x, const vector<_Tp, _Alloc>& __y)
        -: 2088:    { return __y < __x; }
        -: 2089:
        -: 2090:  /// Based on operator<
        -: 2091:  template<typename _Tp, typename _Alloc>
        -: 2092:    inline bool
        -: 2093:    operator<=(const vector<_Tp, _Alloc>& __x, const vector<_Tp, _Alloc>& __y)
        -: 2094:    { return !(__y < __x); }
        -: 2095:
        -: 2096:  /// Based on operator<
        -: 2097:  template<typename _Tp, typename _Alloc>
        -: 2098:    inline bool
        -: 2099:    operator>=(const vector<_Tp, _Alloc>& __x, const vector<_Tp, _Alloc>& __y)
        -: 2100:    { return !(__x < __y); }
        -: 2101:#endif // three-way comparison
        -: 2102:
        -: 2103:  /// See std::vector::swap().
        -: 2104:  template<typename _Tp, typename _Alloc>
        -: 2105:    _GLIBCXX20_CONSTEXPR
        -: 2106:    inline void
        -: 2107:    swap(vector<_Tp, _Alloc>& __x, vector<_Tp, _Alloc>& __y)
        -: 2108:    _GLIBCXX_NOEXCEPT_IF(noexcept(__x.swap(__y)))
        -: 2109:    { __x.swap(__y); }
        -: 2110:
        -: 2111:_GLIBCXX_END_NAMESPACE_CONTAINER
        -: 2112:
        -: 2113:#if __cplusplus >= 201703L
        -: 2114:  namespace __detail::__variant
        -: 2115:  {
        -: 2116:    template<typename> struct _Never_valueless_alt; // see <variant>
        -: 2117:
        -: 2118:    // Provide the strong exception-safety guarantee when emplacing a
        -: 2119:    // vector into a variant, but only if move assignment cannot throw.
        -: 2120:    template<typename _Tp, typename _Alloc>
        -: 2121:      struct _Never_valueless_alt<_GLIBCXX_STD_C::vector<_Tp, _Alloc>>
        -: 2122:      : std::is_nothrow_move_assignable<_GLIBCXX_STD_C::vector<_Tp, _Alloc>>
        -: 2123:      { };
        -: 2124:  }  // namespace __detail::__variant
        -: 2125:#endif // C++17
        -: 2126:
        -: 2127:_GLIBCXX_END_NAMESPACE_VERSION
        -: 2128:} // namespace std
        -: 2129:
        -: 2130:#endif /* _STL_VECTOR_H */
