        -:    0:Source:C:/Program Files/JetBrains/CLion 2023.2.2/bin/mingw/lib/gcc/x86_64-w64-mingw32/13.1.0/include/c++/bits/stl_uninitialized.h
        -:    0:Graph:C:\Users\sakhd\CLionProjects\gameLab3\cmake-build-debug\Tests\CMakeFiles\tests.dir\testing.cpp.gcno
        -:    0:Data:C:\Users\sakhd\CLionProjects\gameLab3\cmake-build-debug\Tests\CMakeFiles\tests.dir\testing.cpp.gcda
        -:    0:Runs:1
        -:    1:// Raw memory manipulators -*- C++ -*-
        -:    2:
        -:    3:// Copyright (C) 2001-2023 Free Software Foundation, Inc.
        -:    4://
        -:    5:// This file is part of the GNU ISO C++ Library.  This library is free
        -:    6:// software; you can redistribute it and/or modify it under the
        -:    7:// terms of the GNU General Public License as published by the
        -:    8:// Free Software Foundation; either version 3, or (at your option)
        -:    9:// any later version.
        -:   10:
        -:   11:// This library is distributed in the hope that it will be useful,
        -:   12:// but WITHOUT ANY WARRANTY; without even the implied warranty of
        -:   13:// MERCHANTABILITY or FITNESS FOR A PARTICULAR PURPOSE.  See the
        -:   14:// GNU General Public License for more details.
        -:   15:
        -:   16:// Under Section 7 of GPL version 3, you are granted additional
        -:   17:// permissions described in the GCC Runtime Library Exception, version
        -:   18:// 3.1, as published by the Free Software Foundation.
        -:   19:
        -:   20:// You should have received a copy of the GNU General Public License and
        -:   21:// a copy of the GCC Runtime Library Exception along with this program;
        -:   22:// see the files COPYING3 and COPYING.RUNTIME respectively.  If not, see
        -:   23:// <http://www.gnu.org/licenses/>.
        -:   24:
        -:   25:/*
        -:   26: *
        -:   27: * Copyright (c) 1994
        -:   28: * Hewlett-Packard Company
        -:   29: *
        -:   30: * Permission to use, copy, modify, distribute and sell this software
        -:   31: * and its documentation for any purpose is hereby granted without fee,
        -:   32: * provided that the above copyright notice appear in all copies and
        -:   33: * that both that copyright notice and this permission notice appear
        -:   34: * in supporting documentation.  Hewlett-Packard Company makes no
        -:   35: * representations about the suitability of this software for any
        -:   36: * purpose.  It is provided "as is" without express or implied warranty.
        -:   37: *
        -:   38: *
        -:   39: * Copyright (c) 1996,1997
        -:   40: * Silicon Graphics Computer Systems, Inc.
        -:   41: *
        -:   42: * Permission to use, copy, modify, distribute and sell this software
        -:   43: * and its documentation for any purpose is hereby granted without fee,
        -:   44: * provided that the above copyright notice appear in all copies and
        -:   45: * that both that copyright notice and this permission notice appear
        -:   46: * in supporting documentation.  Silicon Graphics makes no
        -:   47: * representations about the suitability of this software for any
        -:   48: * purpose.  It is provided "as is" without express or implied warranty.
        -:   49: */
        -:   50:
        -:   51:/** @file bits/stl_uninitialized.h
        -:   52: *  This is an internal header file, included by other library headers.
        -:   53: *  Do not attempt to use it directly. @headername{memory}
        -:   54: */
        -:   55:
        -:   56:#ifndef _STL_UNINITIALIZED_H
        -:   57:#define _STL_UNINITIALIZED_H 1
        -:   58:
        -:   59:#if __cplusplus >= 201103L
        -:   60:#include <type_traits>
        -:   61:#endif
        -:   62:
        -:   63:#include <bits/stl_algobase.h>    // copy
        -:   64:#include <ext/alloc_traits.h>     // __alloc_traits
        -:   65:
        -:   66:#if __cplusplus >= 201703L
        -:   67:#include <bits/stl_pair.h>
        -:   68:#endif
        -:   69:
        -:   70:namespace std _GLIBCXX_VISIBILITY(default)
        -:   71:{
        -:   72:_GLIBCXX_BEGIN_NAMESPACE_VERSION
        -:   73:
        -:   74:  /** @addtogroup memory
        -:   75:   *  @{
        -:   76:   */
        -:   77:
        -:   78:  /// @cond undocumented
        -:   79:
        -:   80:#if __cplusplus >= 201103L
        -:   81:  template<typename _ValueType, typename _Tp>
        -:   82:    constexpr bool
        -:   83:    __check_constructible()
        -:   84:    {
        -:   85:      // Trivial types can have deleted constructors, but std::copy etc.
        -:   86:      // only use assignment (or memmove) not construction, so we need an
        -:   87:      // explicit check that construction from _Tp is actually valid,
        -:   88:      // otherwise some ill-formed uses of std::uninitialized_xxx would
        -:   89:      // compile without errors. This gives a nice clear error message.
        -:   90:      static_assert(is_constructible<_ValueType, _Tp>::value,
        -:   91:	  "result type must be constructible from input type");
        -:   92:
        -:   93:      return true;
        -:   94:    }
        -:   95:
        -:   96:// If the type is trivial we don't need to construct it, just assign to it.
        -:   97:// But trivial types can still have deleted or inaccessible assignment,
        -:   98:// so don't try to use std::copy or std::fill etc. if we can't assign.
        -:   99:# define _GLIBCXX_USE_ASSIGN_FOR_INIT(T, U) \
        -:  100:    __is_trivial(T) && __is_assignable(T&, U) \
        -:  101:    && std::__check_constructible<T, U>()
        -:  102:#else
        -:  103:// No need to check if is_constructible<T, U> for C++98. Trivial types have
        -:  104:// no user-declared constructors, so if the assignment is valid, construction
        -:  105:// should be too.
        -:  106:# define _GLIBCXX_USE_ASSIGN_FOR_INIT(T, U) \
        -:  107:    __is_trivial(T) && __is_assignable(T&, U)
        -:  108:#endif
        -:  109:
        -:  110:  template<typename _InputIterator, typename _ForwardIterator>
        -:  111:    _GLIBCXX20_CONSTEXPR
        -:  112:    _ForwardIterator
    1749*:  113:    __do_uninit_copy(_InputIterator __first, _InputIterator __last,
        -:  114:		     _ForwardIterator __result)
        -:  115:    {
    1749*:  116:      _ForwardIterator __cur = __result;
        -:  117:      __try
        -:  118:	{
    5001*:  119:	  for (; __first != __last; ++__first, (void)++__cur)
    3252*:  120:	    std::_Construct(std::__addressof(*__cur), *__first);
    1749*:  121:	  return __cur;
        -:  122:	}
    =====:  123:      __catch(...)
        -:  124:	{
    =====:  125:	  std::_Destroy(__result, __cur);
    =====:  126:	  __throw_exception_again;
        -:  127:	}
        -:  128:    }
------------------
_ZSt16__do_uninit_copyIN9__gnu_cxx17__normal_iteratorIPKN5Catch5clara6detail3ArgESt6vectorIS5_SaIS5_EEEEPS5_ET0_T_SE_SD_:
function _ZSt16__do_uninit_copyIN9__gnu_cxx17__normal_iteratorIPKN5Catch5clara6detail3ArgESt6vectorIS5_SaIS5_EEEEPS5_ET0_T_SE_SD_ called 66 returned 100% blocks executed 69%
       66:  113:    __do_uninit_copy(_InputIterator __first, _InputIterator __last,
        -:  114:		     _ForwardIterator __result)
        -:  115:    {
       66:  116:      _ForwardIterator __cur = __result;
        -:  117:      __try
        -:  118:	{
       67:  119:	  for (; __first != __last; ++__first, (void)++__cur)
       66:  119-block  0
        1:  119-block  1
call    0 returned 1
       67:  119-block  2
call    1 returned 67
branch  2 taken 1
branch  3 taken 66 (fallthrough)
        1:  120:	    std::_Construct(std::__addressof(*__cur), *__first);
        1:  120-block  0
call    0 returned 1
call    1 returned 1
call    2 returned 1
branch  3 taken 1 (fallthrough)
branch  4 taken 0 (throw)
       66:  121:	  return __cur;
       66:  121-block  0
       66:  121-block  1
        -:  122:	}
    =====:  123:      __catch(...)
    $$$$$:  123-block  0
    $$$$$:  123-block  1
call    0 never executed
    $$$$$:  123-block  2
call    1 never executed
        -:  124:	{
    =====:  125:	  std::_Destroy(__result, __cur);
call    0 never executed
branch  1 never executed (fallthrough)
branch  2 never executed (throw)
    =====:  126:	  __throw_exception_again;
    $$$$$:  126-block  0
call    0 never executed
        -:  127:	}
        -:  128:    }
------------------
_ZSt16__do_uninit_copyIPKPKcPNSt7__cxx1112basic_stringIcSt11char_traitsIcESaIcEEEET0_T_SC_SB_:
function _ZSt16__do_uninit_copyIPKPKcPNSt7__cxx1112basic_stringIcSt11char_traitsIcESaIcEEEET0_T_SC_SB_ called 3 returned 100% blocks executed 62%
        3:  113:    __do_uninit_copy(_InputIterator __first, _InputIterator __last,
        -:  114:		     _ForwardIterator __result)
        -:  115:    {
        3:  116:      _ForwardIterator __cur = __result;
        -:  117:      __try
        -:  118:	{
       18:  119:	  for (; __first != __last; ++__first, (void)++__cur)
        3:  119-block  0
       15:  119-block  1
       18:  119-block  2
branch  0 taken 15
branch  1 taken 3 (fallthrough)
       15:  120:	    std::_Construct(std::__addressof(*__cur), *__first);
       15:  120-block  0
call    0 returned 15
call    1 returned 15
branch  2 taken 15 (fallthrough)
branch  3 taken 0 (throw)
        3:  121:	  return __cur;
        3:  121-block  0
        3:  121-block  1
        -:  122:	}
    =====:  123:      __catch(...)
    $$$$$:  123-block  0
    $$$$$:  123-block  1
call    0 never executed
    $$$$$:  123-block  2
call    1 never executed
        -:  124:	{
    =====:  125:	  std::_Destroy(__result, __cur);
call    0 never executed
branch  1 never executed (fallthrough)
branch  2 never executed (throw)
    =====:  126:	  __throw_exception_again;
    $$$$$:  126-block  0
call    0 never executed
        -:  127:	}
        -:  128:    }
------------------
_ZSt16__do_uninit_copyIN9__gnu_cxx17__normal_iteratorIPKPKN5Catch8TestCaseESt6vectorIS5_SaIS5_EEEEPS5_ET0_T_SE_SD_:
function _ZSt16__do_uninit_copyIN9__gnu_cxx17__normal_iteratorIPKPKN5Catch8TestCaseESt6vectorIS5_SaIS5_EEEEPS5_ET0_T_SE_SD_ called 0 returned 0% blocks executed 0%
    #####:  113:    __do_uninit_copy(_InputIterator __first, _InputIterator __last,
        -:  114:		     _ForwardIterator __result)
        -:  115:    {
    #####:  116:      _ForwardIterator __cur = __result;
        -:  117:      __try
        -:  118:	{
    #####:  119:	  for (; __first != __last; ++__first, (void)++__cur)
    %%%%%:  119-block  0
call    0 never executed
    %%%%%:  119-block  1
call    1 never executed
branch  2 never executed
branch  3 never executed (fallthrough)
    #####:  120:	    std::_Construct(std::__addressof(*__cur), *__first);
    %%%%%:  120-block  0
call    0 never executed
call    1 never executed
call    2 never executed
    #####:  121:	  return __cur;
    %%%%%:  121-block  0
        -:  122:	}
        -:  123:      __catch(...)
        -:  124:	{
        -:  125:	  std::_Destroy(__result, __cur);
        -:  126:	  __throw_exception_again;
        -:  127:	}
        -:  128:    }
------------------
_ZSt16__do_uninit_copyIN9__gnu_cxx17__normal_iteratorIPKN5Catch5clara8TextFlow6ColumnESt6vectorIS5_SaIS5_EEEEPS5_ET0_T_SE_SD_:
function _ZSt16__do_uninit_copyIN9__gnu_cxx17__normal_iteratorIPKN5Catch5clara8TextFlow6ColumnESt6vectorIS5_SaIS5_EEEEPS5_ET0_T_SE_SD_ called 0 returned 0% blocks executed 0%
    #####:  113:    __do_uninit_copy(_InputIterator __first, _InputIterator __last,
        -:  114:		     _ForwardIterator __result)
        -:  115:    {
    #####:  116:      _ForwardIterator __cur = __result;
        -:  117:      __try
        -:  118:	{
    #####:  119:	  for (; __first != __last; ++__first, (void)++__cur)
    %%%%%:  119-block  0
    %%%%%:  119-block  1
call    0 never executed
    %%%%%:  119-block  2
call    1 never executed
branch  2 never executed
branch  3 never executed (fallthrough)
    #####:  120:	    std::_Construct(std::__addressof(*__cur), *__first);
    %%%%%:  120-block  0
call    0 never executed
call    1 never executed
call    2 never executed
branch  3 never executed (fallthrough)
branch  4 never executed (throw)
    #####:  121:	  return __cur;
    %%%%%:  121-block  0
    %%%%%:  121-block  1
        -:  122:	}
    =====:  123:      __catch(...)
    $$$$$:  123-block  0
    $$$$$:  123-block  1
call    0 never executed
    $$$$$:  123-block  2
call    1 never executed
        -:  124:	{
    =====:  125:	  std::_Destroy(__result, __cur);
call    0 never executed
branch  1 never executed (fallthrough)
branch  2 never executed (throw)
    =====:  126:	  __throw_exception_again;
    $$$$$:  126-block  0
call    0 never executed
        -:  127:	}
        -:  128:    }
------------------
_ZSt16__do_uninit_copyIN9__gnu_cxx17__normal_iteratorIPKN5Catch5clara6detail5TokenESt6vectorIS5_SaIS5_EEEEPS5_ET0_T_SE_SD_:
function _ZSt16__do_uninit_copyIN9__gnu_cxx17__normal_iteratorIPKN5Catch5clara6detail5TokenESt6vectorIS5_SaIS5_EEEEPS5_ET0_T_SE_SD_ called 217 returned 100% blocks executed 69%
      217:  113:    __do_uninit_copy(_InputIterator __first, _InputIterator __last,
        -:  114:		     _ForwardIterator __result)
        -:  115:    {
      217:  116:      _ForwardIterator __cur = __result;
        -:  117:      __try
        -:  118:	{
      429:  119:	  for (; __first != __last; ++__first, (void)++__cur)
      217:  119-block  0
      212:  119-block  1
call    0 returned 212
      429:  119-block  2
call    1 returned 429
branch  2 taken 212
branch  3 taken 217 (fallthrough)
      212:  120:	    std::_Construct(std::__addressof(*__cur), *__first);
      212:  120-block  0
call    0 returned 212
call    1 returned 212
call    2 returned 212
branch  3 taken 212 (fallthrough)
branch  4 taken 0 (throw)
      217:  121:	  return __cur;
      217:  121-block  0
      217:  121-block  1
        -:  122:	}
    =====:  123:      __catch(...)
    $$$$$:  123-block  0
    $$$$$:  123-block  1
call    0 never executed
    $$$$$:  123-block  2
call    1 never executed
        -:  124:	{
    =====:  125:	  std::_Destroy(__result, __cur);
call    0 never executed
branch  1 never executed (fallthrough)
branch  2 never executed (throw)
    =====:  126:	  __throw_exception_again;
    $$$$$:  126-block  0
call    0 never executed
        -:  127:	}
        -:  128:    }
------------------
_ZSt16__do_uninit_copyIN9__gnu_cxx17__normal_iteratorIPKNSt7__cxx1112basic_stringIcSt11char_traitsIcESaIcEEESt6vectorIS7_SaIS7_EEEEPS7_ET0_T_SG_SF_:
function _ZSt16__do_uninit_copyIN9__gnu_cxx17__normal_iteratorIPKNSt7__cxx1112basic_stringIcSt11char_traitsIcESaIcEEESt6vectorIS7_SaIS7_EEEEPS7_ET0_T_SG_SF_ called 1134 returned 100% blocks executed 69%
     1134:  113:    __do_uninit_copy(_InputIterator __first, _InputIterator __last,
        -:  114:		     _ForwardIterator __result)
        -:  115:    {
     1134:  116:      _ForwardIterator __cur = __result;
        -:  117:      __try
        -:  118:	{
     3126:  119:	  for (; __first != __last; ++__first, (void)++__cur)
     1134:  119-block  0
     1992:  119-block  1
call    0 returned 1992
     3126:  119-block  2
call    1 returned 3126
branch  2 taken 1992
branch  3 taken 1134 (fallthrough)
     1992:  120:	    std::_Construct(std::__addressof(*__cur), *__first);
     1992:  120-block  0
call    0 returned 1992
call    1 returned 1992
call    2 returned 1992
branch  3 taken 1992 (fallthrough)
branch  4 taken 0 (throw)
     1134:  121:	  return __cur;
     1134:  121-block  0
     1134:  121-block  1
        -:  122:	}
    =====:  123:      __catch(...)
    $$$$$:  123-block  0
    $$$$$:  123-block  1
call    0 never executed
    $$$$$:  123-block  2
call    1 never executed
        -:  124:	{
    =====:  125:	  std::_Destroy(__result, __cur);
call    0 never executed
branch  1 never executed (fallthrough)
branch  2 never executed (throw)
    =====:  126:	  __throw_exception_again;
    $$$$$:  126-block  0
call    0 never executed
        -:  127:	}
        -:  128:    }
------------------
_ZSt16__do_uninit_copyIN9__gnu_cxx17__normal_iteratorIPKN5Catch11MessageInfoESt6vectorIS3_SaIS3_EEEEPS3_ET0_T_SC_SB_:
function _ZSt16__do_uninit_copyIN9__gnu_cxx17__normal_iteratorIPKN5Catch11MessageInfoESt6vectorIS3_SaIS3_EEEEPS3_ET0_T_SC_SB_ called 260 returned 100% blocks executed 38%
      260:  113:    __do_uninit_copy(_InputIterator __first, _InputIterator __last,
        -:  114:		     _ForwardIterator __result)
        -:  115:    {
      260:  116:      _ForwardIterator __cur = __result;
        -:  117:      __try
        -:  118:	{
     260*:  119:	  for (; __first != __last; ++__first, (void)++__cur)
      260:  119-block  0
    %%%%%:  119-block  1
call    0 never executed
      260:  119-block  2
call    1 returned 260
branch  2 taken 0
branch  3 taken 260 (fallthrough)
    #####:  120:	    std::_Construct(std::__addressof(*__cur), *__first);
    %%%%%:  120-block  0
call    0 never executed
call    1 never executed
call    2 never executed
branch  3 never executed (fallthrough)
branch  4 never executed (throw)
      260:  121:	  return __cur;
      260:  121-block  0
      260:  121-block  1
        -:  122:	}
    =====:  123:      __catch(...)
    $$$$$:  123-block  0
    $$$$$:  123-block  1
call    0 never executed
    $$$$$:  123-block  2
call    1 never executed
        -:  124:	{
    =====:  125:	  std::_Destroy(__result, __cur);
call    0 never executed
branch  1 never executed (fallthrough)
branch  2 never executed (throw)
    =====:  126:	  __throw_exception_again;
    $$$$$:  126-block  0
call    0 never executed
        -:  127:	}
        -:  128:    }
------------------
_ZSt16__do_uninit_copyIPNSt7__cxx1112basic_stringIcSt11char_traitsIcESaIcEEES6_ET0_T_S8_S7_:
function _ZSt16__do_uninit_copyIPNSt7__cxx1112basic_stringIcSt11char_traitsIcESaIcEEES6_ET0_T_S8_S7_ called 0 returned 0% blocks executed 0%
    #####:  113:    __do_uninit_copy(_InputIterator __first, _InputIterator __last,
        -:  114:		     _ForwardIterator __result)
        -:  115:    {
    #####:  116:      _ForwardIterator __cur = __result;
        -:  117:      __try
        -:  118:	{
    #####:  119:	  for (; __first != __last; ++__first, (void)++__cur)
    %%%%%:  119-block  0
    %%%%%:  119-block  1
    %%%%%:  119-block  2
branch  0 never executed
branch  1 never executed (fallthrough)
    #####:  120:	    std::_Construct(std::__addressof(*__cur), *__first);
    %%%%%:  120-block  0
call    0 never executed
call    1 never executed
branch  2 never executed (fallthrough)
branch  3 never executed (throw)
    #####:  121:	  return __cur;
    %%%%%:  121-block  0
    %%%%%:  121-block  1
        -:  122:	}
    =====:  123:      __catch(...)
    $$$$$:  123-block  0
    $$$$$:  123-block  1
call    0 never executed
    $$$$$:  123-block  2
call    1 never executed
        -:  124:	{
    =====:  125:	  std::_Destroy(__result, __cur);
call    0 never executed
branch  1 never executed (fallthrough)
branch  2 never executed (throw)
    =====:  126:	  __throw_exception_again;
    $$$$$:  126-block  0
call    0 never executed
        -:  127:	}
        -:  128:    }
------------------
_ZSt16__do_uninit_copyIPN5Catch5clara6detail3OptES4_ET0_T_S6_S5_:
function _ZSt16__do_uninit_copyIPN5Catch5clara6detail3OptES4_ET0_T_S6_S5_ called 0 returned 0% blocks executed 0%
    #####:  113:    __do_uninit_copy(_InputIterator __first, _InputIterator __last,
        -:  114:		     _ForwardIterator __result)
        -:  115:    {
    #####:  116:      _ForwardIterator __cur = __result;
        -:  117:      __try
        -:  118:	{
    #####:  119:	  for (; __first != __last; ++__first, (void)++__cur)
    %%%%%:  119-block  0
    %%%%%:  119-block  1
    %%%%%:  119-block  2
branch  0 never executed
branch  1 never executed (fallthrough)
    #####:  120:	    std::_Construct(std::__addressof(*__cur), *__first);
    %%%%%:  120-block  0
call    0 never executed
call    1 never executed
branch  2 never executed (fallthrough)
branch  3 never executed (throw)
    #####:  121:	  return __cur;
    %%%%%:  121-block  0
    %%%%%:  121-block  1
        -:  122:	}
    =====:  123:      __catch(...)
    $$$$$:  123-block  0
    $$$$$:  123-block  1
call    0 never executed
    $$$$$:  123-block  2
call    1 never executed
        -:  124:	{
    =====:  125:	  std::_Destroy(__result, __cur);
call    0 never executed
branch  1 never executed (fallthrough)
branch  2 never executed (throw)
    =====:  126:	  __throw_exception_again;
    $$$$$:  126-block  0
call    0 never executed
        -:  127:	}
        -:  128:    }
------------------
_ZSt16__do_uninit_copyIPN5Catch5clara6detail3ArgES4_ET0_T_S6_S5_:
function _ZSt16__do_uninit_copyIPN5Catch5clara6detail3ArgES4_ET0_T_S6_S5_ called 0 returned 0% blocks executed 0%
    #####:  113:    __do_uninit_copy(_InputIterator __first, _InputIterator __last,
        -:  114:		     _ForwardIterator __result)
        -:  115:    {
    #####:  116:      _ForwardIterator __cur = __result;
        -:  117:      __try
        -:  118:	{
    #####:  119:	  for (; __first != __last; ++__first, (void)++__cur)
    %%%%%:  119-block  0
    %%%%%:  119-block  1
    %%%%%:  119-block  2
branch  0 never executed
branch  1 never executed (fallthrough)
    #####:  120:	    std::_Construct(std::__addressof(*__cur), *__first);
    %%%%%:  120-block  0
call    0 never executed
call    1 never executed
branch  2 never executed (fallthrough)
branch  3 never executed (throw)
    #####:  121:	  return __cur;
    %%%%%:  121-block  0
    %%%%%:  121-block  1
        -:  122:	}
    =====:  123:      __catch(...)
    $$$$$:  123-block  0
    $$$$$:  123-block  1
call    0 never executed
    $$$$$:  123-block  2
call    1 never executed
        -:  124:	{
    =====:  125:	  std::_Destroy(__result, __cur);
call    0 never executed
branch  1 never executed (fallthrough)
branch  2 never executed (throw)
    =====:  126:	  __throw_exception_again;
    $$$$$:  126-block  0
call    0 never executed
        -:  127:	}
        -:  128:    }
------------------
_ZSt16__do_uninit_copyIN9__gnu_cxx17__normal_iteratorIPKN5Catch8TestCaseESt6vectorIS3_SaIS3_EEEEPS3_ET0_T_SC_SB_:
function _ZSt16__do_uninit_copyIN9__gnu_cxx17__normal_iteratorIPKN5Catch8TestCaseESt6vectorIS3_SaIS3_EEEEPS3_ET0_T_SC_SB_ called 1 returned 100% blocks executed 69%
        1:  113:    __do_uninit_copy(_InputIterator __first, _InputIterator __last,
        -:  114:		     _ForwardIterator __result)
        -:  115:    {
        1:  116:      _ForwardIterator __cur = __result;
        -:  117:      __try
        -:  118:	{
        8:  119:	  for (; __first != __last; ++__first, (void)++__cur)
        1:  119-block  0
        7:  119-block  1
call    0 returned 7
        8:  119-block  2
call    1 returned 8
branch  2 taken 7
branch  3 taken 1 (fallthrough)
        7:  120:	    std::_Construct(std::__addressof(*__cur), *__first);
        7:  120-block  0
call    0 returned 7
call    1 returned 7
call    2 returned 7
branch  3 taken 7 (fallthrough)
branch  4 taken 0 (throw)
        1:  121:	  return __cur;
        1:  121-block  0
        1:  121-block  1
        -:  122:	}
    =====:  123:      __catch(...)
    $$$$$:  123-block  0
    $$$$$:  123-block  1
call    0 never executed
    $$$$$:  123-block  2
call    1 never executed
        -:  124:	{
    =====:  125:	  std::_Destroy(__result, __cur);
call    0 never executed
branch  1 never executed (fallthrough)
branch  2 never executed (throw)
    =====:  126:	  __throw_exception_again;
    $$$$$:  126-block  0
call    0 never executed
        -:  127:	}
        -:  128:    }
------------------
_ZSt16__do_uninit_copyIN9__gnu_cxx17__normal_iteratorIPKN5Catch8TestSpec6FilterESt6vectorIS4_SaIS4_EEEEPS4_ET0_T_SD_SC_:
function _ZSt16__do_uninit_copyIN9__gnu_cxx17__normal_iteratorIPKN5Catch8TestSpec6FilterESt6vectorIS4_SaIS4_EEEEPS4_ET0_T_SD_SC_ called 1 returned 100% blocks executed 38%
        1:  113:    __do_uninit_copy(_InputIterator __first, _InputIterator __last,
        -:  114:		     _ForwardIterator __result)
        -:  115:    {
        1:  116:      _ForwardIterator __cur = __result;
        -:  117:      __try
        -:  118:	{
       1*:  119:	  for (; __first != __last; ++__first, (void)++__cur)
        1:  119-block  0
    %%%%%:  119-block  1
call    0 never executed
        1:  119-block  2
call    1 returned 1
branch  2 taken 0
branch  3 taken 1 (fallthrough)
    #####:  120:	    std::_Construct(std::__addressof(*__cur), *__first);
    %%%%%:  120-block  0
call    0 never executed
call    1 never executed
call    2 never executed
branch  3 never executed (fallthrough)
branch  4 never executed (throw)
        1:  121:	  return __cur;
        1:  121-block  0
        1:  121-block  1
        -:  122:	}
    =====:  123:      __catch(...)
    $$$$$:  123-block  0
    $$$$$:  123-block  1
call    0 never executed
    $$$$$:  123-block  2
call    1 never executed
        -:  124:	{
    =====:  125:	  std::_Destroy(__result, __cur);
call    0 never executed
branch  1 never executed (fallthrough)
branch  2 never executed (throw)
    =====:  126:	  __throw_exception_again;
    $$$$$:  126-block  0
call    0 never executed
        -:  127:	}
        -:  128:    }
------------------
_ZSt16__do_uninit_copyIP7DungeonS1_ET0_T_S3_S2_:
function _ZSt16__do_uninit_copyIP7DungeonS1_ET0_T_S3_S2_ called 0 returned 0% blocks executed 0%
    #####:  113:    __do_uninit_copy(_InputIterator __first, _InputIterator __last,
        -:  114:		     _ForwardIterator __result)
        -:  115:    {
    #####:  116:      _ForwardIterator __cur = __result;
        -:  117:      __try
        -:  118:	{
    #####:  119:	  for (; __first != __last; ++__first, (void)++__cur)
    %%%%%:  119-block  0
    %%%%%:  119-block  1
    %%%%%:  119-block  2
branch  0 never executed
branch  1 never executed (fallthrough)
    #####:  120:	    std::_Construct(std::__addressof(*__cur), *__first);
    %%%%%:  120-block  0
call    0 never executed
call    1 never executed
branch  2 never executed (fallthrough)
branch  3 never executed (throw)
    #####:  121:	  return __cur;
    %%%%%:  121-block  0
    %%%%%:  121-block  1
        -:  122:	}
    =====:  123:      __catch(...)
    $$$$$:  123-block  0
    $$$$$:  123-block  1
call    0 never executed
    $$$$$:  123-block  2
call    1 never executed
        -:  124:	{
    =====:  125:	  std::_Destroy(__result, __cur);
call    0 never executed
branch  1 never executed (fallthrough)
branch  2 never executed (throw)
    =====:  126:	  __throw_exception_again;
    $$$$$:  126-block  0
call    0 never executed
        -:  127:	}
        -:  128:    }
------------------
_ZSt16__do_uninit_copyIPKNSt7__cxx1112basic_stringIcSt11char_traitsIcESaIcEEEPS5_ET0_T_SA_S9_:
function _ZSt16__do_uninit_copyIPKNSt7__cxx1112basic_stringIcSt11char_traitsIcESaIcEEEPS5_ET0_T_SA_S9_ called 0 returned 0% blocks executed 0%
    #####:  113:    __do_uninit_copy(_InputIterator __first, _InputIterator __last,
        -:  114:		     _ForwardIterator __result)
        -:  115:    {
    #####:  116:      _ForwardIterator __cur = __result;
        -:  117:      __try
        -:  118:	{
    #####:  119:	  for (; __first != __last; ++__first, (void)++__cur)
    %%%%%:  119-block  0
    %%%%%:  119-block  1
    %%%%%:  119-block  2
branch  0 never executed
branch  1 never executed (fallthrough)
    #####:  120:	    std::_Construct(std::__addressof(*__cur), *__first);
    %%%%%:  120-block  0
call    0 never executed
call    1 never executed
branch  2 never executed (fallthrough)
branch  3 never executed (throw)
    #####:  121:	  return __cur;
    %%%%%:  121-block  0
    %%%%%:  121-block  1
        -:  122:	}
    =====:  123:      __catch(...)
    $$$$$:  123-block  0
    $$$$$:  123-block  1
call    0 never executed
    $$$$$:  123-block  2
call    1 never executed
        -:  124:	{
    =====:  125:	  std::_Destroy(__result, __cur);
call    0 never executed
branch  1 never executed (fallthrough)
branch  2 never executed (throw)
    =====:  126:	  __throw_exception_again;
    $$$$$:  126-block  0
call    0 never executed
        -:  127:	}
        -:  128:    }
------------------
_ZSt16__do_uninit_copyIPKN5Catch5clara6detail11HelpColumnsEPS3_ET0_T_S8_S7_:
function _ZSt16__do_uninit_copyIPKN5Catch5clara6detail11HelpColumnsEPS3_ET0_T_S8_S7_ called 0 returned 0% blocks executed 0%
    #####:  113:    __do_uninit_copy(_InputIterator __first, _InputIterator __last,
        -:  114:		     _ForwardIterator __result)
        -:  115:    {
    #####:  116:      _ForwardIterator __cur = __result;
        -:  117:      __try
        -:  118:	{
    #####:  119:	  for (; __first != __last; ++__first, (void)++__cur)
    %%%%%:  119-block  0
    %%%%%:  119-block  1
    %%%%%:  119-block  2
branch  0 never executed
branch  1 never executed (fallthrough)
    #####:  120:	    std::_Construct(std::__addressof(*__cur), *__first);
    %%%%%:  120-block  0
call    0 never executed
call    1 never executed
branch  2 never executed (fallthrough)
branch  3 never executed (throw)
    #####:  121:	  return __cur;
    %%%%%:  121-block  0
    %%%%%:  121-block  1
        -:  122:	}
    =====:  123:      __catch(...)
    $$$$$:  123-block  0
    $$$$$:  123-block  1
call    0 never executed
    $$$$$:  123-block  2
call    1 never executed
        -:  124:	{
    =====:  125:	  std::_Destroy(__result, __cur);
call    0 never executed
branch  1 never executed (fallthrough)
branch  2 never executed (throw)
    =====:  126:	  __throw_exception_again;
    $$$$$:  126-block  0
call    0 never executed
        -:  127:	}
        -:  128:    }
------------------
_ZSt16__do_uninit_copyIN9__gnu_cxx17__normal_iteratorIPKN5Catch5clara6detail3OptESt6vectorIS5_SaIS5_EEEEPS5_ET0_T_SE_SD_:
function _ZSt16__do_uninit_copyIN9__gnu_cxx17__normal_iteratorIPKN5Catch5clara6detail3OptESt6vectorIS5_SaIS5_EEEEPS5_ET0_T_SE_SD_ called 66 returned 100% blocks executed 69%
       66:  113:    __do_uninit_copy(_InputIterator __first, _InputIterator __last,
        -:  114:		     _ForwardIterator __result)
        -:  115:    {
       66:  116:      _ForwardIterator __cur = __result;
        -:  117:      __try
        -:  118:	{
     1089:  119:	  for (; __first != __last; ++__first, (void)++__cur)
       66:  119-block  0
     1023:  119-block  1
call    0 returned 1023
     1089:  119-block  2
call    1 returned 1089
branch  2 taken 1023
branch  3 taken 66 (fallthrough)
     1023:  120:	    std::_Construct(std::__addressof(*__cur), *__first);
     1023:  120-block  0
call    0 returned 1023
call    1 returned 1023
call    2 returned 1023
branch  3 taken 1023 (fallthrough)
branch  4 taken 0 (throw)
       66:  121:	  return __cur;
       66:  121-block  0
       66:  121-block  1
        -:  122:	}
    =====:  123:      __catch(...)
    $$$$$:  123-block  0
    $$$$$:  123-block  1
call    0 never executed
    $$$$$:  123-block  2
call    1 never executed
        -:  124:	{
    =====:  125:	  std::_Destroy(__result, __cur);
call    0 never executed
branch  1 never executed (fallthrough)
branch  2 never executed (throw)
    =====:  126:	  __throw_exception_again;
    $$$$$:  126-block  0
call    0 never executed
        -:  127:	}
        -:  128:    }
------------------
_ZSt16__do_uninit_copyIPcS0_ET0_T_S2_S1_:
function _ZSt16__do_uninit_copyIPcS0_ET0_T_S2_S1_ called 0 returned 0% blocks executed 0%
    #####:  113:    __do_uninit_copy(_InputIterator __first, _InputIterator __last,
        -:  114:		     _ForwardIterator __result)
        -:  115:    {
    #####:  116:      _ForwardIterator __cur = __result;
        -:  117:      __try
        -:  118:	{
    #####:  119:	  for (; __first != __last; ++__first, (void)++__cur)
    %%%%%:  119-block  0
    %%%%%:  119-block  1
branch  0 never executed
branch  1 never executed (fallthrough)
    #####:  120:	    std::_Construct(std::__addressof(*__cur), *__first);
    %%%%%:  120-block  0
call    0 never executed
call    1 never executed
    #####:  121:	  return __cur;
    %%%%%:  121-block  0
        -:  122:	}
        -:  123:      __catch(...)
        -:  124:	{
        -:  125:	  std::_Destroy(__result, __cur);
        -:  126:	  __throw_exception_again;
        -:  127:	}
        -:  128:    }
------------------
_ZSt16__do_uninit_copyIN9__gnu_cxx17__normal_iteratorIPN5Catch5clara6detail11HelpColumnsESt6vectorIS5_SaIS5_EEEES6_ET0_T_SC_SB_:
function _ZSt16__do_uninit_copyIN9__gnu_cxx17__normal_iteratorIPN5Catch5clara6detail11HelpColumnsESt6vectorIS5_SaIS5_EEEES6_ET0_T_SC_SB_ called 0 returned 0% blocks executed 0%
    #####:  113:    __do_uninit_copy(_InputIterator __first, _InputIterator __last,
        -:  114:		     _ForwardIterator __result)
        -:  115:    {
    #####:  116:      _ForwardIterator __cur = __result;
        -:  117:      __try
        -:  118:	{
    #####:  119:	  for (; __first != __last; ++__first, (void)++__cur)
    %%%%%:  119-block  0
    %%%%%:  119-block  1
call    0 never executed
    %%%%%:  119-block  2
call    1 never executed
branch  2 never executed
branch  3 never executed (fallthrough)
    #####:  120:	    std::_Construct(std::__addressof(*__cur), *__first);
    %%%%%:  120-block  0
call    0 never executed
call    1 never executed
call    2 never executed
branch  3 never executed (fallthrough)
branch  4 never executed (throw)
    #####:  121:	  return __cur;
    %%%%%:  121-block  0
    %%%%%:  121-block  1
        -:  122:	}
    =====:  123:      __catch(...)
    $$$$$:  123-block  0
    $$$$$:  123-block  1
call    0 never executed
    $$$$$:  123-block  2
call    1 never executed
        -:  124:	{
    =====:  125:	  std::_Destroy(__result, __cur);
call    0 never executed
branch  1 never executed (fallthrough)
branch  2 never executed (throw)
    =====:  126:	  __throw_exception_again;
    $$$$$:  126-block  0
call    0 never executed
        -:  127:	}
        -:  128:    }
------------------
_ZSt16__do_uninit_copyIPKN5Catch12_GLOBAL__N_110ColumnInfoEPS2_ET0_T_S7_S6_:
function _ZSt16__do_uninit_copyIPKN5Catch12_GLOBAL__N_110ColumnInfoEPS2_ET0_T_S7_S6_ called 0 returned 0% blocks executed 0%
    #####:  113:    __do_uninit_copy(_InputIterator __first, _InputIterator __last,
        -:  114:		     _ForwardIterator __result)
        -:  115:    {
    #####:  116:      _ForwardIterator __cur = __result;
        -:  117:      __try
        -:  118:	{
    #####:  119:	  for (; __first != __last; ++__first, (void)++__cur)
    %%%%%:  119-block  0
    %%%%%:  119-block  1
    %%%%%:  119-block  2
branch  0 never executed
branch  1 never executed (fallthrough)
    #####:  120:	    std::_Construct(std::__addressof(*__cur), *__first);
    %%%%%:  120-block  0
call    0 never executed
call    1 never executed
branch  2 never executed (fallthrough)
branch  3 never executed (throw)
    #####:  121:	  return __cur;
    %%%%%:  121-block  0
    %%%%%:  121-block  1
        -:  122:	}
    =====:  123:      __catch(...)
    $$$$$:  123-block  0
    $$$$$:  123-block  1
call    0 never executed
    $$$$$:  123-block  2
call    1 never executed
        -:  124:	{
    =====:  125:	  std::_Destroy(__result, __cur);
call    0 never executed
branch  1 never executed (fallthrough)
branch  2 never executed (throw)
    =====:  126:	  __throw_exception_again;
    $$$$$:  126-block  0
call    0 never executed
        -:  127:	}
        -:  128:    }
------------------
_ZSt16__do_uninit_copyIN9__gnu_cxx17__normal_iteratorIPK7DungeonSt6vectorIS2_SaIS2_EEEEPS2_ET0_T_SB_SA_:
function _ZSt16__do_uninit_copyIN9__gnu_cxx17__normal_iteratorIPK7DungeonSt6vectorIS2_SaIS2_EEEEPS2_ET0_T_SB_SA_ called 1 returned 100% blocks executed 69%
        1:  113:    __do_uninit_copy(_InputIterator __first, _InputIterator __last,
        -:  114:		     _ForwardIterator __result)
        -:  115:    {
        1:  116:      _ForwardIterator __cur = __result;
        -:  117:      __try
        -:  118:	{
        3:  119:	  for (; __first != __last; ++__first, (void)++__cur)
        1:  119-block  0
        2:  119-block  1
call    0 returned 2
        3:  119-block  2
call    1 returned 3
branch  2 taken 2
branch  3 taken 1 (fallthrough)
        2:  120:	    std::_Construct(std::__addressof(*__cur), *__first);
        2:  120-block  0
call    0 returned 2
call    1 returned 2
call    2 returned 2
branch  3 taken 2 (fallthrough)
branch  4 taken 0 (throw)
        1:  121:	  return __cur;
        1:  121-block  0
        1:  121-block  1
        -:  122:	}
    =====:  123:      __catch(...)
    $$$$$:  123-block  0
    $$$$$:  123-block  1
call    0 never executed
    $$$$$:  123-block  2
call    1 never executed
        -:  124:	{
    =====:  125:	  std::_Destroy(__result, __cur);
call    0 never executed
branch  1 never executed (fallthrough)
branch  2 never executed (throw)
    =====:  126:	  __throw_exception_again;
    $$$$$:  126-block  0
call    0 never executed
        -:  127:	}
        -:  128:    }
------------------
_ZSt16__do_uninit_copyISt13move_iteratorIPN5Catch5clara6detail11HelpColumnsEES5_ET0_T_S8_S7_:
function _ZSt16__do_uninit_copyISt13move_iteratorIPN5Catch5clara6detail11HelpColumnsEES5_ET0_T_S8_S7_ called 0 returned 0% blocks executed 0%
    #####:  113:    __do_uninit_copy(_InputIterator __first, _InputIterator __last,
        -:  114:		     _ForwardIterator __result)
        -:  115:    {
    #####:  116:      _ForwardIterator __cur = __result;
        -:  117:      __try
        -:  118:	{
    #####:  119:	  for (; __first != __last; ++__first, (void)++__cur)
    %%%%%:  119-block  0
call    0 never executed
    %%%%%:  119-block  1
call    1 never executed
branch  2 never executed
branch  3 never executed (fallthrough)
    #####:  120:	    std::_Construct(std::__addressof(*__cur), *__first);
    %%%%%:  120-block  0
call    0 never executed
call    1 never executed
call    2 never executed
    #####:  121:	  return __cur;
    %%%%%:  121-block  0
        -:  122:	}
        -:  123:      __catch(...)
        -:  124:	{
        -:  125:	  std::_Destroy(__result, __cur);
        -:  126:	  __throw_exception_again;
        -:  127:	}
        -:  128:    }
------------------
_ZSt16__do_uninit_copyISt13move_iteratorIPN5Catch13ScopedMessageEES3_ET0_T_S6_S5_:
function _ZSt16__do_uninit_copyISt13move_iteratorIPN5Catch13ScopedMessageEES3_ET0_T_S6_S5_ called 0 returned 0% blocks executed 0%
    #####:  113:    __do_uninit_copy(_InputIterator __first, _InputIterator __last,
        -:  114:		     _ForwardIterator __result)
        -:  115:    {
    #####:  116:      _ForwardIterator __cur = __result;
        -:  117:      __try
        -:  118:	{
    #####:  119:	  for (; __first != __last; ++__first, (void)++__cur)
    %%%%%:  119-block  0
    %%%%%:  119-block  1
call    0 never executed
    %%%%%:  119-block  2
call    1 never executed
branch  2 never executed
branch  3 never executed (fallthrough)
    #####:  120:	    std::_Construct(std::__addressof(*__cur), *__first);
    %%%%%:  120-block  0
call    0 never executed
call    1 never executed
call    2 never executed
branch  3 never executed (fallthrough)
branch  4 never executed (throw)
    #####:  121:	  return __cur;
    %%%%%:  121-block  0
    %%%%%:  121-block  1
        -:  122:	}
    =====:  123:      __catch(...)
    $$$$$:  123-block  0
    $$$$$:  123-block  1
call    0 never executed
    $$$$$:  123-block  2
call    1 never executed
        -:  124:	{
    =====:  125:	  std::_Destroy(__result, __cur);
call    0 never executed
branch  1 never executed (fallthrough)
branch  2 never executed (throw)
    =====:  126:	  __throw_exception_again;
    $$$$$:  126-block  0
call    0 never executed
        -:  127:	}
        -:  128:    }
------------------
_ZSt16__do_uninit_copyISt13move_iteratorIPNSt7__cxx1112basic_stringIcSt11char_traitsIcESaIcEEEES7_ET0_T_SA_S9_:
function _ZSt16__do_uninit_copyISt13move_iteratorIPNSt7__cxx1112basic_stringIcSt11char_traitsIcESaIcEEEES7_ET0_T_SA_S9_ called 0 returned 0% blocks executed 0%
    #####:  113:    __do_uninit_copy(_InputIterator __first, _InputIterator __last,
        -:  114:		     _ForwardIterator __result)
        -:  115:    {
    #####:  116:      _ForwardIterator __cur = __result;
        -:  117:      __try
        -:  118:	{
    #####:  119:	  for (; __first != __last; ++__first, (void)++__cur)
    %%%%%:  119-block  0
call    0 never executed
    %%%%%:  119-block  1
call    1 never executed
branch  2 never executed
branch  3 never executed (fallthrough)
    #####:  120:	    std::_Construct(std::__addressof(*__cur), *__first);
    %%%%%:  120-block  0
call    0 never executed
call    1 never executed
call    2 never executed
    #####:  121:	  return __cur;
    %%%%%:  121-block  0
        -:  122:	}
        -:  123:      __catch(...)
        -:  124:	{
        -:  125:	  std::_Destroy(__result, __cur);
        -:  126:	  __throw_exception_again;
        -:  127:	}
        -:  128:    }
------------------
_ZSt16__do_uninit_copyIN9__gnu_cxx17__normal_iteratorIPKSt10shared_ptrIN5Catch8TestSpec7PatternEESt6vectorIS6_SaIS6_EEEEPS6_ET0_T_SF_SE_:
function _ZSt16__do_uninit_copyIN9__gnu_cxx17__normal_iteratorIPKSt10shared_ptrIN5Catch8TestSpec7PatternEESt6vectorIS6_SaIS6_EEEEPS6_ET0_T_SF_SE_ called 0 returned 0% blocks executed 0%
    #####:  113:    __do_uninit_copy(_InputIterator __first, _InputIterator __last,
        -:  114:		     _ForwardIterator __result)
        -:  115:    {
    #####:  116:      _ForwardIterator __cur = __result;
        -:  117:      __try
        -:  118:	{
    #####:  119:	  for (; __first != __last; ++__first, (void)++__cur)
    %%%%%:  119-block  0
call    0 never executed
    %%%%%:  119-block  1
call    1 never executed
branch  2 never executed
branch  3 never executed (fallthrough)
    #####:  120:	    std::_Construct(std::__addressof(*__cur), *__first);
    %%%%%:  120-block  0
call    0 never executed
call    1 never executed
call    2 never executed
    #####:  121:	  return __cur;
    %%%%%:  121-block  0
        -:  122:	}
        -:  123:      __catch(...)
        -:  124:	{
        -:  125:	  std::_Destroy(__result, __cur);
        -:  126:	  __throw_exception_again;
        -:  127:	}
        -:  128:    }
------------------
_ZSt16__do_uninit_copyIPKN5Catch14AssertionStatsEPS1_ET0_T_S6_S5_:
function _ZSt16__do_uninit_copyIPKN5Catch14AssertionStatsEPS1_ET0_T_S6_S5_ called 0 returned 0% blocks executed 0%
    #####:  113:    __do_uninit_copy(_InputIterator __first, _InputIterator __last,
        -:  114:		     _ForwardIterator __result)
        -:  115:    {
    #####:  116:      _ForwardIterator __cur = __result;
        -:  117:      __try
        -:  118:	{
    #####:  119:	  for (; __first != __last; ++__first, (void)++__cur)
    %%%%%:  119-block  0
    %%%%%:  119-block  1
    %%%%%:  119-block  2
branch  0 never executed
branch  1 never executed (fallthrough)
    #####:  120:	    std::_Construct(std::__addressof(*__cur), *__first);
    %%%%%:  120-block  0
call    0 never executed
call    1 never executed
branch  2 never executed (fallthrough)
branch  3 never executed (throw)
    #####:  121:	  return __cur;
    %%%%%:  121-block  0
    %%%%%:  121-block  1
        -:  122:	}
    =====:  123:      __catch(...)
    $$$$$:  123-block  0
    $$$$$:  123-block  1
call    0 never executed
    $$$$$:  123-block  2
call    1 never executed
        -:  124:	{
    =====:  125:	  std::_Destroy(__result, __cur);
call    0 never executed
branch  1 never executed (fallthrough)
branch  2 never executed (throw)
    =====:  126:	  __throw_exception_again;
    $$$$$:  126-block  0
call    0 never executed
        -:  127:	}
        -:  128:    }
------------------
_ZSt16__do_uninit_copyIPNSt7__cxx119sub_matchIN9__gnu_cxx17__normal_iteratorIPKcNS0_12basic_stringIcSt11char_traitsIcESaIcEEEEEEESD_ET0_T_SF_SE_:
function _ZSt16__do_uninit_copyIPNSt7__cxx119sub_matchIN9__gnu_cxx17__normal_iteratorIPKcNS0_12basic_stringIcSt11char_traitsIcESaIcEEEEEEESD_ET0_T_SF_SE_ called 0 returned 0% blocks executed 0%
    #####:  113:    __do_uninit_copy(_InputIterator __first, _InputIterator __last,
        -:  114:		     _ForwardIterator __result)
        -:  115:    {
    #####:  116:      _ForwardIterator __cur = __result;
        -:  117:      __try
        -:  118:	{
    #####:  119:	  for (; __first != __last; ++__first, (void)++__cur)
    %%%%%:  119-block  0
    %%%%%:  119-block  1
branch  0 never executed
branch  1 never executed (fallthrough)
    #####:  120:	    std::_Construct(std::__addressof(*__cur), *__first);
    %%%%%:  120-block  0
call    0 never executed
call    1 never executed
    #####:  121:	  return __cur;
    %%%%%:  121-block  0
        -:  122:	}
        -:  123:      __catch(...)
        -:  124:	{
        -:  125:	  std::_Destroy(__result, __cur);
        -:  126:	  __throw_exception_again;
        -:  127:	}
        -:  128:    }
------------------
_ZSt16__do_uninit_copyIN9__gnu_cxx17__normal_iteratorIPKNSt7__cxx119sub_matchINS1_IPKcNS2_12basic_stringIcSt11char_traitsIcESaIcEEEEEEESt6vectorISC_SaISC_EEEEPSC_ET0_T_SL_SK_:
function _ZSt16__do_uninit_copyIN9__gnu_cxx17__normal_iteratorIPKNSt7__cxx119sub_matchINS1_IPKcNS2_12basic_stringIcSt11char_traitsIcESaIcEEEEEEESt6vectorISC_SaISC_EEEEPSC_ET0_T_SL_SK_ called 0 returned 0% blocks executed 0%
    #####:  113:    __do_uninit_copy(_InputIterator __first, _InputIterator __last,
        -:  114:		     _ForwardIterator __result)
        -:  115:    {
    #####:  116:      _ForwardIterator __cur = __result;
        -:  117:      __try
        -:  118:	{
    #####:  119:	  for (; __first != __last; ++__first, (void)++__cur)
    %%%%%:  119-block  0
call    0 never executed
    %%%%%:  119-block  1
call    1 never executed
branch  2 never executed
branch  3 never executed (fallthrough)
    #####:  120:	    std::_Construct(std::__addressof(*__cur), *__first);
    %%%%%:  120-block  0
call    0 never executed
call    1 never executed
call    2 never executed
    #####:  121:	  return __cur;
    %%%%%:  121-block  0
        -:  122:	}
        -:  123:      __catch(...)
        -:  124:	{
        -:  125:	  std::_Destroy(__result, __cur);
        -:  126:	  __throw_exception_again;
        -:  127:	}
        -:  128:    }
------------------
_ZSt16__do_uninit_copyIPKcPcET0_T_S4_S3_:
function _ZSt16__do_uninit_copyIPKcPcET0_T_S4_S3_ called 0 returned 0% blocks executed 0%
    #####:  113:    __do_uninit_copy(_InputIterator __first, _InputIterator __last,
        -:  114:		     _ForwardIterator __result)
        -:  115:    {
    #####:  116:      _ForwardIterator __cur = __result;
        -:  117:      __try
        -:  118:	{
    #####:  119:	  for (; __first != __last; ++__first, (void)++__cur)
    %%%%%:  119-block  0
    %%%%%:  119-block  1
branch  0 never executed
branch  1 never executed (fallthrough)
    #####:  120:	    std::_Construct(std::__addressof(*__cur), *__first);
    %%%%%:  120-block  0
call    0 never executed
call    1 never executed
    #####:  121:	  return __cur;
    %%%%%:  121-block  0
        -:  122:	}
        -:  123:      __catch(...)
        -:  124:	{
        -:  125:	  std::_Destroy(__result, __cur);
        -:  126:	  __throw_exception_again;
        -:  127:	}
        -:  128:    }
------------------
_ZSt16__do_uninit_copyIN9__gnu_cxx17__normal_iteratorIPKcSt6vectorIcSaIcEEEEPcET0_T_SA_S9_:
function _ZSt16__do_uninit_copyIN9__gnu_cxx17__normal_iteratorIPKcSt6vectorIcSaIcEEEEPcET0_T_SA_S9_ called 0 returned 0% blocks executed 0%
    #####:  113:    __do_uninit_copy(_InputIterator __first, _InputIterator __last,
        -:  114:		     _ForwardIterator __result)
        -:  115:    {
    #####:  116:      _ForwardIterator __cur = __result;
        -:  117:      __try
        -:  118:	{
    #####:  119:	  for (; __first != __last; ++__first, (void)++__cur)
    %%%%%:  119-block  0
call    0 never executed
    %%%%%:  119-block  1
call    1 never executed
branch  2 never executed
branch  3 never executed (fallthrough)
    #####:  120:	    std::_Construct(std::__addressof(*__cur), *__first);
    %%%%%:  120-block  0
call    0 never executed
call    1 never executed
call    2 never executed
    #####:  121:	  return __cur;
    %%%%%:  121-block  0
        -:  122:	}
        -:  123:      __catch(...)
        -:  124:	{
        -:  125:	  std::_Destroy(__result, __cur);
        -:  126:	  __throw_exception_again;
        -:  127:	}
        -:  128:    }
------------------
_ZSt16__do_uninit_copyIN9__gnu_cxx17__normal_iteratorIPKSt4pairIccESt6vectorIS3_SaIS3_EEEEPS3_ET0_T_SC_SB_:
function _ZSt16__do_uninit_copyIN9__gnu_cxx17__normal_iteratorIPKSt4pairIccESt6vectorIS3_SaIS3_EEEEPS3_ET0_T_SC_SB_ called 0 returned 0% blocks executed 0%
    #####:  113:    __do_uninit_copy(_InputIterator __first, _InputIterator __last,
        -:  114:		     _ForwardIterator __result)
        -:  115:    {
    #####:  116:      _ForwardIterator __cur = __result;
        -:  117:      __try
        -:  118:	{
    #####:  119:	  for (; __first != __last; ++__first, (void)++__cur)
    %%%%%:  119-block  0
call    0 never executed
    %%%%%:  119-block  1
call    1 never executed
branch  2 never executed
branch  3 never executed (fallthrough)
    #####:  120:	    std::_Construct(std::__addressof(*__cur), *__first);
    %%%%%:  120-block  0
call    0 never executed
call    1 never executed
call    2 never executed
    #####:  121:	  return __cur;
    %%%%%:  121-block  0
        -:  122:	}
        -:  123:      __catch(...)
        -:  124:	{
        -:  125:	  std::_Destroy(__result, __cur);
        -:  126:	  __throw_exception_again;
        -:  127:	}
        -:  128:    }
------------------
_ZSt16__do_uninit_copyIN9__gnu_cxx17__normal_iteratorIPKNSt7__cxx1112regex_traitsIcE10_RegexMaskESt6vectorIS5_SaIS5_EEEEPS5_ET0_T_SE_SD_:
function _ZSt16__do_uninit_copyIN9__gnu_cxx17__normal_iteratorIPKNSt7__cxx1112regex_traitsIcE10_RegexMaskESt6vectorIS5_SaIS5_EEEEPS5_ET0_T_SE_SD_ called 0 returned 0% blocks executed 0%
    #####:  113:    __do_uninit_copy(_InputIterator __first, _InputIterator __last,
        -:  114:		     _ForwardIterator __result)
        -:  115:    {
    #####:  116:      _ForwardIterator __cur = __result;
        -:  117:      __try
        -:  118:	{
    #####:  119:	  for (; __first != __last; ++__first, (void)++__cur)
    %%%%%:  119-block  0
call    0 never executed
    %%%%%:  119-block  1
call    1 never executed
branch  2 never executed
branch  3 never executed (fallthrough)
    #####:  120:	    std::_Construct(std::__addressof(*__cur), *__first);
    %%%%%:  120-block  0
call    0 never executed
call    1 never executed
call    2 never executed
    #####:  121:	  return __cur;
    %%%%%:  121-block  0
        -:  122:	}
        -:  123:      __catch(...)
        -:  124:	{
        -:  125:	  std::_Destroy(__result, __cur);
        -:  126:	  __throw_exception_again;
        -:  127:	}
        -:  128:    }
------------------
_ZSt16__do_uninit_copyIN9__gnu_cxx17__normal_iteratorIPKSt4pairINSt7__cxx1112basic_stringIcSt11char_traitsIcESaIcEEES8_ESt6vectorIS9_SaIS9_EEEEPS9_ET0_T_SI_SH_:
function _ZSt16__do_uninit_copyIN9__gnu_cxx17__normal_iteratorIPKSt4pairINSt7__cxx1112basic_stringIcSt11char_traitsIcESaIcEEES8_ESt6vectorIS9_SaIS9_EEEEPS9_ET0_T_SI_SH_ called 0 returned 0% blocks executed 0%
    #####:  113:    __do_uninit_copy(_InputIterator __first, _InputIterator __last,
        -:  114:		     _ForwardIterator __result)
        -:  115:    {
    #####:  116:      _ForwardIterator __cur = __result;
        -:  117:      __try
        -:  118:	{
    #####:  119:	  for (; __first != __last; ++__first, (void)++__cur)
    %%%%%:  119-block  0
    %%%%%:  119-block  1
call    0 never executed
    %%%%%:  119-block  2
call    1 never executed
branch  2 never executed
branch  3 never executed (fallthrough)
    #####:  120:	    std::_Construct(std::__addressof(*__cur), *__first);
    %%%%%:  120-block  0
call    0 never executed
call    1 never executed
call    2 never executed
branch  3 never executed (fallthrough)
branch  4 never executed (throw)
    #####:  121:	  return __cur;
    %%%%%:  121-block  0
    %%%%%:  121-block  1
        -:  122:	}
    =====:  123:      __catch(...)
    $$$$$:  123-block  0
    $$$$$:  123-block  1
call    0 never executed
    $$$$$:  123-block  2
call    1 never executed
        -:  124:	{
    =====:  125:	  std::_Destroy(__result, __cur);
call    0 never executed
branch  1 never executed (fallthrough)
branch  2 never executed (throw)
    =====:  126:	  __throw_exception_again;
    $$$$$:  126-block  0
call    0 never executed
        -:  127:	}
        -:  128:    }
------------------
        -:  129:
        -:  130:  template<bool _TrivialValueTypes>
        -:  131:    struct __uninitialized_copy
        -:  132:    {
        -:  133:      template<typename _InputIterator, typename _ForwardIterator>
        -:  134:        static _ForwardIterator
    1749*:  135:        __uninit_copy(_InputIterator __first, _InputIterator __last,
        -:  136:		      _ForwardIterator __result)
    1749*:  137:	{ return std::__do_uninit_copy(__first, __last, __result); }
------------------
_ZNSt20__uninitialized_copyILb0EE13__uninit_copyIN9__gnu_cxx17__normal_iteratorIPKN5Catch5clara6detail3OptESt6vectorIS7_SaIS7_EEEEPS7_EET0_T_SG_SF_:
function _ZNSt20__uninitialized_copyILb0EE13__uninit_copyIN9__gnu_cxx17__normal_iteratorIPKN5Catch5clara6detail3OptESt6vectorIS7_SaIS7_EEEEPS7_EET0_T_SG_SF_ called 66 returned 100% blocks executed 100%
       66:  135:        __uninit_copy(_InputIterator __first, _InputIterator __last,
        -:  136:		      _ForwardIterator __result)
       66:  137:	{ return std::__do_uninit_copy(__first, __last, __result); }
       66:  137-block  0
call    0 returned 66
------------------
_ZNSt20__uninitialized_copyILb0EE13__uninit_copyIPKPKcPNSt7__cxx1112basic_stringIcSt11char_traitsIcESaIcEEEEET0_T_SE_SD_:
function _ZNSt20__uninitialized_copyILb0EE13__uninit_copyIPKPKcPNSt7__cxx1112basic_stringIcSt11char_traitsIcESaIcEEEEET0_T_SE_SD_ called 3 returned 100% blocks executed 100%
        3:  135:        __uninit_copy(_InputIterator __first, _InputIterator __last,
        -:  136:		      _ForwardIterator __result)
        3:  137:	{ return std::__do_uninit_copy(__first, __last, __result); }
        3:  137-block  0
call    0 returned 3
------------------
_ZNSt20__uninitialized_copyILb0EE13__uninit_copyIN9__gnu_cxx17__normal_iteratorIPKN5Catch5clara8TextFlow6ColumnESt6vectorIS7_SaIS7_EEEEPS7_EET0_T_SG_SF_:
function _ZNSt20__uninitialized_copyILb0EE13__uninit_copyIN9__gnu_cxx17__normal_iteratorIPKN5Catch5clara8TextFlow6ColumnESt6vectorIS7_SaIS7_EEEEPS7_EET0_T_SG_SF_ called 0 returned 0% blocks executed 0%
    #####:  135:        __uninit_copy(_InputIterator __first, _InputIterator __last,
        -:  136:		      _ForwardIterator __result)
    #####:  137:	{ return std::__do_uninit_copy(__first, __last, __result); }
    %%%%%:  137-block  0
call    0 never executed
------------------
_ZNSt20__uninitialized_copyILb0EE13__uninit_copyIN9__gnu_cxx17__normal_iteratorIPKN5Catch5clara6detail5TokenESt6vectorIS7_SaIS7_EEEEPS7_EET0_T_SG_SF_:
function _ZNSt20__uninitialized_copyILb0EE13__uninit_copyIN9__gnu_cxx17__normal_iteratorIPKN5Catch5clara6detail5TokenESt6vectorIS7_SaIS7_EEEEPS7_EET0_T_SG_SF_ called 217 returned 100% blocks executed 100%
      217:  135:        __uninit_copy(_InputIterator __first, _InputIterator __last,
        -:  136:		      _ForwardIterator __result)
      217:  137:	{ return std::__do_uninit_copy(__first, __last, __result); }
      217:  137-block  0
call    0 returned 217
------------------
_ZNSt20__uninitialized_copyILb0EE13__uninit_copyIN9__gnu_cxx17__normal_iteratorIPKNSt7__cxx1112basic_stringIcSt11char_traitsIcESaIcEEESt6vectorIS9_SaIS9_EEEEPS9_EET0_T_SI_SH_:
function _ZNSt20__uninitialized_copyILb0EE13__uninit_copyIN9__gnu_cxx17__normal_iteratorIPKNSt7__cxx1112basic_stringIcSt11char_traitsIcESaIcEEESt6vectorIS9_SaIS9_EEEEPS9_EET0_T_SI_SH_ called 1134 returned 100% blocks executed 100%
     1134:  135:        __uninit_copy(_InputIterator __first, _InputIterator __last,
        -:  136:		      _ForwardIterator __result)
     1134:  137:	{ return std::__do_uninit_copy(__first, __last, __result); }
     1134:  137-block  0
call    0 returned 1134
------------------
_ZNSt20__uninitialized_copyILb0EE13__uninit_copyIN9__gnu_cxx17__normal_iteratorIPKN5Catch11MessageInfoESt6vectorIS5_SaIS5_EEEEPS5_EET0_T_SE_SD_:
function _ZNSt20__uninitialized_copyILb0EE13__uninit_copyIN9__gnu_cxx17__normal_iteratorIPKN5Catch11MessageInfoESt6vectorIS5_SaIS5_EEEEPS5_EET0_T_SE_SD_ called 260 returned 100% blocks executed 100%
      260:  135:        __uninit_copy(_InputIterator __first, _InputIterator __last,
        -:  136:		      _ForwardIterator __result)
      260:  137:	{ return std::__do_uninit_copy(__first, __last, __result); }
      260:  137-block  0
call    0 returned 260
------------------
_ZNSt20__uninitialized_copyILb0EE13__uninit_copyIPNSt7__cxx1112basic_stringIcSt11char_traitsIcESaIcEEES8_EET0_T_SA_S9_:
function _ZNSt20__uninitialized_copyILb0EE13__uninit_copyIPNSt7__cxx1112basic_stringIcSt11char_traitsIcESaIcEEES8_EET0_T_SA_S9_ called 0 returned 0% blocks executed 0%
    #####:  135:        __uninit_copy(_InputIterator __first, _InputIterator __last,
        -:  136:		      _ForwardIterator __result)
    #####:  137:	{ return std::__do_uninit_copy(__first, __last, __result); }
    %%%%%:  137-block  0
call    0 never executed
------------------
_ZNSt20__uninitialized_copyILb0EE13__uninit_copyIPN5Catch5clara6detail3OptES6_EET0_T_S8_S7_:
function _ZNSt20__uninitialized_copyILb0EE13__uninit_copyIPN5Catch5clara6detail3OptES6_EET0_T_S8_S7_ called 0 returned 0% blocks executed 0%
    #####:  135:        __uninit_copy(_InputIterator __first, _InputIterator __last,
        -:  136:		      _ForwardIterator __result)
    #####:  137:	{ return std::__do_uninit_copy(__first, __last, __result); }
    %%%%%:  137-block  0
call    0 never executed
------------------
_ZNSt20__uninitialized_copyILb0EE13__uninit_copyIPN5Catch5clara6detail3ArgES6_EET0_T_S8_S7_:
function _ZNSt20__uninitialized_copyILb0EE13__uninit_copyIPN5Catch5clara6detail3ArgES6_EET0_T_S8_S7_ called 0 returned 0% blocks executed 0%
    #####:  135:        __uninit_copy(_InputIterator __first, _InputIterator __last,
        -:  136:		      _ForwardIterator __result)
    #####:  137:	{ return std::__do_uninit_copy(__first, __last, __result); }
    %%%%%:  137-block  0
call    0 never executed
------------------
_ZNSt20__uninitialized_copyILb0EE13__uninit_copyIN9__gnu_cxx17__normal_iteratorIPKN5Catch8TestCaseESt6vectorIS5_SaIS5_EEEEPS5_EET0_T_SE_SD_:
function _ZNSt20__uninitialized_copyILb0EE13__uninit_copyIN9__gnu_cxx17__normal_iteratorIPKN5Catch8TestCaseESt6vectorIS5_SaIS5_EEEEPS5_EET0_T_SE_SD_ called 1 returned 100% blocks executed 100%
        1:  135:        __uninit_copy(_InputIterator __first, _InputIterator __last,
        -:  136:		      _ForwardIterator __result)
        1:  137:	{ return std::__do_uninit_copy(__first, __last, __result); }
        1:  137-block  0
call    0 returned 1
------------------
_ZNSt20__uninitialized_copyILb0EE13__uninit_copyIN9__gnu_cxx17__normal_iteratorIPKN5Catch8TestSpec6FilterESt6vectorIS6_SaIS6_EEEEPS6_EET0_T_SF_SE_:
function _ZNSt20__uninitialized_copyILb0EE13__uninit_copyIN9__gnu_cxx17__normal_iteratorIPKN5Catch8TestSpec6FilterESt6vectorIS6_SaIS6_EEEEPS6_EET0_T_SF_SE_ called 1 returned 100% blocks executed 100%
        1:  135:        __uninit_copy(_InputIterator __first, _InputIterator __last,
        -:  136:		      _ForwardIterator __result)
        1:  137:	{ return std::__do_uninit_copy(__first, __last, __result); }
        1:  137-block  0
call    0 returned 1
------------------
_ZNSt20__uninitialized_copyILb0EE13__uninit_copyIP7DungeonS3_EET0_T_S5_S4_:
function _ZNSt20__uninitialized_copyILb0EE13__uninit_copyIP7DungeonS3_EET0_T_S5_S4_ called 0 returned 0% blocks executed 0%
    #####:  135:        __uninit_copy(_InputIterator __first, _InputIterator __last,
        -:  136:		      _ForwardIterator __result)
    #####:  137:	{ return std::__do_uninit_copy(__first, __last, __result); }
    %%%%%:  137-block  0
call    0 never executed
------------------
_ZNSt20__uninitialized_copyILb0EE13__uninit_copyIPKNSt7__cxx1112basic_stringIcSt11char_traitsIcESaIcEEEPS7_EET0_T_SC_SB_:
function _ZNSt20__uninitialized_copyILb0EE13__uninit_copyIPKNSt7__cxx1112basic_stringIcSt11char_traitsIcESaIcEEEPS7_EET0_T_SC_SB_ called 0 returned 0% blocks executed 0%
    #####:  135:        __uninit_copy(_InputIterator __first, _InputIterator __last,
        -:  136:		      _ForwardIterator __result)
    #####:  137:	{ return std::__do_uninit_copy(__first, __last, __result); }
    %%%%%:  137-block  0
call    0 never executed
------------------
_ZNSt20__uninitialized_copyILb0EE13__uninit_copyIPKN5Catch5clara6detail11HelpColumnsEPS5_EET0_T_SA_S9_:
function _ZNSt20__uninitialized_copyILb0EE13__uninit_copyIPKN5Catch5clara6detail11HelpColumnsEPS5_EET0_T_SA_S9_ called 0 returned 0% blocks executed 0%
    #####:  135:        __uninit_copy(_InputIterator __first, _InputIterator __last,
        -:  136:		      _ForwardIterator __result)
    #####:  137:	{ return std::__do_uninit_copy(__first, __last, __result); }
    %%%%%:  137-block  0
call    0 never executed
------------------
_ZNSt20__uninitialized_copyILb0EE13__uninit_copyIN9__gnu_cxx17__normal_iteratorIPKSt4pairINSt7__cxx1112basic_stringIcSt11char_traitsIcESaIcEEESA_ESt6vectorISB_SaISB_EEEEPSB_EET0_T_SK_SJ_:
function _ZNSt20__uninitialized_copyILb0EE13__uninit_copyIN9__gnu_cxx17__normal_iteratorIPKSt4pairINSt7__cxx1112basic_stringIcSt11char_traitsIcESaIcEEESA_ESt6vectorISB_SaISB_EEEEPSB_EET0_T_SK_SJ_ called 0 returned 0% blocks executed 0%
    #####:  135:        __uninit_copy(_InputIterator __first, _InputIterator __last,
        -:  136:		      _ForwardIterator __result)
    #####:  137:	{ return std::__do_uninit_copy(__first, __last, __result); }
    %%%%%:  137-block  0
call    0 never executed
------------------
_ZNSt20__uninitialized_copyILb0EE13__uninit_copyIN9__gnu_cxx17__normal_iteratorIPKN5Catch5clara6detail3ArgESt6vectorIS7_SaIS7_EEEEPS7_EET0_T_SG_SF_:
function _ZNSt20__uninitialized_copyILb0EE13__uninit_copyIN9__gnu_cxx17__normal_iteratorIPKN5Catch5clara6detail3ArgESt6vectorIS7_SaIS7_EEEEPS7_EET0_T_SG_SF_ called 66 returned 100% blocks executed 100%
       66:  135:        __uninit_copy(_InputIterator __first, _InputIterator __last,
        -:  136:		      _ForwardIterator __result)
       66:  137:	{ return std::__do_uninit_copy(__first, __last, __result); }
       66:  137-block  0
call    0 returned 66
------------------
_ZNSt20__uninitialized_copyILb0EE13__uninit_copyIN9__gnu_cxx17__normal_iteratorIPN5Catch5clara6detail11HelpColumnsESt6vectorIS7_SaIS7_EEEES8_EET0_T_SE_SD_:
function _ZNSt20__uninitialized_copyILb0EE13__uninit_copyIN9__gnu_cxx17__normal_iteratorIPN5Catch5clara6detail11HelpColumnsESt6vectorIS7_SaIS7_EEEES8_EET0_T_SE_SD_ called 0 returned 0% blocks executed 0%
    #####:  135:        __uninit_copy(_InputIterator __first, _InputIterator __last,
        -:  136:		      _ForwardIterator __result)
    #####:  137:	{ return std::__do_uninit_copy(__first, __last, __result); }
    %%%%%:  137-block  0
call    0 never executed
------------------
_ZNSt20__uninitialized_copyILb0EE13__uninit_copyIPKN5Catch12_GLOBAL__N_110ColumnInfoEPS4_EET0_T_S9_S8_:
function _ZNSt20__uninitialized_copyILb0EE13__uninit_copyIPKN5Catch12_GLOBAL__N_110ColumnInfoEPS4_EET0_T_S9_S8_ called 0 returned 0% blocks executed 0%
    #####:  135:        __uninit_copy(_InputIterator __first, _InputIterator __last,
        -:  136:		      _ForwardIterator __result)
    #####:  137:	{ return std::__do_uninit_copy(__first, __last, __result); }
    %%%%%:  137-block  0
call    0 never executed
------------------
_ZNSt20__uninitialized_copyILb0EE13__uninit_copyIN9__gnu_cxx17__normal_iteratorIPK7DungeonSt6vectorIS4_SaIS4_EEEEPS4_EET0_T_SD_SC_:
function _ZNSt20__uninitialized_copyILb0EE13__uninit_copyIN9__gnu_cxx17__normal_iteratorIPK7DungeonSt6vectorIS4_SaIS4_EEEEPS4_EET0_T_SD_SC_ called 1 returned 100% blocks executed 100%
        1:  135:        __uninit_copy(_InputIterator __first, _InputIterator __last,
        -:  136:		      _ForwardIterator __result)
        1:  137:	{ return std::__do_uninit_copy(__first, __last, __result); }
        1:  137-block  0
call    0 returned 1
------------------
_ZNSt20__uninitialized_copyILb0EE13__uninit_copyISt13move_iteratorIPN5Catch5clara6detail11HelpColumnsEES7_EET0_T_SA_S9_:
function _ZNSt20__uninitialized_copyILb0EE13__uninit_copyISt13move_iteratorIPN5Catch5clara6detail11HelpColumnsEES7_EET0_T_SA_S9_ called 0 returned 0% blocks executed 0%
    #####:  135:        __uninit_copy(_InputIterator __first, _InputIterator __last,
        -:  136:		      _ForwardIterator __result)
    #####:  137:	{ return std::__do_uninit_copy(__first, __last, __result); }
    %%%%%:  137-block  0
call    0 never executed
------------------
_ZNSt20__uninitialized_copyILb0EE13__uninit_copyISt13move_iteratorIPN5Catch13ScopedMessageEES5_EET0_T_S8_S7_:
function _ZNSt20__uninitialized_copyILb0EE13__uninit_copyISt13move_iteratorIPN5Catch13ScopedMessageEES5_EET0_T_S8_S7_ called 0 returned 0% blocks executed 0%
    #####:  135:        __uninit_copy(_InputIterator __first, _InputIterator __last,
        -:  136:		      _ForwardIterator __result)
    #####:  137:	{ return std::__do_uninit_copy(__first, __last, __result); }
    %%%%%:  137-block  0
call    0 never executed
------------------
_ZNSt20__uninitialized_copyILb0EE13__uninit_copyISt13move_iteratorIPNSt7__cxx1112basic_stringIcSt11char_traitsIcESaIcEEEES9_EET0_T_SC_SB_:
function _ZNSt20__uninitialized_copyILb0EE13__uninit_copyISt13move_iteratorIPNSt7__cxx1112basic_stringIcSt11char_traitsIcESaIcEEEES9_EET0_T_SC_SB_ called 0 returned 0% blocks executed 0%
    #####:  135:        __uninit_copy(_InputIterator __first, _InputIterator __last,
        -:  136:		      _ForwardIterator __result)
    #####:  137:	{ return std::__do_uninit_copy(__first, __last, __result); }
    %%%%%:  137-block  0
call    0 never executed
------------------
_ZNSt20__uninitialized_copyILb0EE13__uninit_copyIN9__gnu_cxx17__normal_iteratorIPKSt10shared_ptrIN5Catch8TestSpec7PatternEESt6vectorIS8_SaIS8_EEEEPS8_EET0_T_SH_SG_:
function _ZNSt20__uninitialized_copyILb0EE13__uninit_copyIN9__gnu_cxx17__normal_iteratorIPKSt10shared_ptrIN5Catch8TestSpec7PatternEESt6vectorIS8_SaIS8_EEEEPS8_EET0_T_SH_SG_ called 0 returned 0% blocks executed 0%
    #####:  135:        __uninit_copy(_InputIterator __first, _InputIterator __last,
        -:  136:		      _ForwardIterator __result)
    #####:  137:	{ return std::__do_uninit_copy(__first, __last, __result); }
    %%%%%:  137-block  0
call    0 never executed
------------------
_ZNSt20__uninitialized_copyILb0EE13__uninit_copyIPKN5Catch14AssertionStatsEPS3_EET0_T_S8_S7_:
function _ZNSt20__uninitialized_copyILb0EE13__uninit_copyIPKN5Catch14AssertionStatsEPS3_EET0_T_S8_S7_ called 0 returned 0% blocks executed 0%
    #####:  135:        __uninit_copy(_InputIterator __first, _InputIterator __last,
        -:  136:		      _ForwardIterator __result)
    #####:  137:	{ return std::__do_uninit_copy(__first, __last, __result); }
    %%%%%:  137-block  0
call    0 never executed
------------------
_ZNSt20__uninitialized_copyILb0EE13__uninit_copyIPNSt7__cxx119sub_matchIN9__gnu_cxx17__normal_iteratorIPKcNS2_12basic_stringIcSt11char_traitsIcESaIcEEEEEEESF_EET0_T_SH_SG_:
function _ZNSt20__uninitialized_copyILb0EE13__uninit_copyIPNSt7__cxx119sub_matchIN9__gnu_cxx17__normal_iteratorIPKcNS2_12basic_stringIcSt11char_traitsIcESaIcEEEEEEESF_EET0_T_SH_SG_ called 0 returned 0% blocks executed 0%
    #####:  135:        __uninit_copy(_InputIterator __first, _InputIterator __last,
        -:  136:		      _ForwardIterator __result)
    #####:  137:	{ return std::__do_uninit_copy(__first, __last, __result); }
    %%%%%:  137-block  0
call    0 never executed
------------------
_ZNSt20__uninitialized_copyILb0EE13__uninit_copyIN9__gnu_cxx17__normal_iteratorIPKNSt7__cxx119sub_matchINS3_IPKcNS4_12basic_stringIcSt11char_traitsIcESaIcEEEEEEESt6vectorISE_SaISE_EEEEPSE_EET0_T_SN_SM_:
function _ZNSt20__uninitialized_copyILb0EE13__uninit_copyIN9__gnu_cxx17__normal_iteratorIPKNSt7__cxx119sub_matchINS3_IPKcNS4_12basic_stringIcSt11char_traitsIcESaIcEEEEEEESt6vectorISE_SaISE_EEEEPSE_EET0_T_SN_SM_ called 0 returned 0% blocks executed 0%
    #####:  135:        __uninit_copy(_InputIterator __first, _InputIterator __last,
        -:  136:		      _ForwardIterator __result)
    #####:  137:	{ return std::__do_uninit_copy(__first, __last, __result); }
    %%%%%:  137-block  0
call    0 never executed
------------------
_ZNSt20__uninitialized_copyILb0EE13__uninit_copyIN9__gnu_cxx17__normal_iteratorIPKSt4pairIccESt6vectorIS5_SaIS5_EEEEPS5_EET0_T_SE_SD_:
function _ZNSt20__uninitialized_copyILb0EE13__uninit_copyIN9__gnu_cxx17__normal_iteratorIPKSt4pairIccESt6vectorIS5_SaIS5_EEEEPS5_EET0_T_SE_SD_ called 0 returned 0% blocks executed 0%
    #####:  135:        __uninit_copy(_InputIterator __first, _InputIterator __last,
        -:  136:		      _ForwardIterator __result)
    #####:  137:	{ return std::__do_uninit_copy(__first, __last, __result); }
    %%%%%:  137-block  0
call    0 never executed
------------------
_ZNSt20__uninitialized_copyILb0EE13__uninit_copyIN9__gnu_cxx17__normal_iteratorIPKNSt7__cxx1112regex_traitsIcE10_RegexMaskESt6vectorIS7_SaIS7_EEEEPS7_EET0_T_SG_SF_:
function _ZNSt20__uninitialized_copyILb0EE13__uninit_copyIN9__gnu_cxx17__normal_iteratorIPKNSt7__cxx1112regex_traitsIcE10_RegexMaskESt6vectorIS7_SaIS7_EEEEPS7_EET0_T_SG_SF_ called 0 returned 0% blocks executed 0%
    #####:  135:        __uninit_copy(_InputIterator __first, _InputIterator __last,
        -:  136:		      _ForwardIterator __result)
    #####:  137:	{ return std::__do_uninit_copy(__first, __last, __result); }
    %%%%%:  137-block  0
call    0 never executed
------------------
        -:  138:    };
        -:  139:
        -:  140:  template<>
        -:  141:    struct __uninitialized_copy<true>
        -:  142:    {
        -:  143:      template<typename _InputIterator, typename _ForwardIterator>
        -:  144:        static _ForwardIterator
    #####:  145:        __uninit_copy(_InputIterator __first, _InputIterator __last,
        -:  146:		      _ForwardIterator __result)
    #####:  147:        { return std::copy(__first, __last, __result); }
------------------
_ZNSt20__uninitialized_copyILb1EE13__uninit_copyIPcS2_EET0_T_S4_S3_:
function _ZNSt20__uninitialized_copyILb1EE13__uninit_copyIPcS2_EET0_T_S4_S3_ called 0 returned 0% blocks executed 0%
    #####:  145:        __uninit_copy(_InputIterator __first, _InputIterator __last,
        -:  146:		      _ForwardIterator __result)
    #####:  147:        { return std::copy(__first, __last, __result); }
    %%%%%:  147-block  0
call    0 never executed
------------------
_ZNSt20__uninitialized_copyILb1EE13__uninit_copyIN9__gnu_cxx17__normal_iteratorIPKcSt6vectorIcSaIcEEEEPcEET0_T_SC_SB_:
function _ZNSt20__uninitialized_copyILb1EE13__uninit_copyIN9__gnu_cxx17__normal_iteratorIPKcSt6vectorIcSaIcEEEEPcEET0_T_SC_SB_ called 0 returned 0% blocks executed 0%
    #####:  145:        __uninit_copy(_InputIterator __first, _InputIterator __last,
        -:  146:		      _ForwardIterator __result)
    #####:  147:        { return std::copy(__first, __last, __result); }
    %%%%%:  147-block  0
call    0 never executed
------------------
_ZNSt20__uninitialized_copyILb1EE13__uninit_copyIPKcPcEET0_T_S6_S5_:
function _ZNSt20__uninitialized_copyILb1EE13__uninit_copyIPKcPcEET0_T_S6_S5_ called 0 returned 0% blocks executed 0%
    #####:  145:        __uninit_copy(_InputIterator __first, _InputIterator __last,
        -:  146:		      _ForwardIterator __result)
    #####:  147:        { return std::copy(__first, __last, __result); }
    %%%%%:  147-block  0
call    0 never executed
------------------
_ZNSt20__uninitialized_copyILb1EE13__uninit_copyIN9__gnu_cxx17__normal_iteratorIPKPKN5Catch8TestCaseESt6vectorIS7_SaIS7_EEEEPS7_EET0_T_SG_SF_:
function _ZNSt20__uninitialized_copyILb1EE13__uninit_copyIN9__gnu_cxx17__normal_iteratorIPKPKN5Catch8TestCaseESt6vectorIS7_SaIS7_EEEEPS7_EET0_T_SG_SF_ called 0 returned 0% blocks executed 0%
    #####:  145:        __uninit_copy(_InputIterator __first, _InputIterator __last,
        -:  146:		      _ForwardIterator __result)
    #####:  147:        { return std::copy(__first, __last, __result); }
    %%%%%:  147-block  0
call    0 never executed
------------------
        -:  148:    };
        -:  149:
        -:  150:  /// @endcond
        -:  151:
        -:  152:  /**
        -:  153:   *  @brief Copies the range [first,last) into result.
        -:  154:   *  @param  __first  An input iterator.
        -:  155:   *  @param  __last   An input iterator.
        -:  156:   *  @param  __result An output iterator.
        -:  157:   *  @return   __result + (__first - __last)
        -:  158:   *
        -:  159:   *  Like copy(), but does not require an initialized output range.
        -:  160:  */
        -:  161:  template<typename _InputIterator, typename _ForwardIterator>
        -:  162:    inline _ForwardIterator
    1749*:  163:    uninitialized_copy(_InputIterator __first, _InputIterator __last,
        -:  164:		       _ForwardIterator __result)
        -:  165:    {
        -:  166:      typedef typename iterator_traits<_InputIterator>::value_type
        -:  167:	_ValueType1;
        -:  168:      typedef typename iterator_traits<_ForwardIterator>::value_type
        -:  169:	_ValueType2;
        -:  170:
        -:  171:      // _ValueType1 must be trivially-copyable to use memmove, so don't
        -:  172:      // bother optimizing to std::copy if it isn't.
        -:  173:      // XXX Unnecessary because std::copy would check it anyway?
    1749*:  174:      const bool __can_memmove = __is_trivial(_ValueType1);
        -:  175:
        -:  176:#if __cplusplus < 201103L
        -:  177:      typedef typename iterator_traits<_InputIterator>::reference _From;
        -:  178:#else
        -:  179:      using _From = decltype(*__first);
        -:  180:#endif
    1749*:  181:      const bool __assignable
        -:  182:	= _GLIBCXX_USE_ASSIGN_FOR_INIT(_ValueType2, _From);
        -:  183:
        -:  184:      return std::__uninitialized_copy<__can_memmove && __assignable>::
    1749*:  185:	__uninit_copy(__first, __last, __result);
        -:  186:    }
------------------
_ZSt18uninitialized_copyIN9__gnu_cxx17__normal_iteratorIPKN5Catch5clara6detail3ArgESt6vectorIS5_SaIS5_EEEEPS5_ET0_T_SE_SD_:
function _ZSt18uninitialized_copyIN9__gnu_cxx17__normal_iteratorIPKN5Catch5clara6detail3ArgESt6vectorIS5_SaIS5_EEEEPS5_ET0_T_SE_SD_ called 66 returned 100% blocks executed 100%
       66:  163:    uninitialized_copy(_InputIterator __first, _InputIterator __last,
        -:  164:		       _ForwardIterator __result)
        -:  165:    {
        -:  166:      typedef typename iterator_traits<_InputIterator>::value_type
        -:  167:	_ValueType1;
        -:  168:      typedef typename iterator_traits<_ForwardIterator>::value_type
        -:  169:	_ValueType2;
        -:  170:
        -:  171:      // _ValueType1 must be trivially-copyable to use memmove, so don't
        -:  172:      // bother optimizing to std::copy if it isn't.
        -:  173:      // XXX Unnecessary because std::copy would check it anyway?
       66:  174:      const bool __can_memmove = __is_trivial(_ValueType1);
        -:  175:
        -:  176:#if __cplusplus < 201103L
        -:  177:      typedef typename iterator_traits<_InputIterator>::reference _From;
        -:  178:#else
        -:  179:      using _From = decltype(*__first);
        -:  180:#endif
       66:  181:      const bool __assignable
        -:  182:	= _GLIBCXX_USE_ASSIGN_FOR_INIT(_ValueType2, _From);
        -:  183:
        -:  184:      return std::__uninitialized_copy<__can_memmove && __assignable>::
       66:  185:	__uninit_copy(__first, __last, __result);
       66:  185-block  0
call    0 returned 66
        -:  186:    }
------------------
_ZSt18uninitialized_copyIPKPKcPNSt7__cxx1112basic_stringIcSt11char_traitsIcESaIcEEEET0_T_SC_SB_:
function _ZSt18uninitialized_copyIPKPKcPNSt7__cxx1112basic_stringIcSt11char_traitsIcESaIcEEEET0_T_SC_SB_ called 3 returned 100% blocks executed 100%
        3:  163:    uninitialized_copy(_InputIterator __first, _InputIterator __last,
        -:  164:		       _ForwardIterator __result)
        -:  165:    {
        -:  166:      typedef typename iterator_traits<_InputIterator>::value_type
        -:  167:	_ValueType1;
        -:  168:      typedef typename iterator_traits<_ForwardIterator>::value_type
        -:  169:	_ValueType2;
        -:  170:
        -:  171:      // _ValueType1 must be trivially-copyable to use memmove, so don't
        -:  172:      // bother optimizing to std::copy if it isn't.
        -:  173:      // XXX Unnecessary because std::copy would check it anyway?
        3:  174:      const bool __can_memmove = __is_trivial(_ValueType1);
        -:  175:
        -:  176:#if __cplusplus < 201103L
        -:  177:      typedef typename iterator_traits<_InputIterator>::reference _From;
        -:  178:#else
        -:  179:      using _From = decltype(*__first);
        -:  180:#endif
        3:  181:      const bool __assignable
        -:  182:	= _GLIBCXX_USE_ASSIGN_FOR_INIT(_ValueType2, _From);
        -:  183:
        -:  184:      return std::__uninitialized_copy<__can_memmove && __assignable>::
        3:  185:	__uninit_copy(__first, __last, __result);
        3:  185-block  0
call    0 returned 3
        -:  186:    }
------------------
_ZSt18uninitialized_copyIN9__gnu_cxx17__normal_iteratorIPKPKN5Catch8TestCaseESt6vectorIS5_SaIS5_EEEEPS5_ET0_T_SE_SD_:
function _ZSt18uninitialized_copyIN9__gnu_cxx17__normal_iteratorIPKPKN5Catch8TestCaseESt6vectorIS5_SaIS5_EEEEPS5_ET0_T_SE_SD_ called 0 returned 0% blocks executed 0%
    #####:  163:    uninitialized_copy(_InputIterator __first, _InputIterator __last,
        -:  164:		       _ForwardIterator __result)
        -:  165:    {
        -:  166:      typedef typename iterator_traits<_InputIterator>::value_type
        -:  167:	_ValueType1;
        -:  168:      typedef typename iterator_traits<_ForwardIterator>::value_type
        -:  169:	_ValueType2;
        -:  170:
        -:  171:      // _ValueType1 must be trivially-copyable to use memmove, so don't
        -:  172:      // bother optimizing to std::copy if it isn't.
        -:  173:      // XXX Unnecessary because std::copy would check it anyway?
    #####:  174:      const bool __can_memmove = __is_trivial(_ValueType1);
        -:  175:
        -:  176:#if __cplusplus < 201103L
        -:  177:      typedef typename iterator_traits<_InputIterator>::reference _From;
        -:  178:#else
        -:  179:      using _From = decltype(*__first);
        -:  180:#endif
    #####:  181:      const bool __assignable
        -:  182:	= _GLIBCXX_USE_ASSIGN_FOR_INIT(_ValueType2, _From);
        -:  183:
        -:  184:      return std::__uninitialized_copy<__can_memmove && __assignable>::
    #####:  185:	__uninit_copy(__first, __last, __result);
    %%%%%:  185-block  0
call    0 never executed
        -:  186:    }
------------------
_ZSt18uninitialized_copyIN9__gnu_cxx17__normal_iteratorIPKN5Catch5clara8TextFlow6ColumnESt6vectorIS5_SaIS5_EEEEPS5_ET0_T_SE_SD_:
[...]
        -: 1089:					       std::addressof(*__first),
        -: 1090:					       __alloc)))
        -: 1091:    {
        -: 1092:      typedef typename iterator_traits<_InputIterator>::value_type
        -: 1093:	_ValueType;
        -: 1094:      typedef typename iterator_traits<_ForwardIterator>::value_type
        -: 1095:	_ValueType2;
        -: 1096:      static_assert(std::is_same<_ValueType, _ValueType2>::value,
        -: 1097:	  "relocation is only possible for values of the same type");
        6: 1098:      _ForwardIterator __cur = __result;
        9: 1099:      for (; __first != __last; ++__first, (void)++__cur)
        6: 1099-block  0
        9: 1099-block  1
branch  0 taken 3
branch  1 taken 6 (fallthrough)
        3: 1100:	std::__relocate_object_a(std::__addressof(*__cur),
        3: 1100-block  0
call    0 returned 3
call    1 returned 3
call    2 returned 3
        -: 1101:				 std::__addressof(*__first), __alloc);
        6: 1102:      return __cur;
        6: 1102-block  0
        -: 1103:    }
------------------
_ZSt14__relocate_a_1IPPKN5Catch8TestCaseEN9__gnu_cxx17__normal_iteratorIS4_vEESaIS3_EET0_T_SA_S9_RT1_:
function _ZSt14__relocate_a_1IPPKN5Catch8TestCaseEN9__gnu_cxx17__normal_iteratorIS4_vEESaIS3_EET0_T_SA_S9_RT1_ called 0 returned 0% blocks executed 0%
    #####: 1086:    __relocate_a_1(_InputIterator __first, _InputIterator __last,
        -: 1087:		   _ForwardIterator __result, _Allocator& __alloc)
        -: 1088:    noexcept(noexcept(std::__relocate_object_a(std::addressof(*__result),
        -: 1089:					       std::addressof(*__first),
        -: 1090:					       __alloc)))
        -: 1091:    {
        -: 1092:      typedef typename iterator_traits<_InputIterator>::value_type
        -: 1093:	_ValueType;
        -: 1094:      typedef typename iterator_traits<_ForwardIterator>::value_type
        -: 1095:	_ValueType2;
        -: 1096:      static_assert(std::is_same<_ValueType, _ValueType2>::value,
        -: 1097:	  "relocation is only possible for values of the same type");
    #####: 1098:      _ForwardIterator __cur = __result;
    #####: 1099:      for (; __first != __last; ++__first, (void)++__cur)
    %%%%%: 1099-block  0
call    0 never executed
    %%%%%: 1099-block  1
branch  1 never executed
branch  2 never executed (fallthrough)
    #####: 1100:	std::__relocate_object_a(std::__addressof(*__cur),
    %%%%%: 1100-block  0
call    0 never executed
call    1 never executed
call    2 never executed
call    3 never executed
        -: 1101:				 std::__addressof(*__first), __alloc);
    #####: 1102:      return __cur;
    %%%%%: 1102-block  0
        -: 1103:    }
------------------
_ZSt14__relocate_a_1IPyN9__gnu_cxx17__normal_iteratorIS0_vEESaIyEET0_T_S6_S5_RT1_:
function _ZSt14__relocate_a_1IPyN9__gnu_cxx17__normal_iteratorIS0_vEESaIyEET0_T_S6_S5_RT1_ called 0 returned 0% blocks executed 0%
    #####: 1086:    __relocate_a_1(_InputIterator __first, _InputIterator __last,
        -: 1087:		   _ForwardIterator __result, _Allocator& __alloc)
        -: 1088:    noexcept(noexcept(std::__relocate_object_a(std::addressof(*__result),
        -: 1089:					       std::addressof(*__first),
        -: 1090:					       __alloc)))
        -: 1091:    {
        -: 1092:      typedef typename iterator_traits<_InputIterator>::value_type
        -: 1093:	_ValueType;
        -: 1094:      typedef typename iterator_traits<_ForwardIterator>::value_type
        -: 1095:	_ValueType2;
        -: 1096:      static_assert(std::is_same<_ValueType, _ValueType2>::value,
        -: 1097:	  "relocation is only possible for values of the same type");
    #####: 1098:      _ForwardIterator __cur = __result;
    #####: 1099:      for (; __first != __last; ++__first, (void)++__cur)
    %%%%%: 1099-block  0
call    0 never executed
    %%%%%: 1099-block  1
branch  1 never executed
branch  2 never executed (fallthrough)
    #####: 1100:	std::__relocate_object_a(std::__addressof(*__cur),
    %%%%%: 1100-block  0
call    0 never executed
call    1 never executed
call    2 never executed
call    3 never executed
        -: 1101:				 std::__addressof(*__first), __alloc);
    #####: 1102:      return __cur;
    %%%%%: 1102-block  0
        -: 1103:    }
------------------
_ZSt14__relocate_a_1IPSt10unique_ptrINSt7__cxx1119basic_ostringstreamIcSt11char_traitsIcESaIcEEESt14default_deleteIS6_EESA_SaIS9_EET0_T_SD_SC_RT1_:
function _ZSt14__relocate_a_1IPSt10unique_ptrINSt7__cxx1119basic_ostringstreamIcSt11char_traitsIcESaIcEEESt14default_deleteIS6_EESA_SaIS9_EET0_T_SD_SC_RT1_ called 6 returned 100% blocks executed 100%
        6: 1086:    __relocate_a_1(_InputIterator __first, _InputIterator __last,
        -: 1087:		   _ForwardIterator __result, _Allocator& __alloc)
        -: 1088:    noexcept(noexcept(std::__relocate_object_a(std::addressof(*__result),
        -: 1089:					       std::addressof(*__first),
        -: 1090:					       __alloc)))
        -: 1091:    {
        -: 1092:      typedef typename iterator_traits<_InputIterator>::value_type
        -: 1093:	_ValueType;
        -: 1094:      typedef typename iterator_traits<_ForwardIterator>::value_type
        -: 1095:	_ValueType2;
        -: 1096:      static_assert(std::is_same<_ValueType, _ValueType2>::value,
        -: 1097:	  "relocation is only possible for values of the same type");
        6: 1098:      _ForwardIterator __cur = __result;
        9: 1099:      for (; __first != __last; ++__first, (void)++__cur)
        6: 1099-block  0
        9: 1099-block  1
branch  0 taken 3
branch  1 taken 6 (fallthrough)
        3: 1100:	std::__relocate_object_a(std::__addressof(*__cur),
        3: 1100-block  0
call    0 returned 3
call    1 returned 3
call    2 returned 3
        -: 1101:				 std::__addressof(*__first), __alloc);
        6: 1102:      return __cur;
        6: 1102-block  0
        -: 1103:    }
------------------
_ZSt14__relocate_a_1IPPN5Catch10ISingletonEN9__gnu_cxx17__normal_iteratorIS3_vEESaIS2_EET0_T_S9_S8_RT1_:
function _ZSt14__relocate_a_1IPPN5Catch10ISingletonEN9__gnu_cxx17__normal_iteratorIS3_vEESaIS2_EET0_T_S9_S8_RT1_ called 0 returned 0% blocks executed 0%
    #####: 1086:    __relocate_a_1(_InputIterator __first, _InputIterator __last,
        -: 1087:		   _ForwardIterator __result, _Allocator& __alloc)
        -: 1088:    noexcept(noexcept(std::__relocate_object_a(std::addressof(*__result),
        -: 1089:					       std::addressof(*__first),
        -: 1090:					       __alloc)))
        -: 1091:    {
        -: 1092:      typedef typename iterator_traits<_InputIterator>::value_type
        -: 1093:	_ValueType;
        -: 1094:      typedef typename iterator_traits<_ForwardIterator>::value_type
        -: 1095:	_ValueType2;
        -: 1096:      static_assert(std::is_same<_ValueType, _ValueType2>::value,
        -: 1097:	  "relocation is only possible for values of the same type");
    #####: 1098:      _ForwardIterator __cur = __result;
    #####: 1099:      for (; __first != __last; ++__first, (void)++__cur)
    %%%%%: 1099-block  0
call    0 never executed
    %%%%%: 1099-block  1
branch  1 never executed
branch  2 never executed (fallthrough)
    #####: 1100:	std::__relocate_object_a(std::__addressof(*__cur),
    %%%%%: 1100-block  0
call    0 never executed
call    1 never executed
call    2 never executed
call    3 never executed
        -: 1101:				 std::__addressof(*__first), __alloc);
    #####: 1102:      return __cur;
    %%%%%: 1102-block  0
        -: 1103:    }
------------------
_ZSt14__relocate_a_1IPSt10unique_ptrIKN5Catch20IExceptionTranslatorESt14default_deleteIS3_EES7_SaIS6_EET0_T_SA_S9_RT1_:
function _ZSt14__relocate_a_1IPSt10unique_ptrIKN5Catch20IExceptionTranslatorESt14default_deleteIS3_EES7_SaIS6_EET0_T_SA_S9_RT1_ called 0 returned 0% blocks executed 0%
    #####: 1086:    __relocate_a_1(_InputIterator __first, _InputIterator __last,
        -: 1087:		   _ForwardIterator __result, _Allocator& __alloc)
        -: 1088:    noexcept(noexcept(std::__relocate_object_a(std::addressof(*__result),
        -: 1089:					       std::addressof(*__first),
        -: 1090:					       __alloc)))
        -: 1091:    {
        -: 1092:      typedef typename iterator_traits<_InputIterator>::value_type
        -: 1093:	_ValueType;
        -: 1094:      typedef typename iterator_traits<_ForwardIterator>::value_type
        -: 1095:	_ValueType2;
        -: 1096:      static_assert(std::is_same<_ValueType, _ValueType2>::value,
        -: 1097:	  "relocation is only possible for values of the same type");
    #####: 1098:      _ForwardIterator __cur = __result;
    #####: 1099:      for (; __first != __last; ++__first, (void)++__cur)
    %%%%%: 1099-block  0
    %%%%%: 1099-block  1
branch  0 never executed
branch  1 never executed (fallthrough)
    #####: 1100:	std::__relocate_object_a(std::__addressof(*__cur),
    %%%%%: 1100-block  0
call    0 never executed
call    1 never executed
call    2 never executed
        -: 1101:				 std::__addressof(*__first), __alloc);
    #####: 1102:      return __cur;
    %%%%%: 1102-block  0
        -: 1103:    }
------------------
        -: 1104:
        -: 1105:#if _GLIBCXX_HOSTED
        -: 1106:  template <typename _Tp, typename _Up>
        -: 1107:    _GLIBCXX20_CONSTEXPR
        -: 1108:    inline __enable_if_t<std::__is_bitwise_relocatable<_Tp>::value, _Tp*>
      14*: 1109:    __relocate_a_1(_Tp* __first, _Tp* __last,
        -: 1110:		   _Tp* __result,
        -: 1111:		   [[__maybe_unused__]] allocator<_Up>& __alloc) noexcept
        -: 1112:    {
      14*: 1113:      ptrdiff_t __count = __last - __first;
      14*: 1114:      if (__count > 0)
        -: 1115:	{
        -: 1116:#ifdef __cpp_lib_is_constant_evaluated
       4*: 1117:	  if (std::is_constant_evaluated())
        -: 1118:	    {
        -: 1119:	      // Can't use memmove. Wrap the pointer so that __relocate_a_1
        -: 1120:	      // resolves to the non-trivial overload above.
    #####: 1121:	      __gnu_cxx::__normal_iterator<_Tp*, void> ___out(__result);
    #####: 1122:	      ___out = std::__relocate_a_1(__first, __last, ___out, __alloc);
    #####: 1123:	      return ___out.base();
        -: 1124:	    }
        -: 1125:#endif
       4*: 1126:	  __builtin_memmove(__result, __first, __count * sizeof(_Tp));
        -: 1127:	}
      14*: 1128:      return __result + __count;
        -: 1129:    }
------------------
_ZSt14__relocate_a_1IccENSt9enable_ifIXsrSt24__is_bitwise_relocatableIT_vE5valueEPS2_E4typeES4_S4_S4_RSaIT0_E:
function _ZSt14__relocate_a_1IccENSt9enable_ifIXsrSt24__is_bitwise_relocatableIT_vE5valueEPS2_E4typeES4_S4_S4_RSaIT0_E called 0 returned 0% blocks executed 0%
    #####: 1109:    __relocate_a_1(_Tp* __first, _Tp* __last,
        -: 1110:		   _Tp* __result,
        -: 1111:		   [[__maybe_unused__]] allocator<_Up>& __alloc) noexcept
        -: 1112:    {
    #####: 1113:      ptrdiff_t __count = __last - __first;
    #####: 1114:      if (__count > 0)
    %%%%%: 1114-block  0
branch  0 never executed (fallthrough)
branch  1 never executed
        -: 1115:	{
        -: 1116:#ifdef __cpp_lib_is_constant_evaluated
    #####: 1117:	  if (std::is_constant_evaluated())
    %%%%%: 1117-block  0
call    0 never executed
branch  1 never executed (fallthrough)
branch  2 never executed
        -: 1118:	    {
        -: 1119:	      // Can't use memmove. Wrap the pointer so that __relocate_a_1
        -: 1120:	      // resolves to the non-trivial overload above.
    #####: 1121:	      __gnu_cxx::__normal_iterator<_Tp*, void> ___out(__result);
    %%%%%: 1121-block  0
call    0 never executed
    #####: 1122:	      ___out = std::__relocate_a_1(__first, __last, ___out, __alloc);
call    0 never executed
    #####: 1123:	      return ___out.base();
call    0 never executed
        -: 1124:	    }
        -: 1125:#endif
    #####: 1126:	  __builtin_memmove(__result, __first, __count * sizeof(_Tp));
    %%%%%: 1126-block  0
        -: 1127:	}
    #####: 1128:      return __result + __count;
    %%%%%: 1128-block  0
        -: 1129:    }
------------------
_ZSt14__relocate_a_1IPN5Catch16TestCaseTracking8ITrackerES3_ENSt9enable_ifIXsrSt24__is_bitwise_relocatableIT_vE5valueEPS6_E4typeES8_S8_S8_RSaIT0_E:
function _ZSt14__relocate_a_1IPN5Catch16TestCaseTracking8ITrackerES3_ENSt9enable_ifIXsrSt24__is_bitwise_relocatableIT_vE5valueEPS6_E4typeES8_S8_S8_RSaIT0_E called 4 returned 100% blocks executed 55%
        4: 1109:    __relocate_a_1(_Tp* __first, _Tp* __last,
        -: 1110:		   _Tp* __result,
        -: 1111:		   [[__maybe_unused__]] allocator<_Up>& __alloc) noexcept
        -: 1112:    {
        4: 1113:      ptrdiff_t __count = __last - __first;
        4: 1114:      if (__count > 0)
        4: 1114-block  0
branch  0 taken 1 (fallthrough)
branch  1 taken 3
        -: 1115:	{
        -: 1116:#ifdef __cpp_lib_is_constant_evaluated
        1: 1117:	  if (std::is_constant_evaluated())
        1: 1117-block  0
call    0 returned 1
branch  1 taken 0 (fallthrough)
branch  2 taken 1
        -: 1118:	    {
        -: 1119:	      // Can't use memmove. Wrap the pointer so that __relocate_a_1
        -: 1120:	      // resolves to the non-trivial overload above.
    #####: 1121:	      __gnu_cxx::__normal_iterator<_Tp*, void> ___out(__result);
    %%%%%: 1121-block  0
call    0 never executed
    #####: 1122:	      ___out = std::__relocate_a_1(__first, __last, ___out, __alloc);
call    0 never executed
    #####: 1123:	      return ___out.base();
call    0 never executed
        -: 1124:	    }
        -: 1125:#endif
        1: 1126:	  __builtin_memmove(__result, __first, __count * sizeof(_Tp));
        1: 1126-block  0
        -: 1127:	}
        4: 1128:      return __result + __count;
        4: 1128-block  0
        -: 1129:    }
------------------
_ZSt14__relocate_a_1IPKN5Catch8TestCaseES3_ENSt9enable_ifIXsrSt24__is_bitwise_relocatableIT_vE5valueEPS6_E4typeES8_S8_S8_RSaIT0_E:
function _ZSt14__relocate_a_1IPKN5Catch8TestCaseES3_ENSt9enable_ifIXsrSt24__is_bitwise_relocatableIT_vE5valueEPS6_E4typeES8_S8_S8_RSaIT0_E called 0 returned 0% blocks executed 0%
    #####: 1109:    __relocate_a_1(_Tp* __first, _Tp* __last,
        -: 1110:		   _Tp* __result,
        -: 1111:		   [[__maybe_unused__]] allocator<_Up>& __alloc) noexcept
        -: 1112:    {
    #####: 1113:      ptrdiff_t __count = __last - __first;
    #####: 1114:      if (__count > 0)
    %%%%%: 1114-block  0
branch  0 never executed (fallthrough)
branch  1 never executed
        -: 1115:	{
        -: 1116:#ifdef __cpp_lib_is_constant_evaluated
    #####: 1117:	  if (std::is_constant_evaluated())
    %%%%%: 1117-block  0
call    0 never executed
branch  1 never executed (fallthrough)
branch  2 never executed
        -: 1118:	    {
        -: 1119:	      // Can't use memmove. Wrap the pointer so that __relocate_a_1
        -: 1120:	      // resolves to the non-trivial overload above.
    #####: 1121:	      __gnu_cxx::__normal_iterator<_Tp*, void> ___out(__result);
    %%%%%: 1121-block  0
call    0 never executed
    #####: 1122:	      ___out = std::__relocate_a_1(__first, __last, ___out, __alloc);
call    0 never executed
    #####: 1123:	      return ___out.base();
call    0 never executed
        -: 1124:	    }
        -: 1125:#endif
    #####: 1126:	  __builtin_memmove(__result, __first, __count * sizeof(_Tp));
    %%%%%: 1126-block  0
        -: 1127:	}
    #####: 1128:      return __result + __count;
    %%%%%: 1128-block  0
        -: 1129:    }
------------------
_ZSt14__relocate_a_1IyyENSt9enable_ifIXsrSt24__is_bitwise_relocatableIT_vE5valueEPS2_E4typeES4_S4_S4_RSaIT0_E:
function _ZSt14__relocate_a_1IyyENSt9enable_ifIXsrSt24__is_bitwise_relocatableIT_vE5valueEPS2_E4typeES4_S4_S4_RSaIT0_E called 6 returned 100% blocks executed 55%
        6: 1109:    __relocate_a_1(_Tp* __first, _Tp* __last,
        -: 1110:		   _Tp* __result,
        -: 1111:		   [[__maybe_unused__]] allocator<_Up>& __alloc) noexcept
        -: 1112:    {
        6: 1113:      ptrdiff_t __count = __last - __first;
        6: 1114:      if (__count > 0)
        6: 1114-block  0
branch  0 taken 2 (fallthrough)
branch  1 taken 4
        -: 1115:	{
        -: 1116:#ifdef __cpp_lib_is_constant_evaluated
        2: 1117:	  if (std::is_constant_evaluated())
        2: 1117-block  0
call    0 returned 2
branch  1 taken 0 (fallthrough)
branch  2 taken 2
        -: 1118:	    {
        -: 1119:	      // Can't use memmove. Wrap the pointer so that __relocate_a_1
        -: 1120:	      // resolves to the non-trivial overload above.
    #####: 1121:	      __gnu_cxx::__normal_iterator<_Tp*, void> ___out(__result);
    %%%%%: 1121-block  0
call    0 never executed
    #####: 1122:	      ___out = std::__relocate_a_1(__first, __last, ___out, __alloc);
call    0 never executed
    #####: 1123:	      return ___out.base();
call    0 never executed
        -: 1124:	    }
        -: 1125:#endif
        2: 1126:	  __builtin_memmove(__result, __first, __count * sizeof(_Tp));
        2: 1126-block  0
        -: 1127:	}
        6: 1128:      return __result + __count;
        6: 1128-block  0
        -: 1129:    }
------------------
_ZSt14__relocate_a_1IPN5Catch10ISingletonES2_ENSt9enable_ifIXsrSt24__is_bitwise_relocatableIT_vE5valueEPS5_E4typeES7_S7_S7_RSaIT0_E:
function _ZSt14__relocate_a_1IPN5Catch10ISingletonES2_ENSt9enable_ifIXsrSt24__is_bitwise_relocatableIT_vE5valueEPS5_E4typeES7_S7_S7_RSaIT0_E called 4 returned 100% blocks executed 55%
        4: 1109:    __relocate_a_1(_Tp* __first, _Tp* __last,
        -: 1110:		   _Tp* __result,
        -: 1111:		   [[__maybe_unused__]] allocator<_Up>& __alloc) noexcept
        -: 1112:    {
        4: 1113:      ptrdiff_t __count = __last - __first;
        4: 1114:      if (__count > 0)
        4: 1114-block  0
branch  0 taken 1 (fallthrough)
branch  1 taken 3
        -: 1115:	{
        -: 1116:#ifdef __cpp_lib_is_constant_evaluated
        1: 1117:	  if (std::is_constant_evaluated())
        1: 1117-block  0
call    0 returned 1
branch  1 taken 0 (fallthrough)
branch  2 taken 1
        -: 1118:	    {
        -: 1119:	      // Can't use memmove. Wrap the pointer so that __relocate_a_1
        -: 1120:	      // resolves to the non-trivial overload above.
    #####: 1121:	      __gnu_cxx::__normal_iterator<_Tp*, void> ___out(__result);
    %%%%%: 1121-block  0
call    0 never executed
    #####: 1122:	      ___out = std::__relocate_a_1(__first, __last, ___out, __alloc);
call    0 never executed
    #####: 1123:	      return ___out.base();
call    0 never executed
        -: 1124:	    }
        -: 1125:#endif
        1: 1126:	  __builtin_memmove(__result, __first, __count * sizeof(_Tp));
        1: 1126-block  0
        -: 1127:	}
        4: 1128:      return __result + __count;
        4: 1128-block  0
        -: 1129:    }
------------------
        -: 1130:#endif
        -: 1131:
        -: 1132:  template <typename _InputIterator, typename _ForwardIterator,
        -: 1133:	    typename _Allocator>
        -: 1134:    _GLIBCXX20_CONSTEXPR
        -: 1135:    inline _ForwardIterator
     672*: 1136:    __relocate_a(_InputIterator __first, _InputIterator __last,
        -: 1137:		 _ForwardIterator __result, _Allocator& __alloc)
        -: 1138:    noexcept(noexcept(__relocate_a_1(std::__niter_base(__first),
        -: 1139:				     std::__niter_base(__last),
        -: 1140:				     std::__niter_base(__result), __alloc)))
        -: 1141:    {
     672*: 1142:      return std::__relocate_a_1(std::__niter_base(__first),
        -: 1143:				 std::__niter_base(__last),
     672*: 1144:				 std::__niter_base(__result), __alloc);
        -: 1145:    }
        -: 1146:
        -: 1147:  /// @endcond
        -: 1148:#endif // C++11
        -: 1149:
        -: 1150:  /// @} group memory
        -: 1151:
        -: 1152:_GLIBCXX_END_NAMESPACE_VERSION
        -: 1153:} // namespace
        -: 1154:
        -: 1155:#endif /* _STL_UNINITIALIZED_H */
