        -:    0:Source:C:/Users/sakhd/CLionProjects/gameLab3/Unit/Character/Skills/Desiccation/Desiccation.h
        -:    0:Graph:C:\Users\sakhd\CLionProjects\gameLab3\cmake-build-debug\Tests\CMakeFiles\tests.dir\testing.cpp.gcno
        -:    0:Data:C:\Users\sakhd\CLionProjects\gameLab3\cmake-build-debug\Tests\CMakeFiles\tests.dir\testing.cpp.gcda
        -:    0:Runs:1
        -:    1://
        -:    2:// Created by sakhd on 18.11.2023.
        -:    3://
        -:    4:
        -:    5:#ifndef GAMELAB3_DESICCATION_H
        -:    6:#define GAMELAB3_DESICCATION_H
        -:    7:
        -:    8:#include "../Skills.h"
        -:    9:#include "../../../../Dungeon/Dungeon.h"
        -:   10:
        -:   11:///Иссушение позволяет превратить труп врага в ману или здоровье, получаемое количество зависитот характеристик
        -:   12:///врага и изученности навыка.
        -:   13:class Desiccation : public Skill {
        -:   14:public:
        -:   15:    ///Контсруктор
function _ZN11DesiccationC1Ev called 2 returned 100% blocks executed 100%
        2:   16:    explicit Desiccation() : Skill(0) {};
        2:   16-block  0
call    0 returned 2
        -:   17:    /// Использовать скилл
        -:   18:    /// \param dungeon - уровень
        -:   19:    /// \param mas - опции
        -:   20:    /// \return 0 успех
function _ZN11Desiccation8useSkillER7DungeonPi called 5 returned 100% blocks executed 100%
        5:   21:    int useSkill(Dungeon &dungeon, int mas[]) override {
        5:   22:        if (skillLvl == 0) return -3;
        5:   22-block  0
branch  0 taken 1 (fallthrough)
branch  1 taken 4
        1:   22-block  1
        4:   23:        int y = dungeon.getHero().first->getCoords().first;
        4:   23-block  0
call    0 returned 4
call    1 returned 4
        4:   24:        int x = dungeon.getHero().first->getCoords().second;
call    0 returned 4
call    1 returned 4
        4:   25:        Enemy *enemy = nullptr;
        4:   26:        auto item = dungeon.getListEnemies().begin();
call    0 returned 4
call    1 returned 4
       10:   27:        for (item = dungeon.getListEnemies().begin(); item != dungeon.getListEnemies().end(); ++item) {
call    0 returned 4
call    1 returned 4
        6:   27-block  0
call    2 returned 6
       10:   27-block  1
call    3 returned 10
call    4 returned 10
call    5 returned 10
branch  6 taken 8
branch  7 taken 2 (fallthrough)
       16:   28:            if (item->first->getCoords().second == x && item->first->getCoords().first == y &&
        8:   28-block  0
call    0 returned 8
call    1 returned 8
        4:   28-block  1
call    2 returned 4
call    3 returned 4
branch  4 taken 4 (fallthrough)
branch  5 taken 0
branch  6 taken 2 (fallthrough)
branch  7 taken 2
       16:   29:                item->first->getStatus() == Status::dead && item->first->getFaction() == Faction::livingEnemy) {
branch  0 taken 4 (fallthrough)
branch  1 taken 4
        4:   29-block  0
call    2 returned 4
call    3 returned 4
        2:   29-block  1
call    4 returned 2
call    5 returned 2
branch  6 taken 2 (fallthrough)
branch  7 taken 0
        2:   29-block  2
        6:   29-block  3
        8:   29-block  4
branch  8 taken 2 (fallthrough)
branch  9 taken 6
        2:   30:                enemy = item->first;
        2:   30-block  0
call    0 returned 2
        2:   31:                break;
        -:   32:            }
        -:   33:        }
        4:   34:        if (enemy == nullptr) return -2;
        4:   34-block  0
branch  0 taken 2 (fallthrough)
branch  1 taken 2
        2:   34-block  1
        4:   35:        if (dungeon.getHero().first->getCharacteristics().getCurHp() <
        2:   35-block  0
call    0 returned 2
call    1 returned 2
call    2 returned 2
branch  3 taken 1 (fallthrough)
branch  4 taken 1
        2:   36:            dungeon.getHero().first->getCharacteristics().getCurMana()) {
call    0 returned 2
call    1 returned 2
call    2 returned 2
        1:   37:            dungeon.getHero().first->getCharacteristics().health(enemy->getMaxHp() * skillLvl / 2);
        1:   37-block  0
call    0 returned 1
call    1 returned 1
call    2 returned 1
call    3 returned 1
        -:   38:        } else {
        1:   39:            dungeon.getHero().first->getCharacteristics().mana(enemy->getMaxHp() * skillLvl / 2);
        1:   39-block  0
call    0 returned 1
call    1 returned 1
call    2 returned 1
call    3 returned 1
        -:   40:        }
        2:   41:        enemy->setFaction(Faction::undead);
        2:   41-block  0
call    0 returned 2
        2:   42:        enemy->methodAfterDie(dungeon);
call    0 returned 2
branch  1 taken 2 (fallthrough)
branch  2 taken 0 (throw)
        2:   43:        return 0;
        2:   43-block  0
        -:   44:    }
        -:   45:
        -:   46:};
        -:   47:
        -:   48:
        -:   49:#endif //GAMELAB3_DESICCATION_H
